starting game=1 challenger=agent_a(foul_play_root_priors_opp) acceptor=agent_b(foul_play)
game=1 challenger=agent_a acceptor=agent_b winner=agent_b
PROGRESS {"error": null, "game_index": 1, "running_agent_a_wins": 0, "running_decisive": 1, "running_winrate": 0.0, "ts": "2026-07-04T23:10:32.916672+00:00", "void": false, "winner": "agent_b"}
starting game=2 challenger=agent_b(foul_play) acceptor=agent_a(foul_play_root_priors_opp)
game=2 challenger=agent_b acceptor=agent_a winner=agent_b
PROGRESS {"error": null, "game_index": 2, "running_agent_a_wins": 0, "running_decisive": 2, "running_winrate": 0.0, "ts": "2026-07-04T23:10:50.534343+00:00", "void": false, "winner": "agent_b"}
starting game=3 challenger=agent_a(foul_play_root_priors_opp) acceptor=agent_b(foul_play)
game=3 challenger=agent_a acceptor=agent_b winner=agent_a
PROGRESS {"error": null, "game_index": 3, "running_agent_a_wins": 1, "running_decisive": 3, "running_winrate": 0.3333, "ts": "2026-07-04T23:11:17.480374+00:00", "void": false, "winner": "agent_a"}
starting game=4 challenger=agent_b(foul_play) acceptor=agent_a(foul_play_root_priors_opp)
game=4 challenger=agent_b acceptor=agent_a winner=agent_b
PROGRESS {"error": null, "game_index": 4, "running_agent_a_wins": 1, "running_decisive": 4, "running_winrate": 0.25, "ts": "2026-07-04T23:11:32.952761+00:00", "void": false, "winner": "agent_b"}
starting game=5 challenger=agent_a(foul_play_root_priors_opp) acceptor=agent_b(foul_play)
game=5 challenger=agent_a acceptor=agent_b winner=agent_b
PROGRESS {"error": null, "game_index": 5, "running_agent_a_wins": 1, "running_decisive": 5, "running_winrate": 0.2, "ts": "2026-07-04T23:11:55.755352+00:00", "void": false, "winner": "agent_b"}
starting game=6 challenger=agent_b(foul_play) acceptor=agent_a(foul_play_root_priors_opp)
game=6 challenger=agent_b acceptor=agent_a winner=agent_a
PROGRESS {"error": null, "game_index": 6, "running_agent_a_wins": 2, "running_decisive": 6, "running_winrate": 0.3333, "ts": "2026-07-04T23:12:15.191718+00:00", "void": false, "winner": "agent_a"}
starting game=7 challenger=agent_a(foul_play_root_priors_opp) acceptor=agent_b(foul_play)
game=7 challenger=agent_a acceptor=agent_b winner=agent_a
PROGRESS {"error": null, "game_index": 7, "running_agent_a_wins": 3, "running_decisive": 7, "running_winrate": 0.4286, "ts": "2026-07-04T23:12:35.910642+00:00", "void": false, "winner": "agent_a"}
starting game=8 challenger=agent_b(foul_play) acceptor=agent_a(foul_play_root_priors_opp)
game=8 challenger=agent_b acceptor=agent_a winner=agent_a
PROGRESS {"error": null, "game_index": 8, "running_agent_a_wins": 4, "running_decisive": 8, "running_winrate": 0.5, "ts": "2026-07-04T23:13:05.172356+00:00", "void": false, "winner": "agent_a"}
starting game=9 challenger=agent_a(foul_play_root_priors_opp) acceptor=agent_b(foul_play)
game=9 challenger=agent_a acceptor=agent_b winner=agent_b
PROGRESS {"error": null, "game_index": 9, "running_agent_a_wins": 4, "running_decisive": 9, "running_winrate": 0.4444, "ts": "2026-07-04T23:13:33.332429+00:00", "void": false, "winner": "agent_b"}
starting game=10 challenger=agent_b(foul_play) acceptor=agent_a(foul_play_root_priors_opp)
game=10 challenger=agent_b acceptor=agent_a winner=agent_a
PROGRESS {"error": null, "game_index": 10, "running_agent_a_wins": 5, "running_decisive": 10, "running_winrate": 0.5, "ts": "2026-07-04T23:13:48.519659+00:00", "void": false, "winner": "agent_a"}
starting game=11 challenger=agent_a(foul_play_root_priors_opp) acceptor=agent_b(foul_play)
game=11 challenger=agent_a acceptor=agent_b winner=agent_a
PROGRESS {"error": null, "game_index": 11, "running_agent_a_wins": 6, "running_decisive": 11, "running_winrate": 0.5455, "ts": "2026-07-04T23:14:05.371956+00:00", "void": false, "winner": "agent_a"}
starting game=12 challenger=agent_b(foul_play) acceptor=agent_a(foul_play_root_priors_opp)
game=12 challenger=agent_b acceptor=agent_a winner=agent_a
PROGRESS {"error": null, "game_index": 12, "running_agent_a_wins": 7, "running_decisive": 12, "running_winrate": 0.5833, "ts": "2026-07-04T23:14:34.632811+00:00", "void": false, "winner": "agent_a"}
starting game=13 challenger=agent_a(foul_play_root_priors_opp) acceptor=agent_b(foul_play)
game=13 challenger=agent_a acceptor=agent_b winner=agent_b
PROGRESS {"error": null, "game_index": 13, "running_agent_a_wins": 7, "running_decisive": 13, "running_winrate": 0.5385, "ts": "2026-07-04T23:14:52.740634+00:00", "void": false, "winner": "agent_b"}
starting game=14 challenger=agent_b(foul_play) acceptor=agent_a(foul_play_root_priors_opp)
game=14 challenger=agent_b acceptor=agent_a winner=agent_a
PROGRESS {"error": null, "game_index": 14, "running_agent_a_wins": 8, "running_decisive": 14, "running_winrate": 0.5714, "ts": "2026-07-04T23:15:10.097177+00:00", "void": false, "winner": "agent_a"}
starting game=15 challenger=agent_a(foul_play_root_priors_opp) acceptor=agent_b(foul_play)
game=15 challenger=agent_a acceptor=agent_b winner=agent_b
PROGRESS {"error": null, "game_index": 15, "running_agent_a_wins": 8, "running_decisive": 15, "running_winrate": 0.5333, "ts": "2026-07-04T23:15:30.669147+00:00", "void": false, "winner": "agent_b"}
starting game=16 challenger=agent_b(foul_play) acceptor=agent_a(foul_play_root_priors_opp)
game=16 challenger=agent_b acceptor=agent_a winner=agent_a
PROGRESS {"error": null, "game_index": 16, "running_agent_a_wins": 9, "running_decisive": 16, "running_winrate": 0.5625, "ts": "2026-07-04T23:15:50.268909+00:00", "void": false, "winner": "agent_a"}
starting game=17 challenger=agent_a(foul_play_root_priors_opp) acceptor=agent_b(foul_play)
game=17 challenger=agent_a acceptor=agent_b winner=agent_b
PROGRESS {"error": null, "game_index": 17, "running_agent_a_wins": 9, "running_decisive": 17, "running_winrate": 0.5294, "ts": "2026-07-04T23:16:05.635242+00:00", "void": false, "winner": "agent_b"}
starting game=18 challenger=agent_b(foul_play) acceptor=agent_a(foul_play_root_priors_opp)
game=18 challenger=agent_b acceptor=agent_a winner=agent_b
PROGRESS {"error": null, "game_index": 18, "running_agent_a_wins": 9, "running_decisive": 18, "running_winrate": 0.5, "ts": "2026-07-04T23:16:27.807959+00:00", "void": false, "winner": "agent_b"}
starting game=19 challenger=agent_a(foul_play_root_priors_opp) acceptor=agent_b(foul_play)
game=19 challenger=agent_a acceptor=agent_b winner=agent_a
PROGRESS {"error": null, "game_index": 19, "running_agent_a_wins": 10, "running_decisive": 19, "running_winrate": 0.5263, "ts": "2026-07-04T23:16:47.827427+00:00", "void": false, "winner": "agent_a"}
starting game=20 challenger=agent_b(foul_play) acceptor=agent_a(foul_play_root_priors_opp)
game=20 challenger=agent_b acceptor=agent_a winner=agent_b
PROGRESS {"error": null, "game_index": 20, "running_agent_a_wins": 10, "running_decisive": 20, "running_winrate": 0.5, "ts": "2026-07-04T23:17:03.258169+00:00", "void": false, "winner": "agent_b"}
starting game=21 challenger=agent_a(foul_play_root_priors_opp) acceptor=agent_b(foul_play)
game=21 challenger=agent_a acceptor=agent_b winner=agent_a
PROGRESS {"error": null, "game_index": 21, "running_agent_a_wins": 11, "running_decisive": 21, "running_winrate": 0.5238, "ts": "2026-07-04T23:17:24.427735+00:00", "void": false, "winner": "agent_a"}
starting game=22 challenger=agent_b(foul_play) acceptor=agent_a(foul_play_root_priors_opp)
game=22 challenger=agent_b acceptor=agent_a winner=agent_b
PROGRESS {"error": null, "game_index": 22, "running_agent_a_wins": 11, "running_decisive": 22, "running_winrate": 0.5, "ts": "2026-07-04T23:17:41.098660+00:00", "void": false, "winner": "agent_b"}
starting game=23 challenger=agent_a(foul_play_root_priors_opp) acceptor=agent_b(foul_play)
game=23 challenger=agent_a acceptor=agent_b winner=agent_b
PROGRESS {"error": null, "game_index": 23, "running_agent_a_wins": 11, "running_decisive": 23, "running_winrate": 0.4783, "ts": "2026-07-04T23:17:59.379031+00:00", "void": false, "winner": "agent_b"}
starting game=24 challenger=agent_b(foul_play) acceptor=agent_a(foul_play_root_priors_opp)
game=24 challenger=agent_b acceptor=agent_a winner=agent_a
PROGRESS {"error": null, "game_index": 24, "running_agent_a_wins": 12, "running_decisive": 24, "running_winrate": 0.5, "ts": "2026-07-04T23:18:21.438167+00:00", "void": false, "winner": "agent_a"}
starting game=25 challenger=agent_a(foul_play_root_priors_opp) acceptor=agent_b(foul_play)
game=25 challenger=agent_a acceptor=agent_b winner=agent_a
PROGRESS {"error": null, "game_index": 25, "running_agent_a_wins": 13, "running_decisive": 25, "running_winrate": 0.52, "ts": "2026-07-04T23:18:39.464105+00:00", "void": false, "winner": "agent_a"}
starting game=26 challenger=agent_b(foul_play) acceptor=agent_a(foul_play_root_priors_opp)
game=26 challenger=agent_b acceptor=agent_a winner=agent_a
PROGRESS {"error": null, "game_index": 26, "running_agent_a_wins": 14, "running_decisive": 26, "running_winrate": 0.5385, "ts": "2026-07-04T23:19:00.421848+00:00", "void": false, "winner": "agent_a"}
starting game=27 challenger=agent_a(foul_play_root_priors_opp) acceptor=agent_b(foul_play)
game=27 challenger=agent_a acceptor=agent_b winner=agent_a
PROGRESS {"error": null, "game_index": 27, "running_agent_a_wins": 15, "running_decisive": 27, "running_winrate": 0.5556, "ts": "2026-07-04T23:19:19.592941+00:00", "void": false, "winner": "agent_a"}
starting game=28 challenger=agent_b(foul_play) acceptor=agent_a(foul_play_root_priors_opp)
game=28 challenger=agent_b acceptor=agent_a winner=agent_a
PROGRESS {"error": null, "game_index": 28, "running_agent_a_wins": 16, "running_decisive": 28, "running_winrate": 0.5714, "ts": "2026-07-04T23:19:39.355326+00:00", "void": false, "winner": "agent_a"}
starting game=29 challenger=agent_a(foul_play_root_priors_opp) acceptor=agent_b(foul_play)
game=29 challenger=agent_a acceptor=agent_b winner=agent_b
PROGRESS {"error": null, "game_index": 29, "running_agent_a_wins": 16, "running_decisive": 29, "running_winrate": 0.5517, "ts": "2026-07-04T23:19:56.859446+00:00", "void": false, "winner": "agent_b"}
starting game=30 challenger=agent_b(foul_play) acceptor=agent_a(foul_play_root_priors_opp)
game=30 challenger=agent_b acceptor=agent_a winner=agent_a
PROGRESS {"error": null, "game_index": 30, "running_agent_a_wins": 17, "running_decisive": 30, "running_winrate": 0.5667, "ts": "2026-07-04T23:20:22.157120+00:00", "void": false, "winner": "agent_a"}
starting game=31 challenger=agent_a(foul_play_root_priors_opp) acceptor=agent_b(foul_play)
game=31 challenger=agent_a acceptor=agent_b winner=agent_b
PROGRESS {"error": null, "game_index": 31, "running_agent_a_wins": 17, "running_decisive": 31, "running_winrate": 0.5484, "ts": "2026-07-04T23:20:42.337118+00:00", "void": false, "winner": "agent_b"}
starting game=32 challenger=agent_b(foul_play) acceptor=agent_a(foul_play_root_priors_opp)
game=32 challenger=agent_b acceptor=agent_a winner=agent_b
PROGRESS {"error": null, "game_index": 32, "running_agent_a_wins": 17, "running_decisive": 32, "running_winrate": 0.5312, "ts": "2026-07-04T23:21:06.479531+00:00", "void": false, "winner": "agent_b"}
starting game=33 challenger=agent_a(foul_play_root_priors_opp) acceptor=agent_b(foul_play)
game=33 challenger=agent_a acceptor=agent_b winner=agent_a
PROGRESS {"error": null, "game_index": 33, "running_agent_a_wins": 18, "running_decisive": 33, "running_winrate": 0.5455, "ts": "2026-07-04T23:21:31.599059+00:00", "void": false, "winner": "agent_a"}
starting game=34 challenger=agent_b(foul_play) acceptor=agent_a(foul_play_root_priors_opp)
game=34 challenger=agent_b acceptor=agent_a winner=agent_b
PROGRESS {"error": null, "game_index": 34, "running_agent_a_wins": 18, "running_decisive": 34, "running_winrate": 0.5294, "ts": "2026-07-04T23:21:50.836650+00:00", "void": false, "winner": "agent_b"}
starting game=35 challenger=agent_a(foul_play_root_priors_opp) acceptor=agent_b(foul_play)
game=35 challenger=agent_a acceptor=agent_b winner=agent_a
PROGRESS {"error": null, "game_index": 35, "running_agent_a_wins": 19, "running_decisive": 35, "running_winrate": 0.5429, "ts": "2026-07-04T23:22:06.099237+00:00", "void": false, "winner": "agent_a"}
starting game=36 challenger=agent_b(foul_play) acceptor=agent_a(foul_play_root_priors_opp)
game=36 challenger=agent_b acceptor=agent_a winner=agent_a
PROGRESS {"error": null, "game_index": 36, "running_agent_a_wins": 20, "running_decisive": 36, "running_winrate": 0.5556, "ts": "2026-07-04T23:22:25.294917+00:00", "void": false, "winner": "agent_a"}
starting game=37 challenger=agent_a(foul_play_root_priors_opp) acceptor=agent_b(foul_play)
game=37 challenger=agent_a acceptor=agent_b winner=agent_a
PROGRESS {"error": null, "game_index": 37, "running_agent_a_wins": 21, "running_decisive": 37, "running_winrate": 0.5676, "ts": "2026-07-04T23:22:41.392912+00:00", "void": false, "winner": "agent_a"}
starting game=38 challenger=agent_b(foul_play) acceptor=agent_a(foul_play_root_priors_opp)
game=38 challenger=agent_b acceptor=agent_a winner=agent_a
PROGRESS {"error": null, "game_index": 38, "running_agent_a_wins": 22, "running_decisive": 38, "running_winrate": 0.5789, "ts": "2026-07-04T23:23:00.131934+00:00", "void": false, "winner": "agent_a"}
starting game=39 challenger=agent_a(foul_play_root_priors_opp) acceptor=agent_b(foul_play)
game=39 challenger=agent_a acceptor=agent_b winner=agent_a
PROGRESS {"error": null, "game_index": 39, "running_agent_a_wins": 23, "running_decisive": 39, "running_winrate": 0.5897, "ts": "2026-07-04T23:23:18.889780+00:00", "void": false, "winner": "agent_a"}
starting game=40 challenger=agent_b(foul_play) acceptor=agent_a(foul_play_root_priors_opp)
game=40 challenger=agent_b acceptor=agent_a winner=agent_b
PROGRESS {"error": null, "game_index": 40, "running_agent_a_wins": 23, "running_decisive": 40, "running_winrate": 0.575, "ts": "2026-07-04T23:23:43.947919+00:00", "void": false, "winner": "agent_b"}
starting game=41 challenger=agent_a(foul_play_root_priors_opp) acceptor=agent_b(foul_play)
game=41 challenger=agent_a acceptor=agent_b winner=agent_a
PROGRESS {"error": null, "game_index": 41, "running_agent_a_wins": 24, "running_decisive": 41, "running_winrate": 0.5854, "ts": "2026-07-04T23:24:11.816998+00:00", "void": false, "winner": "agent_a"}
starting game=42 challenger=agent_b(foul_play) acceptor=agent_a(foul_play_root_priors_opp)
game=42 challenger=agent_b acceptor=agent_a winner=agent_a
PROGRESS {"error": null, "game_index": 42, "running_agent_a_wins": 25, "running_decisive": 42, "running_winrate": 0.5952, "ts": "2026-07-04T23:24:39.734145+00:00", "void": false, "winner": "agent_a"}
starting game=43 challenger=agent_a(foul_play_root_priors_opp) acceptor=agent_b(foul_play)
game=43 challenger=agent_a acceptor=agent_b winner=agent_b
PROGRESS {"error": null, "game_index": 43, "running_agent_a_wins": 25, "running_decisive": 43, "running_winrate": 0.5814, "ts": "2026-07-04T23:24:59.500177+00:00", "void": false, "winner": "agent_b"}
starting game=44 challenger=agent_b(foul_play) acceptor=agent_a(foul_play_root_priors_opp)
game=44 challenger=agent_b acceptor=agent_a winner=agent_b
PROGRESS {"error": null, "game_index": 44, "running_agent_a_wins": 25, "running_decisive": 44, "running_winrate": 0.5682, "ts": "2026-07-04T23:25:20.603553+00:00", "void": false, "winner": "agent_b"}
starting game=45 challenger=agent_a(foul_play_root_priors_opp) acceptor=agent_b(foul_play)
game=45 challenger=agent_a acceptor=agent_b winner=agent_a
PROGRESS {"error": null, "game_index": 45, "running_agent_a_wins": 26, "running_decisive": 45, "running_winrate": 0.5778, "ts": "2026-07-04T23:25:39.987819+00:00", "void": false, "winner": "agent_a"}
starting game=46 challenger=agent_b(foul_play) acceptor=agent_a(foul_play_root_priors_opp)
game=46 challenger=agent_b acceptor=agent_a winner=agent_a
PROGRESS {"error": null, "game_index": 46, "running_agent_a_wins": 27, "running_decisive": 46, "running_winrate": 0.587, "ts": "2026-07-04T23:26:01.819191+00:00", "void": false, "winner": "agent_a"}
starting game=47 challenger=agent_a(foul_play_root_priors_opp) acceptor=agent_b(foul_play)
game=47 challenger=agent_a acceptor=agent_b winner=agent_a
PROGRESS {"error": null, "game_index": 47, "running_agent_a_wins": 28, "running_decisive": 47, "running_winrate": 0.5957, "ts": "2026-07-04T23:26:24.916900+00:00", "void": false, "winner": "agent_a"}
starting game=48 challenger=agent_b(foul_play) acceptor=agent_a(foul_play_root_priors_opp)
game=48 challenger=agent_b acceptor=agent_a winner=agent_a
PROGRESS {"error": null, "game_index": 48, "running_agent_a_wins": 29, "running_decisive": 48, "running_winrate": 0.6042, "ts": "2026-07-04T23:26:44.878793+00:00", "void": false, "winner": "agent_a"}
starting game=49 challenger=agent_a(foul_play_root_priors_opp) acceptor=agent_b(foul_play)
game=49 challenger=agent_a acceptor=agent_b winner=agent_a
PROGRESS {"error": null, "game_index": 49, "running_agent_a_wins": 30, "running_decisive": 49, "running_winrate": 0.6122, "ts": "2026-07-04T23:27:04.293547+00:00", "void": false, "winner": "agent_a"}
starting game=50 challenger=agent_b(foul_play) acceptor=agent_a(foul_play_root_priors_opp)
game=50 challenger=agent_b acceptor=agent_a winner=agent_b
PROGRESS {"error": null, "game_index": 50, "running_agent_a_wins": 30, "running_decisive": 50, "running_winrate": 0.6, "ts": "2026-07-04T23:27:20.407323+00:00", "void": false, "winner": "agent_b"}
starting game=51 challenger=agent_a(foul_play_root_priors_opp) acceptor=agent_b(foul_play)
game=51 challenger=agent_a acceptor=agent_b winner=agent_a
PROGRESS {"error": null, "game_index": 51, "running_agent_a_wins": 31, "running_decisive": 51, "running_winrate": 0.6078, "ts": "2026-07-04T23:27:48.002077+00:00", "void": false, "winner": "agent_a"}
starting game=52 challenger=agent_b(foul_play) acceptor=agent_a(foul_play_root_priors_opp)
game=52 challenger=agent_b acceptor=agent_a winner=agent_a
PROGRESS {"error": null, "game_index": 52, "running_agent_a_wins": 32, "running_decisive": 52, "running_winrate": 0.6154, "ts": "2026-07-04T23:28:12.889268+00:00", "void": false, "winner": "agent_a"}
starting game=53 challenger=agent_a(foul_play_root_priors_opp) acceptor=agent_b(foul_play)
game=53 challenger=agent_a acceptor=agent_b winner=agent_b
PROGRESS {"error": null, "game_index": 53, "running_agent_a_wins": 32, "running_decisive": 53, "running_winrate": 0.6038, "ts": "2026-07-04T23:28:38.346299+00:00", "void": false, "winner": "agent_b"}
starting game=54 challenger=agent_b(foul_play) acceptor=agent_a(foul_play_root_priors_opp)
game=54 challenger=agent_b acceptor=agent_a winner=agent_a
PROGRESS {"error": null, "game_index": 54, "running_agent_a_wins": 33, "running_decisive": 54, "running_winrate": 0.6111, "ts": "2026-07-04T23:28:57.503623+00:00", "void": false, "winner": "agent_a"}
starting game=55 challenger=agent_a(foul_play_root_priors_opp) acceptor=agent_b(foul_play)
game=55 challenger=agent_a acceptor=agent_b winner=agent_b
PROGRESS {"error": null, "game_index": 55, "running_agent_a_wins": 33, "running_decisive": 55, "running_winrate": 0.6, "ts": "2026-07-04T23:29:16.544322+00:00", "void": false, "winner": "agent_b"}
starting game=56 challenger=agent_b(foul_play) acceptor=agent_a(foul_play_root_priors_opp)
game=56 challenger=agent_b acceptor=agent_a winner=agent_a
PROGRESS {"error": null, "game_index": 56, "running_agent_a_wins": 34, "running_decisive": 56, "running_winrate": 0.6071, "ts": "2026-07-04T23:29:38.610965+00:00", "void": false, "winner": "agent_a"}
starting game=57 challenger=agent_a(foul_play_root_priors_opp) acceptor=agent_b(foul_play)
game=57 challenger=agent_a acceptor=agent_b winner=agent_a
PROGRESS {"error": null, "game_index": 57, "running_agent_a_wins": 35, "running_decisive": 57, "running_winrate": 0.614, "ts": "2026-07-04T23:30:16.582863+00:00", "void": false, "winner": "agent_a"}
starting game=58 challenger=agent_b(foul_play) acceptor=agent_a(foul_play_root_priors_opp)
game=58 challenger=agent_b acceptor=agent_a winner=agent_b
PROGRESS {"error": null, "game_index": 58, "running_agent_a_wins": 35, "running_decisive": 58, "running_winrate": 0.6034, "ts": "2026-07-04T23:30:34.159242+00:00", "void": false, "winner": "agent_b"}
starting game=59 challenger=agent_a(foul_play_root_priors_opp) acceptor=agent_b(foul_play)
game=59 challenger=agent_a acceptor=agent_b winner=agent_a
PROGRESS {"error": null, "game_index": 59, "running_agent_a_wins": 36, "running_decisive": 59, "running_winrate": 0.6102, "ts": "2026-07-04T23:30:59.903585+00:00", "void": false, "winner": "agent_a"}
starting game=60 challenger=agent_b(foul_play) acceptor=agent_a(foul_play_root_priors_opp)
game=60 challenger=agent_b acceptor=agent_a winner=agent_b
PROGRESS {"error": null, "game_index": 60, "running_agent_a_wins": 36, "running_decisive": 60, "running_winrate": 0.6, "ts": "2026-07-04T23:31:24.219635+00:00", "void": false, "winner": "agent_b"}
starting game=61 challenger=agent_a(foul_play_root_priors_opp) acceptor=agent_b(foul_play)
game=61 challenger=agent_a acceptor=agent_b winner=agent_a
PROGRESS {"error": null, "game_index": 61, "running_agent_a_wins": 37, "running_decisive": 61, "running_winrate": 0.6066, "ts": "2026-07-04T23:31:46.759123+00:00", "void": false, "winner": "agent_a"}
starting game=62 challenger=agent_b(foul_play) acceptor=agent_a(foul_play_root_priors_opp)
game=62 challenger=agent_b acceptor=agent_a winner=agent_b
PROGRESS {"error": null, "game_index": 62, "running_agent_a_wins": 37, "running_decisive": 62, "running_winrate": 0.5968, "ts": "2026-07-04T23:32:06.441326+00:00", "void": false, "winner": "agent_b"}
starting game=63 challenger=agent_a(foul_play_root_priors_opp) acceptor=agent_b(foul_play)
game=63 challenger=agent_a acceptor=agent_b winner=agent_b
PROGRESS {"error": null, "game_index": 63, "running_agent_a_wins": 37, "running_decisive": 63, "running_winrate": 0.5873, "ts": "2026-07-04T23:32:28.278138+00:00", "void": false, "winner": "agent_b"}
starting game=64 challenger=agent_b(foul_play) acceptor=agent_a(foul_play_root_priors_opp)
game=64 challenger=agent_b acceptor=agent_a winner=agent_b
PROGRESS {"error": null, "game_index": 64, "running_agent_a_wins": 37, "running_decisive": 64, "running_winrate": 0.5781, "ts": "2026-07-04T23:33:01.296078+00:00", "void": false, "winner": "agent_b"}
starting game=65 challenger=agent_a(foul_play_root_priors_opp) acceptor=agent_b(foul_play)
game=65 challenger=agent_a acceptor=agent_b winner=agent_b
PROGRESS {"error": null, "game_index": 65, "running_agent_a_wins": 37, "running_decisive": 65, "running_winrate": 0.5692, "ts": "2026-07-04T23:33:25.565050+00:00", "void": false, "winner": "agent_b"}
starting game=66 challenger=agent_b(foul_play) acceptor=agent_a(foul_play_root_priors_opp)
game=66 challenger=agent_b acceptor=agent_a winner=agent_b
PROGRESS {"error": null, "game_index": 66, "running_agent_a_wins": 37, "running_decisive": 66, "running_winrate": 0.5606, "ts": "2026-07-04T23:33:43.795116+00:00", "void": false, "winner": "agent_b"}
starting game=67 challenger=agent_a(foul_play_root_priors_opp) acceptor=agent_b(foul_play)
game=67 challenger=agent_a acceptor=agent_b winner=agent_a
PROGRESS {"error": null, "game_index": 67, "running_agent_a_wins": 38, "running_decisive": 67, "running_winrate": 0.5672, "ts": "2026-07-04T23:34:00.938769+00:00", "void": false, "winner": "agent_a"}
starting game=68 challenger=agent_b(foul_play) acceptor=agent_a(foul_play_root_priors_opp)
game=68 challenger=agent_b acceptor=agent_a winner=agent_b
PROGRESS {"error": null, "game_index": 68, "running_agent_a_wins": 38, "running_decisive": 68, "running_winrate": 0.5588, "ts": "2026-07-04T23:34:29.910931+00:00", "void": false, "winner": "agent_b"}
starting game=69 challenger=agent_a(foul_play_root_priors_opp) acceptor=agent_b(foul_play)
game=69 challenger=agent_a acceptor=agent_b winner=agent_b
PROGRESS {"error": null, "game_index": 69, "running_agent_a_wins": 38, "running_decisive": 69, "running_winrate": 0.5507, "ts": "2026-07-04T23:34:50.431409+00:00", "void": false, "winner": "agent_b"}
starting game=70 challenger=agent_b(foul_play) acceptor=agent_a(foul_play_root_priors_opp)
game=70 challenger=agent_b acceptor=agent_a winner=agent_a
PROGRESS {"error": null, "game_index": 70, "running_agent_a_wins": 39, "running_decisive": 70, "running_winrate": 0.5571, "ts": "2026-07-04T23:35:12.359663+00:00", "void": false, "winner": "agent_a"}
starting game=71 challenger=agent_a(foul_play_root_priors_opp) acceptor=agent_b(foul_play)
game=71 challenger=agent_a acceptor=agent_b winner=agent_b
PROGRESS {"error": null, "game_index": 71, "running_agent_a_wins": 39, "running_decisive": 71, "running_winrate": 0.5493, "ts": "2026-07-04T23:35:35.560940+00:00", "void": false, "winner": "agent_b"}
starting game=72 challenger=agent_b(foul_play) acceptor=agent_a(foul_play_root_priors_opp)
game=72 challenger=agent_b acceptor=agent_a winner=agent_a
PROGRESS {"error": null, "game_index": 72, "running_agent_a_wins": 40, "running_decisive": 72, "running_winrate": 0.5556, "ts": "2026-07-04T23:35:53.858052+00:00", "void": false, "winner": "agent_a"}
starting game=73 challenger=agent_a(foul_play_root_priors_opp) acceptor=agent_b(foul_play)
game=73 challenger=agent_a acceptor=agent_b winner=agent_b
PROGRESS {"error": null, "game_index": 73, "running_agent_a_wins": 40, "running_decisive": 73, "running_winrate": 0.5479, "ts": "2026-07-04T23:36:18.739694+00:00", "void": false, "winner": "agent_b"}
starting game=74 challenger=agent_b(foul_play) acceptor=agent_a(foul_play_root_priors_opp)
game=74 challenger=agent_b acceptor=agent_a winner=agent_b
PROGRESS {"error": null, "game_index": 74, "running_agent_a_wins": 40, "running_decisive": 74, "running_winrate": 0.5405, "ts": "2026-07-04T23:36:44.733176+00:00", "void": false, "winner": "agent_b"}
starting game=75 challenger=agent_a(foul_play_root_priors_opp) acceptor=agent_b(foul_play)
game=75 challenger=agent_a acceptor=agent_b winner=agent_b
PROGRESS {"error": null, "game_index": 75, "running_agent_a_wins": 40, "running_decisive": 75, "running_winrate": 0.5333, "ts": "2026-07-04T23:37:09.277008+00:00", "void": false, "winner": "agent_b"}
starting game=76 challenger=agent_b(foul_play) acceptor=agent_a(foul_play_root_priors_opp)
game=76 challenger=agent_b acceptor=agent_a winner=agent_a
PROGRESS {"error": null, "game_index": 76, "running_agent_a_wins": 41, "running_decisive": 76, "running_winrate": 0.5395, "ts": "2026-07-04T23:37:30.699087+00:00", "void": false, "winner": "agent_a"}
starting game=77 challenger=agent_a(foul_play_root_priors_opp) acceptor=agent_b(foul_play)
game=77 challenger=agent_a acceptor=agent_b winner=agent_a
PROGRESS {"error": null, "game_index": 77, "running_agent_a_wins": 42, "running_decisive": 77, "running_winrate": 0.5455, "ts": "2026-07-04T23:37:56.409691+00:00", "void": false, "winner": "agent_a"}
starting game=78 challenger=agent_b(foul_play) acceptor=agent_a(foul_play_root_priors_opp)
game=78 challenger=agent_b acceptor=agent_a winner=agent_b
PROGRESS {"error": null, "game_index": 78, "running_agent_a_wins": 42, "running_decisive": 78, "running_winrate": 0.5385, "ts": "2026-07-04T23:38:16.148517+00:00", "void": false, "winner": "agent_b"}
starting game=79 challenger=agent_a(foul_play_root_priors_opp) acceptor=agent_b(foul_play)
game=79 challenger=agent_a acceptor=agent_b winner=agent_a
PROGRESS {"error": null, "game_index": 79, "running_agent_a_wins": 43, "running_decisive": 79, "running_winrate": 0.5443, "ts": "2026-07-04T23:38:54.937406+00:00", "void": false, "winner": "agent_a"}
starting game=80 challenger=agent_b(foul_play) acceptor=agent_a(foul_play_root_priors_opp)
game=80 challenger=agent_b acceptor=agent_a winner=agent_a
PROGRESS {"error": null, "game_index": 80, "running_agent_a_wins": 44, "running_decisive": 80, "running_winrate": 0.55, "ts": "2026-07-04T23:39:26.184059+00:00", "void": false, "winner": "agent_a"}
starting game=81 challenger=agent_a(foul_play_root_priors_opp) acceptor=agent_b(foul_play)
game=81 challenger=agent_a acceptor=agent_b winner=agent_b
PROGRESS {"error": null, "game_index": 81, "running_agent_a_wins": 44, "running_decisive": 81, "running_winrate": 0.5432, "ts": "2026-07-04T23:39:41.570379+00:00", "void": false, "winner": "agent_b"}
starting game=82 challenger=agent_b(foul_play) acceptor=agent_a(foul_play_root_priors_opp)
game=82 challenger=agent_b acceptor=agent_a winner=agent_b
PROGRESS {"error": null, "game_index": 82, "running_agent_a_wins": 44, "running_decisive": 82, "running_winrate": 0.5366, "ts": "2026-07-04T23:40:08.192034+00:00", "void": false, "winner": "agent_b"}
starting game=83 challenger=agent_a(foul_play_root_priors_opp) acceptor=agent_b(foul_play)
game=83 challenger=agent_a acceptor=agent_b winner=agent_b
PROGRESS {"error": null, "game_index": 83, "running_agent_a_wins": 44, "running_decisive": 83, "running_winrate": 0.5301, "ts": "2026-07-04T23:40:27.299266+00:00", "void": false, "winner": "agent_b"}
starting game=84 challenger=agent_b(foul_play) acceptor=agent_a(foul_play_root_priors_opp)
game=84 challenger=agent_b acceptor=agent_a winner=agent_a
PROGRESS {"error": null, "game_index": 84, "running_agent_a_wins": 45, "running_decisive": 84, "running_winrate": 0.5357, "ts": "2026-07-04T23:40:53.161779+00:00", "void": false, "winner": "agent_a"}
starting game=85 challenger=agent_a(foul_play_root_priors_opp) acceptor=agent_b(foul_play)
game=85 challenger=agent_a acceptor=agent_b winner=agent_b
PROGRESS {"error": null, "game_index": 85, "running_agent_a_wins": 45, "running_decisive": 85, "running_winrate": 0.5294, "ts": "2026-07-04T23:41:14.483568+00:00", "void": false, "winner": "agent_b"}
starting game=86 challenger=agent_b(foul_play) acceptor=agent_a(foul_play_root_priors_opp)
game=86 challenger=agent_b acceptor=agent_a winner=agent_a
PROGRESS {"error": null, "game_index": 86, "running_agent_a_wins": 46, "running_decisive": 86, "running_winrate": 0.5349, "ts": "2026-07-04T23:41:34.659181+00:00", "void": false, "winner": "agent_a"}
starting game=87 challenger=agent_a(foul_play_root_priors_opp) acceptor=agent_b(foul_play)
game=87 challenger=agent_a acceptor=agent_b winner=agent_b
PROGRESS {"error": null, "game_index": 87, "running_agent_a_wins": 46, "running_decisive": 87, "running_winrate": 0.5287, "ts": "2026-07-04T23:42:03.414498+00:00", "void": false, "winner": "agent_b"}
starting game=88 challenger=agent_b(foul_play) acceptor=agent_a(foul_play_root_priors_opp)
game=88 challenger=agent_b acceptor=agent_a winner=agent_b
PROGRESS {"error": null, "game_index": 88, "running_agent_a_wins": 46, "running_decisive": 88, "running_winrate": 0.5227, "ts": "2026-07-04T23:42:53.601338+00:00", "void": false, "winner": "agent_b"}
starting game=89 challenger=agent_a(foul_play_root_priors_opp) acceptor=agent_b(foul_play)
game=89 challenger=agent_a acceptor=agent_b winner=agent_a
PROGRESS {"error": null, "game_index": 89, "running_agent_a_wins": 47, "running_decisive": 89, "running_winrate": 0.5281, "ts": "2026-07-04T23:43:15.823290+00:00", "void": false, "winner": "agent_a"}
starting game=90 challenger=agent_b(foul_play) acceptor=agent_a(foul_play_root_priors_opp)
game=90 challenger=agent_b acceptor=agent_a winner=agent_a
PROGRESS {"error": null, "game_index": 90, "running_agent_a_wins": 48, "running_decisive": 90, "running_winrate": 0.5333, "ts": "2026-07-04T23:43:45.701501+00:00", "void": false, "winner": "agent_a"}
starting game=91 challenger=agent_a(foul_play_root_priors_opp) acceptor=agent_b(foul_play)
game=91 challenger=agent_a acceptor=agent_b winner=agent_b
PROGRESS {"error": null, "game_index": 91, "running_agent_a_wins": 48, "running_decisive": 91, "running_winrate": 0.5275, "ts": "2026-07-04T23:44:04.657005+00:00", "void": false, "winner": "agent_b"}
starting game=92 challenger=agent_b(foul_play) acceptor=agent_a(foul_play_root_priors_opp)
game=92 challenger=agent_b acceptor=agent_a winner=agent_a
PROGRESS {"error": null, "game_index": 92, "running_agent_a_wins": 49, "running_decisive": 92, "running_winrate": 0.5326, "ts": "2026-07-04T23:44:25.133835+00:00", "void": false, "winner": "agent_a"}
starting game=93 challenger=agent_a(foul_play_root_priors_opp) acceptor=agent_b(foul_play)
game=93 challenger=agent_a acceptor=agent_b winner=agent_b
PROGRESS {"error": null, "game_index": 93, "running_agent_a_wins": 49, "running_decisive": 93, "running_winrate": 0.5269, "ts": "2026-07-04T23:44:43.222512+00:00", "void": false, "winner": "agent_b"}
starting game=94 challenger=agent_b(foul_play) acceptor=agent_a(foul_play_root_priors_opp)
game=94 challenger=agent_b acceptor=agent_a winner=agent_b
PROGRESS {"error": null, "game_index": 94, "running_agent_a_wins": 49, "running_decisive": 94, "running_winrate": 0.5213, "ts": "2026-07-04T23:44:59.362609+00:00", "void": false, "winner": "agent_b"}
starting game=95 challenger=agent_a(foul_play_root_priors_opp) acceptor=agent_b(foul_play)
game=95 challenger=agent_a acceptor=agent_b winner=agent_a
PROGRESS {"error": null, "game_index": 95, "running_agent_a_wins": 50, "running_decisive": 95, "running_winrate": 0.5263, "ts": "2026-07-04T23:45:26.501372+00:00", "void": false, "winner": "agent_a"}
starting game=96 challenger=agent_b(foul_play) acceptor=agent_a(foul_play_root_priors_opp)
game=96 challenger=agent_b acceptor=agent_a winner=agent_a
PROGRESS {"error": null, "game_index": 96, "running_agent_a_wins": 51, "running_decisive": 96, "running_winrate": 0.5312, "ts": "2026-07-04T23:45:44.808353+00:00", "void": false, "winner": "agent_a"}
starting game=97 challenger=agent_a(foul_play_root_priors_opp) acceptor=agent_b(foul_play)
game=97 challenger=agent_a acceptor=agent_b winner=agent_a
PROGRESS {"error": null, "game_index": 97, "running_agent_a_wins": 52, "running_decisive": 97, "running_winrate": 0.5361, "ts": "2026-07-04T23:46:04.705454+00:00", "void": false, "winner": "agent_a"}
starting game=98 challenger=agent_b(foul_play) acceptor=agent_a(foul_play_root_priors_opp)
game=98 challenger=agent_b acceptor=agent_a winner=agent_b
PROGRESS {"error": null, "game_index": 98, "running_agent_a_wins": 52, "running_decisive": 98, "running_winrate": 0.5306, "ts": "2026-07-04T23:46:28.898637+00:00", "void": false, "winner": "agent_b"}
starting game=99 challenger=agent_a(foul_play_root_priors_opp) acceptor=agent_b(foul_play)
game=99 challenger=agent_a acceptor=agent_b winner=agent_b
PROGRESS {"error": null, "game_index": 99, "running_agent_a_wins": 52, "running_decisive": 99, "running_winrate": 0.5253, "ts": "2026-07-04T23:46:49.019606+00:00", "void": false, "winner": "agent_b"}
starting game=100 challenger=agent_b(foul_play) acceptor=agent_a(foul_play_root_priors_opp)
game=100 challenger=agent_b acceptor=agent_a winner=agent_b
PROGRESS {"error": null, "game_index": 100, "running_agent_a_wins": 52, "running_decisive": 100, "running_winrate": 0.52, "ts": "2026-07-04T23:47:10.198625+00:00", "void": false, "winner": "agent_b"}
starting game=101 challenger=agent_a(foul_play_root_priors_opp) acceptor=agent_b(foul_play)
game=101 challenger=agent_a acceptor=agent_b winner=agent_b
PROGRESS {"error": null, "game_index": 101, "running_agent_a_wins": 52, "running_decisive": 101, "running_winrate": 0.5149, "ts": "2026-07-04T23:47:27.203067+00:00", "void": false, "winner": "agent_b"}
starting game=102 challenger=agent_b(foul_play) acceptor=agent_a(foul_play_root_priors_opp)
game=102 challenger=agent_b acceptor=agent_a winner=agent_a
PROGRESS {"error": null, "game_index": 102, "running_agent_a_wins": 53, "running_decisive": 102, "running_winrate": 0.5196, "ts": "2026-07-04T23:47:44.931692+00:00", "void": false, "winner": "agent_a"}
starting game=103 challenger=agent_a(foul_play_root_priors_opp) acceptor=agent_b(foul_play)
game=103 challenger=agent_a acceptor=agent_b winner=agent_b
PROGRESS {"error": null, "game_index": 103, "running_agent_a_wins": 53, "running_decisive": 103, "running_winrate": 0.5146, "ts": "2026-07-04T23:48:04.605931+00:00", "void": false, "winner": "agent_b"}
starting game=104 challenger=agent_b(foul_play) acceptor=agent_a(foul_play_root_priors_opp)
game=104 challenger=agent_b acceptor=agent_a winner=agent_a
PROGRESS {"error": null, "game_index": 104, "running_agent_a_wins": 54, "running_decisive": 104, "running_winrate": 0.5192, "ts": "2026-07-04T23:48:21.468081+00:00", "void": false, "winner": "agent_a"}
starting game=105 challenger=agent_a(foul_play_root_priors_opp) acceptor=agent_b(foul_play)
game=105 challenger=agent_a acceptor=agent_b winner=agent_a
PROGRESS {"error": null, "game_index": 105, "running_agent_a_wins": 55, "running_decisive": 105, "running_winrate": 0.5238, "ts": "2026-07-04T23:48:37.979670+00:00", "void": false, "winner": "agent_a"}
starting game=106 challenger=agent_b(foul_play) acceptor=agent_a(foul_play_root_priors_opp)
game=106 challenger=agent_b acceptor=agent_a winner=agent_b
PROGRESS {"error": null, "game_index": 106, "running_agent_a_wins": 55, "running_decisive": 106, "running_winrate": 0.5189, "ts": "2026-07-04T23:48:55.994646+00:00", "void": false, "winner": "agent_b"}
starting game=107 challenger=agent_a(foul_play_root_priors_opp) acceptor=agent_b(foul_play)
game=107 challenger=agent_a acceptor=agent_b winner=agent_b
PROGRESS {"error": null, "game_index": 107, "running_agent_a_wins": 55, "running_decisive": 107, "running_winrate": 0.514, "ts": "2026-07-04T23:49:14.066951+00:00", "void": false, "winner": "agent_b"}
starting game=108 challenger=agent_b(foul_play) acceptor=agent_a(foul_play_root_priors_opp)
game=108 challenger=agent_b acceptor=agent_a winner=agent_a
PROGRESS {"error": null, "game_index": 108, "running_agent_a_wins": 56, "running_decisive": 108, "running_winrate": 0.5185, "ts": "2026-07-04T23:49:36.641296+00:00", "void": false, "winner": "agent_a"}
starting game=109 challenger=agent_a(foul_play_root_priors_opp) acceptor=agent_b(foul_play)
game=109 challenger=agent_a acceptor=agent_b winner=agent_b
PROGRESS {"error": null, "game_index": 109, "running_agent_a_wins": 56, "running_decisive": 109, "running_winrate": 0.5138, "ts": "2026-07-04T23:49:58.800029+00:00", "void": false, "winner": "agent_b"}
starting game=110 challenger=agent_b(foul_play) acceptor=agent_a(foul_play_root_priors_opp)
game=110 challenger=agent_b acceptor=agent_a winner=agent_b
PROGRESS {"error": null, "game_index": 110, "running_agent_a_wins": 56, "running_decisive": 110, "running_winrate": 0.5091, "ts": "2026-07-04T23:50:20.979398+00:00", "void": false, "winner": "agent_b"}
starting game=111 challenger=agent_a(foul_play_root_priors_opp) acceptor=agent_b(foul_play)
game=111 challenger=agent_a acceptor=agent_b winner=agent_b
PROGRESS {"error": null, "game_index": 111, "running_agent_a_wins": 56, "running_decisive": 111, "running_winrate": 0.5045, "ts": "2026-07-04T23:50:43.675231+00:00", "void": false, "winner": "agent_b"}
starting game=112 challenger=agent_b(foul_play) acceptor=agent_a(foul_play_root_priors_opp)
game=112 challenger=agent_b acceptor=agent_a winner=agent_b
PROGRESS {"error": null, "game_index": 112, "running_agent_a_wins": 56, "running_decisive": 112, "running_winrate": 0.5, "ts": "2026-07-04T23:51:02.196925+00:00", "void": false, "winner": "agent_b"}
starting game=113 challenger=agent_a(foul_play_root_priors_opp) acceptor=agent_b(foul_play)
game=113 challenger=agent_a acceptor=agent_b winner=agent_a
PROGRESS {"error": null, "game_index": 113, "running_agent_a_wins": 57, "running_decisive": 113, "running_winrate": 0.5044, "ts": "2026-07-04T23:52:01.607630+00:00", "void": false, "winner": "agent_a"}
starting game=114 challenger=agent_b(foul_play) acceptor=agent_a(foul_play_root_priors_opp)
game=114 challenger=agent_b acceptor=agent_a winner=agent_b
PROGRESS {"error": null, "game_index": 114, "running_agent_a_wins": 57, "running_decisive": 114, "running_winrate": 0.5, "ts": "2026-07-04T23:52:20.433058+00:00", "void": false, "winner": "agent_b"}
starting game=115 challenger=agent_a(foul_play_root_priors_opp) acceptor=agent_b(foul_play)
game=115 challenger=agent_a acceptor=agent_b winner=agent_b
PROGRESS {"error": null, "game_index": 115, "running_agent_a_wins": 57, "running_decisive": 115, "running_winrate": 0.4957, "ts": "2026-07-04T23:52:33.888937+00:00", "void": false, "winner": "agent_b"}
starting game=116 challenger=agent_b(foul_play) acceptor=agent_a(foul_play_root_priors_opp)
game=116 challenger=agent_b acceptor=agent_a winner=agent_a
PROGRESS {"error": null, "game_index": 116, "running_agent_a_wins": 58, "running_decisive": 116, "running_winrate": 0.5, "ts": "2026-07-04T23:52:52.814476+00:00", "void": false, "winner": "agent_a"}
starting game=117 challenger=agent_a(foul_play_root_priors_opp) acceptor=agent_b(foul_play)
game=117 challenger=agent_a acceptor=agent_b winner=agent_b
PROGRESS {"error": null, "game_index": 117, "running_agent_a_wins": 58, "running_decisive": 117, "running_winrate": 0.4957, "ts": "2026-07-04T23:53:13.942864+00:00", "void": false, "winner": "agent_b"}
starting game=118 challenger=agent_b(foul_play) acceptor=agent_a(foul_play_root_priors_opp)
game=118 challenger=agent_b acceptor=agent_a winner=agent_b
PROGRESS {"error": null, "game_index": 118, "running_agent_a_wins": 58, "running_decisive": 118, "running_winrate": 0.4915, "ts": "2026-07-04T23:53:56.386553+00:00", "void": false, "winner": "agent_b"}
starting game=119 challenger=agent_a(foul_play_root_priors_opp) acceptor=agent_b(foul_play)
game=119 challenger=agent_a acceptor=agent_b winner=agent_b
PROGRESS {"error": null, "game_index": 119, "running_agent_a_wins": 58, "running_decisive": 119, "running_winrate": 0.4874, "ts": "2026-07-04T23:54:16.931505+00:00", "void": false, "winner": "agent_b"}
starting game=120 challenger=agent_b(foul_play) acceptor=agent_a(foul_play_root_priors_opp)
game=120 challenger=agent_b acceptor=agent_a winner=agent_b
PROGRESS {"error": null, "game_index": 120, "running_agent_a_wins": 58, "running_decisive": 120, "running_winrate": 0.4833, "ts": "2026-07-04T23:54:45.018479+00:00", "void": false, "winner": "agent_b"}
starting game=121 challenger=agent_a(foul_play_root_priors_opp) acceptor=agent_b(foul_play)
game=121 challenger=agent_a acceptor=agent_b winner=agent_b
PROGRESS {"error": null, "game_index": 121, "running_agent_a_wins": 58, "running_decisive": 121, "running_winrate": 0.4793, "ts": "2026-07-04T23:55:03.378840+00:00", "void": false, "winner": "agent_b"}
starting game=122 challenger=agent_b(foul_play) acceptor=agent_a(foul_play_root_priors_opp)
game=122 challenger=agent_b acceptor=agent_a winner=agent_a
PROGRESS {"error": null, "game_index": 122, "running_agent_a_wins": 59, "running_decisive": 122, "running_winrate": 0.4836, "ts": "2026-07-04T23:55:19.161923+00:00", "void": false, "winner": "agent_a"}
starting game=123 challenger=agent_a(foul_play_root_priors_opp) acceptor=agent_b(foul_play)
game=123 challenger=agent_a acceptor=agent_b winner=agent_b
PROGRESS {"error": null, "game_index": 123, "running_agent_a_wins": 59, "running_decisive": 123, "running_winrate": 0.4797, "ts": "2026-07-04T23:55:38.820818+00:00", "void": false, "winner": "agent_b"}
starting game=124 challenger=agent_b(foul_play) acceptor=agent_a(foul_play_root_priors_opp)
game=124 challenger=agent_b acceptor=agent_a winner=agent_a
PROGRESS {"error": null, "game_index": 124, "running_agent_a_wins": 60, "running_decisive": 124, "running_winrate": 0.4839, "ts": "2026-07-04T23:55:58.405004+00:00", "void": false, "winner": "agent_a"}
starting game=125 challenger=agent_a(foul_play_root_priors_opp) acceptor=agent_b(foul_play)
game=125 challenger=agent_a acceptor=agent_b winner=agent_a
PROGRESS {"error": null, "game_index": 125, "running_agent_a_wins": 61, "running_decisive": 125, "running_winrate": 0.488, "ts": "2026-07-04T23:56:20.917218+00:00", "void": false, "winner": "agent_a"}
starting game=126 challenger=agent_b(foul_play) acceptor=agent_a(foul_play_root_priors_opp)
game=126 challenger=agent_b acceptor=agent_a winner=agent_b
PROGRESS {"error": null, "game_index": 126, "running_agent_a_wins": 61, "running_decisive": 126, "running_winrate": 0.4841, "ts": "2026-07-04T23:56:38.237151+00:00", "void": false, "winner": "agent_b"}
starting game=127 challenger=agent_a(foul_play_root_priors_opp) acceptor=agent_b(foul_play)
game=127 challenger=agent_a acceptor=agent_b winner=agent_b
PROGRESS {"error": null, "game_index": 127, "running_agent_a_wins": 61, "running_decisive": 127, "running_winrate": 0.4803, "ts": "2026-07-04T23:56:53.874515+00:00", "void": false, "winner": "agent_b"}
starting game=128 challenger=agent_b(foul_play) acceptor=agent_a(foul_play_root_priors_opp)
game=128 challenger=agent_b acceptor=agent_a winner=agent_b
PROGRESS {"error": null, "game_index": 128, "running_agent_a_wins": 61, "running_decisive": 128, "running_winrate": 0.4766, "ts": "2026-07-04T23:57:39.409497+00:00", "void": false, "winner": "agent_b"}
starting game=129 challenger=agent_a(foul_play_root_priors_opp) acceptor=agent_b(foul_play)
game=129 challenger=agent_a acceptor=agent_b winner=agent_b
PROGRESS {"error": null, "game_index": 129, "running_agent_a_wins": 61, "running_decisive": 129, "running_winrate": 0.4729, "ts": "2026-07-04T23:57:58.187658+00:00", "void": false, "winner": "agent_b"}
starting game=130 challenger=agent_b(foul_play) acceptor=agent_a(foul_play_root_priors_opp)
game=130 challenger=agent_b acceptor=agent_a winner=agent_a
PROGRESS {"error": null, "game_index": 130, "running_agent_a_wins": 62, "running_decisive": 130, "running_winrate": 0.4769, "ts": "2026-07-04T23:58:19.692516+00:00", "void": false, "winner": "agent_a"}
starting game=131 challenger=agent_a(foul_play_root_priors_opp) acceptor=agent_b(foul_play)
game=131 challenger=agent_a acceptor=agent_b winner=agent_b
PROGRESS {"error": null, "game_index": 131, "running_agent_a_wins": 62, "running_decisive": 131, "running_winrate": 0.4733, "ts": "2026-07-04T23:58:38.756378+00:00", "void": false, "winner": "agent_b"}
starting game=132 challenger=agent_b(foul_play) acceptor=agent_a(foul_play_root_priors_opp)
game=132 challenger=agent_b acceptor=agent_a winner=agent_b
PROGRESS {"error": null, "game_index": 132, "running_agent_a_wins": 62, "running_decisive": 132, "running_winrate": 0.4697, "ts": "2026-07-04T23:58:58.747573+00:00", "void": false, "winner": "agent_b"}
starting game=133 challenger=agent_a(foul_play_root_priors_opp) acceptor=agent_b(foul_play)
game=133 challenger=agent_a acceptor=agent_b winner=agent_b
PROGRESS {"error": null, "game_index": 133, "running_agent_a_wins": 62, "running_decisive": 133, "running_winrate": 0.4662, "ts": "2026-07-04T23:59:23.071527+00:00", "void": false, "winner": "agent_b"}
starting game=134 challenger=agent_b(foul_play) acceptor=agent_a(foul_play_root_priors_opp)
game=134 challenger=agent_b acceptor=agent_a winner=agent_b
PROGRESS {"error": null, "game_index": 134, "running_agent_a_wins": 62, "running_decisive": 134, "running_winrate": 0.4627, "ts": "2026-07-04T23:59:40.849337+00:00", "void": false, "winner": "agent_b"}
starting game=135 challenger=agent_a(foul_play_root_priors_opp) acceptor=agent_b(foul_play)
game=135 challenger=agent_a acceptor=agent_b winner=agent_b
PROGRESS {"error": null, "game_index": 135, "running_agent_a_wins": 62, "running_decisive": 135, "running_winrate": 0.4593, "ts": "2026-07-05T00:00:16.345981+00:00", "void": false, "winner": "agent_b"}
starting game=136 challenger=agent_b(foul_play) acceptor=agent_a(foul_play_root_priors_opp)
game=136 challenger=agent_b acceptor=agent_a winner=agent_b
PROGRESS {"error": null, "game_index": 136, "running_agent_a_wins": 62, "running_decisive": 136, "running_winrate": 0.4559, "ts": "2026-07-05T00:00:45.505226+00:00", "void": false, "winner": "agent_b"}
starting game=137 challenger=agent_a(foul_play_root_priors_opp) acceptor=agent_b(foul_play)
game=137 challenger=agent_a acceptor=agent_b winner=agent_a
PROGRESS {"error": null, "game_index": 137, "running_agent_a_wins": 63, "running_decisive": 137, "running_winrate": 0.4599, "ts": "2026-07-05T00:01:05.387282+00:00", "void": false, "winner": "agent_a"}
starting game=138 challenger=agent_b(foul_play) acceptor=agent_a(foul_play_root_priors_opp)
game=138 challenger=agent_b acceptor=agent_a winner=agent_b
PROGRESS {"error": null, "game_index": 138, "running_agent_a_wins": 63, "running_decisive": 138, "running_winrate": 0.4565, "ts": "2026-07-05T00:01:24.425719+00:00", "void": false, "winner": "agent_b"}
starting game=139 challenger=agent_a(foul_play_root_priors_opp) acceptor=agent_b(foul_play)
game=139 challenger=agent_a acceptor=agent_b winner=agent_a
PROGRESS {"error": null, "game_index": 139, "running_agent_a_wins": 64, "running_decisive": 139, "running_winrate": 0.4604, "ts": "2026-07-05T00:01:58.728134+00:00", "void": false, "winner": "agent_a"}
starting game=140 challenger=agent_b(foul_play) acceptor=agent_a(foul_play_root_priors_opp)
game=140 challenger=agent_b acceptor=agent_a winner=agent_b
PROGRESS {"error": null, "game_index": 140, "running_agent_a_wins": 64, "running_decisive": 140, "running_winrate": 0.4571, "ts": "2026-07-05T00:02:21.340477+00:00", "void": false, "winner": "agent_b"}
starting game=141 challenger=agent_a(foul_play_root_priors_opp) acceptor=agent_b(foul_play)
game=141 challenger=agent_a acceptor=agent_b winner=agent_a
PROGRESS {"error": null, "game_index": 141, "running_agent_a_wins": 65, "running_decisive": 141, "running_winrate": 0.461, "ts": "2026-07-05T00:02:45.053905+00:00", "void": false, "winner": "agent_a"}
starting game=142 challenger=agent_b(foul_play) acceptor=agent_a(foul_play_root_priors_opp)
game=142 challenger=agent_b acceptor=agent_a winner=agent_a
PROGRESS {"error": null, "game_index": 142, "running_agent_a_wins": 66, "running_decisive": 142, "running_winrate": 0.4648, "ts": "2026-07-05T00:03:06.147640+00:00", "void": false, "winner": "agent_a"}
starting game=143 challenger=agent_a(foul_play_root_priors_opp) acceptor=agent_b(foul_play)
game=143 challenger=agent_a acceptor=agent_b winner=agent_b
PROGRESS {"error": null, "game_index": 143, "running_agent_a_wins": 66, "running_decisive": 143, "running_winrate": 0.4615, "ts": "2026-07-05T00:03:32.431727+00:00", "void": false, "winner": "agent_b"}
starting game=144 challenger=agent_b(foul_play) acceptor=agent_a(foul_play_root_priors_opp)
game=144 challenger=agent_b acceptor=agent_a winner=agent_a
PROGRESS {"error": null, "game_index": 144, "running_agent_a_wins": 67, "running_decisive": 144, "running_winrate": 0.4653, "ts": "2026-07-05T00:03:58.434053+00:00", "void": false, "winner": "agent_a"}
starting game=145 challenger=agent_a(foul_play_root_priors_opp) acceptor=agent_b(foul_play)
game=145 challenger=agent_a acceptor=agent_b winner=agent_a
PROGRESS {"error": null, "game_index": 145, "running_agent_a_wins": 68, "running_decisive": 145, "running_winrate": 0.469, "ts": "2026-07-05T00:04:22.149579+00:00", "void": false, "winner": "agent_a"}
starting game=146 challenger=agent_b(foul_play) acceptor=agent_a(foul_play_root_priors_opp)
game=146 challenger=agent_b acceptor=agent_a winner=agent_b
PROGRESS {"error": null, "game_index": 146, "running_agent_a_wins": 68, "running_decisive": 146, "running_winrate": 0.4658, "ts": "2026-07-05T00:04:50.723825+00:00", "void": false, "winner": "agent_b"}
starting game=147 challenger=agent_a(foul_play_root_priors_opp) acceptor=agent_b(foul_play)
game=147 challenger=agent_a acceptor=agent_b winner=agent_a
PROGRESS {"error": null, "game_index": 147, "running_agent_a_wins": 69, "running_decisive": 147, "running_winrate": 0.4694, "ts": "2026-07-05T00:05:17.161236+00:00", "void": false, "winner": "agent_a"}
starting game=148 challenger=agent_b(foul_play) acceptor=agent_a(foul_play_root_priors_opp)
game=148 challenger=agent_b acceptor=agent_a winner=agent_b
PROGRESS {"error": null, "game_index": 148, "running_agent_a_wins": 69, "running_decisive": 148, "running_winrate": 0.4662, "ts": "2026-07-05T00:05:41.089447+00:00", "void": false, "winner": "agent_b"}
starting game=149 challenger=agent_a(foul_play_root_priors_opp) acceptor=agent_b(foul_play)
game=149 challenger=agent_a acceptor=agent_b winner=agent_b
PROGRESS {"error": null, "game_index": 149, "running_agent_a_wins": 69, "running_decisive": 149, "running_winrate": 0.4631, "ts": "2026-07-05T00:06:06.168693+00:00", "void": false, "winner": "agent_b"}
starting game=150 challenger=agent_b(foul_play) acceptor=agent_a(foul_play_root_priors_opp)
game=150 challenger=agent_b acceptor=agent_a winner=agent_a
PROGRESS {"error": null, "game_index": 150, "running_agent_a_wins": 70, "running_decisive": 150, "running_winrate": 0.4667, "ts": "2026-07-05T00:06:26.853533+00:00", "void": false, "winner": "agent_a"}
starting game=151 challenger=agent_a(foul_play_root_priors_opp) acceptor=agent_b(foul_play)
game=151 challenger=agent_a acceptor=agent_b winner=agent_a
PROGRESS {"error": null, "game_index": 151, "running_agent_a_wins": 71, "running_decisive": 151, "running_winrate": 0.4702, "ts": "2026-07-05T00:06:49.775835+00:00", "void": false, "winner": "agent_a"}
starting game=152 challenger=agent_b(foul_play) acceptor=agent_a(foul_play_root_priors_opp)
game=152 challenger=agent_b acceptor=agent_a winner=agent_b
PROGRESS {"error": null, "game_index": 152, "running_agent_a_wins": 71, "running_decisive": 152, "running_winrate": 0.4671, "ts": "2026-07-05T00:07:18.894300+00:00", "void": false, "winner": "agent_b"}
starting game=153 challenger=agent_a(foul_play_root_priors_opp) acceptor=agent_b(foul_play)
game=153 challenger=agent_a acceptor=agent_b winner=agent_b
PROGRESS {"error": null, "game_index": 153, "running_agent_a_wins": 71, "running_decisive": 153, "running_winrate": 0.4641, "ts": "2026-07-05T00:07:56.723496+00:00", "void": false, "winner": "agent_b"}
starting game=154 challenger=agent_b(foul_play) acceptor=agent_a(foul_play_root_priors_opp)
game=154 challenger=agent_b acceptor=agent_a winner=agent_b
PROGRESS {"error": null, "game_index": 154, "running_agent_a_wins": 71, "running_decisive": 154, "running_winrate": 0.461, "ts": "2026-07-05T00:08:15.399951+00:00", "void": false, "winner": "agent_b"}
starting game=155 challenger=agent_a(foul_play_root_priors_opp) acceptor=agent_b(foul_play)
game=155 challenger=agent_a acceptor=agent_b winner=agent_a
PROGRESS {"error": null, "game_index": 155, "running_agent_a_wins": 72, "running_decisive": 155, "running_winrate": 0.4645, "ts": "2026-07-05T00:08:40.117970+00:00", "void": false, "winner": "agent_a"}
starting game=156 challenger=agent_b(foul_play) acceptor=agent_a(foul_play_root_priors_opp)
game=156 challenger=agent_b acceptor=agent_a winner=agent_b
PROGRESS {"error": null, "game_index": 156, "running_agent_a_wins": 72, "running_decisive": 156, "running_winrate": 0.4615, "ts": "2026-07-05T00:08:58.884545+00:00", "void": false, "winner": "agent_b"}
starting game=157 challenger=agent_a(foul_play_root_priors_opp) acceptor=agent_b(foul_play)
game=157 challenger=agent_a acceptor=agent_b winner=agent_b
PROGRESS {"error": null, "game_index": 157, "running_agent_a_wins": 72, "running_decisive": 157, "running_winrate": 0.4586, "ts": "2026-07-05T00:09:23.380162+00:00", "void": false, "winner": "agent_b"}
starting game=158 challenger=agent_b(foul_play) acceptor=agent_a(foul_play_root_priors_opp)
game=158 challenger=agent_b acceptor=agent_a winner=agent_a
PROGRESS {"error": null, "game_index": 158, "running_agent_a_wins": 73, "running_decisive": 158, "running_winrate": 0.462, "ts": "2026-07-05T00:09:41.782307+00:00", "void": false, "winner": "agent_a"}
starting game=159 challenger=agent_a(foul_play_root_priors_opp) acceptor=agent_b(foul_play)
game=159 challenger=agent_a acceptor=agent_b winner=agent_b
PROGRESS {"error": null, "game_index": 159, "running_agent_a_wins": 73, "running_decisive": 159, "running_winrate": 0.4591, "ts": "2026-07-05T00:09:59.646782+00:00", "void": false, "winner": "agent_b"}
starting game=160 challenger=agent_b(foul_play) acceptor=agent_a(foul_play_root_priors_opp)
game=160 challenger=agent_b acceptor=agent_a winner=agent_a
PROGRESS {"error": null, "game_index": 160, "running_agent_a_wins": 74, "running_decisive": 160, "running_winrate": 0.4625, "ts": "2026-07-05T00:10:22.544198+00:00", "void": false, "winner": "agent_a"}
starting game=161 challenger=agent_a(foul_play_root_priors_opp) acceptor=agent_b(foul_play)
game=161 challenger=agent_a acceptor=agent_b winner=agent_b
PROGRESS {"error": null, "game_index": 161, "running_agent_a_wins": 74, "running_decisive": 161, "running_winrate": 0.4596, "ts": "2026-07-05T00:10:42.096249+00:00", "void": false, "winner": "agent_b"}
starting game=162 challenger=agent_b(foul_play) acceptor=agent_a(foul_play_root_priors_opp)
game=162 challenger=agent_b acceptor=agent_a winner=agent_b
PROGRESS {"error": null, "game_index": 162, "running_agent_a_wins": 74, "running_decisive": 162, "running_winrate": 0.4568, "ts": "2026-07-05T00:11:00.554852+00:00", "void": false, "winner": "agent_b"}
starting game=163 challenger=agent_a(foul_play_root_priors_opp) acceptor=agent_b(foul_play)
game=163 challenger=agent_a acceptor=agent_b winner=agent_b
PROGRESS {"error": null, "game_index": 163, "running_agent_a_wins": 74, "running_decisive": 163, "running_winrate": 0.454, "ts": "2026-07-05T00:11:20.140451+00:00", "void": false, "winner": "agent_b"}
starting game=164 challenger=agent_b(foul_play) acceptor=agent_a(foul_play_root_priors_opp)
game=164 challenger=agent_b acceptor=agent_a winner=agent_a
PROGRESS {"error": null, "game_index": 164, "running_agent_a_wins": 75, "running_decisive": 164, "running_winrate": 0.4573, "ts": "2026-07-05T00:11:41.191720+00:00", "void": false, "winner": "agent_a"}
starting game=165 challenger=agent_a(foul_play_root_priors_opp) acceptor=agent_b(foul_play)
game=165 challenger=agent_a acceptor=agent_b winner=agent_a
PROGRESS {"error": null, "game_index": 165, "running_agent_a_wins": 76, "running_decisive": 165, "running_winrate": 0.4606, "ts": "2026-07-05T00:12:07.199919+00:00", "void": false, "winner": "agent_a"}
starting game=166 challenger=agent_b(foul_play) acceptor=agent_a(foul_play_root_priors_opp)
game=166 challenger=agent_b acceptor=agent_a winner=agent_a
PROGRESS {"error": null, "game_index": 166, "running_agent_a_wins": 77, "running_decisive": 166, "running_winrate": 0.4639, "ts": "2026-07-05T00:12:34.407805+00:00", "void": false, "winner": "agent_a"}
starting game=167 challenger=agent_a(foul_play_root_priors_opp) acceptor=agent_b(foul_play)
game=167 challenger=agent_a acceptor=agent_b winner=agent_b
PROGRESS {"error": null, "game_index": 167, "running_agent_a_wins": 77, "running_decisive": 167, "running_winrate": 0.4611, "ts": "2026-07-05T00:12:57.103585+00:00", "void": false, "winner": "agent_b"}
starting game=168 challenger=agent_b(foul_play) acceptor=agent_a(foul_play_root_priors_opp)
game=168 challenger=agent_b acceptor=agent_a winner=agent_a
PROGRESS {"error": null, "game_index": 168, "running_agent_a_wins": 78, "running_decisive": 168, "running_winrate": 0.4643, "ts": "2026-07-05T00:13:20.920793+00:00", "void": false, "winner": "agent_a"}
starting game=169 challenger=agent_a(foul_play_root_priors_opp) acceptor=agent_b(foul_play)
game=169 challenger=agent_a acceptor=agent_b winner=agent_b
PROGRESS {"error": null, "game_index": 169, "running_agent_a_wins": 78, "running_decisive": 169, "running_winrate": 0.4615, "ts": "2026-07-05T00:13:40.745546+00:00", "void": false, "winner": "agent_b"}
starting game=170 challenger=agent_b(foul_play) acceptor=agent_a(foul_play_root_priors_opp)
game=170 challenger=agent_b acceptor=agent_a winner=agent_b
PROGRESS {"error": null, "game_index": 170, "running_agent_a_wins": 78, "running_decisive": 170, "running_winrate": 0.4588, "ts": "2026-07-05T00:14:17.183890+00:00", "void": false, "winner": "agent_b"}
starting game=171 challenger=agent_a(foul_play_root_priors_opp) acceptor=agent_b(foul_play)
game=171 challenger=agent_a acceptor=agent_b winner=agent_b
PROGRESS {"error": null, "game_index": 171, "running_agent_a_wins": 78, "running_decisive": 171, "running_winrate": 0.4561, "ts": "2026-07-05T00:14:34.543847+00:00", "void": false, "winner": "agent_b"}
starting game=172 challenger=agent_b(foul_play) acceptor=agent_a(foul_play_root_priors_opp)
game=172 challenger=agent_b acceptor=agent_a winner=agent_a
PROGRESS {"error": null, "game_index": 172, "running_agent_a_wins": 79, "running_decisive": 172, "running_winrate": 0.4593, "ts": "2026-07-05T00:14:55.343325+00:00", "void": false, "winner": "agent_a"}
starting game=173 challenger=agent_a(foul_play_root_priors_opp) acceptor=agent_b(foul_play)
game=173 challenger=agent_a acceptor=agent_b winner=agent_a
PROGRESS {"error": null, "game_index": 173, "running_agent_a_wins": 80, "running_decisive": 173, "running_winrate": 0.4624, "ts": "2026-07-05T00:15:18.141087+00:00", "void": false, "winner": "agent_a"}
starting game=174 challenger=agent_b(foul_play) acceptor=agent_a(foul_play_root_priors_opp)
game=174 challenger=agent_b acceptor=agent_a winner=agent_a
PROGRESS {"error": null, "game_index": 174, "running_agent_a_wins": 81, "running_decisive": 174, "running_winrate": 0.4655, "ts": "2026-07-05T00:15:38.075870+00:00", "void": false, "winner": "agent_a"}
starting game=175 challenger=agent_a(foul_play_root_priors_opp) acceptor=agent_b(foul_play)
game=175 challenger=agent_a acceptor=agent_b winner=agent_b
PROGRESS {"error": null, "game_index": 175, "running_agent_a_wins": 81, "running_decisive": 175, "running_winrate": 0.4629, "ts": "2026-07-05T00:15:58.904808+00:00", "void": false, "winner": "agent_b"}
starting game=176 challenger=agent_b(foul_play) acceptor=agent_a(foul_play_root_priors_opp)
game=176 challenger=agent_b acceptor=agent_a winner=agent_b
PROGRESS {"error": null, "game_index": 176, "running_agent_a_wins": 81, "running_decisive": 176, "running_winrate": 0.4602, "ts": "2026-07-05T00:16:28.858396+00:00", "void": false, "winner": "agent_b"}
starting game=177 challenger=agent_a(foul_play_root_priors_opp) acceptor=agent_b(foul_play)
game=177 challenger=agent_a acceptor=agent_b winner=agent_b
PROGRESS {"error": null, "game_index": 177, "running_agent_a_wins": 81, "running_decisive": 177, "running_winrate": 0.4576, "ts": "2026-07-05T00:16:48.963009+00:00", "void": false, "winner": "agent_b"}
starting game=178 challenger=agent_b(foul_play) acceptor=agent_a(foul_play_root_priors_opp)
game=178 challenger=agent_b acceptor=agent_a winner=agent_b
PROGRESS {"error": null, "game_index": 178, "running_agent_a_wins": 81, "running_decisive": 178, "running_winrate": 0.4551, "ts": "2026-07-05T00:17:26.345404+00:00", "void": false, "winner": "agent_b"}
starting game=179 challenger=agent_a(foul_play_root_priors_opp) acceptor=agent_b(foul_play)
game=179 challenger=agent_a acceptor=agent_b winner=agent_b
PROGRESS {"error": null, "game_index": 179, "running_agent_a_wins": 81, "running_decisive": 179, "running_winrate": 0.4525, "ts": "2026-07-05T00:17:43.744864+00:00", "void": false, "winner": "agent_b"}
starting game=180 challenger=agent_b(foul_play) acceptor=agent_a(foul_play_root_priors_opp)
game=180 challenger=agent_b acceptor=agent_a winner=agent_b
PROGRESS {"error": null, "game_index": 180, "running_agent_a_wins": 81, "running_decisive": 180, "running_winrate": 0.45, "ts": "2026-07-05T00:18:10.703934+00:00", "void": false, "winner": "agent_b"}
starting game=181 challenger=agent_a(foul_play_root_priors_opp) acceptor=agent_b(foul_play)
game=181 challenger=agent_a acceptor=agent_b winner=agent_a
PROGRESS {"error": null, "game_index": 181, "running_agent_a_wins": 82, "running_decisive": 181, "running_winrate": 0.453, "ts": "2026-07-05T00:18:33.331742+00:00", "void": false, "winner": "agent_a"}
starting game=182 challenger=agent_b(foul_play) acceptor=agent_a(foul_play_root_priors_opp)
game=182 challenger=agent_b acceptor=agent_a winner=agent_a
PROGRESS {"error": null, "game_index": 182, "running_agent_a_wins": 83, "running_decisive": 182, "running_winrate": 0.456, "ts": "2026-07-05T00:18:55.937766+00:00", "void": false, "winner": "agent_a"}
starting game=183 challenger=agent_a(foul_play_root_priors_opp) acceptor=agent_b(foul_play)
game=183 challenger=agent_a acceptor=agent_b winner=agent_a
PROGRESS {"error": null, "game_index": 183, "running_agent_a_wins": 84, "running_decisive": 183, "running_winrate": 0.459, "ts": "2026-07-05T00:19:17.978648+00:00", "void": false, "winner": "agent_a"}
starting game=184 challenger=agent_b(foul_play) acceptor=agent_a(foul_play_root_priors_opp)
game=184 challenger=agent_b acceptor=agent_a winner=agent_a
PROGRESS {"error": null, "game_index": 184, "running_agent_a_wins": 85, "running_decisive": 184, "running_winrate": 0.462, "ts": "2026-07-05T00:19:37.482021+00:00", "void": false, "winner": "agent_a"}
starting game=185 challenger=agent_a(foul_play_root_priors_opp) acceptor=agent_b(foul_play)
game=185 challenger=agent_a acceptor=agent_b winner=agent_a
PROGRESS {"error": null, "game_index": 185, "running_agent_a_wins": 86, "running_decisive": 185, "running_winrate": 0.4649, "ts": "2026-07-05T00:19:55.696728+00:00", "void": false, "winner": "agent_a"}
starting game=186 challenger=agent_b(foul_play) acceptor=agent_a(foul_play_root_priors_opp)
game=186 challenger=agent_b acceptor=agent_a winner=agent_b
PROGRESS {"error": null, "game_index": 186, "running_agent_a_wins": 86, "running_decisive": 186, "running_winrate": 0.4624, "ts": "2026-07-05T00:20:19.995419+00:00", "void": false, "winner": "agent_b"}
starting game=187 challenger=agent_a(foul_play_root_priors_opp) acceptor=agent_b(foul_play)
game=187 challenger=agent_a acceptor=agent_b winner=agent_b
PROGRESS {"error": null, "game_index": 187, "running_agent_a_wins": 86, "running_decisive": 187, "running_winrate": 0.4599, "ts": "2026-07-05T00:20:47.917923+00:00", "void": false, "winner": "agent_b"}
starting game=188 challenger=agent_b(foul_play) acceptor=agent_a(foul_play_root_priors_opp)
game=188 challenger=agent_b acceptor=agent_a winner=agent_a
PROGRESS {"error": null, "game_index": 188, "running_agent_a_wins": 87, "running_decisive": 188, "running_winrate": 0.4628, "ts": "2026-07-05T00:21:04.397782+00:00", "void": false, "winner": "agent_a"}
starting game=189 challenger=agent_a(foul_play_root_priors_opp) acceptor=agent_b(foul_play)
game=189 challenger=agent_a acceptor=agent_b winner=agent_a
PROGRESS {"error": null, "game_index": 189, "running_agent_a_wins": 88, "running_decisive": 189, "running_winrate": 0.4656, "ts": "2026-07-05T00:21:28.190625+00:00", "void": false, "winner": "agent_a"}
starting game=190 challenger=agent_b(foul_play) acceptor=agent_a(foul_play_root_priors_opp)
game=190 challenger=agent_b acceptor=agent_a winner=agent_b
PROGRESS {"error": null, "game_index": 190, "running_agent_a_wins": 88, "running_decisive": 190, "running_winrate": 0.4632, "ts": "2026-07-05T00:21:49.290295+00:00", "void": false, "winner": "agent_b"}
starting game=191 challenger=agent_a(foul_play_root_priors_opp) acceptor=agent_b(foul_play)
game=191 challenger=agent_a acceptor=agent_b winner=agent_a
PROGRESS {"error": null, "game_index": 191, "running_agent_a_wins": 89, "running_decisive": 191, "running_winrate": 0.466, "ts": "2026-07-05T00:22:08.753932+00:00", "void": false, "winner": "agent_a"}
starting game=192 challenger=agent_b(foul_play) acceptor=agent_a(foul_play_root_priors_opp)
game=192 challenger=agent_b acceptor=agent_a winner=agent_b
PROGRESS {"error": null, "game_index": 192, "running_agent_a_wins": 89, "running_decisive": 192, "running_winrate": 0.4635, "ts": "2026-07-05T00:22:30.101254+00:00", "void": false, "winner": "agent_b"}
starting game=193 challenger=agent_a(foul_play_root_priors_opp) acceptor=agent_b(foul_play)
game=193 challenger=agent_a acceptor=agent_b winner=agent_b
PROGRESS {"error": null, "game_index": 193, "running_agent_a_wins": 89, "running_decisive": 193, "running_winrate": 0.4611, "ts": "2026-07-05T00:22:48.130698+00:00", "void": false, "winner": "agent_b"}
starting game=194 challenger=agent_b(foul_play) acceptor=agent_a(foul_play_root_priors_opp)
game=194 challenger=agent_b acceptor=agent_a winner=agent_a
PROGRESS {"error": null, "game_index": 194, "running_agent_a_wins": 90, "running_decisive": 194, "running_winrate": 0.4639, "ts": "2026-07-05T00:23:10.071756+00:00", "void": false, "winner": "agent_a"}
starting game=195 challenger=agent_a(foul_play_root_priors_opp) acceptor=agent_b(foul_play)
game=195 challenger=agent_a acceptor=agent_b winner=agent_b
PROGRESS {"error": null, "game_index": 195, "running_agent_a_wins": 90, "running_decisive": 195, "running_winrate": 0.4615, "ts": "2026-07-05T00:23:29.549743+00:00", "void": false, "winner": "agent_b"}
starting game=196 challenger=agent_b(foul_play) acceptor=agent_a(foul_play_root_priors_opp)
game=196 challenger=agent_b acceptor=agent_a winner=agent_b
PROGRESS {"error": null, "game_index": 196, "running_agent_a_wins": 90, "running_decisive": 196, "running_winrate": 0.4592, "ts": "2026-07-05T00:23:52.563051+00:00", "void": false, "winner": "agent_b"}
starting game=197 challenger=agent_a(foul_play_root_priors_opp) acceptor=agent_b(foul_play)
game=197 challenger=agent_a acceptor=agent_b winner=agent_a
PROGRESS {"error": null, "game_index": 197, "running_agent_a_wins": 91, "running_decisive": 197, "running_winrate": 0.4619, "ts": "2026-07-05T00:24:17.783424+00:00", "void": false, "winner": "agent_a"}
starting game=198 challenger=agent_b(foul_play) acceptor=agent_a(foul_play_root_priors_opp)
game=198 challenger=agent_b acceptor=agent_a winner=agent_a
PROGRESS {"error": null, "game_index": 198, "running_agent_a_wins": 92, "running_decisive": 198, "running_winrate": 0.4646, "ts": "2026-07-05T00:24:36.123861+00:00", "void": false, "winner": "agent_a"}
starting game=199 challenger=agent_a(foul_play_root_priors_opp) acceptor=agent_b(foul_play)
game=199 challenger=agent_a acceptor=agent_b winner=agent_b
PROGRESS {"error": null, "game_index": 199, "running_agent_a_wins": 92, "running_decisive": 199, "running_winrate": 0.4623, "ts": "2026-07-05T00:24:55.060023+00:00", "void": false, "winner": "agent_b"}
starting game=200 challenger=agent_b(foul_play) acceptor=agent_a(foul_play_root_priors_opp)
game=200 challenger=agent_b acceptor=agent_a winner=agent_a
PROGRESS {"error": null, "game_index": 200, "running_agent_a_wins": 93, "running_decisive": 200, "running_winrate": 0.465, "ts": "2026-07-05T00:25:27.469723+00:00", "void": false, "winner": "agent_a"}
{
  "agent_a": "foul_play_root_priors_opp",
  "agent_a_as_acceptor_games": 100,
  "agent_a_as_acceptor_wins": 50,
  "agent_a_as_challenger_games": 100,
  "agent_a_as_challenger_wins": 43,
  "agent_a_losses": 107,
  "agent_a_wins": 93,
  "agent_b": "foul_play",
  "ci95_high": 0.5341335312763685,
  "ci95_low": 0.3971856415700402,
  "completed_games": 200,
  "decisive_games": 200,
  "format": "gen9randombattle",
  "foul_play_search_time_ms": 100,
  "mode": "h2h",
  "n_games": 200,
  "paired": true,
  "server": "local",
  "ties_or_unknown": 0,
  "void_games": 0,
  "voids_with_agent_a_challenger": 0,
  "voids_with_agent_b_challenger": 0,
  "winrate": 0.465
}
