2026-07-03 21:10:39,945 INFO START | label=fp7s_8par | username=metagrossfp7s | n_games=130 | search_ms=7000 | model=stock
2026-07-03 21:10:39,945 INFO GAME_START game=1 / 130
2026-07-03 21:14:04,082 INFO GAME_DONE game=0 result=win elo=1043 gxe=55.0 opponent=bhtgrvfed turns=7 dur=202.1s
2026-07-03 21:14:19,084 INFO GAME_START game=2 / 130
2026-07-03 21:22:56,795 INFO GAME_DONE game=1 result=loss elo=1028 gxe=50.0 opponent=Jfjskdbdjs turns=28 dur=516.4s
2026-07-03 21:23:11,797 INFO GAME_START game=3 / 130
2026-07-03 21:31:46,187 INFO GAME_DONE game=2 result=win elo=1061 gxe=54.2 opponent=Bcfdffhhjhhh turns=24 dur=514.1s
2026-07-03 21:32:01,189 INFO GAME_START game=4 / 130
2026-07-03 21:41:41,376 INFO GAME_DONE game=3 result=loss elo=1045 gxe=50.0 opponent=gdytfvjyhb turns=23 dur=580.0s
2026-07-03 21:41:56,377 INFO GAME_START game=5 / 130
2026-07-03 21:52:31,595 INFO GAME_DONE game=4 result=win elo=1079 gxe=53.5 opponent=Fafcffg turns=34 dur=634.9s
2026-07-03 21:52:46,596 INFO GAME_START game=6 / 130
2026-07-03 22:02:01,023 INFO GAME_DONE game=5 result=loss elo=1056 gxe=48.5 opponent=pinklvrlulu turns=22 dur=554.1s
2026-07-03 22:02:16,024 INFO GAME_START game=7 / 130
2026-07-03 22:04:11,288 INFO GAME_DONE game=6 result=win elo=1090 gxe=51.1 opponent=806.tyy turns=4 dur=115.0s
2026-07-03 22:04:26,290 INFO GAME_START game=8 / 130
2026-07-03 22:14:19,843 INFO GAME_DONE game=7 result=win elo=1117 gxe=53.8 opponent=Aqua_6087 turns=22 dur=593.2s
2026-07-03 22:14:34,845 INFO GAME_START game=9 / 130
2026-07-03 22:21:00,050 INFO GAME_DONE game=8 result=loss elo=1093 gxe=50.4 opponent=KonstipatedKleavor turns=21 dur=384.8s
2026-07-03 22:21:15,052 INFO GAME_START game=10 / 130
2026-07-03 22:31:54,620 INFO GAME_DONE game=9 result=win elo=1120 gxe=52.6 opponent=hdhdhdhdgx turns=26 dur=639.3s
2026-07-03 22:32:09,623 INFO GAME_START game=11 / 130
2026-07-03 22:40:47,779 INFO GAME_DONE game=10 result=win elo=1145 gxe=54.9 opponent=pokewerbo turns=26 dur=517.8s
2026-07-03 22:41:02,781 INFO GAME_START game=12 / 130
2026-07-03 22:53:04,242 INFO GAME_DONE game=11 result=win elo=1168 gxe=57.0 opponent=hihihhahuehue turns=47 dur=721.1s
2026-07-03 22:53:19,244 INFO GAME_START game=13 / 130
2026-07-03 22:58:28,250 INFO GAME_DONE game=12 result=win elo=1191 gxe=58.9 opponent=BGM0910 turns=16 dur=308.6s
2026-07-03 22:58:43,252 INFO GAME_START game=14 / 130
2026-07-03 23:04:07,762 INFO GAME_DONE game=13 result=win elo=1220 gxe=60.3 opponent=quangu turns=11 dur=324.3s
2026-07-03 23:04:22,763 INFO GAME_START game=15 / 130
2026-07-03 23:06:25,375 INFO GAME_DONE game=14 result=win elo=1242 gxe=61.7 opponent=Uh oh oh no turns=6 dur=122.4s
2026-07-03 23:06:40,371 INFO GAME_START game=16 / 130
2026-07-04 14:38:06,901 INFO START | label=fp7s_8par | username=metagrossfp7s | n_games=115 | search_ms=7000 | model=stock
2026-07-04 14:38:06,902 INFO GAME_START game=16 / 130
2026-07-04 14:44:01,791 INFO GAME_DONE game=15 result=win elo=1244 gxe=60.7 opponent=hex121o turns=16 dur=354.6s
2026-07-04 14:44:16,793 INFO GAME_START game=17 / 130
2026-07-04 14:52:52,737 INFO GAME_DONE game=16 result=win elo=1268 gxe=62.3 opponent=daveywaveey turns=19 dur=515.6s
2026-07-04 14:53:07,738 INFO GAME_START game=18 / 130
2026-07-04 14:59:53,753 INFO GAME_DONE game=17 result=win elo=1290 gxe=63.5 opponent=dvevr3v3v turns=20 dur=405.7s
2026-07-04 15:00:08,754 INFO GAME_START game=19 / 130
2026-07-04 15:10:30,045 INFO GAME_DONE game=18 result=loss elo=1261 gxe=61.4 opponent=shadowby2002 turns=32 dur=620.9s
2026-07-04 15:10:45,046 INFO GAME_START game=20 / 130
2026-07-04 15:18:23,665 INFO GAME_DONE game=19 result=win elo=1285 gxe=62.8 opponent=ashhcatchthem turns=16 dur=458.3s
2026-07-04 15:18:38,666 INFO GAME_START game=21 / 130
2026-07-04 15:22:53,994 INFO GAME_DONE game=20 result=win elo=1308 gxe=63.9 opponent=bratman18 turns=7 dur=255.1s
2026-07-04 15:23:08,996 INFO GAME_START game=22 / 130
2026-07-04 15:28:17,689 INFO GAME_DONE game=21 result=win elo=1329 gxe=65.1 opponent=goatman666 turns=12 dur=308.4s
2026-07-04 15:28:32,690 INFO GAME_START game=23 / 130
2026-07-04 15:31:25,312 INFO GAME_DONE game=22 result=win elo=1350 gxe=66.1 opponent=janSawa turns=7 dur=172.3s
2026-07-04 15:31:40,314 INFO GAME_START game=24 / 130
2026-07-04 15:36:29,415 INFO GAME_DONE game=23 result=win elo=1368 gxe=67.2 opponent=Wedler turns=12 dur=288.9s
2026-07-04 15:36:44,423 INFO GAME_START game=25 / 130
2026-07-04 15:41:42,772 INFO GAME_DONE game=24 result=win elo=1387 gxe=68.1 opponent=amegaolmega turns=12 dur=298.1s
2026-07-04 15:41:57,773 INFO GAME_START game=26 / 130
2026-07-04 15:47:45,582 INFO GAME_DONE game=25 result=win elo=1406 gxe=68.7 opponent=nerdytable turns=16 dur=347.6s
2026-07-04 15:48:00,584 INFO GAME_START game=27 / 130
2026-07-04 16:04:45,399 INFO GAME_DONE game=26 result=win elo=1423 gxe=69.6 opponent=dsscqzc turns=65 dur=1004.6s
2026-07-04 16:05:00,401 INFO GAME_START game=28 / 130
2026-07-04 16:11:35,079 INFO GAME_DONE game=27 result=win elo=1440 gxe=70.2 opponent=1vazx turns=20 dur=394.2s
2026-07-04 16:11:50,080 INFO GAME_START game=29 / 130
2026-07-04 17:03:04,710 ERROR GAME_TIMEOUT game=28 timeout after 45 min
2026-07-04 17:03:04,713 WARNING GAME_ERROR game=28 error=game_timeout_45min consecutive=1
2026-07-04 17:03:19,714 INFO GAME_START game=30 / 130
2026-07-04 17:11:11,688 INFO GAME_DONE game=29 result=win elo=1441 gxe=69.8 opponent=Coza93 turns=19 dur=471.6s
2026-07-04 17:11:26,691 INFO GAME_START game=31 / 130
2026-07-04 17:21:09,803 INFO GAME_DONE game=30 result=win elo=1458 gxe=70.6 opponent=xMasterr turns=32 dur=582.6s
2026-07-04 17:21:24,805 INFO GAME_START game=32 / 130
2026-07-04 17:30:55,726 WARNING GAME_ERROR game=31 error=exit_1 consecutive=1
2026-07-04 17:31:10,729 INFO GAME_START game=33 / 130
2026-07-04 18:28:49,953 ERROR GAME_TIMEOUT game=32 timeout after 45 min
2026-07-04 18:28:49,956 WARNING GAME_ERROR game=32 error=game_timeout_45min consecutive=2
2026-07-04 18:29:04,958 INFO GAME_START game=34 / 130
2026-07-04 18:43:27,026 INFO GAME_DONE game=33 result=win elo=1433 gxe=68.5 opponent=mr. bacon narwhal turns=53 dur=861.8s
2026-07-04 18:43:42,029 INFO GAME_START game=35 / 130
2026-07-04 18:48:48,455 INFO GAME_DONE game=34 result=win elo=1454 gxe=69.3 opponent=eb03 turns=18 dur=306.2s
2026-07-04 18:49:03,457 INFO GAME_START game=36 / 130
2026-07-04 18:56:13,273 INFO GAME_DONE game=35 result=loss elo=1436 gxe=68.4 opponent=emaipn turns=22 dur=429.6s
2026-07-04 18:56:28,277 INFO GAME_START game=37 / 130
2026-07-04 19:00:29,895 INFO GAME_DONE game=36 result=win elo=1454 gxe=69.0 opponent=londring turns=7 dur=241.4s
2026-07-04 19:00:44,898 INFO GAME_START game=38 / 130
2026-07-04 19:06:49,485 INFO GAME_DONE game=37 result=win elo=1473 gxe=69.8 opponent=eljugoaaron turns=19 dur=364.4s
2026-07-04 19:06:49,485 INFO CHECKPOINT | label=fp7s_8par | games=20 | W=18 L=2 | elo=1473 | gxe=69.8
2026-07-04 19:07:04,486 INFO GAME_START game=39 / 130
2026-07-04 19:13:35,311 INFO GAME_DONE game=38 result=win elo=1493 gxe=70.6 opponent=Kumabear876 turns=19 dur=390.4s
2026-07-04 19:13:50,313 INFO GAME_START game=40 / 130
2026-07-04 19:20:28,455 INFO GAME_DONE game=39 result=win elo=1511 gxe=71.3 opponent=hyperbuboy turns=22 dur=397.8s
2026-07-04 19:20:43,456 INFO GAME_START game=41 / 130
2026-07-04 19:28:52,787 INFO GAME_DONE game=40 result=win elo=1532 gxe=71.9 opponent=hj78 turns=26 dur=488.1s
2026-07-04 19:29:07,788 INFO GAME_START game=42 / 130
2026-07-04 19:44:29,583 INFO GAME_DONE game=41 result=win elo=1550 gxe=72.5 opponent=Aarondogg turns=45 dur=921.5s
2026-07-04 19:44:44,585 INFO GAME_START game=43 / 130
2026-07-04 19:55:50,893 INFO GAME_DONE game=42 result=loss elo=1528 gxe=71.6 opponent=Baruk69 turns=44 dur=666.0s
2026-07-04 19:56:05,895 INFO GAME_START game=44 / 130
2026-07-04 20:06:47,564 INFO GAME_DONE game=43 result=loss elo=1509 gxe=70.6 opponent=Sticky N turns=32 dur=641.4s
2026-07-04 20:07:02,565 INFO GAME_START game=45 / 130
2026-07-04 20:12:39,458 INFO GAME_DONE game=44 result=win elo=1529 gxe=71.2 opponent=mrl935 turns=11 dur=336.6s
2026-07-04 20:12:54,459 INFO GAME_START game=46 / 130
2026-07-04 20:18:30,388 INFO GAME_DONE game=45 result=loss elo=1507 gxe=70.4 opponent=Zera_Fallen turns=17 dur=335.5s
2026-07-04 20:18:45,390 INFO GAME_START game=47 / 130
2026-07-04 20:29:02,187 INFO GAME_DONE game=46 result=loss elo=1490 gxe=69.6 opponent=gamer30bug turns=38 dur=616.5s
2026-07-04 20:29:17,187 INFO GAME_START game=48 / 130
2026-07-04 20:34:44,587 INFO GAME_DONE game=47 result=loss elo=1467 gxe=68.9 opponent=dittervancrook turns=17 dur=327.2s
2026-07-04 20:34:59,588 INFO GAME_START game=49 / 130
2026-07-04 20:44:28,269 INFO GAME_DONE game=48 result=loss elo=1450 gxe=68.0 opponent=Roll0ut turns=40 dur=568.5s
2026-07-04 20:44:43,271 INFO GAME_START game=50 / 130
2026-07-04 20:53:12,092 INFO GAME_DONE game=49 result=loss elo=1431 gxe=67.3 opponent=mrl935 turns=24 dur=508.6s
2026-07-04 20:53:27,093 INFO GAME_START game=51 / 130
2026-07-04 20:58:40,149 INFO GAME_DONE game=50 result=win elo=1449 gxe=68.0 opponent=PyukuGigas turns=15 dur=312.8s
2026-07-04 20:58:55,150 INFO GAME_START game=52 / 130
2026-07-04 21:06:15,009 INFO GAME_DONE game=51 result=win elo=1470 gxe=68.5 opponent=noxtation turns=26 dur=439.6s
2026-07-04 21:06:30,011 INFO GAME_START game=53 / 130
2026-07-04 21:08:08,499 INFO GAME_DONE game=52 result=win elo=1488 gxe=69.1 opponent=elsenordelanoche24 turns=2 dur=98.2s
2026-07-04 21:08:23,500 INFO GAME_START game=54 / 130
2026-07-04 21:17:38,425 INFO GAME_DONE game=53 result=loss elo=1469 gxe=68.3 opponent=notshaurya turns=28 dur=554.7s
2026-07-04 21:17:53,427 INFO GAME_START game=55 / 130
2026-07-04 21:22:54,183 INFO GAME_DONE game=54 result=loss elo=1451 gxe=67.6 opponent=audienceyao turns=15 dur=300.5s
2026-07-04 21:23:09,184 INFO GAME_START game=56 / 130
2026-07-04 21:24:43,914 INFO GAME_DONE game=55 result=win elo=1472 gxe=68.3 opponent=borp! likes cheese turns=4 dur=93.8s
2026-07-04 21:24:58,915 INFO GAME_START game=57 / 130
2026-07-04 21:33:36,884 INFO GAME_DONE game=56 result=loss elo=1450 gxe=67.4 opponent=Hobophobia turns=26 dur=517.7s
2026-07-04 21:33:51,886 INFO GAME_START game=58 / 130
2026-07-04 21:39:59,797 INFO GAME_DONE game=57 result=win elo=1472 gxe=67.9 opponent=Kyurem the kaiju turns=19 dur=367.6s
2026-07-04 21:39:59,798 INFO CHECKPOINT | label=fp7s_8par | games=40 | W=28 L=12 | elo=1472 | gxe=67.9
2026-07-04 21:40:14,799 INFO GAME_START game=59 / 130
2026-07-04 21:45:02,655 INFO GAME_DONE game=58 result=win elo=1491 gxe=68.5 opponent=Nezuko9487 turns=16 dur=287.5s
2026-07-04 21:45:17,657 INFO GAME_START game=60 / 130
2026-07-04 21:51:32,416 INFO GAME_DONE game=59 result=win elo=1508 gxe=68.9 opponent=mramson turns=18 dur=374.5s
2026-07-04 21:51:47,424 INFO GAME_START game=61 / 130
2026-07-04 21:59:01,570 INFO GAME_DONE game=60 result=loss elo=1486 gxe=68.3 opponent=happyluke turns=25 dur=433.8s
2026-07-04 21:59:16,572 INFO GAME_START game=62 / 130
2026-07-04 22:10:39,393 INFO GAME_DONE game=61 result=win elo=1506 gxe=68.9 opponent=shockman.exe turns=32 dur=682.6s
2026-07-04 22:10:54,394 INFO GAME_START game=63 / 130
2026-07-04 22:11:48,431 INFO GAME_DONE game=62 result=win elo=1525 gxe=69.4 opponent=pokejoshtv turns=2 dur=53.7s
2026-07-04 22:12:03,433 INFO GAME_START game=64 / 130
2026-07-04 22:18:15,526 INFO GAME_DONE game=63 result=win elo=1546 gxe=69.9 opponent=Yarrakalidayi turns=17 dur=371.8s
2026-07-04 22:18:30,528 INFO GAME_START game=65 / 130
2026-07-04 22:28:56,078 INFO GAME_DONE game=64 result=loss elo=1525 gxe=69.3 opponent=Bryainiac turns=41 dur=624.1s
2026-07-04 22:29:11,079 INFO GAME_START game=66 / 130
2026-07-04 22:34:33,311 INFO GAME_DONE game=65 result=loss elo=1509 gxe=68.7 opponent=IsuckATpokemkn turns=20 dur=321.8s
2026-07-04 22:34:48,312 INFO GAME_START game=67 / 130
2026-07-04 22:44:33,140 INFO GAME_DONE game=66 result=win elo=1529 gxe=69.2 opponent=slightsaber turns=36 dur=583.8s
2026-07-04 22:44:48,142 INFO GAME_START game=68 / 130
2026-07-04 22:52:08,386 INFO GAME_DONE game=67 result=win elo=1549 gxe=69.8 opponent=ya boi waluigi turns=26 dur=440.0s
2026-07-04 22:52:23,387 INFO GAME_START game=69 / 130
2026-07-04 23:02:44,617 INFO GAME_DONE game=68 result=win elo=1568 gxe=70.2 opponent=lagofire turns=29 dur=620.8s
2026-07-04 23:02:59,619 INFO GAME_START game=70 / 130
2026-07-04 23:10:09,425 INFO GAME_DONE game=69 result=win elo=1591 gxe=70.7 opponent=voguekun turns=25 dur=429.4s
2026-07-04 23:10:24,426 INFO GAME_START game=71 / 130
2026-07-04 23:20:04,117 INFO GAME_DONE game=70 result=loss elo=1572 gxe=70.2 opponent=biggrizzel turns=32 dur=579.4s
2026-07-04 23:20:19,118 INFO GAME_START game=72 / 130
2026-07-04 23:32:45,578 INFO GAME_DONE game=71 result=loss elo=1551 gxe=69.7 opponent=jabroni king turns=49 dur=746.2s
2026-07-04 23:33:00,579 INFO GAME_START game=73 / 130
2026-07-04 23:40:52,685 INFO GAME_DONE game=72 result=loss elo=1533 gxe=69.2 opponent=RUzere turns=24 dur=471.8s
2026-07-04 23:41:07,687 INFO GAME_START game=74 / 130
2026-07-04 23:44:05,588 INFO GAME_DONE game=73 result=win elo=1551 gxe=69.6 opponent=jona_sh turns=7 dur=177.5s
2026-07-04 23:44:20,589 INFO GAME_START game=75 / 130
2026-07-04 23:50:39,685 INFO GAME_DONE game=74 result=loss elo=1532 gxe=69.0 opponent=saltysteve7777 turns=18 dur=378.8s
2026-07-04 23:50:54,686 INFO GAME_START game=76 / 130
2026-07-05 00:02:33,230 INFO GAME_DONE game=75 result=win elo=1553 gxe=69.5 opponent=schemeneider turns=39 dur=698.3s
2026-07-05 00:02:48,232 INFO GAME_START game=77 / 130
2026-07-05 00:12:02,760 INFO GAME_DONE game=76 result=win elo=1571 gxe=69.7 opponent=Hines1212 turns=25 dur=554.2s
2026-07-05 00:12:17,762 INFO GAME_START game=78 / 130
2026-07-05 00:19:12,106 INFO GAME_DONE game=77 result=win elo=1588 gxe=70.2 opponent=Cosuil turns=17 dur=414.1s
2026-07-05 00:19:12,106 INFO CHECKPOINT | label=fp7s_8par | games=60 | W=41 L=19 | elo=1588 | gxe=70.2
2026-07-05 00:19:27,108 INFO GAME_START game=79 / 130
2026-07-05 00:27:06,680 INFO GAME_DONE game=78 result=win elo=1605 gxe=70.6 opponent=Hhfffg turns=22 dur=459.3s
2026-07-05 00:27:21,682 INFO GAME_START game=80 / 130
2026-07-05 00:34:16,341 INFO GAME_DONE game=79 result=loss elo=1587 gxe=70.3 opponent=mathiouz turns=22 dur=414.4s
2026-07-05 00:34:31,344 INFO GAME_START game=81 / 130
2026-07-05 00:39:21,787 INFO GAME_DONE game=80 result=win elo=1606 gxe=70.7 opponent=lmngst turns=12 dur=290.2s
2026-07-05 00:39:36,789 INFO GAME_START game=82 / 130
2026-07-05 00:46:25,471 INFO GAME_DONE game=81 result=win elo=1625 gxe=70.9 opponent=Hines1212 turns=22 dur=408.5s
2026-07-05 00:46:40,473 INFO GAME_START game=83 / 130
2026-07-05 00:55:18,150 INFO GAME_DONE game=82 result=win elo=1643 gxe=71.3 opponent=pkmid turns=18 dur=517.4s
2026-07-05 00:55:33,153 INFO GAME_START game=84 / 130
2026-07-05 00:56:37,658 INFO GAME_DONE game=83 result=win elo=1659 gxe=71.6 opponent=awesomedude2053 turns=2 dur=64.1s
2026-07-05 00:56:52,661 INFO GAME_START game=85 / 130
2026-07-05 01:06:17,900 INFO GAME_DONE game=84 result=loss elo=1641 gxe=71.2 opponent=mfiras turns=30 dur=565.0s
2026-07-05 01:06:32,902 INFO GAME_START game=86 / 130
2026-07-05 01:17:21,560 INFO GAME_DONE game=85 result=win elo=1659 gxe=71.7 opponent=Tampan turns=36 dur=647.4s
2026-07-05 01:17:36,562 INFO GAME_START game=87 / 130
2026-07-05 01:25:50,134 INFO GAME_DONE game=86 result=loss elo=1642 gxe=71.4 opponent=volotho turns=26 dur=493.3s
2026-07-05 01:26:05,137 INFO GAME_START game=88 / 130
2026-07-05 01:35:24,551 INFO GAME_DONE game=87 result=win elo=1661 gxe=71.7 opponent=coolionice turns=34 dur=559.0s
2026-07-05 01:35:39,553 INFO GAME_START game=89 / 130
2026-07-05 01:47:31,027 INFO GAME_DONE game=88 result=loss elo=1644 gxe=71.3 opponent=RoboconShotgun turns=44 dur=711.2s
2026-07-05 01:47:46,029 INFO GAME_START game=90 / 130
2026-07-05 01:55:59,732 INFO GAME_DONE game=89 result=loss elo=1623 gxe=70.8 opponent=pimpochka turns=30 dur=493.4s
2026-07-05 01:56:14,734 INFO GAME_START game=91 / 130
2026-07-05 02:05:39,179 INFO GAME_DONE game=90 result=loss elo=1601 gxe=70.3 opponent=emis culaccia turns=25 dur=564.1s
2026-07-05 02:05:54,182 INFO GAME_START game=92 / 130
2026-07-05 02:14:08,548 INFO GAME_DONE game=91 result=win elo=1624 gxe=70.7 opponent=domstaaaa turns=27 dur=494.1s
2026-07-05 02:14:23,550 INFO GAME_START game=93 / 130
2026-07-05 02:17:17,202 INFO GAME_DONE game=92 result=win elo=1649 gxe=71.2 opponent=motabhai99 turns=1 dur=173.2s
2026-07-05 02:17:32,205 INFO GAME_START game=94 / 130
2026-07-05 02:29:19,925 INFO GAME_DONE game=93 result=win elo=1666 gxe=71.5 opponent=sleeping unicon turns=37 dur=707.2s
2026-07-05 02:29:34,943 INFO GAME_START game=95 / 130
2026-07-05 02:36:59,252 INFO GAME_DONE game=94 result=loss elo=1649 gxe=71.2 opponent=Ascent'SG turns=24 dur=444.0s
2026-07-05 02:37:14,255 INFO GAME_START game=96 / 130
2026-07-05 02:44:57,315 INFO GAME_DONE game=95 result=win elo=1666 gxe=71.6 opponent=jokkiu turns=22 dur=462.8s
2026-07-05 02:45:12,318 INFO GAME_START game=97 / 130
2026-07-05 02:54:47,078 INFO GAME_DONE game=96 result=win elo=1688 gxe=71.9 opponent=garlicmushrooms turns=35 dur=574.5s
2026-07-05 02:55:02,081 INFO GAME_START game=98 / 130
2026-07-05 02:59:55,445 INFO GAME_DONE game=97 result=loss elo=1671 gxe=71.6 opponent=testbotcif turns=16 dur=293.1s
2026-07-05 02:59:55,445 INFO CHECKPOINT | label=fp7s_8par | games=80 | W=53 L=27 | elo=1671 | gxe=71.6
2026-07-05 03:00:10,448 INFO GAME_START game=99 / 130
2026-07-05 03:04:46,457 INFO GAME_DONE game=98 result=win elo=1692 gxe=72.0 opponent=SexyChoco turns=10 dur=275.8s
2026-07-05 03:05:01,460 INFO GAME_START game=100 / 130
2026-07-05 03:15:58,975 INFO GAME_DONE game=99 result=win elo=1713 gxe=72.3 opponent=Patofut16 turns=34 dur=657.3s
2026-07-05 03:16:13,978 INFO GAME_START game=101 / 130
2026-07-05 03:21:20,195 INFO GAME_DONE game=100 result=win elo=1734 gxe=72.7 opponent=stance punk turns=12 dur=306.0s
2026-07-05 03:21:35,198 INFO GAME_START game=102 / 130
2026-07-05 03:29:51,655 INFO GAME_DONE game=101 result=loss elo=1715 gxe=72.4 opponent=Carter242424 turns=25 dur=496.1s
2026-07-05 03:30:06,656 INFO GAME_START game=103 / 130
2026-07-05 03:37:15,402 INFO GAME_DONE game=102 result=win elo=1740 gxe=72.8 opponent=crossfire burning turns=21 dur=428.3s
2026-07-05 03:37:30,405 INFO GAME_START game=104 / 130
2026-07-05 03:43:44,659 INFO GAME_DONE game=103 result=win elo=1759 gxe=73.1 opponent=3rmel turns=19 dur=373.9s
2026-07-05 03:43:59,662 INFO GAME_START game=105 / 130
2026-07-05 03:51:08,248 INFO GAME_DONE game=104 result=loss elo=1742 gxe=72.8 opponent=teamogerpon turns=27 dur=427.9s
2026-07-05 03:51:23,251 INFO GAME_START game=106 / 130
2026-07-05 03:59:32,467 INFO GAME_DONE game=105 result=win elo=1763 gxe=73.2 opponent=Zlatkovic turns=25 dur=488.8s
2026-07-05 03:59:47,468 INFO GAME_START game=107 / 130
2026-07-05 04:07:03,448 INFO GAME_DONE game=106 result=loss elo=1740 gxe=72.9 opponent=LordoftheZest turns=22 dur=435.7s
2026-07-05 04:07:18,450 INFO GAME_START game=108 / 130
2026-07-05 04:15:56,337 INFO GAME_DONE game=107 result=win elo=1762 gxe=73.2 opponent=andrew01234563 turns=31 dur=517.6s
2026-07-05 04:16:11,339 INFO GAME_START game=109 / 130
2026-07-05 04:24:13,700 INFO GAME_DONE game=108 result=win elo=1783 gxe=73.6 opponent=beyoncefakeaccount turns=28 dur=482.1s
2026-07-05 04:24:28,701 INFO GAME_START game=110 / 130
2026-07-05 04:32:31,382 INFO GAME_DONE game=109 result=loss elo=1764 gxe=73.3 opponent=dr. biondo turns=28 dur=482.4s
2026-07-05 04:32:46,385 INFO GAME_START game=111 / 130
2026-07-05 04:40:19,358 INFO GAME_DONE game=110 result=win elo=1785 gxe=73.6 opponent=Legend103 turns=22 dur=452.4s
2026-07-05 04:40:34,361 INFO GAME_START game=112 / 130
2026-07-05 04:46:20,424 INFO GAME_DONE game=111 result=win elo=1804 gxe=73.9 opponent=vanhcyclonedmm turns=18 dur=345.8s
2026-07-05 04:46:35,427 INFO GAME_START game=113 / 130
2026-07-05 04:52:48,837 INFO GAME_DONE game=112 result=loss elo=1784 gxe=73.6 opponent=stance punk turns=19 dur=373.1s
2026-07-05 04:53:03,840 INFO GAME_START game=114 / 130
2026-07-05 04:59:27,125 INFO GAME_DONE game=113 result=win elo=1806 gxe=73.9 opponent=midnightbell turns=20 dur=383.1s
2026-07-05 04:59:42,129 INFO GAME_START game=115 / 130
2026-07-05 05:05:09,873 INFO GAME_DONE game=114 result=loss elo=1786 gxe=73.6 opponent=zxd777 turns=18 dur=327.5s
2026-07-05 05:05:24,876 INFO GAME_START game=116 / 130
2026-07-05 05:15:24,550 INFO GAME_DONE game=115 result=win elo=1810 gxe=73.9 opponent=kaedehara turns=29 dur=599.4s
2026-07-05 05:15:39,551 INFO GAME_START game=117 / 130
2026-07-05 05:23:52,972 WARNING GAME_ERROR game=116 error=exit_1 consecutive=1
2026-07-05 05:24:07,975 INFO GAME_START game=118 / 130
2026-07-05 05:27:32,200 INFO GAME_DONE game=117 result=win elo=1805 gxe=73.9 opponent=hapicappy turns=10 dur=204.0s
2026-07-05 05:27:47,202 INFO GAME_START game=119 / 130
2026-07-05 05:45:03,829 INFO GAME_DONE game=118 result=win elo=1824 gxe=74.3 opponent=gabriel.tfs turns=62 dur=1036.3s
2026-07-05 05:45:03,829 INFO CHECKPOINT | label=fp7s_8par | games=100 | W=67 L=33 | elo=1824 | gxe=74.3
2026-07-05 05:45:18,831 INFO GAME_START game=120 / 130
2026-07-05 05:48:12,380 INFO GAME_DONE game=119 result=win elo=1843 gxe=74.6 opponent=PilsKracht turns=1 dur=173.3s
2026-07-05 05:48:27,383 INFO GAME_START game=121 / 130
2026-07-05 05:56:08,777 INFO GAME_DONE game=120 result=win elo=1862 gxe=74.9 opponent=testbotcif turns=31 dur=461.2s
2026-07-05 05:56:23,781 INFO GAME_START game=122 / 130
2026-07-05 06:05:59,618 INFO GAME_DONE game=121 result=loss elo=1844 gxe=74.6 opponent=brobama1 turns=32 dur=575.6s
2026-07-05 06:06:14,621 INFO GAME_START game=123 / 130
2026-07-05 06:13:09,614 INFO GAME_DONE game=122 result=win elo=1865 gxe=75.0 opponent=excadrxll turns=24 dur=413.7s
2026-07-05 06:13:24,616 INFO GAME_START game=124 / 130
2026-07-05 06:23:25,858 INFO GAME_DONE game=123 result=loss elo=1845 gxe=74.7 opponent=gualliug turns=31 dur=600.9s
2026-07-05 06:23:40,861 INFO GAME_START game=125 / 130
2026-07-05 06:28:26,411 INFO GAME_DONE game=124 result=loss elo=1827 gxe=74.5 opponent=siick_50 turns=12 dur=285.3s
2026-07-05 06:28:41,413 INFO GAME_START game=126 / 130
2026-07-05 06:34:50,162 INFO GAME_DONE game=125 result=win elo=1848 gxe=74.8 opponent=Taimajii turns=16 dur=368.5s
2026-07-05 06:35:05,165 INFO GAME_START game=127 / 130
2026-07-05 06:37:12,359 INFO GAME_DONE game=126 result=win elo=1869 gxe=75.1 opponent=masker turns=5 dur=126.9s
2026-07-05 06:37:27,362 INFO GAME_START game=128 / 130
2026-07-05 06:46:21,794 INFO GAME_DONE game=127 result=loss elo=1846 gxe=74.9 opponent=kiosamika turns=31 dur=533.9s
2026-07-05 06:46:36,803 INFO GAME_START game=129 / 130
2026-07-05 06:53:06,151 INFO GAME_DONE game=128 result=win elo=1870 gxe=75.2 opponent=Sasalele turns=21 dur=389.1s
2026-07-05 06:53:21,154 INFO GAME_START game=130 / 130
2026-07-05 07:00:51,122 INFO GAME_DONE game=129 result=win elo=1892 gxe=75.5 opponent=justanab turns=21 dur=449.7s
2026-07-05 07:01:06,125 INFO FINAL SUMMARY | label=fp7s_8par | completed=111 | W=74 L=37 | final_elo=1892 | final_gxe=75.5 | errors=4
