RATING {"ts": "2026-07-04T01:49:42.024786+00:00", "elo": null, "gxe": null, "rpr": null, "rprd": null, "w": null, "l": null}
RATING {"ts": "2026-07-04T01:51:42.234512+00:00", "elo": null, "gxe": null, "rpr": null, "rprd": null, "w": null, "l": null}
RATING {"ts": "2026-07-04T01:53:42.427145+00:00", "elo": null, "gxe": null, "rpr": null, "rprd": null, "w": null, "l": null}
RATING {"ts": "2026-07-04T01:55:42.667195+00:00", "elo": null, "gxe": null, "rpr": null, "rprd": null, "w": null, "l": null}
RATING {"ts": "2026-07-04T01:57:42.871547+00:00", "elo": null, "gxe": null, "rpr": null, "rprd": null, "w": null, "l": null}
RATING {"ts": "2026-07-04T01:59:43.071098+00:00", "elo": null, "gxe": null, "rpr": null, "rprd": null, "w": null, "l": null}
RATING {"ts": "2026-07-04T02:01:43.275514+00:00", "elo": null, "gxe": null, "rpr": null, "rprd": null, "w": null, "l": null}
RATING {"ts": "2026-07-04T02:03:43.472927+00:00", "elo": null, "gxe": null, "rpr": null, "rprd": null, "w": null, "l": null}
RATING {"ts": "2026-07-04T02:05:43.670877+00:00", "elo": null, "gxe": null, "rpr": null, "rprd": null, "w": null, "l": null}
RATING {"ts": "2026-07-04T02:07:43.862632+00:00", "elo": null, "gxe": null, "rpr": null, "rprd": null, "w": null, "l": null}
RATING {"ts": "2026-07-04T02:09:44.051834+00:00", "elo": null, "gxe": null, "rpr": null, "rprd": null, "w": null, "l": null}
RATING {"ts": "2026-07-04T02:11:44.267649+00:00", "elo": null, "gxe": null, "rpr": null, "rprd": null, "w": null, "l": null}
RATING {"ts": "2026-07-04T02:13:44.524818+00:00", "elo": null, "gxe": null, "rpr": null, "rprd": null, "w": null, "l": null}
RATING {"ts": "2026-07-04T02:15:44.733601+00:00", "elo": null, "gxe": null, "rpr": null, "rprd": null, "w": null, "l": null}
RATING {"ts": "2026-07-04T02:17:44.931929+00:00", "elo": null, "gxe": null, "rpr": null, "rprd": null, "w": null, "l": null}
RATING {"ts": "2026-07-04T02:19:45.135095+00:00", "elo": null, "gxe": null, "rpr": null, "rprd": null, "w": null, "l": null}
RATING {"ts": "2026-07-04T02:21:45.345030+00:00", "elo": null, "gxe": null, "rpr": null, "rprd": null, "w": null, "l": null}
RATING {"ts": "2026-07-04T02:23:45.550975+00:00", "elo": null, "gxe": null, "rpr": null, "rprd": null, "w": null, "l": null}
RATING {"ts": "2026-07-04T02:25:45.756185+00:00", "elo": null, "gxe": null, "rpr": null, "rprd": null, "w": null, "l": null}
RATING {"ts": "2026-07-04T02:27:45.974902+00:00", "elo": null, "gxe": null, "rpr": null, "rprd": null, "w": null, "l": null}
RATING {"ts": "2026-07-04T02:29:46.157124+00:00", "elo": null, "gxe": null, "rpr": null, "rprd": null, "w": null, "l": null}
RATING {"ts": "2026-07-04T02:31:46.358156+00:00", "elo": null, "gxe": null, "rpr": null, "rprd": null, "w": null, "l": null}
RATING {"ts": "2026-07-04T02:33:46.543977+00:00", "elo": null, "gxe": null, "rpr": null, "rprd": null, "w": null, "l": null}
RATING {"ts": "2026-07-04T02:35:46.737137+00:00", "elo": null, "gxe": null, "rpr": null, "rprd": null, "w": null, "l": null}
RATING {"ts": "2026-07-04T02:37:46.952545+00:00", "elo": null, "gxe": null, "rpr": null, "rprd": null, "w": null, "l": null}
RATING {"ts": "2026-07-04T02:39:47.143156+00:00", "elo": null, "gxe": null, "rpr": null, "rprd": null, "w": null, "l": null}
RATING {"ts": "2026-07-04T02:41:47.355852+00:00", "elo": null, "gxe": null, "rpr": null, "rprd": null, "w": null, "l": null}
RATING {"ts": "2026-07-04T02:43:47.554758+00:00", "elo": null, "gxe": null, "rpr": null, "rprd": null, "w": null, "l": null}
RATING {"ts": "2026-07-04T02:45:47.742849+00:00", "elo": null, "gxe": null, "rpr": null, "rprd": null, "w": null, "l": null}
WARN URLError(gaierror(8, 'nodename nor servname provided, or not known'))
WARN URLError(gaierror(8, 'nodename nor servname provided, or not known'))
RATING {"ts": "2026-07-04T02:51:48.012019+00:00", "elo": null, "gxe": null, "rpr": null, "rprd": null, "w": null, "l": null}
WARN URLError(gaierror(8, 'nodename nor servname provided, or not known'))
WARN URLError(gaierror(8, 'nodename nor servname provided, or not known'))
WARN URLError(gaierror(8, 'nodename nor servname provided, or not known'))
WARN URLError(gaierror(8, 'nodename nor servname provided, or not known'))
WARN URLError(gaierror(8, 'nodename nor servname provided, or not known'))
WARN URLError(gaierror(8, 'nodename nor servname provided, or not known'))
WARN URLError(gaierror(8, 'nodename nor servname provided, or not known'))
WARN URLError(gaierror(8, 'nodename nor servname provided, or not known'))
WARN URLError(gaierror(8, 'nodename nor servname provided, or not known'))
WARN URLError(gaierror(8, 'nodename nor servname provided, or not known'))
WARN URLError(gaierror(8, 'nodename nor servname provided, or not known'))
WARN URLError(gaierror(8, 'nodename nor servname provided, or not known'))
WARN URLError(gaierror(8, 'nodename nor servname provided, or not known'))
WARN URLError(gaierror(8, 'nodename nor servname provided, or not known'))
WARN URLError(gaierror(8, 'nodename nor servname provided, or not known'))
WARN URLError(gaierror(8, 'nodename nor servname provided, or not known'))
WARN URLError(gaierror(8, 'nodename nor servname provided, or not known'))
WARN URLError(gaierror(8, 'nodename nor servname provided, or not known'))
WARN URLError(gaierror(8, 'nodename nor servname provided, or not known'))
WARN URLError(gaierror(8, 'nodename nor servname provided, or not known'))
WARN URLError(gaierror(8, 'nodename nor servname provided, or not known'))
WARN URLError(gaierror(8, 'nodename nor servname provided, or not known'))
WARN URLError(gaierror(8, 'nodename nor servname provided, or not known'))
WARN URLError(gaierror(8, 'nodename nor servname provided, or not known'))
WARN URLError(gaierror(8, 'nodename nor servname provided, or not known'))
RATING {"ts": "2026-07-04T03:43:48.894606+00:00", "elo": null, "gxe": null, "rpr": null, "rprd": null, "w": null, "l": null}
RATING {"ts": "2026-07-04T03:45:49.165218+00:00", "elo": null, "gxe": null, "rpr": null, "rprd": null, "w": null, "l": null}
RATING {"ts": "2026-07-04T03:47:49.452525+00:00", "elo": null, "gxe": null, "rpr": null, "rprd": null, "w": null, "l": null}
RATING {"ts": "2026-07-04T03:49:49.692758+00:00", "elo": null, "gxe": null, "rpr": null, "rprd": null, "w": null, "l": null}
RATING {"ts": "2026-07-04T03:51:49.930266+00:00", "elo": null, "gxe": null, "rpr": null, "rprd": null, "w": null, "l": null}
RATING {"ts": "2026-07-04T03:53:50.200050+00:00", "elo": null, "gxe": null, "rpr": null, "rprd": null, "w": null, "l": null}
RATING {"ts": "2026-07-04T03:55:50.564079+00:00", "elo": null, "gxe": null, "rpr": null, "rprd": null, "w": null, "l": null}
RATING {"ts": "2026-07-04T03:57:50.820014+00:00", "elo": null, "gxe": null, "rpr": null, "rprd": null, "w": null, "l": null}
RATING {"ts": "2026-07-04T03:59:51.242712+00:00", "elo": null, "gxe": null, "rpr": null, "rprd": null, "w": null, "l": null}
RATING {"ts": "2026-07-04T04:01:51.478540+00:00", "elo": null, "gxe": null, "rpr": null, "rprd": null, "w": null, "l": null}
RATING {"ts": "2026-07-04T04:03:51.714297+00:00", "elo": null, "gxe": null, "rpr": null, "rprd": null, "w": null, "l": null}
RATING {"ts": "2026-07-04T04:05:51.950209+00:00", "elo": null, "gxe": null, "rpr": null, "rprd": null, "w": null, "l": null}
RATING {"ts": "2026-07-04T04:07:52.214163+00:00", "elo": null, "gxe": null, "rpr": null, "rprd": null, "w": null, "l": null}
RATING {"ts": "2026-07-04T04:09:52.441425+00:00", "elo": null, "gxe": null, "rpr": null, "rprd": null, "w": null, "l": null}
RATING {"ts": "2026-07-04T04:11:52.670428+00:00", "elo": null, "gxe": null, "rpr": null, "rprd": null, "w": null, "l": null}
RATING {"ts": "2026-07-04T04:13:53.221881+00:00", "elo": null, "gxe": null, "rpr": null, "rprd": null, "w": null, "l": null}
RATING {"ts": "2026-07-04T04:15:53.474580+00:00", "elo": 1043.0041526794844, "gxe": 55, "rpr": 1540.1606143390134, "rprd": 122.85830807679145, "w": 1, "l": 0}
RATING {"ts": "2026-07-04T04:17:55.937690+00:00", "elo": 1043.0041526794844, "gxe": 55, "rpr": 1540.1606143390134, "rprd": 122.85830807679145, "w": 1, "l": 0}
RATING {"ts": "2026-07-04T04:19:56.224022+00:00", "elo": 1043.0041526794844, "gxe": 55, "rpr": 1540.1606143390134, "rprd": 122.85830807679145, "w": 1, "l": 0}
RATING {"ts": "2026-07-04T04:21:56.481467+00:00", "elo": 1043.0041526794844, "gxe": 55, "rpr": 1540.1606143390134, "rprd": 122.85830807679145, "w": 1, "l": 0}
RATING {"ts": "2026-07-04T04:23:56.734587+00:00", "elo": 1028.0333320349557, "gxe": 50, "rpr": 1500, "rprd": 116.77753930629355, "w": 1, "l": 1}
RATING {"ts": "2026-07-04T04:25:57.270717+00:00", "elo": 1028.0333320349557, "gxe": 50, "rpr": 1500, "rprd": 116.77753930629355, "w": 1, "l": 1}
RATING {"ts": "2026-07-04T04:27:57.529324+00:00", "elo": 1028.0333320349557, "gxe": 50, "rpr": 1500, "rprd": 116.77753930629355, "w": 1, "l": 1}
RATING {"ts": "2026-07-04T04:29:57.771803+00:00", "elo": 1028.0333320349557, "gxe": 50, "rpr": 1500, "rprd": 116.77753930629355, "w": 1, "l": 1}
RATING {"ts": "2026-07-04T04:31:58.010105+00:00", "elo": 1060.9464133062143, "gxe": 54.2, "rpr": 1533.089178361249, "rprd": 111.51861011315509, "w": 2, "l": 1}
RATING {"ts": "2026-07-04T04:33:58.251018+00:00", "elo": 1060.9464133062143, "gxe": 54.2, "rpr": 1533.089178361249, "rprd": 111.51861011315509, "w": 2, "l": 1}
RATING {"ts": "2026-07-04T04:35:58.474819+00:00", "elo": 1060.9464133062143, "gxe": 54.2, "rpr": 1533.089178361249, "rprd": 111.51861011315509, "w": 2, "l": 1}
RATING {"ts": "2026-07-04T04:37:58.706180+00:00", "elo": 1060.9464133062143, "gxe": 54.2, "rpr": 1533.089178361249, "rprd": 111.51861011315509, "w": 2, "l": 1}
RATING {"ts": "2026-07-04T04:39:59.000647+00:00", "elo": 1060.9464133062143, "gxe": 54.2, "rpr": 1533.089178361249, "rprd": 111.51861011315509, "w": 2, "l": 1}
RATING {"ts": "2026-07-04T04:41:59.298705+00:00", "elo": 1044.508252988019, "gxe": 50, "rpr": 1500, "rprd": 106.91164920533053, "w": 2, "l": 2}
RATING {"ts": "2026-07-04T04:43:59.578354+00:00", "elo": 1044.508252988019, "gxe": 50, "rpr": 1500, "rprd": 106.91164920533053, "w": 2, "l": 2}
RATING {"ts": "2026-07-04T04:46:00.851365+00:00", "elo": 1044.508252988019, "gxe": 50, "rpr": 1500, "rprd": 106.91164920533053, "w": 2, "l": 2}
RATING {"ts": "2026-07-04T04:48:01.092192+00:00", "elo": 1044.508252988019, "gxe": 50, "rpr": 1500, "rprd": 106.91164920533053, "w": 2, "l": 2}
RATING {"ts": "2026-07-04T04:50:02.235438+00:00", "elo": 1044.508252988019, "gxe": 50, "rpr": 1500, "rprd": 106.91164920533053, "w": 2, "l": 2}
RATING {"ts": "2026-07-04T04:52:02.471618+00:00", "elo": 1044.508252988019, "gxe": 50, "rpr": 1500, "rprd": 106.91164920533053, "w": 2, "l": 2}
RATING {"ts": "2026-07-04T04:54:02.706648+00:00", "elo": 1078.4553722947514, "gxe": 53.5, "rpr": 1527.1275529509753, "rprd": 102.64746348530997, "w": 3, "l": 2}
RATING {"ts": "2026-07-04T04:56:02.946069+00:00", "elo": 1078.4553722947514, "gxe": 53.5, "rpr": 1527.1275529509753, "rprd": 102.64746348530997, "w": 3, "l": 2}
RATING {"ts": "2026-07-04T04:58:03.193405+00:00", "elo": 1078.4553722947514, "gxe": 53.5, "rpr": 1527.1275529509753, "rprd": 102.64746348530997, "w": 3, "l": 2}
RATING {"ts": "2026-07-04T05:00:03.429796+00:00", "elo": 1078.4553722947514, "gxe": 53.5, "rpr": 1527.1275529509753, "rprd": 102.64746348530997, "w": 3, "l": 2}
RATING {"ts": "2026-07-04T05:02:04.358762+00:00", "elo": 1055.9213871724291, "gxe": 48.5, "rpr": 1487.8739008334594, "rprd": 99.22857628828702, "w": 3, "l": 3}
RATING {"ts": "2026-07-04T05:04:06.010649+00:00", "elo": 1055.9213871724291, "gxe": 48.5, "rpr": 1487.8739008334594, "rprd": 99.22857628828702, "w": 3, "l": 3}
RATING {"ts": "2026-07-04T05:06:08.259167+00:00", "elo": 1089.7860600717422, "gxe": 51.1, "rpr": 1508.6823886965403, "rprd": 95.66219492346644, "w": 4, "l": 3}
RATING {"ts": "2026-07-04T05:08:08.513180+00:00", "elo": 1089.7860600717422, "gxe": 51.1, "rpr": 1508.6823886965403, "rprd": 95.66219492346644, "w": 4, "l": 3}
RATING {"ts": "2026-07-04T05:10:08.880978+00:00", "elo": 1089.7860600717422, "gxe": 51.1, "rpr": 1508.6823886965403, "rprd": 95.66219492346644, "w": 4, "l": 3}
RATING {"ts": "2026-07-04T05:12:24.408469+00:00", "elo": 1089.7860600717422, "gxe": 51.1, "rpr": 1508.6823886965403, "rprd": 95.66219492346644, "w": 4, "l": 3}
RATING {"ts": "2026-07-04T05:14:25.764723+00:00", "elo": 1117.1129396174906, "gxe": 53.8, "rpr": 1529.8225396390721, "rprd": 92.53186091212865, "w": 5, "l": 3}
RATING {"ts": "2026-07-04T05:16:26.062856+00:00", "elo": 1117.1129396174906, "gxe": 53.8, "rpr": 1529.8225396390721, "rprd": 92.53186091212865, "w": 5, "l": 3}
RATING {"ts": "2026-07-04T05:18:30.550968+00:00", "elo": 1117.1129396174906, "gxe": 53.8, "rpr": 1529.8225396390721, "rprd": 92.53186091212865, "w": 5, "l": 3}
RATING {"ts": "2026-07-04T05:20:30.908488+00:00", "elo": 1117.1129396174906, "gxe": 53.8, "rpr": 1529.8225396390721, "rprd": 92.53186091212865, "w": 5, "l": 3}
RATING {"ts": "2026-07-04T05:22:32.219693+00:00", "elo": 1093.574260930272, "gxe": 50.4, "rpr": 1502.9055598150421, "rprd": 89.46809025042732, "w": 5, "l": 4}
RATING {"ts": "2026-07-04T05:24:32.446093+00:00", "elo": 1093.574260930272, "gxe": 50.4, "rpr": 1502.9055598150421, "rprd": 89.46809025042732, "w": 5, "l": 4}
RATING {"ts": "2026-07-04T05:26:32.700317+00:00", "elo": 1093.574260930272, "gxe": 50.4, "rpr": 1502.9055598150421, "rprd": 89.46809025042732, "w": 5, "l": 4}
RATING {"ts": "2026-07-04T05:28:33.052682+00:00", "elo": 1093.574260930272, "gxe": 50.4, "rpr": 1502.9055598150421, "rprd": 89.46809025042732, "w": 5, "l": 4}
RATING {"ts": "2026-07-04T05:30:33.378426+00:00", "elo": 1093.574260930272, "gxe": 50.4, "rpr": 1502.9055598150421, "rprd": 89.46809025042732, "w": 5, "l": 4}
RATING {"ts": "2026-07-04T05:32:33.728100+00:00", "elo": 1120.3452116923313, "gxe": 52.6, "rpr": 1519.835306972915, "rprd": 87.09117124492987, "w": 6, "l": 4}
RATING {"ts": "2026-07-04T05:34:33.978097+00:00", "elo": 1120.3452116923313, "gxe": 52.6, "rpr": 1519.835306972915, "rprd": 87.09117124492987, "w": 6, "l": 4}
RATING {"ts": "2026-07-04T05:36:34.298575+00:00", "elo": 1120.3452116923313, "gxe": 52.6, "rpr": 1519.835306972915, "rprd": 87.09117124492987, "w": 6, "l": 4}
RATING {"ts": "2026-07-04T05:38:34.520173+00:00", "elo": 1120.3452116923313, "gxe": 52.6, "rpr": 1519.835306972915, "rprd": 87.09117124492987, "w": 6, "l": 4}
RATING {"ts": "2026-07-04T05:40:34.876650+00:00", "elo": 1120.3452116923313, "gxe": 52.6, "rpr": 1519.835306972915, "rprd": 87.09117124492987, "w": 6, "l": 4}
RATING {"ts": "2026-07-04T05:42:35.195949+00:00", "elo": 1145.6357474621125, "gxe": 54.9, "rpr": 1537.954338237218, "rprd": 84.50879400687094, "w": 7, "l": 4}
RATING {"ts": "2026-07-04T05:44:35.530561+00:00", "elo": 1145.6357474621125, "gxe": 54.9, "rpr": 1537.954338237218, "rprd": 84.50879400687094, "w": 7, "l": 4}
RATING {"ts": "2026-07-04T05:46:35.830535+00:00", "elo": 1145.6357474621125, "gxe": 54.9, "rpr": 1537.954338237218, "rprd": 84.50879400687094, "w": 7, "l": 4}
RATING {"ts": "2026-07-04T05:48:36.082933+00:00", "elo": 1145.6357474621125, "gxe": 54.9, "rpr": 1537.954338237218, "rprd": 84.50879400687094, "w": 7, "l": 4}
RATING {"ts": "2026-07-04T05:50:36.319425+00:00", "elo": 1145.6357474621125, "gxe": 54.9, "rpr": 1537.954338237218, "rprd": 84.50879400687094, "w": 7, "l": 4}
RATING {"ts": "2026-07-04T05:52:36.579850+00:00", "elo": 1145.6357474621125, "gxe": 54.9, "rpr": 1537.954338237218, "rprd": 84.50879400687094, "w": 7, "l": 4}
RATING {"ts": "2026-07-04T05:54:36.819309+00:00", "elo": 1168.842988251853, "gxe": 57, "rpr": 1554.2151654430622, "rprd": 82.45024894357117, "w": 8, "l": 4}
RATING {"ts": "2026-07-04T05:56:37.068114+00:00", "elo": 1168.842988251853, "gxe": 57, "rpr": 1554.2151654430622, "rprd": 82.45024894357117, "w": 8, "l": 4}
RATING {"ts": "2026-07-04T05:58:37.304287+00:00", "elo": 1191.696831435789, "gxe": 58.9, "rpr": 1569.1297030983073, "rprd": 80.30418786859342, "w": 9, "l": 4}
RATING {"ts": "2026-07-04T06:00:37.550075+00:00", "elo": 1191.696831435789, "gxe": 58.9, "rpr": 1569.1297030983073, "rprd": 80.30418786859342, "w": 9, "l": 4}
RATING {"ts": "2026-07-04T06:02:37.792820+00:00", "elo": 1191.696831435789, "gxe": 58.9, "rpr": 1569.1297030983073, "rprd": 80.30418786859342, "w": 9, "l": 4}
RATING {"ts": "2026-07-04T06:04:38.026261+00:00", "elo": 1220.0911009900562, "gxe": 60.3, "rpr": 1580.9754561159752, "rprd": 78.33506798147317, "w": 10, "l": 4}
RATING {"ts": "2026-07-04T06:06:38.269189+00:00", "elo": 1242.2809870327937, "gxe": 61.7, "rpr": 1591.536091772233, "rprd": 76.47255526580135, "w": 11, "l": 4}
RATING {"ts": "2026-07-04T06:08:38.505456+00:00", "elo": 1242.2809870327937, "gxe": 61.7, "rpr": 1591.536091772233, "rprd": 76.47255526580135, "w": 11, "l": 4}
RATING {"ts": "2026-07-04T06:10:38.743829+00:00", "elo": 1242.2809870327937, "gxe": 61.7, "rpr": 1591.536091772233, "rprd": 76.47255526580135, "w": 11, "l": 4}
: 11, "l": 4}
RATING {"ts": "2026-07-04T06:11:15.243631+00:00", "elo": 1242.2809870327937, "gxe": 61.7, "rpr": 1591.536091772233, "rprd": 76.47255526580135, "w": 11, "l": 4}
