2026-07-03 21:10:39,945 INFO START | label=fp7s_8par | username=metagrossfp7s | n_games=130 | search_ms=7000 | model=stock
2026-07-03 21:10:39,945 INFO GAME_START game=1 / 130
2026-07-03 21:14:04,082 INFO GAME_DONE game=0 result=win elo=1043 gxe=55.0 opponent=bhtgrvfed turns=7 dur=202.1s
2026-07-03 21:14:19,084 INFO GAME_START game=2 / 130
2026-07-03 21:22:56,795 INFO GAME_DONE game=1 result=loss elo=1028 gxe=50.0 opponent=Jfjskdbdjs turns=28 dur=516.4s
2026-07-03 21:23:11,797 INFO GAME_START game=3 / 130
2026-07-03 21:31:46,187 INFO GAME_DONE game=2 result=win elo=1061 gxe=54.2 opponent=Bcfdffhhjhhh turns=24 dur=514.1s
2026-07-03 21:32:01,189 INFO GAME_START game=4 / 130
2026-07-03 21:41:41,376 INFO GAME_DONE game=3 result=loss elo=1045 gxe=50.0 opponent=gdytfvjyhb turns=23 dur=580.0s
2026-07-03 21:41:56,377 INFO GAME_START game=5 / 130
2026-07-03 21:52:31,595 INFO GAME_DONE game=4 result=win elo=1079 gxe=53.5 opponent=Fafcffg turns=34 dur=634.9s
2026-07-03 21:52:46,596 INFO GAME_START game=6 / 130
2026-07-03 22:02:01,023 INFO GAME_DONE game=5 result=loss elo=1056 gxe=48.5 opponent=pinklvrlulu turns=22 dur=554.1s
2026-07-03 22:02:16,024 INFO GAME_START game=7 / 130
2026-07-03 22:04:11,288 INFO GAME_DONE game=6 result=win elo=1090 gxe=51.1 opponent=806.tyy turns=4 dur=115.0s
2026-07-03 22:04:26,290 INFO GAME_START game=8 / 130
2026-07-03 22:14:19,843 INFO GAME_DONE game=7 result=win elo=1117 gxe=53.8 opponent=Aqua_6087 turns=22 dur=593.2s
2026-07-03 22:14:34,845 INFO GAME_START game=9 / 130
2026-07-03 22:21:00,050 INFO GAME_DONE game=8 result=loss elo=1093 gxe=50.4 opponent=KonstipatedKleavor turns=21 dur=384.8s
2026-07-03 22:21:15,052 INFO GAME_START game=10 / 130
2026-07-03 22:31:54,620 INFO GAME_DONE game=9 result=win elo=1120 gxe=52.6 opponent=hdhdhdhdgx turns=26 dur=639.3s
2026-07-03 22:32:09,623 INFO GAME_START game=11 / 130
2026-07-03 22:40:47,779 INFO GAME_DONE game=10 result=win elo=1145 gxe=54.9 opponent=pokewerbo turns=26 dur=517.8s
2026-07-03 22:41:02,781 INFO GAME_START game=12 / 130
2026-07-03 22:53:04,242 INFO GAME_DONE game=11 result=win elo=1168 gxe=57.0 opponent=hihihhahuehue turns=47 dur=721.1s
2026-07-03 22:53:19,244 INFO GAME_START game=13 / 130
2026-07-03 22:58:28,250 INFO GAME_DONE game=12 result=win elo=1191 gxe=58.9 opponent=BGM0910 turns=16 dur=308.6s
2026-07-03 22:58:43,252 INFO GAME_START game=14 / 130
2026-07-03 23:04:07,762 INFO GAME_DONE game=13 result=win elo=1220 gxe=60.3 opponent=quangu turns=11 dur=324.3s
2026-07-03 23:04:22,763 INFO GAME_START game=15 / 130
2026-07-03 23:06:25,375 INFO GAME_DONE game=14 result=win elo=1242 gxe=61.7 opponent=Uh oh oh no turns=6 dur=122.4s
2026-07-03 23:06:40,371 INFO GAME_START game=16 / 130
2026-07-04 14:38:06,901 INFO START | label=fp7s_8par | username=metagrossfp7s | n_games=115 | search_ms=7000 | model=stock
2026-07-04 14:38:06,902 INFO GAME_START game=16 / 130
2026-07-04 14:44:01,791 INFO GAME_DONE game=15 result=win elo=1244 gxe=60.7 opponent=hex121o turns=16 dur=354.6s
2026-07-04 14:44:16,793 INFO GAME_START game=17 / 130
2026-07-04 14:52:52,737 INFO GAME_DONE game=16 result=win elo=1268 gxe=62.3 opponent=daveywaveey turns=19 dur=515.6s
2026-07-04 14:53:07,738 INFO GAME_START game=18 / 130
2026-07-04 14:59:53,753 INFO GAME_DONE game=17 result=win elo=1290 gxe=63.5 opponent=dvevr3v3v turns=20 dur=405.7s
2026-07-04 15:00:08,754 INFO GAME_START game=19 / 130
2026-07-04 15:10:30,045 INFO GAME_DONE game=18 result=loss elo=1261 gxe=61.4 opponent=shadowby2002 turns=32 dur=620.9s
2026-07-04 15:10:45,046 INFO GAME_START game=20 / 130
2026-07-04 15:18:23,665 INFO GAME_DONE game=19 result=win elo=1285 gxe=62.8 opponent=ashhcatchthem turns=16 dur=458.3s
2026-07-04 15:18:38,666 INFO GAME_START game=21 / 130
2026-07-04 15:22:53,994 INFO GAME_DONE game=20 result=win elo=1308 gxe=63.9 opponent=bratman18 turns=7 dur=255.1s
2026-07-04 15:23:08,996 INFO GAME_START game=22 / 130
2026-07-04 15:28:17,689 INFO GAME_DONE game=21 result=win elo=1329 gxe=65.1 opponent=goatman666 turns=12 dur=308.4s
2026-07-04 15:28:32,690 INFO GAME_START game=23 / 130
2026-07-04 15:31:25,312 INFO GAME_DONE game=22 result=win elo=1350 gxe=66.1 opponent=janSawa turns=7 dur=172.3s
2026-07-04 15:31:40,314 INFO GAME_START game=24 / 130
2026-07-04 15:36:29,415 INFO GAME_DONE game=23 result=win elo=1368 gxe=67.2 opponent=Wedler turns=12 dur=288.9s
2026-07-04 15:36:44,423 INFO GAME_START game=25 / 130
2026-07-04 15:41:42,772 INFO GAME_DONE game=24 result=win elo=1387 gxe=68.1 opponent=amegaolmega turns=12 dur=298.1s
2026-07-04 15:41:57,773 INFO GAME_START game=26 / 130
2026-07-04 15:47:45,582 INFO GAME_DONE game=25 result=win elo=1406 gxe=68.7 opponent=nerdytable turns=16 dur=347.6s
2026-07-04 15:48:00,584 INFO GAME_START game=27 / 130
2026-07-04 16:04:45,399 INFO GAME_DONE game=26 result=win elo=1423 gxe=69.6 opponent=dsscqzc turns=65 dur=1004.6s
2026-07-04 16:05:00,401 INFO GAME_START game=28 / 130
2026-07-04 16:11:35,079 INFO GAME_DONE game=27 result=win elo=1440 gxe=70.2 opponent=1vazx turns=20 dur=394.2s
2026-07-04 16:11:50,080 INFO GAME_START game=29 / 130
2026-07-04 17:03:04,710 ERROR GAME_TIMEOUT game=28 timeout after 45 min
2026-07-04 17:03:04,713 WARNING GAME_ERROR game=28 error=game_timeout_45min consecutive=1
2026-07-04 17:03:19,714 INFO GAME_START game=30 / 130
2026-07-04 17:11:11,688 INFO GAME_DONE game=29 result=win elo=1441 gxe=69.8 opponent=Coza93 turns=19 dur=471.6s
2026-07-04 17:11:26,691 INFO GAME_START game=31 / 130
2026-07-04 17:21:09,803 INFO GAME_DONE game=30 result=win elo=1458 gxe=70.6 opponent=xMasterr turns=32 dur=582.6s
2026-07-04 17:21:24,805 INFO GAME_START game=32 / 130
2026-07-04 17:30:55,726 WARNING GAME_ERROR game=31 error=exit_1 consecutive=1
2026-07-04 17:31:10,729 INFO GAME_START game=33 / 130
2026-07-04 18:28:49,953 ERROR GAME_TIMEOUT game=32 timeout after 45 min
2026-07-04 18:28:49,956 WARNING GAME_ERROR game=32 error=game_timeout_45min consecutive=2
2026-07-04 18:29:04,958 INFO GAME_START game=34 / 130
2026-07-04 18:43:27,026 INFO GAME_DONE game=33 result=win elo=1433 gxe=68.5 opponent=mr. bacon narwhal turns=53 dur=861.8s
2026-07-04 18:43:42,029 INFO GAME_START game=35 / 130
2026-07-04 18:48:48,455 INFO GAME_DONE game=34 result=win elo=1454 gxe=69.3 opponent=eb03 turns=18 dur=306.2s
2026-07-04 18:49:03,457 INFO GAME_START game=36 / 130
2026-07-04 18:56:13,273 INFO GAME_DONE game=35 result=loss elo=1436 gxe=68.4 opponent=emaipn turns=22 dur=429.6s
2026-07-04 18:56:28,277 INFO GAME_START game=37 / 130
2026-07-04 19:00:29,895 INFO GAME_DONE game=36 result=win elo=1454 gxe=69.0 opponent=londring turns=7 dur=241.4s
2026-07-04 19:00:44,898 INFO GAME_START game=38 / 130
2026-07-04 19:06:49,485 INFO GAME_DONE game=37 result=win elo=1473 gxe=69.8 opponent=eljugoaaron turns=19 dur=364.4s
2026-07-04 19:06:49,485 INFO CHECKPOINT | label=fp7s_8par | games=20 | W=18 L=2 | elo=1473 | gxe=69.8
2026-07-04 19:07:04,486 INFO GAME_START game=39 / 130
2026-07-04 19:13:35,311 INFO GAME_DONE game=38 result=win elo=1493 gxe=70.6 opponent=Kumabear876 turns=19 dur=390.4s
2026-07-04 19:13:50,313 INFO GAME_START game=40 / 130
2026-07-04 19:20:28,455 INFO GAME_DONE game=39 result=win elo=1511 gxe=71.3 opponent=hyperbuboy turns=22 dur=397.8s
2026-07-04 19:20:43,456 INFO GAME_START game=41 / 130
2026-07-04 19:28:52,787 INFO GAME_DONE game=40 result=win elo=1532 gxe=71.9 opponent=hj78 turns=26 dur=488.1s
2026-07-04 19:29:07,788 INFO GAME_START game=42 / 130
2026-07-04 19:44:29,583 INFO GAME_DONE game=41 result=win elo=1550 gxe=72.5 opponent=Aarondogg turns=45 dur=921.5s
2026-07-04 19:44:44,585 INFO GAME_START game=43 / 130
2026-07-04 19:55:50,893 INFO GAME_DONE game=42 result=loss elo=1528 gxe=71.6 opponent=Baruk69 turns=44 dur=666.0s
2026-07-04 19:56:05,895 INFO GAME_START game=44 / 130
2026-07-04 20:06:47,564 INFO GAME_DONE game=43 result=loss elo=1509 gxe=70.6 opponent=Sticky N turns=32 dur=641.4s
2026-07-04 20:07:02,565 INFO GAME_START game=45 / 130
2026-07-04 20:12:39,458 INFO GAME_DONE game=44 result=win elo=1529 gxe=71.2 opponent=mrl935 turns=11 dur=336.6s
2026-07-04 20:12:54,459 INFO GAME_START game=46 / 130
2026-07-04 20:18:30,388 INFO GAME_DONE game=45 result=loss elo=1507 gxe=70.4 opponent=Zera_Fallen turns=17 dur=335.5s
2026-07-04 20:18:45,390 INFO GAME_START game=47 / 130
2026-07-04 20:29:02,187 INFO GAME_DONE game=46 result=loss elo=1490 gxe=69.6 opponent=gamer30bug turns=38 dur=616.5s
2026-07-04 20:29:17,187 INFO GAME_START game=48 / 130
2026-07-04 20:34:44,587 INFO GAME_DONE game=47 result=loss elo=1467 gxe=68.9 opponent=dittervancrook turns=17 dur=327.2s
2026-07-04 20:34:59,588 INFO GAME_START game=49 / 130
2026-07-04 20:44:28,269 INFO GAME_DONE game=48 result=loss elo=1450 gxe=68.0 opponent=Roll0ut turns=40 dur=568.5s
2026-07-04 20:44:43,271 INFO GAME_START game=50 / 130
2026-07-04 20:53:12,092 INFO GAME_DONE game=49 result=loss elo=1431 gxe=67.3 opponent=mrl935 turns=24 dur=508.6s
2026-07-04 20:53:27,093 INFO GAME_START game=51 / 130
2026-07-04 20:58:40,149 INFO GAME_DONE game=50 result=win elo=1449 gxe=68.0 opponent=PyukuGigas turns=15 dur=312.8s
2026-07-04 20:58:55,150 INFO GAME_START game=52 / 130
2026-07-04 21:06:15,009 INFO GAME_DONE game=51 result=win elo=1470 gxe=68.5 opponent=noxtation turns=26 dur=439.6s
2026-07-04 21:06:30,011 INFO GAME_START game=53 / 130
2026-07-04 21:08:08,499 INFO GAME_DONE game=52 result=win elo=1488 gxe=69.1 opponent=elsenordelanoche24 turns=2 dur=98.2s
2026-07-04 21:08:23,500 INFO GAME_START game=54 / 130
2026-07-04 21:17:38,425 INFO GAME_DONE game=53 result=loss elo=1469 gxe=68.3 opponent=notshaurya turns=28 dur=554.7s
2026-07-04 21:17:53,427 INFO GAME_START game=55 / 130
2026-07-04 21:22:54,183 INFO GAME_DONE game=54 result=loss elo=1451 gxe=67.6 opponent=audienceyao turns=15 dur=300.5s
2026-07-04 21:23:09,184 INFO GAME_START game=56 / 130
2026-07-04 21:24:43,914 INFO GAME_DONE game=55 result=win elo=1472 gxe=68.3 opponent=borp! likes cheese turns=4 dur=93.8s
2026-07-04 21:24:58,915 INFO GAME_START game=57 / 130
2026-07-04 21:33:36,884 INFO GAME_DONE game=56 result=loss elo=1450 gxe=67.4 opponent=Hobophobia turns=26 dur=517.7s
2026-07-04 21:33:51,886 INFO GAME_START game=58 / 130
2026-07-04 21:39:59,797 INFO GAME_DONE game=57 result=win elo=1472 gxe=67.9 opponent=Kyurem the kaiju turns=19 dur=367.6s
2026-07-04 21:39:59,798 INFO CHECKPOINT | label=fp7s_8par | games=40 | W=28 L=12 | elo=1472 | gxe=67.9
2026-07-04 21:40:14,799 INFO GAME_START game=59 / 130
2026-07-04 21:45:02,655 INFO GAME_DONE game=58 result=win elo=1491 gxe=68.5 opponent=Nezuko9487 turns=16 dur=287.5s
2026-07-04 21:45:17,657 INFO GAME_START game=60 / 130
2026-07-04 21:51:32,416 INFO GAME_DONE game=59 result=win elo=1508 gxe=68.9 opponent=mramson turns=18 dur=374.5s
2026-07-04 21:51:47,424 INFO GAME_START game=61 / 130
