RATING {"ts": "2026-07-03T05:26:52.971717+00:00", "elo": null, "gxe": null, "rpr": null, "rprd": null, "w": null, "l": null}
RATING {"ts": "2026-07-03T05:28:53.378397+00:00", "elo": null, "gxe": null, "rpr": null, "rprd": null, "w": null, "l": null}
RATING {"ts": "2026-07-03T05:30:53.700303+00:00", "elo": null, "gxe": null, "rpr": null, "rprd": null, "w": null, "l": null}
RATING {"ts": "2026-07-03T05:32:53.987292+00:00", "elo": 1040, "gxe": 55, "rpr": 1540.1606143390134, "rprd": 122.85830807679145, "w": 1, "l": 0}
RATING {"ts": "2026-07-03T05:34:54.265106+00:00", "elo": 1040, "gxe": 55, "rpr": 1540.1606143390134, "rprd": 122.85830807679145, "w": 1, "l": 0}
RATING {"ts": "2026-07-03T05:36:54.631515+00:00", "elo": 1040, "gxe": 55, "rpr": 1540.1606143390134, "rprd": 122.85830807679145, "w": 1, "l": 0}
RATING {"ts": "2026-07-03T05:38:54.936978+00:00", "elo": 1071.310932318819, "gxe": 59, "rpr": 1572.567125829214, "rprd": 116.77753930629355, "w": 2, "l": 0}
RATING {"ts": "2026-07-03T05:40:55.281475+00:00", "elo": 1071.310932318819, "gxe": 59, "rpr": 1572.567125829214, "rprd": 116.77753930629355, "w": 2, "l": 0}
RATING {"ts": "2026-07-03T05:42:55.655366+00:00", "elo": 1071.310932318819, "gxe": 59, "rpr": 1572.567125829214, "rprd": 116.77753930629355, "w": 2, "l": 0}
RATING {"ts": "2026-07-03T05:44:55.929629+00:00", "elo": 1081.3136490704223, "gxe": 56.8, "rpr": 1553.7869765018527, "rprd": 106.12700451115441, "w": 3, "l": 1}
RATING {"ts": "2026-07-03T05:46:56.160874+00:00", "elo": 1107.3863003447734, "gxe": 58.7, "rpr": 1568.7402674527173, "rprd": 102.21040036750024, "w": 4, "l": 1}
RATING {"ts": "2026-07-03T05:48:56.399302+00:00", "elo": 1134.242239636118, "gxe": 60.2, "rpr": 1581.3370875593353, "rprd": 98.64570192532004, "w": 5, "l": 1}
RATING {"ts": "2026-07-03T05:50:56.634649+00:00", "elo": 1134.242239636118, "gxe": 60.2, "rpr": 1581.3370875593353, "rprd": 98.64570192532004, "w": 5, "l": 1}
RATING {"ts": "2026-07-03T05:52:56.916807+00:00", "elo": 1160.7855056133824, "gxe": 62.5, "rpr": 1599.2404834362133, "rprd": 94.9461578282327, "w": 6, "l": 1}
RATING {"ts": "2026-07-03T05:54:57.143783+00:00", "elo": 1137.6237332310934, "gxe": 59, "rpr": 1570.740665286096, "rprd": 92.05426238725461, "w": 6, "l": 2}
RATING {"ts": "2026-07-03T05:56:57.589738+00:00", "elo": 1137.6237332310934, "gxe": 59, "rpr": 1570.740665286096, "rprd": 92.05426238725461, "w": 6, "l": 2}
RATING {"ts": "2026-07-03T05:58:57.898096+00:00", "elo": 1158.8565690584976, "gxe": 61.1, "rpr": 1587.6563354076743, "rprd": 89.04546830511742, "w": 7, "l": 2}
RATING {"ts": "2026-07-03T06:00:58.171660+00:00", "elo": 1133.687837739697, "gxe": 57.8, "rpr": 1560.8348001329134, "rprd": 86.30025652518052, "w": 7, "l": 3}
RATING {"ts": "2026-07-03T06:02:58.412664+00:00", "elo": 1185.4199519444921, "gxe": 60.5, "rpr": 1582.1885093606786, "rprd": 82.05233702677769, "w": 9, "l": 3}
RATING {"ts": "2026-07-03T06:04:58.703499+00:00", "elo": 1185.4199519444921, "gxe": 60.5, "rpr": 1582.1885093606786, "rprd": 82.05233702677769, "w": 9, "l": 3}
RATING {"ts": "2026-07-03T06:06:58.950389+00:00", "elo": 1185.4199519444921, "gxe": 60.5, "rpr": 1582.1885093606786, "rprd": 82.05233702677769, "w": 9, "l": 3}
RATING {"ts": "2026-07-03T06:08:59.284817+00:00", "elo": 1185.4199519444921, "gxe": 60.5, "rpr": 1582.1885093606786, "rprd": 82.05233702677769, "w": 9, "l": 3}
RATING {"ts": "2026-07-03T06:10:59.573126+00:00", "elo": 1162.0129840143577, "gxe": 57.9, "rpr": 1561.3512380769498, "rprd": 80.16421353771563, "w": 9, "l": 4}
RATING {"ts": "2026-07-03T06:13:00.021552+00:00", "elo": 1162.0129840143577, "gxe": 57.9, "rpr": 1561.3512380769498, "rprd": 80.16421353771563, "w": 9, "l": 4}
RATING {"ts": "2026-07-03T06:15:00.310866+00:00", "elo": 1137.9025855389607, "gxe": 55, "rpr": 1538.3443204951832, "rprd": 78.16494705150245, "w": 9, "l": 5}
RATING {"ts": "2026-07-03T06:17:00.594677+00:00", "elo": 1137.9025855389607, "gxe": 55, "rpr": 1538.3443204951832, "rprd": 78.16494705150245, "w": 9, "l": 5}
RATING {"ts": "2026-07-03T06:19:00.875869+00:00", "elo": 1161.2985848332441, "gxe": 56.5, "rpr": 1550.3304601717186, "rprd": 76.32721029195379, "w": 10, "l": 5}
RATING {"ts": "2026-07-03T06:21:01.122817+00:00", "elo": 1132.943756108411, "gxe": 54.3, "rpr": 1532.8507820026084, "rprd": 74.80275003151236, "w": 10, "l": 6}
RATING {"ts": "2026-07-03T06:23:01.360996+00:00", "elo": 1132.943756108411, "gxe": 54.3, "rpr": 1532.8507820026084, "rprd": 74.80275003151236, "w": 10, "l": 6}
RATING {"ts": "2026-07-03T06:25:01.639789+00:00", "elo": 1132.943756108411, "gxe": 54.3, "rpr": 1532.8507820026084, "rprd": 74.80275003151236, "w": 10, "l": 6}
RATING {"ts": "2026-07-03T06:27:01.963074+00:00", "elo": 1178.4377823144594, "gxe": 56.7, "rpr": 1551.5373285963803, "rprd": 71.93728744422882, "w": 12, "l": 6}
RATING {"ts": "2026-07-03T06:29:03.296479+00:00", "elo": 1178.4377823144594, "gxe": 56.7, "rpr": 1551.5373285963803, "rprd": 71.93728744422882, "w": 12, "l": 6}
RATING {"ts": "2026-07-03T06:31:03.628170+00:00", "elo": 1178.4377823144594, "gxe": 56.7, "rpr": 1551.5373285963803, "rprd": 71.93728744422882, "w": 12, "l": 6}
RATING {"ts": "2026-07-03T06:33:03.883742+00:00", "elo": 1202.0069531869774, "gxe": 57.7, "rpr": 1559.4350248687379, "rprd": 70.6602716301453, "w": 13, "l": 6}
RATING {"ts": "2026-07-03T06:35:04.140364+00:00", "elo": 1202.0069531869774, "gxe": 57.7, "rpr": 1559.4350248687379, "rprd": 70.6602716301453, "w": 13, "l": 6}
RATING {"ts": "2026-07-03T06:37:04.385743+00:00", "elo": 1231.18957585067, "gxe": 59.2, "rpr": 1571.7172876393531, "rprd": 69.25668636185894, "w": 14, "l": 6}
RATING {"ts": "2026-07-03T06:39:04.676075+00:00", "elo": 1231.18957585067, "gxe": 59.2, "rpr": 1571.7172876393531, "rprd": 69.25668636185894, "w": 14, "l": 6}
RATING {"ts": "2026-07-03T06:41:04.963607+00:00", "elo": 1259.9776763683349, "gxe": 60.4, "rpr": 1580.72150693526, "rprd": 67.96420353619511, "w": 15, "l": 6}
RATING {"ts": "2026-07-03T06:43:05.405210+00:00", "elo": 1259.9776763683349, "gxe": 60.4, "rpr": 1580.72150693526, "rprd": 67.96420353619511, "w": 15, "l": 6}
RATING {"ts": "2026-07-03T06:45:05.651053+00:00", "elo": 1238.6598544492492, "gxe": 58.5, "rpr": 1565.7299908072862, "rprd": 66.71731542902639, "w": 15, "l": 7}
RATING {"ts": "2026-07-03T06:47:05.906062+00:00", "elo": 1264.7452568193946, "gxe": 59.8, "rpr": 1576.3839615302486, "rprd": 65.57364084056549, "w": 16, "l": 7}
RATING {"ts": "2026-07-03T06:49:06.237693+00:00", "elo": 1264.7452568193946, "gxe": 59.8, "rpr": 1576.3839615302486, "rprd": 65.57364084056549, "w": 16, "l": 7}
RATING {"ts": "2026-07-03T06:51:06.495215+00:00", "elo": 1264.7452568193946, "gxe": 59.8, "rpr": 1576.3839615302486, "rprd": 65.57364084056549, "w": 16, "l": 7}
RATING {"ts": "2026-07-03T06:53:06.773482+00:00", "elo": 1238.9255549003612, "gxe": 58.3, "rpr": 1563.8236397359094, "rprd": 64.51277345822342, "w": 16, "l": 8}
RATING {"ts": "2026-07-03T06:55:07.038056+00:00", "elo": 1261.949938664541, "gxe": 59.4, "rpr": 1572.6603618817126, "rprd": 63.45696492973805, "w": 17, "l": 8}
RATING {"ts": "2026-07-03T06:57:07.561684+00:00", "elo": 1259.3604673848201, "gxe": 58.6, "rpr": 1566.5764124416557, "rprd": 61.60260713954599, "w": 18, "l": 9}
RATING {"ts": "2026-07-03T06:59:08.844604+00:00", "elo": 1286.2190691517872, "gxe": 59.9, "rpr": 1576.5920176778702, "rprd": 60.68654864989557, "w": 19, "l": 9}
RATING {"ts": "2026-07-03T07:01:09.153486+00:00", "elo": 1286.2190691517872, "gxe": 59.9, "rpr": 1576.5920176778702, "rprd": 60.68654864989557, "w": 19, "l": 9}
RATING {"ts": "2026-07-03T07:03:09.487934+00:00", "elo": 1313.6285974415441, "gxe": 61.1, "rpr": 1586.306748203214, "rprd": 59.81110318441296, "w": 20, "l": 9}
RATING {"ts": "2026-07-03T07:05:09.893434+00:00", "elo": 1313.6285974415441, "gxe": 61.1, "rpr": 1586.306748203214, "rprd": 59.81110318441296, "w": 20, "l": 9}
RATING {"ts": "2026-07-03T07:07:10.146558+00:00", "elo": 1336.2965515279182, "gxe": 62.1, "rpr": 1594.2314277623445, "rprd": 58.956514798914, "w": 21, "l": 9}
RATING {"ts": "2026-07-03T07:09:10.421761+00:00", "elo": 1336.2965515279182, "gxe": 62.1, "rpr": 1594.2314277623445, "rprd": 58.956514798914, "w": 21, "l": 9}
RATING {"ts": "2026-07-03T07:11:10.679831+00:00", "elo": 1355.9182518290763, "gxe": 63.1, "rpr": 1602.5225619490955, "rprd": 58.154137496016254, "w": 22, "l": 9}
RATING {"ts": "2026-07-03T07:13:11.011525+00:00", "elo": 1336.2402071260055, "gxe": 61.8, "rpr": 1591.5859661701359, "rprd": 57.37526725230682, "w": 22, "l": 10}
RATING {"ts": "2026-07-03T07:15:11.342222+00:00", "elo": 1336.2402071260055, "gxe": 61.8, "rpr": 1591.5859661701359, "rprd": 57.37526725230682, "w": 22, "l": 10}
RATING {"ts": "2026-07-03T07:17:11.678564+00:00", "elo": 1354.0066001889538, "gxe": 62.7, "rpr": 1599.0045274730196, "rprd": 56.62805673263183, "w": 23, "l": 10}
RATING {"ts": "2026-07-03T07:19:12.932456+00:00", "elo": 1354.0066001889538, "gxe": 62.7, "rpr": 1599.0045274730196, "rprd": 56.62805673263183, "w": 23, "l": 10}
RATING {"ts": "2026-07-03T07:21:13.201197+00:00", "elo": 1354.0066001889538, "gxe": 62.7, "rpr": 1599.0045274730196, "rprd": 56.62805673263183, "w": 23, "l": 10}
RATING {"ts": "2026-07-03T07:23:13.502899+00:00", "elo": 1333.3866923435708, "gxe": 61.4, "rpr": 1588.0281155343166, "rprd": 55.90421492980995, "w": 23, "l": 11}
RATING {"ts": "2026-07-03T07:25:13.743521+00:00", "elo": 1355.7793591688446, "gxe": 62.2, "rpr": 1594.8469539746516, "rprd": 55.199728887423696, "w": 24, "l": 11}
RATING {"ts": "2026-07-03T07:27:14.008523+00:00", "elo": 1378.6524673623264, "gxe": 63.2, "rpr": 1602.567049070031, "rprd": 54.54037672202527, "w": 25, "l": 11}
RATING {"ts": "2026-07-03T07:29:14.301293+00:00", "elo": 1360.7632396558106, "gxe": 62, "rpr": 1593.2051843973122, "rprd": 53.90179276867077, "w": 25, "l": 12}
RATING {"ts": "2026-07-03T07:31:14.588820+00:00", "elo": 1360.7632396558106, "gxe": 62, "rpr": 1593.2051843973122, "rprd": 53.90179276867077, "w": 25, "l": 12}
RATING {"ts": "2026-07-03T07:33:15.080694+00:00", "elo": 1338.6574458140506, "gxe": 60.9, "rpr": 1584.0387661476816, "rprd": 53.28187145856277, "w": 25, "l": 13}
RATING {"ts": "2026-07-03T07:35:15.404018+00:00", "elo": 1338.6574458140506, "gxe": 60.9, "rpr": 1584.0387661476816, "rprd": 53.28187145856277, "w": 25, "l": 13}
RATING {"ts": "2026-07-03T07:37:15.639338+00:00", "elo": 1317.9658751293634, "gxe": 59.9, "rpr": 1576.1061593059721, "rprd": 52.704191143531446, "w": 25, "l": 14}
RATING {"ts": "2026-07-03T07:39:15.887929+00:00", "elo": 1300.3412713152807, "gxe": 59.3, "rpr": 1571.8539862474313, "rprd": 52.335579961049675, "w": 25, "l": 15}
RATING {"ts": "2026-07-03T07:41:16.546553+00:00", "elo": 1280.4885704411088, "gxe": 58.3, "rpr": 1563.6603734368987, "rprd": 51.767724093451086, "w": 25, "l": 16}
RATING {"ts": "2026-07-03T07:43:16.833758+00:00", "elo": 1280.4885704411088, "gxe": 58.3, "rpr": 1563.6603734368987, "rprd": 51.767724093451086, "w": 25, "l": 16}
RATING {"ts": "2026-07-03T07:45:17.113914+00:00", "elo": 1302.4870124419467, "gxe": 59, "rpr": 1569.4467252298202, "rprd": 51.20819520589161, "w": 26, "l": 16}
RATING {"ts": "2026-07-03T07:47:17.363100+00:00", "elo": 1324.8682788292128, "gxe": 59.9, "rpr": 1576.2397133979416, "rprd": 50.68337332492074, "w": 27, "l": 16}
RATING {"ts": "2026-07-03T07:49:17.615397+00:00", "elo": 1324.8682788292128, "gxe": 59.9, "rpr": 1576.2397133979416, "rprd": 50.68337332492074, "w": 27, "l": 16}
RATING {"ts": "2026-07-03T07:51:18.657358+00:00", "elo": 1307.6313890641918, "gxe": 58.9, "rpr": 1568.1653801815949, "rprd": 50.228725954778795, "w": 27, "l": 17}
RATING {"ts": "2026-07-03T07:53:18.958691+00:00", "elo": 1329.6089948820113, "gxe": 59.7, "rpr": 1574.382199252546, "rprd": 49.72400327841539, "w": 28, "l": 17}
RATING {"ts": "2026-07-03T07:55:19.448006+00:00", "elo": 1311.3498515562333, "gxe": 58.8, "rpr": 1567.47881558243, "rprd": 49.24885127528816, "w": 28, "l": 18}
RATING {"ts": "2026-07-03T07:57:20.805135+00:00", "elo": 1311.3498515562333, "gxe": 58.8, "rpr": 1567.47881558243, "rprd": 49.24885127528816, "w": 28, "l": 18}
RATING {"ts": "2026-07-03T07:59:21.255681+00:00", "elo": 1311.3498515562333, "gxe": 58.8, "rpr": 1567.47881558243, "rprd": 49.24885127528816, "w": 28, "l": 18}
RATING {"ts": "2026-07-03T08:01:21.551159+00:00", "elo": 1311.3498515562333, "gxe": 58.8, "rpr": 1567.47881558243, "rprd": 49.24885127528816, "w": 28, "l": 18}
RATING {"ts": "2026-07-03T08:03:21.830309+00:00", "elo": 1292.719093153435, "gxe": 57.9, "rpr": 1560.5896855464891, "rprd": 48.781927773942726, "w": 28, "l": 19}
RATING {"ts": "2026-07-03T08:05:22.080710+00:00", "elo": 1268.3435702889499, "gxe": 57, "rpr": 1553.534713696086, "rprd": 48.31875065459637, "w": 28, "l": 20}
RATING {"ts": "2026-07-03T08:07:22.326043+00:00", "elo": 1268.3435702889499, "gxe": 57, "rpr": 1553.534713696086, "rprd": 48.31875065459637, "w": 28, "l": 20}
RATING {"ts": "2026-07-03T08:09:22.569952+00:00", "elo": 1268.3435702889499, "gxe": 57, "rpr": 1553.534713696086, "rprd": 48.31875065459637, "w": 28, "l": 20}
RATING {"ts": "2026-07-03T08:11:23.086437+00:00", "elo": 1268.3435702889499, "gxe": 57, "rpr": 1553.534713696086, "rprd": 48.31875065459637, "w": 28, "l": 20}
RATING {"ts": "2026-07-03T08:13:23.502968+00:00", "elo": 1268.3435702889499, "gxe": 57, "rpr": 1553.534713696086, "rprd": 48.31875065459637, "w": 28, "l": 20}
RATING {"ts": "2026-07-03T08:15:23.768086+00:00", "elo": 1268.3435702889499, "gxe": 57, "rpr": 1553.534713696086, "rprd": 48.31875065459637, "w": 28, "l": 20}
RATING {"ts": "2026-07-03T08:17:24.004066+00:00", "elo": 1268.3435702889499, "gxe": 57, "rpr": 1553.534713696086, "rprd": 48.31875065459637, "w": 28, "l": 20}
RATING {"ts": "2026-07-03T08:19:24.444395+00:00", "elo": 1268.3435702889499, "gxe": 57, "rpr": 1553.534713696086, "rprd": 48.31875065459637, "w": 28, "l": 20}
RATING {"ts": "2026-07-03T08:21:24.689173+00:00", "elo": 1268.3435702889499, "gxe": 57, "rpr": 1553.534713696086, "rprd": 48.31875065459637, "w": 28, "l": 20}
RATING {"ts": "2026-07-03T08:23:25.214544+00:00", "elo": 1268.3435702889499, "gxe": 57, "rpr": 1553.534713696086, "rprd": 48.31875065459637, "w": 28, "l": 20}
RATING {"ts": "2026-07-03T08:25:25.476079+00:00", "elo": 1268.3435702889499, "gxe": 57, "rpr": 1553.534713696086, "rprd": 48.31875065459637, "w": 28, "l": 20}
RATING {"ts": "2026-07-03T08:27:25.746654+00:00", "elo": 1268.3435702889499, "gxe": 57, "rpr": 1553.534713696086, "rprd": 48.31875065459637, "w": 28, "l": 20}
RATING {"ts": "2026-07-03T08:29:25.988806+00:00", "elo": 1268.3435702889499, "gxe": 57, "rpr": 1553.534713696086, "rprd": 48.31875065459637, "w": 28, "l": 20}
RATING {"ts": "2026-07-03T08:31:26.388420+00:00", "elo": 1268.3435702889499, "gxe": 57, "rpr": 1553.534713696086, "rprd": 48.31875065459637, "w": 28, "l": 20}
RATING {"ts": "2026-07-03T08:33:26.751328+00:00", "elo": 1268.3435702889499, "gxe": 57, "rpr": 1553.534713696086, "rprd": 48.31875065459637, "w": 28, "l": 20}
RATING {"ts": "2026-07-03T08:35:27.034356+00:00", "elo": 1268.3435702889499, "gxe": 57, "rpr": 1553.534713696086, "rprd": 48.31875065459637, "w": 28, "l": 20}
RATING {"ts": "2026-07-03T08:37:27.280709+00:00", "elo": 1268.3435702889499, "gxe": 57, "rpr": 1553.534713696086, "rprd": 48.31875065459637, "w": 28, "l": 20}
RATING {"ts": "2026-07-03T08:39:27.523512+00:00", "elo": 1290.2035977533417, "gxe": 58, "rpr": 1561.290174393313, "rprd": 47.97038753597118, "w": 29, "l": 20}
RATING {"ts": "2026-07-03T08:41:27.793513+00:00", "elo": 1290.2035977533417, "gxe": 58, "rpr": 1561.290174393313, "rprd": 47.97038753597118, "w": 29, "l": 20}
RATING {"ts": "2026-07-03T08:43:28.113294+00:00", "elo": 1317.5390121734006, "gxe": 58.8, "rpr": 1567.412554303117, "rprd": 47.53814356834174, "w": 30, "l": 20}
RATING {"ts": "2026-07-03T08:45:28.465897+00:00", "elo": 1317.5390121734006, "gxe": 58.8, "rpr": 1567.412554303117, "rprd": 47.53814356834174, "w": 30, "l": 20}
RATING {"ts": "2026-07-03T08:47:28.760061+00:00", "elo": 1298.4363650198686, "gxe": 57.9, "rpr": 1560.3540134898594, "rprd": 47.11879281062556, "w": 30, "l": 21}
RATING {"ts": "2026-07-03T08:49:29.041963+00:00", "elo": 1298.4363650198686, "gxe": 57.9, "rpr": 1560.3540134898594, "rprd": 47.11879281062556, "w": 30, "l": 21}
RATING {"ts": "2026-07-03T08:51:29.505632+00:00", "elo": 1270.7060838236364, "gxe": 57.2, "rpr": 1555.1013116216564, "rprd": 46.75584259706112, "w": 30, "l": 22}
RATING {"ts": "2026-07-03T08:53:29.854118+00:00", "elo": 1270.7060838236364, "gxe": 57.2, "rpr": 1555.1013116216564, "rprd": 46.75584259706112, "w": 30, "l": 22}
RATING {"ts": "2026-07-03T08:55:30.116726+00:00", "elo": 1292.0075759485776, "gxe": 58, "rpr": 1561.130480302632, "rprd": 46.35337211802537, "w": 31, "l": 22}
RATING {"ts": "2026-07-03T08:57:30.420330+00:00", "elo": 1292.0075759485776, "gxe": 58, "rpr": 1561.130480302632, "rprd": 46.35337211802537, "w": 31, "l": 22}
RATING {"ts": "2026-07-03T08:59:30.715286+00:00", "elo": 1317.0133078257504, "gxe": 58.7, "rpr": 1566.2964081310593, "rprd": 45.96586263728472, "w": 32, "l": 22}
RATING {"ts": "2026-07-03T09:01:31.077369+00:00", "elo": 1293.634267074031, "gxe": 57.7, "rpr": 1559.2057800934078, "rprd": 46.05592753136384, "w": 32, "l": 23}
RATING {"ts": "2026-07-03T09:03:31.465431+00:00", "elo": 1319.326139135782, "gxe": 58.5, "rpr": 1564.9910096770625, "rprd": 45.66301720553157, "w": 33, "l": 23}
RATING {"ts": "2026-07-03T09:05:31.725507+00:00", "elo": 1298.7431763678587, "gxe": 57.7, "rpr": 1559.0094648386057, "rprd": 45.2844978504934, "w": 33, "l": 24}
RATING {"ts": "2026-07-03T09:07:32.016000+00:00", "elo": 1298.7431763678587, "gxe": 57.7, "rpr": 1559.0094648386057, "rprd": 45.2844978504934, "w": 33, "l": 24}
RATING {"ts": "2026-07-03T09:09:32.338685+00:00", "elo": 1276.2720616326585, "gxe": 57.1, "rpr": 1554.2554875806193, "rprd": 44.92603079276725, "w": 33, "l": 25}
RATING {"ts": "2026-07-03T09:11:33.462509+00:00", "elo": 1276.2720616326585, "gxe": 57.1, "rpr": 1554.2554875806193, "rprd": 44.92603079276725, "w": 33, "l": 25}
RATING {"ts": "2026-07-03T09:13:33.775737+00:00", "elo": 1276.2720616326585, "gxe": 57.1, "rpr": 1554.2554875806193, "rprd": 44.92603079276725, "w": 33, "l": 25}
RATING {"ts": "2026-07-03T09:15:34.079480+00:00", "elo": 1251.0892549668322, "gxe": 56.2, "rpr": 1547.6166505756753, "rprd": 44.57164303709879, "w": 33, "l": 26}
RATING {"ts": "2026-07-03T09:17:34.326034+00:00", "elo": 1251.0892549668322, "gxe": 56.2, "rpr": 1547.6166505756753, "rprd": 44.57164303709879, "w": 33, "l": 26}
RATING {"ts": "2026-07-03T09:19:34.593881+00:00", "elo": 1251.0892549668322, "gxe": 56.2, "rpr": 1547.6166505756753, "rprd": 44.57164303709879, "w": 33, "l": 26}
RATING {"ts": "2026-07-03T09:21:34.843919+00:00", "elo": 1227.0704136481488, "gxe": 55.5, "rpr": 1541.5054481092125, "rprd": 44.22651930894121, "w": 33, "l": 27}
RATING {"ts": "2026-07-03T09:23:35.111843+00:00", "elo": 1201.2752285898212, "gxe": 54.6, "rpr": 1535.1705370837312, "rprd": 43.894021042912485, "w": 33, "l": 28}
RATING {"ts": "2026-07-03T09:25:35.369534+00:00", "elo": 1180.159332805192, "gxe": 54, "rpr": 1530.0134305742918, "rprd": 43.553251594126955, "w": 33, "l": 29}
RATING {"ts": "2026-07-03T09:27:35.606382+00:00", "elo": 1157.57564225768, "gxe": 53.2, "rpr": 1524.2917452543418, "rprd": 43.23025794953535, "w": 33, "l": 30}
RATING {"ts": "2026-07-03T09:29:35.859097+00:00", "elo": 1157.57564225768, "gxe": 53.2, "rpr": 1524.2917452543418, "rprd": 43.23025794953535, "w": 33, "l": 30}
RATING {"ts": "2026-07-03T09:31:36.477593+00:00", "elo": 1129.0637592460653, "gxe": 52.5, "rpr": 1519.0571457007004, "rprd": 42.95564617807233, "w": 33, "l": 31}
RATING {"ts": "2026-07-03T09:33:36.746801+00:00", "elo": 1154.204348612907, "gxe": 53.1, "rpr": 1523.7261243126068, "rprd": 42.66553780151258, "w": 34, "l": 31}
RATING {"ts": "2026-07-03T09:35:37.151630+00:00", "elo": 1154.204348612907, "gxe": 53.1, "rpr": 1523.7261243126068, "rprd": 42.66553780151258, "w": 34, "l": 31}
RATING {"ts": "2026-07-03T09:37:37.377064+00:00", "elo": 1127.2267861738642, "gxe": 52.5, "rpr": 1518.6326944488476, "rprd": 42.40148271452585, "w": 34, "l": 32}
RATING {"ts": "2026-07-03T09:39:37.619485+00:00", "elo": 1127.2267861738642, "gxe": 52.5, "rpr": 1518.6326944488476, "rprd": 42.40148271452585, "w": 34, "l": 32}
RATING {"ts": "2026-07-03T09:41:37.881607+00:00", "elo": 1127.2267861738642, "gxe": 52.5, "rpr": 1518.6326944488476, "rprd": 42.40148271452585, "w": 34, "l": 32}
RATING {"ts": "2026-07-03T09:43:38.126099+00:00", "elo": 1155.5623101810359, "gxe": 53.1, "rpr": 1523.196882695033, "rprd": 42.10851346467018, "w": 35, "l": 32}
RATING {"ts": "2026-07-03T09:45:38.368073+00:00", "elo": 1134.4806114999562, "gxe": 52.4, "rpr": 1517.9107404693216, "rprd": 41.819212711732746, "w": 35, "l": 33}
RATING {"ts": "2026-07-03T09:47:38.616367+00:00", "elo": 1134.4806114999562, "gxe": 52.4, "rpr": 1517.9107404693216, "rprd": 41.819212711732746, "w": 35, "l": 33}
RATING {"ts": "2026-07-03T09:49:39.071788+00:00", "elo": 1109.4228507903815, "gxe": 51.6, "rpr": 1512.4928951121674, "rprd": 41.53804797720304, "w": 35, "l": 34}
RATING {"ts": "2026-07-03T09:51:39.415005+00:00", "elo": 1085.1310937709109, "gxe": 51, "rpr": 1507.793468674502, "rprd": 41.29426071133036, "w": 35, "l": 35}
RATING {"ts": "2026-07-03T09:53:39.810692+00:00", "elo": 1085.1310937709109, "gxe": 51, "rpr": 1507.793468674502, "rprd": 41.29426071133036, "w": 35, "l": 35}
RATING {"ts": "2026-07-03T09:55:40.102529+00:00", "elo": 1085.1310937709109, "gxe": 51, "rpr": 1507.793468674502, "rprd": 41.29426071133036, "w": 35, "l": 35}
RATING {"ts": "2026-07-03T09:57:41.566974+00:00", "elo": 1065.2572440765084, "gxe": 50.4, "rpr": 1502.6990713239763, "rprd": 41.02076957465076, "w": 35, "l": 36}
RATING {"ts": "2026-07-03T09:59:41.828461+00:00", "elo": 1065.2572440765084, "gxe": 50.4, "rpr": 1502.6990713239763, "rprd": 41.02076957465076, "w": 35, "l": 36}
RATING {"ts": "2026-07-03T10:01:42.170856+00:00", "elo": 1047.334140664267, "gxe": 49.8, "rpr": 1498.226451272382, "rprd": 40.785926025021354, "w": 35, "l": 37}
RATING {"ts": "2026-07-03T10:03:42.412169+00:00", "elo": 1047.334140664267, "gxe": 49.8, "rpr": 1498.226451272382, "rprd": 40.785926025021354, "w": 35, "l": 37}
RATING {"ts": "2026-07-03T10:05:42.642300+00:00", "elo": 1075.7793130119173, "gxe": 50.3, "rpr": 1502.6068944668093, "rprd": 40.555070268612475, "w": 36, "l": 37}
RATING {"ts": "2026-07-03T10:07:43.881790+00:00", "elo": 1075.7793130119173, "gxe": 50.3, "rpr": 1502.6068944668093, "rprd": 40.555070268612475, "w": 36, "l": 37}
RATING {"ts": "2026-07-03T10:09:44.123871+00:00", "elo": 1106.3549469693155, "gxe": 50.9, "rpr": 1506.5972208141127, "rprd": 40.327636083002176, "w": 37, "l": 37}
RATING {"ts": "2026-07-03T10:11:44.371243+00:00", "elo": 1106.3549469693155, "gxe": 50.9, "rpr": 1506.5972208141127, "rprd": 40.327636083002176, "w": 37, "l": 37}
RATING {"ts": "2026-07-03T10:13:44.638341+00:00", "elo": 1106.3549469693155, "gxe": 50.9, "rpr": 1506.5972208141127, "rprd": 40.327636083002176, "w": 37, "l": 37}
RATING {"ts": "2026-07-03T10:15:44.886944+00:00", "elo": 1079.3385230414585, "gxe": 50.3, "rpr": 1501.9198386943083, "rprd": 40.06942068963713, "w": 37, "l": 38}
RATING {"ts": "2026-07-03T10:17:45.134841+00:00", "elo": 1079.3385230414585, "gxe": 50.3, "rpr": 1501.9198386943083, "rprd": 40.06942068963713, "w": 37, "l": 38}
RATING {"ts": "2026-07-03T10:19:45.385311+00:00", "elo": 1106.6909722960768, "gxe": 50.8, "rpr": 1506.1091339604402, "rprd": 39.8504544740408, "w": 38, "l": 38}
RATING {"ts": "2026-07-03T10:21:46.126917+00:00", "elo": 1131.5350625500716, "gxe": 51.3, "rpr": 1510.2080915793204, "rprd": 39.6350392016713, "w": 39, "l": 38}
RATING {"ts": "2026-07-03T10:23:46.466773+00:00", "elo": 1104.2480436760623, "gxe": 50.5, "rpr": 1504.1181004205623, "rprd": 39.451075633179286, "w": 39, "l": 39}
RATING {"ts": "2026-07-03T10:25:46.708777+00:00", "elo": 1104.2480436760623, "gxe": 50.5, "rpr": 1504.1181004205623, "rprd": 39.451075633179286, "w": 39, "l": 39}
RATING {"ts": "2026-07-03T10:27:46.965896+00:00", "elo": 1104.2480436760623, "gxe": 50.5, "rpr": 1504.1181004205623, "rprd": 39.451075633179286, "w": 39, "l": 39}
RATING {"ts": "2026-07-03T10:29:47.230726+00:00", "elo": 1104.2480436760623, "gxe": 50.5, "rpr": 1504.1181004205623, "rprd": 39.451075633179286, "w": 39, "l": 39}
RATING {"ts": "2026-07-03T10:31:51.370200+00:00", "elo": 1080.240921053703, "gxe": 49.9, "rpr": 1498.972278405169, "rprd": 39.22850984335296, "w": 39, "l": 40}
RATING {"ts": "2026-07-03T10:33:51.625726+00:00", "elo": 1080.240921053703, "gxe": 49.9, "rpr": 1498.972278405169, "rprd": 39.22850984335296, "w": 39, "l": 40}
RATING {"ts": "2026-07-03T10:35:51.857371+00:00", "elo": 1080.240921053703, "gxe": 49.9, "rpr": 1498.972278405169, "rprd": 39.22850984335296, "w": 39, "l": 40}
RATING {"ts": "2026-07-03T10:37:52.540645+00:00", "elo": 1058.2348292052495, "gxe": 49.2, "rpr": 1493.9933817130968, "rprd": 39.00716357800257, "w": 39, "l": 41}
RATING {"ts": "2026-07-03T10:39:52.791241+00:00", "elo": 1058.2348292052495, "gxe": 49.2, "rpr": 1493.9933817130968, "rprd": 39.00716357800257, "w": 39, "l": 41}
RATING {"ts": "2026-07-03T10:41:53.027223+00:00", "elo": 1058.2348292052495, "gxe": 49.2, "rpr": 1493.9933817130968, "rprd": 39.00716357800257, "w": 39, "l": 41}
RATING {"ts": "2026-07-03T10:43:53.261450+00:00", "elo": 1039.1810425777137, "gxe": 48.8, "rpr": 1490.631498248695, "rprd": 38.793428253143745, "w": 39, "l": 42}
RATING {"ts": "2026-07-03T10:45:53.508929+00:00", "elo": 1039.1810425777137, "gxe": 48.8, "rpr": 1490.631498248695, "rprd": 38.793428253143745, "w": 39, "l": 42}
RATING {"ts": "2026-07-03T10:47:53.750938+00:00", "elo": 1039.1810425777137, "gxe": 48.8, "rpr": 1490.631498248695, "rprd": 38.793428253143745, "w": 39, "l": 42}
RATING {"ts": "2026-07-03T10:49:54.003174+00:00", "elo": 1058.4243150889558, "gxe": 48.8, "rpr": 1490.7931073281952, "rprd": 38.39883660266386, "w": 40, "l": 43}
RATING {"ts": "2026-07-03T10:51:54.250263+00:00", "elo": 1058.4243150889558, "gxe": 48.8, "rpr": 1490.7931073281952, "rprd": 38.39883660266386, "w": 40, "l": 43}
RATING {"ts": "2026-07-03T10:53:54.486952+00:00", "elo": 1039.5834886627997, "gxe": 48, "rpr": 1484.8429870237817, "rprd": 38.251684077894176, "w": 40, "l": 44}
RATING {"ts": "2026-07-03T10:55:54.731906+00:00", "elo": 1039.5834886627997, "gxe": 48, "rpr": 1484.8429870237817, "rprd": 38.251684077894176, "w": 40, "l": 44}
RATING {"ts": "2026-07-03T10:57:54.978112+00:00", "elo": 1039.5834886627997, "gxe": 48, "rpr": 1484.8429870237817, "rprd": 38.251684077894176, "w": 40, "l": 44}
RATING {"ts": "2026-07-03T10:59:55.219778+00:00", "elo": 1069.7819166391125, "gxe": 48.2, "rpr": 1486.574567207664, "rprd": 38.13741546478151, "w": 41, "l": 44}
RATING {"ts": "2026-07-03T11:01:55.441202+00:00", "elo": 1069.7819166391125, "gxe": 48.2, "rpr": 1486.574567207664, "rprd": 38.13741546478151, "w": 41, "l": 44}
RATING {"ts": "2026-07-03T11:03:55.676541+00:00", "elo": 1069.7819166391125, "gxe": 48.2, "rpr": 1486.574567207664, "rprd": 38.13741546478151, "w": 41, "l": 44}
RATING {"ts": "2026-07-03T11:05:56.676170+00:00", "elo": 1096.2328873965964, "gxe": 48.8, "rpr": 1490.9829105814972, "rprd": 37.94071607178239, "w": 42, "l": 44}
RATING {"ts": "2026-07-03T11:07:56.931495+00:00", "elo": 1096.2328873965964, "gxe": 48.8, "rpr": 1490.9829105814972, "rprd": 37.94071607178239, "w": 42, "l": 44}
RATING {"ts": "2026-07-03T11:09:57.211001+00:00", "elo": 1122.1299064276104, "gxe": 49.3, "rpr": 1494.8501502837576, "rprd": 37.754669270484854, "w": 43, "l": 44}
RATING {"ts": "2026-07-03T11:11:57.450607+00:00", "elo": 1093.9882805048042, "gxe": 48.8, "rpr": 1491.1308200360593, "rprd": 37.57133280669051, "w": 43, "l": 45}
RATING {"ts": "2026-07-03T11:13:57.865546+00:00", "elo": 1093.9882805048042, "gxe": 48.8, "rpr": 1491.1308200360593, "rprd": 37.57133280669051, "w": 43, "l": 45}
RATING {"ts": "2026-07-03T11:15:58.793643+00:00", "elo": 1093.9882805048042, "gxe": 48.8, "rpr": 1491.1308200360593, "rprd": 37.57133280669051, "w": 43, "l": 45}
RATING {"ts": "2026-07-03T11:17:59.039174+00:00", "elo": 1105.177954717322, "gxe": 48.6, "rpr": 1489.1745250276451, "rprd": 37.23910785532197, "w": 44, "l": 46}
RATING {"ts": "2026-07-03T11:19:59.275969+00:00", "elo": 1133.0734014974878, "gxe": 49, "rpr": 1492.7972532075667, "rprd": 37.045146596117995, "w": 45, "l": 46}
RATING {"ts": "2026-07-03T11:21:59.509435+00:00", "elo": 1133.0734014974878, "gxe": 49, "rpr": 1492.7972532075667, "rprd": 37.045146596117995, "w": 45, "l": 46}
RATING {"ts": "2026-07-03T11:23:59.986016+00:00", "elo": 1133.0734014974878, "gxe": 49, "rpr": 1492.7972532075667, "rprd": 37.045146596117995, "w": 45, "l": 46}
RATING {"ts": "2026-07-03T11:26:00.227476+00:00", "elo": 1159.9778599599563, "gxe": 49.5, "rpr": 1496.2235424879393, "rprd": 36.8576105677691, "w": 46, "l": 46}
RATING {"ts": "2026-07-03T11:28:01.016221+00:00", "elo": 1159.9778599599563, "gxe": 49.5, "rpr": 1496.2235424879393, "rprd": 36.8576105677691, "w": 46, "l": 46}
RATING {"ts": "2026-07-03T11:30:01.253585+00:00", "elo": 1159.9778599599563, "gxe": 49.5, "rpr": 1496.2235424879393, "rprd": 36.8576105677691, "w": 46, "l": 46}
RATING {"ts": "2026-07-03T11:32:01.491258+00:00", "elo": 1185.8802351038585, "gxe": 50, "rpr": 1499.6444064779419, "rprd": 36.67192638602769, "w": 47, "l": 46}
RATING {"ts": "2026-07-03T11:34:01.769837+00:00", "elo": 1185.8802351038585, "gxe": 50, "rpr": 1499.6444064779419, "rprd": 36.67192638602769, "w": 47, "l": 46}
RATING {"ts": "2026-07-03T11:36:02.033523+00:00", "elo": 1210.0963723793077, "gxe": 50.4, "rpr": 1502.8308187152818, "rprd": 36.494887521018256, "w": 48, "l": 46}
RATING {"ts": "2026-07-03T11:38:02.272857+00:00", "elo": 1210.0963723793077, "gxe": 50.4, "rpr": 1502.8308187152818, "rprd": 36.494887521018256, "w": 48, "l": 46}
RATING {"ts": "2026-07-03T11:40:02.519332+00:00", "elo": 1232.4780138068616, "gxe": 50.9, "rpr": 1506.607732424773, "rprd": 36.304105753757725, "w": 49, "l": 46}
RATING {"ts": "2026-07-03T11:42:03.003120+00:00", "elo": 1232.4780138068616, "gxe": 50.9, "rpr": 1506.607732424773, "rprd": 36.304105753757725, "w": 49, "l": 46}
RATING {"ts": "2026-07-03T11:44:03.321982+00:00", "elo": 1205.0747016330336, "gxe": 50.3, "rpr": 1502.5913833492298, "rprd": 36.12100247713694, "w": 49, "l": 47}
RATING {"ts": "2026-07-03T11:46:03.564452+00:00", "elo": 1205.0747016330336, "gxe": 50.3, "rpr": 1502.5913833492298, "rprd": 36.12100247713694, "w": 49, "l": 47}
RATING {"ts": "2026-07-03T11:48:03.808452+00:00", "elo": 1205.0747016330336, "gxe": 50.3, "rpr": 1502.5913833492298, "rprd": 36.12100247713694, "w": 49, "l": 47}
RATING {"ts": "2026-07-03T11:50:04.060624+00:00", "elo": 1181.7241505375728, "gxe": 49.8, "rpr": 1498.4515428039829, "rprd": 35.950280791093846, "w": 49, "l": 48}
RATING {"ts": "2026-07-03T11:52:04.289895+00:00", "elo": 1158.3362093809221, "gxe": 49.3, "rpr": 1494.829978247929, "rprd": 35.76894519896345, "w": 49, "l": 49}
RATING {"ts": "2026-07-03T11:54:04.541499+00:00", "elo": 1158.3362093809221, "gxe": 49.3, "rpr": 1494.829978247929, "rprd": 35.76894519896345, "w": 49, "l": 49}
RATING {"ts": "2026-07-03T11:56:04.784965+00:00", "elo": 1182.511507831129, "gxe": 49.7, "rpr": 1498.1066917353578, "rprd": 35.597325542647106, "w": 50, "l": 49}
RATING {"ts": "2026-07-03T11:58:05.117850+00:00", "elo": 1182.511507831129, "gxe": 49.7, "rpr": 1498.1066917353578, "rprd": 35.597325542647106, "w": 50, "l": 49}
RATING {"ts": "2026-07-03T12:00:05.350688+00:00", "elo": 1182.511507831129, "gxe": 49.7, "rpr": 1498.1066917353578, "rprd": 35.597325542647106, "w": 50, "l": 49}
RATING {"ts": "2026-07-03T12:02:05.572916+00:00", "elo": 1156.227699808681, "gxe": 49.2, "rpr": 1493.9188261644717, "rprd": 35.433854297483514, "w": 50, "l": 50}
RATING {"ts": "2026-07-03T12:04:05.816273+00:00", "elo": 1156.227699808681, "gxe": 49.2, "rpr": 1493.9188261644717, "rprd": 35.433854297483514, "w": 50, "l": 50}
RATING {"ts": "2026-07-03T12:06:06.088385+00:00", "elo": 1156.227699808681, "gxe": 49.2, "rpr": 1493.9188261644717, "rprd": 35.433854297483514, "w": 50, "l": 50}
RATING {"ts": "2026-07-03T12:08:06.326821+00:00", "elo": 1132.4844578641955, "gxe": 48.8, "rpr": 1490.6260773792465, "rprd": 35.25528309474057, "w": 50, "l": 51}
RATING {"ts": "2026-07-03T12:10:06.642272+00:00", "elo": 1132.4844578641955, "gxe": 48.8, "rpr": 1490.6260773792465, "rprd": 35.25528309474057, "w": 50, "l": 51}
RATING {"ts": "2026-07-03T12:12:07.165334+00:00", "elo": 1156.301551829396, "gxe": 49.2, "rpr": 1493.5862499897735, "rprd": 35.099156276056014, "w": 51, "l": 51}
RATING {"ts": "2026-07-03T12:14:07.414872+00:00", "elo": 1156.301551829396, "gxe": 49.2, "rpr": 1493.5862499897735, "rprd": 35.099156276056014, "w": 51, "l": 51}
RATING {"ts": "2026-07-03T12:16:07.831364+00:00", "elo": 1134.5452832466476, "gxe": 48.7, "rpr": 1490.3811174844832, "rprd": 34.926755338840834, "w": 51, "l": 52}
RATING {"ts": "2026-07-03T12:18:08.077378+00:00", "elo": 1134.5452832466476, "gxe": 48.7, "rpr": 1490.3811174844832, "rprd": 34.926755338840834, "w": 51, "l": 52}
RATING {"ts": "2026-07-03T12:20:08.311929+00:00", "elo": 1161.8556883391295, "gxe": 49.1, "rpr": 1493.3073295120146, "rprd": 34.774504301902454, "w": 52, "l": 52}
RATING {"ts": "2026-07-03T12:22:08.560260+00:00", "elo": 1161.8556883391295, "gxe": 49.1, "rpr": 1493.3073295120146, "rprd": 34.774504301902454, "w": 52, "l": 52}
RATING {"ts": "2026-07-03T12:24:08.799737+00:00", "elo": 1185.9411936835315, "gxe": 49.5, "rpr": 1496.1759596868878, "rprd": 34.62372855322039, "w": 53, "l": 52}
RATING {"ts": "2026-07-03T12:26:09.137827+00:00", "elo": 1211.744309382785, "gxe": 50, "rpr": 1499.6660062999767, "rprd": 34.45905174311037, "w": 54, "l": 52}
RATING {"ts": "2026-07-03T12:28:09.383257+00:00", "elo": 1190.4607067773618, "gxe": 49.5, "rpr": 1496.3040851180394, "rprd": 34.29849087984914, "w": 54, "l": 53}
RATING {"ts": "2026-07-03T12:30:09.644176+00:00", "elo": 1190.4607067773618, "gxe": 49.5, "rpr": 1496.3040851180394, "rprd": 34.29849087984914, "w": 54, "l": 53}
RATING {"ts": "2026-07-03T12:32:09.903723+00:00", "elo": 1166.1756273969725, "gxe": 49.2, "rpr": 1493.6657214531137, "rprd": 34.13978385026751, "w": 54, "l": 54}
RATING {"ts": "2026-07-03T12:34:10.179095+00:00", "elo": 1166.1756273969725, "gxe": 49.2, "rpr": 1493.6657214531137, "rprd": 34.13978385026751, "w": 54, "l": 54}
RATING {"ts": "2026-07-03T12:36:10.429917+00:00", "elo": 1191.5240394486361, "gxe": 49.6, "rpr": 1496.7373111045579, "rprd": 33.98891094313335, "w": 55, "l": 54}
RATING {"ts": "2026-07-03T12:38:10.667483+00:00", "elo": 1191.5240394486361, "gxe": 49.6, "rpr": 1496.7373111045579, "rprd": 33.98891094313335, "w": 55, "l": 54}
RATING {"ts": "2026-07-03T12:40:10.910358+00:00", "elo": 1218.1990495043608, "gxe": 50, "rpr": 1499.6341983001273, "rprd": 33.8460319732427, "w": 56, "l": 54}
RATING {"ts": "2026-07-03T12:42:11.292155+00:00", "elo": 1197.9532480775645, "gxe": 49.6, "rpr": 1496.8273688211932, "rprd": 33.68828350016908, "w": 56, "l": 55}
RATING {"ts": "2026-07-03T12:44:11.745646+00:00", "elo": 1223.3629889777567, "gxe": 50, "rpr": 1499.677613912335, "rprd": 33.55325577730201, "w": 57, "l": 55}
RATING {"ts": "2026-07-03T12:46:12.001819+00:00", "elo": 1223.3629889777567, "gxe": 50, "rpr": 1499.677613912335, "rprd": 33.55325577730201, "w": 57, "l": 55}
RATING {"ts": "2026-07-03T12:48:12.369609+00:00", "elo": 1202.8918549192958, "gxe": 49.5, "rpr": 1496.3617377281953, "rprd": 33.408148316863766, "w": 57, "l": 56}
RATING {"ts": "2026-07-03T12:50:12.606134+00:00", "elo": 1202.8918549192958, "gxe": 49.5, "rpr": 1496.3617377281953, "rprd": 33.408148316863766, "w": 57, "l": 56}
RATING {"ts": "2026-07-03T12:52:12.865389+00:00", "elo": 1179.388177135338, "gxe": 49.1, "rpr": 1492.9824802644903, "rprd": 33.2666599637047, "w": 57, "l": 57}
RATING {"ts": "2026-07-03T12:54:13.126685+00:00", "elo": 1205.623383494567, "gxe": 49.5, "rpr": 1496.2346534525275, "rprd": 33.12051752082897, "w": 58, "l": 57}
RATING {"ts": "2026-07-03T12:56:13.384587+00:00", "elo": 1205.623383494567, "gxe": 49.5, "rpr": 1496.2346534525275, "rprd": 33.12051752082897, "w": 58, "l": 57}
RATING {"ts": "2026-07-03T12:58:13.722357+00:00", "elo": 1179.97305075152, "gxe": 49.1, "rpr": 1493.073780279194, "rprd": 32.98367766580553, "w": 58, "l": 58}
RATING {"ts": "2026-07-03T13:00:15.040079+00:00", "elo": 1179.97305075152, "gxe": 49.1, "rpr": 1493.073780279194, "rprd": 32.98367766580553, "w": 58, "l": 58}
RATING {"ts": "2026-07-03T13:02:15.288307+00:00", "elo": 1156.9975245225696, "gxe": 48.7, "rpr": 1490.2417057023715, "rprd": 32.8612209415845, "w": 58, "l": 59}
RATING {"ts": "2026-07-03T13:04:15.521538+00:00", "elo": 1156.9975245225696, "gxe": 48.7, "rpr": 1490.2417057023715, "rprd": 32.8612209415845, "w": 58, "l": 59}
RATING {"ts": "2026-07-03T13:06:15.798516+00:00", "elo": 1156.9975245225696, "gxe": 48.7, "rpr": 1490.2417057023715, "rprd": 32.8612209415845, "w": 58, "l": 59}
RATING {"ts": "2026-07-03T13:08:16.046680+00:00", "elo": 1184.7397471692009, "gxe": 49.1, "rpr": 1493.1876839000895, "rprd": 32.72544639772174, "w": 59, "l": 59}
RATING {"ts": "2026-07-03T13:10:16.303944+00:00", "elo": 1184.7397471692009, "gxe": 49.1, "rpr": 1493.1876839000895, "rprd": 32.72544639772174, "w": 59, "l": 59}
RATING {"ts": "2026-07-03T13:12:16.550612+00:00", "elo": 1207.7931931194075, "gxe": 49.5, "rpr": 1496.0260784246439, "rprd": 32.599398048940195, "w": 60, "l": 59}
RATING {"ts": "2026-07-03T13:14:16.798207+00:00", "elo": 1207.7931931194075, "gxe": 49.5, "rpr": 1496.0260784246439, "rprd": 32.599398048940195, "w": 60, "l": 59}
RATING {"ts": "2026-07-03T13:16:17.083658+00:00", "elo": 1230.3284210047277, "gxe": 49.8, "rpr": 1498.3080882481004, "rprd": 32.48222946373708, "w": 61, "l": 59}
RATING {"ts": "2026-07-03T13:18:17.320574+00:00", "elo": 1205.925094415835, "gxe": 49.4, "rpr": 1495.5790268661572, "rprd": 32.34425390982364, "w": 61, "l": 60}
RATING {"ts": "2026-07-03T13:20:17.571886+00:00", "elo": 1234.2586290397958, "gxe": 49.8, "rpr": 1498.6954938588713, "rprd": 32.20922813633903, "w": 62, "l": 60}
RATING {"ts": "2026-07-03T13:22:17.840904+00:00", "elo": 1259.4904708458644, "gxe": 50.2, "rpr": 1501.3586935481237, "rprd": 32.08531877470576, "w": 63, "l": 60}
RATING {"ts": "2026-07-03T13:24:18.742423+00:00", "elo": 1286.3370829911553, "gxe": 50.6, "rpr": 1504.513593803844, "rprd": 31.95293646674871, "w": 64, "l": 60}
RATING {"ts": "2026-07-03T13:26:18.986795+00:00", "elo": 1311.1911008783482, "gxe": 51, "rpr": 1507.816068686322, "rprd": 31.81972354599183, "w": 65, "l": 60}
RATING {"ts": "2026-07-03T13:28:19.229394+00:00", "elo": 1311.1911008783482, "gxe": 51, "rpr": 1507.816068686322, "rprd": 31.81972354599183, "w": 65, "l": 60}
RATING {"ts": "2026-07-03T13:30:19.501445+00:00", "elo": 1331.005190688008, "gxe": 51.4, "rpr": 1510.77398009315, "rprd": 31.691273963790312, "w": 66, "l": 60}
RATING {"ts": "2026-07-03T13:32:19.744923+00:00", "elo": 1331.005190688008, "gxe": 51.4, "rpr": 1510.77398009315, "rprd": 31.691273963790312, "w": 66, "l": 60}
RATING {"ts": "2026-07-03T13:34:19.997026+00:00", "elo": 1313.1938744418674, "gxe": 51, "rpr": 1507.5863195901838, "rprd": 31.57478806534574, "w": 66, "l": 61}
RATING {"ts": "2026-07-03T13:36:20.240382+00:00", "elo": 1313.1938744418674, "gxe": 51, "rpr": 1507.5863195901838, "rprd": 31.57478806534574, "w": 66, "l": 61}
RATING {"ts": "2026-07-03T13:38:20.481236+00:00", "elo": 1313.1938744418674, "gxe": 51, "rpr": 1507.5863195901838, "rprd": 31.57478806534574, "w": 66, "l": 61}
RATING {"ts": "2026-07-03T13:40:20.723880+00:00", "elo": 1295.8127700485513, "gxe": 50.7, "rpr": 1505.0841331625504, "rprd": 31.446370559730624, "w": 66, "l": 62}
RATING {"ts": "2026-07-03T13:42:20.965489+00:00", "elo": 1270.8168182510162, "gxe": 50.3, "rpr": 1502.2538490733414, "rprd": 31.325470260425085, "w": 66, "l": 63}
RATING {"ts": "2026-07-03T13:44:21.209220+00:00", "elo": 1247.7054226384478, "gxe": 49.9, "rpr": 1499.3021705539172, "rprd": 31.20736380039774, "w": 66, "l": 64}
RATING {"ts": "2026-07-03T13:46:21.469808+00:00", "elo": 1247.7054226384478, "gxe": 49.9, "rpr": 1499.3021705539172, "rprd": 31.20736380039774, "w": 66, "l": 64}
RATING {"ts": "2026-07-03T13:48:21.722695+00:00", "elo": 1247.7054226384478, "gxe": 49.9, "rpr": 1499.3021705539172, "rprd": 31.20736380039774, "w": 66, "l": 64}
RATING {"ts": "2026-07-03T13:50:21.966647+00:00", "elo": 1226.7424623397794, "gxe": 49.6, "rpr": 1497.131015317013, "rprd": 31.08391498616294, "w": 66, "l": 65}
RATING {"ts": "2026-07-03T13:52:22.215241+00:00", "elo": 1226.7424623397794, "gxe": 49.6, "rpr": 1497.131015317013, "rprd": 31.08391498616294, "w": 66, "l": 65}
RATING {"ts": "2026-07-03T13:54:22.453984+00:00", "elo": 1226.7424623397794, "gxe": 49.6, "rpr": 1497.131015317013, "rprd": 31.08391498616294, "w": 66, "l": 65}
RATING {"ts": "2026-07-03T13:56:22.689647+00:00", "elo": 1226.7424623397794, "gxe": 49.6, "rpr": 1497.131015317013, "rprd": 31.08391498616294, "w": 66, "l": 65}
RATING {"ts": "2026-07-03T13:58:22.925371+00:00", "elo": 1226.7424623397794, "gxe": 49.6, "rpr": 1497.131015317013, "rprd": 31.08391498616294, "w": 66, "l": 65}
RATING {"ts": "2026-07-03T14:00:23.176203+00:00", "elo": 1226.7424623397794, "gxe": 49.6, "rpr": 1497.131015317013, "rprd": 31.08391498616294, "w": 66, "l": 65}
RATING {"ts": "2026-07-03T14:02:23.422980+00:00", "elo": 1226.7424623397794, "gxe": 49.6, "rpr": 1497.131015317013, "rprd": 31.08391498616294, "w": 66, "l": 65}
RATING {"ts": "2026-07-03T14:04:23.778195+00:00", "elo": 1226.7424623397794, "gxe": 49.6, "rpr": 1497.131015317013, "rprd": 31.08391498616294, "w": 66, "l": 65}
RATING {"ts": "2026-07-03T14:06:24.032022+00:00", "elo": 1226.7424623397794, "gxe": 49.6, "rpr": 1497.131015317013, "rprd": 31.08391498616294, "w": 66, "l": 65}
RATING {"ts": "2026-07-03T14:08:24.284212+00:00", "elo": 1226.7424623397794, "gxe": 49.6, "rpr": 1497.131015317013, "rprd": 31.08391498616294, "w": 66, "l": 65}
RATING {"ts": "2026-07-03T14:10:24.527282+00:00", "elo": 1226.7424623397794, "gxe": 49.6, "rpr": 1497.131015317013, "rprd": 31.08391498616294, "w": 66, "l": 65}
RATING {"ts": "2026-07-03T14:12:24.779453+00:00", "elo": 1226.7424623397794, "gxe": 49.6, "rpr": 1497.131015317013, "rprd": 31.08391498616294, "w": 66, "l": 65}
RATING {"ts": "2026-07-03T14:14:25.104349+00:00", "elo": 1226.7424623397794, "gxe": 49.6, "rpr": 1497.131015317013, "rprd": 31.08391498616294, "w": 66, "l": 65}
RATING {"ts": "2026-07-03T14:16:25.434765+00:00", "elo": 1226.7424623397794, "gxe": 49.6, "rpr": 1497.131015317013, "rprd": 31.08391498616294, "w": 66, "l": 65}
RATING {"ts": "2026-07-03T14:18:25.891130+00:00", "elo": 1226.7424623397794, "gxe": 49.6, "rpr": 1497.131015317013, "rprd": 31.08391498616294, "w": 66, "l": 65}
RATING {"ts": "2026-07-03T14:20:26.133603+00:00", "elo": 1226.7424623397794, "gxe": 49.6, "rpr": 1497.131015317013, "rprd": 31.08391498616294, "w": 66, "l": 65}
RATING {"ts": "2026-07-03T14:22:26.383460+00:00", "elo": 1226.7424623397794, "gxe": 49.6, "rpr": 1497.131015317013, "rprd": 31.08391498616294, "w": 66, "l": 65}
RATING {"ts": "2026-07-03T14:24:26.627154+00:00", "elo": 1226.7424623397794, "gxe": 49.6, "rpr": 1497.131015317013, "rprd": 31.08391498616294, "w": 66, "l": 65}
RATING {"ts": "2026-07-03T14:26:26.870333+00:00", "elo": 1226.7424623397794, "gxe": 49.6, "rpr": 1497.131015317013, "rprd": 31.08391498616294, "w": 66, "l": 65}
RATING {"ts": "2026-07-03T14:28:27.111587+00:00", "elo": 1226.7424623397794, "gxe": 49.6, "rpr": 1497.131015317013, "rprd": 31.08391498616294, "w": 66, "l": 65}
RATING {"ts": "2026-07-03T14:30:27.355892+00:00", "elo": 1226.7424623397794, "gxe": 49.6, "rpr": 1497.131015317013, "rprd": 31.08391498616294, "w": 66, "l": 65}
RATING {"ts": "2026-07-03T14:32:27.610392+00:00", "elo": 1226.7424623397794, "gxe": 49.6, "rpr": 1497.131015317013, "rprd": 31.08391498616294, "w": 66, "l": 65}
RATING {"ts": "2026-07-03T14:34:27.836785+00:00", "elo": 1226.7424623397794, "gxe": 49.6, "rpr": 1497.131015317013, "rprd": 31.08391498616294, "w": 66, "l": 65}
RATING {"ts": "2026-07-03T14:36:28.065745+00:00", "elo": 1226.7424623397794, "gxe": 49.6, "rpr": 1497.131015317013, "rprd": 31.08391498616294, "w": 66, "l": 65}
RATING {"ts": "2026-07-03T14:38:28.313508+00:00", "elo": 1226.7424623397794, "gxe": 49.6, "rpr": 1497.131015317013, "rprd": 31.08391498616294, "w": 66, "l": 65}
RATING {"ts": "2026-07-03T14:40:28.562715+00:00", "elo": 1226.7424623397794, "gxe": 49.6, "rpr": 1497.131015317013, "rprd": 31.08391498616294, "w": 66, "l": 65}
RATING {"ts": "2026-07-03T14:42:28.788247+00:00", "elo": 1226.7424623397794, "gxe": 49.6, "rpr": 1497.131015317013, "rprd": 31.08391498616294, "w": 66, "l": 65}
RATING {"ts": "2026-07-03T14:44:29.032461+00:00", "elo": 1226.7424623397794, "gxe": 49.6, "rpr": 1497.131015317013, "rprd": 31.08391498616294, "w": 66, "l": 65}
RATING {"ts": "2026-07-03T14:46:29.285269+00:00", "elo": 1226.7424623397794, "gxe": 49.6, "rpr": 1497.131015317013, "rprd": 31.08391498616294, "w": 66, "l": 65}
RATING {"ts": "2026-07-03T14:48:29.525966+00:00", "elo": 1226.7424623397794, "gxe": 49.6, "rpr": 1497.131015317013, "rprd": 31.08391498616294, "w": 66, "l": 65}
RATING {"ts": "2026-07-03T14:50:29.764830+00:00", "elo": 1226.7424623397794, "gxe": 49.6, "rpr": 1497.131015317013, "rprd": 31.08391498616294, "w": 66, "l": 65}
RATING {"ts": "2026-07-03T14:52:30.249937+00:00", "elo": 1226.7424623397794, "gxe": 49.6, "rpr": 1497.131015317013, "rprd": 31.08391498616294, "w": 66, "l": 65}
RATING {"ts": "2026-07-03T14:54:30.524413+00:00", "elo": 1226.7424623397794, "gxe": 49.6, "rpr": 1497.131015317013, "rprd": 31.08391498616294, "w": 66, "l": 65}
RATING {"ts": "2026-07-03T14:56:30.805387+00:00", "elo": 1226.7424623397794, "gxe": 49.6, "rpr": 1497.131015317013, "rprd": 31.08391498616294, "w": 66, "l": 65}
RATING {"ts": "2026-07-03T14:58:31.055818+00:00", "elo": 1226.7424623397794, "gxe": 49.6, "rpr": 1497.131015317013, "rprd": 31.08391498616294, "w": 66, "l": 65}
RATING {"ts": "2026-07-03T15:00:31.300785+00:00", "elo": 1226.7424623397794, "gxe": 49.6, "rpr": 1497.131015317013, "rprd": 31.08391498616294, "w": 66, "l": 65}
RATING {"ts": "2026-07-03T15:02:31.551530+00:00", "elo": 1226.7424623397794, "gxe": 49.6, "rpr": 1497.131015317013, "rprd": 31.08391498616294, "w": 66, "l": 65}
RATING {"ts": "2026-07-03T15:04:31.794822+00:00", "elo": 1226.7424623397794, "gxe": 49.6, "rpr": 1497.131015317013, "rprd": 31.08391498616294, "w": 66, "l": 65}
RATING {"ts": "2026-07-03T15:06:32.028807+00:00", "elo": 1226.7424623397794, "gxe": 49.6, "rpr": 1497.131015317013, "rprd": 31.08391498616294, "w": 66, "l": 65}
RATING {"ts": "2026-07-03T15:08:32.275764+00:00", "elo": 1226.7424623397794, "gxe": 49.6, "rpr": 1497.131015317013, "rprd": 31.08391498616294, "w": 66, "l": 65}
RATING {"ts": "2026-07-03T15:10:32.518095+00:00", "elo": 1226.7424623397794, "gxe": 49.6, "rpr": 1497.131015317013, "rprd": 31.08391498616294, "w": 66, "l": 65}
RATING {"ts": "2026-07-03T15:12:32.759175+00:00", "elo": 1226.7424623397794, "gxe": 49.6, "rpr": 1497.131015317013, "rprd": 31.08391498616294, "w": 66, "l": 65}
RATING {"ts": "2026-07-03T15:14:33.011961+00:00", "elo": 1226.7424623397794, "gxe": 49.6, "rpr": 1497.131015317013, "rprd": 31.08391498616294, "w": 66, "l": 65}
RATING {"ts": "2026-07-03T15:16:33.243121+00:00", "elo": 1226.7424623397794, "gxe": 49.6, "rpr": 1497.131015317013, "rprd": 31.08391498616294, "w": 66, "l": 65}
RATING {"ts": "2026-07-03T15:18:33.486780+00:00", "elo": 1226.7424623397794, "gxe": 49.6, "rpr": 1497.131015317013, "rprd": 31.08391498616294, "w": 66, "l": 65}
RATING {"ts": "2026-07-03T15:20:33.733473+00:00", "elo": 1226.7424623397794, "gxe": 49.6, "rpr": 1497.131015317013, "rprd": 31.08391498616294, "w": 66, "l": 65}
RATING {"ts": "2026-07-03T15:22:33.981786+00:00", "elo": 1226.7424623397794, "gxe": 49.6, "rpr": 1497.131015317013, "rprd": 31.08391498616294, "w": 66, "l": 65}
RATING {"ts": "2026-07-03T15:24:34.214493+00:00", "elo": 1226.7424623397794, "gxe": 49.6, "rpr": 1497.131015317013, "rprd": 31.08391498616294, "w": 66, "l": 65}
RATING {"ts": "2026-07-03T15:26:34.452969+00:00", "elo": 1226.7424623397794, "gxe": 49.6, "rpr": 1497.131015317013, "rprd": 31.08391498616294, "w": 66, "l": 65}
RATING {"ts": "2026-07-03T15:28:34.700708+00:00", "elo": 1226.7424623397794, "gxe": 49.6, "rpr": 1497.131015317013, "rprd": 31.08391498616294, "w": 66, "l": 65}
RATING {"ts": "2026-07-03T15:30:34.970230+00:00", "elo": 1226.7424623397794, "gxe": 49.6, "rpr": 1497.131015317013, "rprd": 31.08391498616294, "w": 66, "l": 65}
RATING {"ts": "2026-07-03T15:32:35.225235+00:00", "elo": 1226.7424623397794, "gxe": 49.6, "rpr": 1497.131015317013, "rprd": 31.08391498616294, "w": 66, "l": 65}
RATING {"ts": "2026-07-03T15:34:35.468666+00:00", "elo": 1226.7424623397794, "gxe": 49.6, "rpr": 1497.131015317013, "rprd": 31.08391498616294, "w": 66, "l": 65}
RATING {"ts": "2026-07-03T15:36:36.624991+00:00", "elo": 1226.7424623397794, "gxe": 49.6, "rpr": 1497.131015317013, "rprd": 31.08391498616294, "w": 66, "l": 65}
RATING {"ts": "2026-07-03T15:38:36.864971+00:00", "elo": 1226.7424623397794, "gxe": 49.6, "rpr": 1497.131015317013, "rprd": 31.08391498616294, "w": 66, "l": 65}
RATING {"ts": "2026-07-03T15:40:37.104312+00:00", "elo": 1226.7424623397794, "gxe": 49.6, "rpr": 1497.131015317013, "rprd": 31.08391498616294, "w": 66, "l": 65}
RATING {"ts": "2026-07-03T15:42:37.336380+00:00", "elo": 1226.7424623397794, "gxe": 49.6, "rpr": 1497.131015317013, "rprd": 31.08391498616294, "w": 66, "l": 65}
RATING {"ts": "2026-07-03T15:44:37.585814+00:00", "elo": 1226.7424623397794, "gxe": 49.6, "rpr": 1497.131015317013, "rprd": 31.08391498616294, "w": 66, "l": 65}
RATING {"ts": "2026-07-03T15:46:37.818679+00:00", "elo": 1226.7424623397794, "gxe": 49.6, "rpr": 1497.131015317013, "rprd": 31.08391498616294, "w": 66, "l": 65}
RATING {"ts": "2026-07-03T15:48:38.377518+00:00", "elo": 1226.7424623397794, "gxe": 49.6, "rpr": 1497.131015317013, "rprd": 31.08391498616294, "w": 66, "l": 65}
RATING {"ts": "2026-07-03T15:50:38.642319+00:00", "elo": 1226.7424623397794, "gxe": 49.6, "rpr": 1497.131015317013, "rprd": 31.08391498616294, "w": 66, "l": 65}
RATING {"ts": "2026-07-03T15:52:38.904085+00:00", "elo": 1226.7424623397794, "gxe": 49.6, "rpr": 1497.131015317013, "rprd": 31.08391498616294, "w": 66, "l": 65}
RATING {"ts": "2026-07-03T15:54:39.257550+00:00", "elo": 1226.7424623397794, "gxe": 49.6, "rpr": 1497.131015317013, "rprd": 31.08391498616294, "w": 66, "l": 65}
RATING {"ts": "2026-07-03T15:56:39.533305+00:00", "elo": 1226.7424623397794, "gxe": 49.6, "rpr": 1497.131015317013, "rprd": 31.08391498616294, "w": 66, "l": 65}
RATING {"ts": "2026-07-03T15:58:39.783324+00:00", "elo": 1226.7424623397794, "gxe": 49.6, "rpr": 1497.131015317013, "rprd": 31.08391498616294, "w": 66, "l": 65}
RATING {"ts": "2026-07-03T16:00:40.022966+00:00", "elo": 1226.7424623397794, "gxe": 49.6, "rpr": 1497.131015317013, "rprd": 31.08391498616294, "w": 66, "l": 65}
RATING {"ts": "2026-07-03T16:02:40.269243+00:00", "elo": 1226.7424623397794, "gxe": 49.6, "rpr": 1497.131015317013, "rprd": 31.08391498616294, "w": 66, "l": 65}
RATING {"ts": "2026-07-03T16:04:40.788394+00:00", "elo": 1226.7424623397794, "gxe": 49.6, "rpr": 1497.131015317013, "rprd": 31.08391498616294, "w": 66, "l": 65}
RATING {"ts": "2026-07-03T16:06:41.067788+00:00", "elo": 1226.7424623397794, "gxe": 49.6, "rpr": 1497.131015317013, "rprd": 31.08391498616294, "w": 66, "l": 65}
RATING {"ts": "2026-07-03T16:08:41.314236+00:00", "elo": 1226.7424623397794, "gxe": 49.6, "rpr": 1497.131015317013, "rprd": 31.08391498616294, "w": 66, "l": 65}
RATING {"ts": "2026-07-03T16:10:41.567987+00:00", "elo": 1226.7424623397794, "gxe": 49.6, "rpr": 1497.131015317013, "rprd": 31.08391498616294, "w": 66, "l": 65}
RATING {"ts": "2026-07-03T16:12:41.827909+00:00", "elo": 1226.7424623397794, "gxe": 49.6, "rpr": 1497.131015317013, "rprd": 31.08391498616294, "w": 66, "l": 65}
