starting game=1 challenger=agent_a(foul_play_belief_threat) acceptor=agent_b(foul_play)
game=1 challenger=agent_a acceptor=agent_b winner=agent_a
PROGRESS {"error": null, "game_index": 1, "running_agent_a_wins": 1, "running_decisive": 1, "running_winrate": 1.0, "ts": "2026-07-05T17:20:25.829059+00:00", "void": false, "winner": "agent_a"}
starting game=2 challenger=agent_b(foul_play) acceptor=agent_a(foul_play_belief_threat)
game=2 challenger=agent_b acceptor=agent_a winner=agent_b
PROGRESS {"error": null, "game_index": 2, "running_agent_a_wins": 1, "running_decisive": 2, "running_winrate": 0.5, "ts": "2026-07-05T17:20:42.589296+00:00", "void": false, "winner": "agent_b"}
starting game=3 challenger=agent_a(foul_play_belief_threat) acceptor=agent_b(foul_play)
game=3 challenger=agent_a acceptor=agent_b winner=agent_b
PROGRESS {"error": null, "game_index": 3, "running_agent_a_wins": 1, "running_decisive": 3, "running_winrate": 0.3333, "ts": "2026-07-05T17:21:02.032605+00:00", "void": false, "winner": "agent_b"}
starting game=4 challenger=agent_b(foul_play) acceptor=agent_a(foul_play_belief_threat)
game=4 challenger=agent_b acceptor=agent_a winner=agent_a
PROGRESS {"error": null, "game_index": 4, "running_agent_a_wins": 2, "running_decisive": 4, "running_winrate": 0.5, "ts": "2026-07-05T17:21:21.811129+00:00", "void": false, "winner": "agent_a"}
starting game=5 challenger=agent_a(foul_play_belief_threat) acceptor=agent_b(foul_play)
game=5 challenger=agent_a acceptor=agent_b winner=agent_b
PROGRESS {"error": null, "game_index": 5, "running_agent_a_wins": 2, "running_decisive": 5, "running_winrate": 0.4, "ts": "2026-07-05T17:21:40.845236+00:00", "void": false, "winner": "agent_b"}
starting game=6 challenger=agent_b(foul_play) acceptor=agent_a(foul_play_belief_threat)
game=6 challenger=agent_b acceptor=agent_a winner=agent_a
PROGRESS {"error": null, "game_index": 6, "running_agent_a_wins": 3, "running_decisive": 6, "running_winrate": 0.5, "ts": "2026-07-05T17:22:06.534301+00:00", "void": false, "winner": "agent_a"}
starting game=7 challenger=agent_a(foul_play_belief_threat) acceptor=agent_b(foul_play)
game=7 challenger=agent_a acceptor=agent_b winner=agent_a
PROGRESS {"error": null, "game_index": 7, "running_agent_a_wins": 4, "running_decisive": 7, "running_winrate": 0.5714, "ts": "2026-07-05T17:22:30.398298+00:00", "void": false, "winner": "agent_a"}
starting game=8 challenger=agent_b(foul_play) acceptor=agent_a(foul_play_belief_threat)
game=8 challenger=agent_b acceptor=agent_a winner=agent_a
PROGRESS {"error": null, "game_index": 8, "running_agent_a_wins": 5, "running_decisive": 8, "running_winrate": 0.625, "ts": "2026-07-05T17:22:51.239221+00:00", "void": false, "winner": "agent_a"}
starting game=9 challenger=agent_a(foul_play_belief_threat) acceptor=agent_b(foul_play)
game=9 challenger=agent_a acceptor=agent_b winner=agent_a
PROGRESS {"error": null, "game_index": 9, "running_agent_a_wins": 6, "running_decisive": 9, "running_winrate": 0.6667, "ts": "2026-07-05T17:23:08.828886+00:00", "void": false, "winner": "agent_a"}
starting game=10 challenger=agent_b(foul_play) acceptor=agent_a(foul_play_belief_threat)
game=10 challenger=agent_b acceptor=agent_a winner=agent_a
PROGRESS {"error": null, "game_index": 10, "running_agent_a_wins": 7, "running_decisive": 10, "running_winrate": 0.7, "ts": "2026-07-05T17:23:33.875581+00:00", "void": false, "winner": "agent_a"}
starting game=11 challenger=agent_a(foul_play_belief_threat) acceptor=agent_b(foul_play)
game=11 challenger=agent_a acceptor=agent_b winner=agent_b
PROGRESS {"error": null, "game_index": 11, "running_agent_a_wins": 7, "running_decisive": 11, "running_winrate": 0.6364, "ts": "2026-07-05T17:23:56.045538+00:00", "void": false, "winner": "agent_b"}
starting game=12 challenger=agent_b(foul_play) acceptor=agent_a(foul_play_belief_threat)
game=12 challenger=agent_b acceptor=agent_a winner=agent_b
PROGRESS {"error": null, "game_index": 12, "running_agent_a_wins": 7, "running_decisive": 12, "running_winrate": 0.5833, "ts": "2026-07-05T17:24:14.325843+00:00", "void": false, "winner": "agent_b"}
starting game=13 challenger=agent_a(foul_play_belief_threat) acceptor=agent_b(foul_play)
game=13 challenger=agent_a acceptor=agent_b winner=agent_a
PROGRESS {"error": null, "game_index": 13, "running_agent_a_wins": 8, "running_decisive": 13, "running_winrate": 0.6154, "ts": "2026-07-05T17:24:35.133873+00:00", "void": false, "winner": "agent_a"}
starting game=14 challenger=agent_b(foul_play) acceptor=agent_a(foul_play_belief_threat)
game=14 challenger=agent_b acceptor=agent_a winner=agent_b
PROGRESS {"error": null, "game_index": 14, "running_agent_a_wins": 8, "running_decisive": 14, "running_winrate": 0.5714, "ts": "2026-07-05T17:24:53.293156+00:00", "void": false, "winner": "agent_b"}
starting game=15 challenger=agent_a(foul_play_belief_threat) acceptor=agent_b(foul_play)
game=15 challenger=agent_a acceptor=agent_b winner=agent_b
PROGRESS {"error": null, "game_index": 15, "running_agent_a_wins": 8, "running_decisive": 15, "running_winrate": 0.5333, "ts": "2026-07-05T17:25:22.078169+00:00", "void": false, "winner": "agent_b"}
starting game=16 challenger=agent_b(foul_play) acceptor=agent_a(foul_play_belief_threat)
game=16 challenger=agent_b acceptor=agent_a winner=agent_a
PROGRESS {"error": null, "game_index": 16, "running_agent_a_wins": 9, "running_decisive": 16, "running_winrate": 0.5625, "ts": "2026-07-05T17:25:43.509325+00:00", "void": false, "winner": "agent_a"}
starting game=17 challenger=agent_a(foul_play_belief_threat) acceptor=agent_b(foul_play)
game=17 challenger=agent_a acceptor=agent_b winner=agent_a
PROGRESS {"error": null, "game_index": 17, "running_agent_a_wins": 10, "running_decisive": 17, "running_winrate": 0.5882, "ts": "2026-07-05T17:26:04.633032+00:00", "void": false, "winner": "agent_a"}
starting game=18 challenger=agent_b(foul_play) acceptor=agent_a(foul_play_belief_threat)
game=18 challenger=agent_b acceptor=agent_a winner=agent_a
PROGRESS {"error": null, "game_index": 18, "running_agent_a_wins": 11, "running_decisive": 18, "running_winrate": 0.6111, "ts": "2026-07-05T17:26:23.092964+00:00", "void": false, "winner": "agent_a"}
starting game=19 challenger=agent_a(foul_play_belief_threat) acceptor=agent_b(foul_play)
game=19 challenger=agent_a acceptor=agent_b winner=agent_a
PROGRESS {"error": null, "game_index": 19, "running_agent_a_wins": 12, "running_decisive": 19, "running_winrate": 0.6316, "ts": "2026-07-05T17:26:39.308932+00:00", "void": false, "winner": "agent_a"}
starting game=20 challenger=agent_b(foul_play) acceptor=agent_a(foul_play_belief_threat)
game=20 challenger=agent_b acceptor=agent_a winner=agent_a
PROGRESS {"error": null, "game_index": 20, "running_agent_a_wins": 13, "running_decisive": 20, "running_winrate": 0.65, "ts": "2026-07-05T17:26:51.716087+00:00", "void": false, "winner": "agent_a"}
starting game=21 challenger=agent_a(foul_play_belief_threat) acceptor=agent_b(foul_play)
game=21 challenger=agent_a acceptor=agent_b winner=agent_b
PROGRESS {"error": null, "game_index": 21, "running_agent_a_wins": 13, "running_decisive": 21, "running_winrate": 0.619, "ts": "2026-07-05T17:27:25.518651+00:00", "void": false, "winner": "agent_b"}
starting game=22 challenger=agent_b(foul_play) acceptor=agent_a(foul_play_belief_threat)
game=22 challenger=agent_b acceptor=agent_a winner=agent_a
PROGRESS {"error": null, "game_index": 22, "running_agent_a_wins": 14, "running_decisive": 22, "running_winrate": 0.6364, "ts": "2026-07-05T17:27:45.052307+00:00", "void": false, "winner": "agent_a"}
starting game=23 challenger=agent_a(foul_play_belief_threat) acceptor=agent_b(foul_play)
game=23 challenger=agent_a acceptor=agent_b winner=agent_b
PROGRESS {"error": null, "game_index": 23, "running_agent_a_wins": 14, "running_decisive": 23, "running_winrate": 0.6087, "ts": "2026-07-05T17:28:03.552173+00:00", "void": false, "winner": "agent_b"}
starting game=24 challenger=agent_b(foul_play) acceptor=agent_a(foul_play_belief_threat)
game=24 challenger=agent_b acceptor=agent_a winner=agent_b
PROGRESS {"error": null, "game_index": 24, "running_agent_a_wins": 14, "running_decisive": 24, "running_winrate": 0.5833, "ts": "2026-07-05T17:28:29.179869+00:00", "void": false, "winner": "agent_b"}
starting game=25 challenger=agent_a(foul_play_belief_threat) acceptor=agent_b(foul_play)
game=25 challenger=agent_a acceptor=agent_b winner=agent_b
PROGRESS {"error": null, "game_index": 25, "running_agent_a_wins": 14, "running_decisive": 25, "running_winrate": 0.56, "ts": "2026-07-05T17:28:47.214464+00:00", "void": false, "winner": "agent_b"}
starting game=26 challenger=agent_b(foul_play) acceptor=agent_a(foul_play_belief_threat)
game=26 challenger=agent_b acceptor=agent_a winner=agent_b
PROGRESS {"error": null, "game_index": 26, "running_agent_a_wins": 14, "running_decisive": 26, "running_winrate": 0.5385, "ts": "2026-07-05T17:29:03.138492+00:00", "void": false, "winner": "agent_b"}
starting game=27 challenger=agent_a(foul_play_belief_threat) acceptor=agent_b(foul_play)
game=27 challenger=agent_a acceptor=agent_b winner=agent_a
PROGRESS {"error": null, "game_index": 27, "running_agent_a_wins": 15, "running_decisive": 27, "running_winrate": 0.5556, "ts": "2026-07-05T17:29:18.199975+00:00", "void": false, "winner": "agent_a"}
starting game=28 challenger=agent_b(foul_play) acceptor=agent_a(foul_play_belief_threat)
game=28 challenger=agent_b acceptor=agent_a winner=agent_a
PROGRESS {"error": null, "game_index": 28, "running_agent_a_wins": 16, "running_decisive": 28, "running_winrate": 0.5714, "ts": "2026-07-05T17:29:33.575435+00:00", "void": false, "winner": "agent_a"}
starting game=29 challenger=agent_a(foul_play_belief_threat) acceptor=agent_b(foul_play)
game=29 challenger=agent_a acceptor=agent_b winner=agent_a
PROGRESS {"error": null, "game_index": 29, "running_agent_a_wins": 17, "running_decisive": 29, "running_winrate": 0.5862, "ts": "2026-07-05T17:29:51.663534+00:00", "void": false, "winner": "agent_a"}
starting game=30 challenger=agent_b(foul_play) acceptor=agent_a(foul_play_belief_threat)
game=30 challenger=agent_b acceptor=agent_a winner=agent_a
PROGRESS {"error": null, "game_index": 30, "running_agent_a_wins": 18, "running_decisive": 30, "running_winrate": 0.6, "ts": "2026-07-05T17:30:07.190709+00:00", "void": false, "winner": "agent_a"}
starting game=31 challenger=agent_a(foul_play_belief_threat) acceptor=agent_b(foul_play)
game=31 challenger=agent_a acceptor=agent_b winner=agent_a
PROGRESS {"error": null, "game_index": 31, "running_agent_a_wins": 19, "running_decisive": 31, "running_winrate": 0.6129, "ts": "2026-07-05T17:30:25.695365+00:00", "void": false, "winner": "agent_a"}
starting game=32 challenger=agent_b(foul_play) acceptor=agent_a(foul_play_belief_threat)
game=32 challenger=agent_b acceptor=agent_a winner=agent_b
PROGRESS {"error": null, "game_index": 32, "running_agent_a_wins": 19, "running_decisive": 32, "running_winrate": 0.5938, "ts": "2026-07-05T17:30:41.668916+00:00", "void": false, "winner": "agent_b"}
starting game=33 challenger=agent_a(foul_play_belief_threat) acceptor=agent_b(foul_play)
game=33 challenger=agent_a acceptor=agent_b winner=agent_a
PROGRESS {"error": null, "game_index": 33, "running_agent_a_wins": 20, "running_decisive": 33, "running_winrate": 0.6061, "ts": "2026-07-05T17:30:59.797934+00:00", "void": false, "winner": "agent_a"}
starting game=34 challenger=agent_b(foul_play) acceptor=agent_a(foul_play_belief_threat)
game=34 challenger=agent_b acceptor=agent_a winner=agent_b
PROGRESS {"error": null, "game_index": 34, "running_agent_a_wins": 20, "running_decisive": 34, "running_winrate": 0.5882, "ts": "2026-07-05T17:31:18.924028+00:00", "void": false, "winner": "agent_b"}
starting game=35 challenger=agent_a(foul_play_belief_threat) acceptor=agent_b(foul_play)
game=35 challenger=agent_a acceptor=agent_b winner=agent_a
PROGRESS {"error": null, "game_index": 35, "running_agent_a_wins": 21, "running_decisive": 35, "running_winrate": 0.6, "ts": "2026-07-05T17:31:38.967065+00:00", "void": false, "winner": "agent_a"}
starting game=36 challenger=agent_b(foul_play) acceptor=agent_a(foul_play_belief_threat)
game=36 challenger=agent_b acceptor=agent_a winner=agent_b
PROGRESS {"error": null, "game_index": 36, "running_agent_a_wins": 21, "running_decisive": 36, "running_winrate": 0.5833, "ts": "2026-07-05T17:31:58.365968+00:00", "void": false, "winner": "agent_b"}
starting game=37 challenger=agent_a(foul_play_belief_threat) acceptor=agent_b(foul_play)
game=37 challenger=agent_a acceptor=agent_b winner=agent_a
PROGRESS {"error": null, "game_index": 37, "running_agent_a_wins": 22, "running_decisive": 37, "running_winrate": 0.5946, "ts": "2026-07-05T17:32:16.016637+00:00", "void": false, "winner": "agent_a"}
starting game=38 challenger=agent_b(foul_play) acceptor=agent_a(foul_play_belief_threat)
game=38 challenger=agent_b acceptor=agent_a winner=agent_b
PROGRESS {"error": null, "game_index": 38, "running_agent_a_wins": 22, "running_decisive": 38, "running_winrate": 0.5789, "ts": "2026-07-05T17:32:38.634522+00:00", "void": false, "winner": "agent_b"}
starting game=39 challenger=agent_a(foul_play_belief_threat) acceptor=agent_b(foul_play)
game=39 challenger=agent_a acceptor=agent_b winner=agent_b
PROGRESS {"error": null, "game_index": 39, "running_agent_a_wins": 22, "running_decisive": 39, "running_winrate": 0.5641, "ts": "2026-07-05T17:32:54.958903+00:00", "void": false, "winner": "agent_b"}
starting game=40 challenger=agent_b(foul_play) acceptor=agent_a(foul_play_belief_threat)
game=40 challenger=agent_b acceptor=agent_a winner=agent_b
PROGRESS {"error": null, "game_index": 40, "running_agent_a_wins": 22, "running_decisive": 40, "running_winrate": 0.55, "ts": "2026-07-05T17:33:12.656542+00:00", "void": false, "winner": "agent_b"}
starting game=41 challenger=agent_a(foul_play_belief_threat) acceptor=agent_b(foul_play)
game=41 challenger=agent_a acceptor=agent_b winner=agent_a
PROGRESS {"error": null, "game_index": 41, "running_agent_a_wins": 23, "running_decisive": 41, "running_winrate": 0.561, "ts": "2026-07-05T17:33:29.797847+00:00", "void": false, "winner": "agent_a"}
starting game=42 challenger=agent_b(foul_play) acceptor=agent_a(foul_play_belief_threat)
game=42 challenger=agent_b acceptor=agent_a winner=agent_b
PROGRESS {"error": null, "game_index": 42, "running_agent_a_wins": 23, "running_decisive": 42, "running_winrate": 0.5476, "ts": "2026-07-05T17:33:52.021429+00:00", "void": false, "winner": "agent_b"}
starting game=43 challenger=agent_a(foul_play_belief_threat) acceptor=agent_b(foul_play)
game=43 challenger=agent_a acceptor=agent_b winner=agent_a
PROGRESS {"error": null, "game_index": 43, "running_agent_a_wins": 24, "running_decisive": 43, "running_winrate": 0.5581, "ts": "2026-07-05T17:34:09.483452+00:00", "void": false, "winner": "agent_a"}
starting game=44 challenger=agent_b(foul_play) acceptor=agent_a(foul_play_belief_threat)
game=44 challenger=agent_b acceptor=agent_a winner=agent_a
PROGRESS {"error": null, "game_index": 44, "running_agent_a_wins": 25, "running_decisive": 44, "running_winrate": 0.5682, "ts": "2026-07-05T17:34:28.507907+00:00", "void": false, "winner": "agent_a"}
starting game=45 challenger=agent_a(foul_play_belief_threat) acceptor=agent_b(foul_play)
game=45 challenger=agent_a acceptor=agent_b winner=agent_b
PROGRESS {"error": null, "game_index": 45, "running_agent_a_wins": 25, "running_decisive": 45, "running_winrate": 0.5556, "ts": "2026-07-05T17:34:45.177663+00:00", "void": false, "winner": "agent_b"}
starting game=46 challenger=agent_b(foul_play) acceptor=agent_a(foul_play_belief_threat)
game=46 challenger=agent_b acceptor=agent_a winner=agent_b
PROGRESS {"error": null, "game_index": 46, "running_agent_a_wins": 25, "running_decisive": 46, "running_winrate": 0.5435, "ts": "2026-07-05T17:35:16.362563+00:00", "void": false, "winner": "agent_b"}
starting game=47 challenger=agent_a(foul_play_belief_threat) acceptor=agent_b(foul_play)
game=47 challenger=agent_a acceptor=agent_b winner=agent_a
PROGRESS {"error": null, "game_index": 47, "running_agent_a_wins": 26, "running_decisive": 47, "running_winrate": 0.5532, "ts": "2026-07-05T17:35:37.009946+00:00", "void": false, "winner": "agent_a"}
starting game=48 challenger=agent_b(foul_play) acceptor=agent_a(foul_play_belief_threat)
game=48 challenger=agent_b acceptor=agent_a winner=agent_b
PROGRESS {"error": null, "game_index": 48, "running_agent_a_wins": 26, "running_decisive": 48, "running_winrate": 0.5417, "ts": "2026-07-05T17:35:51.905517+00:00", "void": false, "winner": "agent_b"}
starting game=49 challenger=agent_a(foul_play_belief_threat) acceptor=agent_b(foul_play)
game=49 challenger=agent_a acceptor=agent_b winner=agent_a
PROGRESS {"error": null, "game_index": 49, "running_agent_a_wins": 27, "running_decisive": 49, "running_winrate": 0.551, "ts": "2026-07-05T17:36:17.490135+00:00", "void": false, "winner": "agent_a"}
starting game=50 challenger=agent_b(foul_play) acceptor=agent_a(foul_play_belief_threat)
game=50 challenger=agent_b acceptor=agent_a winner=agent_b
PROGRESS {"error": null, "game_index": 50, "running_agent_a_wins": 27, "running_decisive": 50, "running_winrate": 0.54, "ts": "2026-07-05T17:36:36.482902+00:00", "void": false, "winner": "agent_b"}
starting game=51 challenger=agent_a(foul_play_belief_threat) acceptor=agent_b(foul_play)
game=51 challenger=agent_a acceptor=agent_b winner=agent_b
PROGRESS {"error": null, "game_index": 51, "running_agent_a_wins": 27, "running_decisive": 51, "running_winrate": 0.5294, "ts": "2026-07-05T17:36:58.651925+00:00", "void": false, "winner": "agent_b"}
starting game=52 challenger=agent_b(foul_play) acceptor=agent_a(foul_play_belief_threat)
game=52 challenger=agent_b acceptor=agent_a winner=agent_b
PROGRESS {"error": null, "game_index": 52, "running_agent_a_wins": 27, "running_decisive": 52, "running_winrate": 0.5192, "ts": "2026-07-05T17:37:16.654468+00:00", "void": false, "winner": "agent_b"}
starting game=53 challenger=agent_a(foul_play_belief_threat) acceptor=agent_b(foul_play)
game=53 challenger=agent_a acceptor=agent_b winner=agent_b
PROGRESS {"error": null, "game_index": 53, "running_agent_a_wins": 27, "running_decisive": 53, "running_winrate": 0.5094, "ts": "2026-07-05T17:37:32.664616+00:00", "void": false, "winner": "agent_b"}
starting game=54 challenger=agent_b(foul_play) acceptor=agent_a(foul_play_belief_threat)
game=54 challenger=agent_b acceptor=agent_a winner=agent_a
PROGRESS {"error": null, "game_index": 54, "running_agent_a_wins": 28, "running_decisive": 54, "running_winrate": 0.5185, "ts": "2026-07-05T17:37:47.612235+00:00", "void": false, "winner": "agent_a"}
starting game=55 challenger=agent_a(foul_play_belief_threat) acceptor=agent_b(foul_play)
game=55 challenger=agent_a acceptor=agent_b winner=agent_a
PROGRESS {"error": null, "game_index": 55, "running_agent_a_wins": 29, "running_decisive": 55, "running_winrate": 0.5273, "ts": "2026-07-05T17:38:25.433823+00:00", "void": false, "winner": "agent_a"}
starting game=56 challenger=agent_b(foul_play) acceptor=agent_a(foul_play_belief_threat)
game=56 challenger=agent_b acceptor=agent_a winner=agent_b
PROGRESS {"error": null, "game_index": 56, "running_agent_a_wins": 29, "running_decisive": 56, "running_winrate": 0.5179, "ts": "2026-07-05T17:38:47.987948+00:00", "void": false, "winner": "agent_b"}
starting game=57 challenger=agent_a(foul_play_belief_threat) acceptor=agent_b(foul_play)
game=57 challenger=agent_a acceptor=agent_b winner=agent_b
PROGRESS {"error": null, "game_index": 57, "running_agent_a_wins": 29, "running_decisive": 57, "running_winrate": 0.5088, "ts": "2026-07-05T17:39:06.189300+00:00", "void": false, "winner": "agent_b"}
starting game=58 challenger=agent_b(foul_play) acceptor=agent_a(foul_play_belief_threat)
game=58 challenger=agent_b acceptor=agent_a winner=agent_a
PROGRESS {"error": null, "game_index": 58, "running_agent_a_wins": 30, "running_decisive": 58, "running_winrate": 0.5172, "ts": "2026-07-05T17:39:23.352367+00:00", "void": false, "winner": "agent_a"}
starting game=59 challenger=agent_a(foul_play_belief_threat) acceptor=agent_b(foul_play)
game=59 challenger=agent_a acceptor=agent_b winner=agent_b
PROGRESS {"error": null, "game_index": 59, "running_agent_a_wins": 30, "running_decisive": 59, "running_winrate": 0.5085, "ts": "2026-07-05T17:39:41.268005+00:00", "void": false, "winner": "agent_b"}
starting game=60 challenger=agent_b(foul_play) acceptor=agent_a(foul_play_belief_threat)
game=60 challenger=agent_b acceptor=agent_a winner=agent_a
PROGRESS {"error": null, "game_index": 60, "running_agent_a_wins": 31, "running_decisive": 60, "running_winrate": 0.5167, "ts": "2026-07-05T17:40:00.595868+00:00", "void": false, "winner": "agent_a"}
starting game=61 challenger=agent_a(foul_play_belief_threat) acceptor=agent_b(foul_play)
game=61 challenger=agent_a acceptor=agent_b winner=agent_a
PROGRESS {"error": null, "game_index": 61, "running_agent_a_wins": 32, "running_decisive": 61, "running_winrate": 0.5246, "ts": "2026-07-05T17:40:24.200501+00:00", "void": false, "winner": "agent_a"}
starting game=62 challenger=agent_b(foul_play) acceptor=agent_a(foul_play_belief_threat)
game=62 challenger=agent_b acceptor=agent_a winner=agent_b
PROGRESS {"error": null, "game_index": 62, "running_agent_a_wins": 32, "running_decisive": 62, "running_winrate": 0.5161, "ts": "2026-07-05T17:40:38.526200+00:00", "void": false, "winner": "agent_b"}
starting game=63 challenger=agent_a(foul_play_belief_threat) acceptor=agent_b(foul_play)
game=63 challenger=agent_a acceptor=agent_b winner=agent_b
PROGRESS {"error": null, "game_index": 63, "running_agent_a_wins": 32, "running_decisive": 63, "running_winrate": 0.5079, "ts": "2026-07-05T17:41:00.739672+00:00", "void": false, "winner": "agent_b"}
starting game=64 challenger=agent_b(foul_play) acceptor=agent_a(foul_play_belief_threat)
game=64 challenger=agent_b acceptor=agent_a winner=agent_a
PROGRESS {"error": null, "game_index": 64, "running_agent_a_wins": 33, "running_decisive": 64, "running_winrate": 0.5156, "ts": "2026-07-05T17:41:13.163398+00:00", "void": false, "winner": "agent_a"}
starting game=65 challenger=agent_a(foul_play_belief_threat) acceptor=agent_b(foul_play)
game=65 challenger=agent_a acceptor=agent_b winner=agent_a
PROGRESS {"error": null, "game_index": 65, "running_agent_a_wins": 34, "running_decisive": 65, "running_winrate": 0.5231, "ts": "2026-07-05T17:41:30.691303+00:00", "void": false, "winner": "agent_a"}
starting game=66 challenger=agent_b(foul_play) acceptor=agent_a(foul_play_belief_threat)
game=66 challenger=agent_b acceptor=agent_a winner=agent_a
PROGRESS {"error": null, "game_index": 66, "running_agent_a_wins": 35, "running_decisive": 66, "running_winrate": 0.5303, "ts": "2026-07-05T17:41:50.485853+00:00", "void": false, "winner": "agent_a"}
starting game=67 challenger=agent_a(foul_play_belief_threat) acceptor=agent_b(foul_play)
game=67 challenger=agent_a acceptor=agent_b winner=agent_a
PROGRESS {"error": null, "game_index": 67, "running_agent_a_wins": 36, "running_decisive": 67, "running_winrate": 0.5373, "ts": "2026-07-05T17:42:11.971682+00:00", "void": false, "winner": "agent_a"}
starting game=68 challenger=agent_b(foul_play) acceptor=agent_a(foul_play_belief_threat)
game=68 challenger=agent_b acceptor=agent_a winner=agent_a
PROGRESS {"error": null, "game_index": 68, "running_agent_a_wins": 37, "running_decisive": 68, "running_winrate": 0.5441, "ts": "2026-07-05T17:42:34.669567+00:00", "void": false, "winner": "agent_a"}
starting game=69 challenger=agent_a(foul_play_belief_threat) acceptor=agent_b(foul_play)
game=69 challenger=agent_a acceptor=agent_b winner=agent_a
PROGRESS {"error": null, "game_index": 69, "running_agent_a_wins": 38, "running_decisive": 69, "running_winrate": 0.5507, "ts": "2026-07-05T17:42:59.227001+00:00", "void": false, "winner": "agent_a"}
starting game=70 challenger=agent_b(foul_play) acceptor=agent_a(foul_play_belief_threat)
game=70 challenger=agent_b acceptor=agent_a winner=agent_b
PROGRESS {"error": null, "game_index": 70, "running_agent_a_wins": 38, "running_decisive": 70, "running_winrate": 0.5429, "ts": "2026-07-05T17:43:17.605948+00:00", "void": false, "winner": "agent_b"}
starting game=71 challenger=agent_a(foul_play_belief_threat) acceptor=agent_b(foul_play)
game=71 challenger=agent_a acceptor=agent_b winner=agent_b
PROGRESS {"error": null, "game_index": 71, "running_agent_a_wins": 38, "running_decisive": 71, "running_winrate": 0.5352, "ts": "2026-07-05T17:43:35.971208+00:00", "void": false, "winner": "agent_b"}
starting game=72 challenger=agent_b(foul_play) acceptor=agent_a(foul_play_belief_threat)
game=72 challenger=agent_b acceptor=agent_a winner=agent_b
PROGRESS {"error": null, "game_index": 72, "running_agent_a_wins": 38, "running_decisive": 72, "running_winrate": 0.5278, "ts": "2026-07-05T17:43:58.357701+00:00", "void": false, "winner": "agent_b"}
starting game=73 challenger=agent_a(foul_play_belief_threat) acceptor=agent_b(foul_play)
game=73 challenger=agent_a acceptor=agent_b winner=agent_b
PROGRESS {"error": null, "game_index": 73, "running_agent_a_wins": 38, "running_decisive": 73, "running_winrate": 0.5205, "ts": "2026-07-05T17:44:15.076609+00:00", "void": false, "winner": "agent_b"}
starting game=74 challenger=agent_b(foul_play) acceptor=agent_a(foul_play_belief_threat)
game=74 challenger=agent_b acceptor=agent_a winner=agent_b
PROGRESS {"error": null, "game_index": 74, "running_agent_a_wins": 38, "running_decisive": 74, "running_winrate": 0.5135, "ts": "2026-07-05T17:44:34.266006+00:00", "void": false, "winner": "agent_b"}
starting game=75 challenger=agent_a(foul_play_belief_threat) acceptor=agent_b(foul_play)
game=75 challenger=agent_a acceptor=agent_b winner=agent_b
PROGRESS {"error": null, "game_index": 75, "running_agent_a_wins": 38, "running_decisive": 75, "running_winrate": 0.5067, "ts": "2026-07-05T17:44:55.084528+00:00", "void": false, "winner": "agent_b"}
starting game=76 challenger=agent_b(foul_play) acceptor=agent_a(foul_play_belief_threat)
game=76 challenger=agent_b acceptor=agent_a winner=agent_b
PROGRESS {"error": null, "game_index": 76, "running_agent_a_wins": 38, "running_decisive": 76, "running_winrate": 0.5, "ts": "2026-07-05T17:45:14.091644+00:00", "void": false, "winner": "agent_b"}
starting game=77 challenger=agent_a(foul_play_belief_threat) acceptor=agent_b(foul_play)
game=77 challenger=agent_a acceptor=agent_b winner=agent_a
PROGRESS {"error": null, "game_index": 77, "running_agent_a_wins": 39, "running_decisive": 77, "running_winrate": 0.5065, "ts": "2026-07-05T17:45:33.256724+00:00", "void": false, "winner": "agent_a"}
starting game=78 challenger=agent_b(foul_play) acceptor=agent_a(foul_play_belief_threat)
game=78 challenger=agent_b acceptor=agent_a winner=agent_b
PROGRESS {"error": null, "game_index": 78, "running_agent_a_wins": 39, "running_decisive": 78, "running_winrate": 0.5, "ts": "2026-07-05T17:45:49.828892+00:00", "void": false, "winner": "agent_b"}
starting game=79 challenger=agent_a(foul_play_belief_threat) acceptor=agent_b(foul_play)
game=79 challenger=agent_a acceptor=agent_b winner=agent_b
PROGRESS {"error": null, "game_index": 79, "running_agent_a_wins": 39, "running_decisive": 79, "running_winrate": 0.4937, "ts": "2026-07-05T17:46:14.921213+00:00", "void": false, "winner": "agent_b"}
starting game=80 challenger=agent_b(foul_play) acceptor=agent_a(foul_play_belief_threat)
game=80 challenger=agent_b acceptor=agent_a winner=agent_b
PROGRESS {"error": null, "game_index": 80, "running_agent_a_wins": 39, "running_decisive": 80, "running_winrate": 0.4875, "ts": "2026-07-05T17:46:31.263094+00:00", "void": false, "winner": "agent_b"}
starting game=81 challenger=agent_a(foul_play_belief_threat) acceptor=agent_b(foul_play)
game=81 challenger=agent_a acceptor=agent_b winner=agent_a
PROGRESS {"error": null, "game_index": 81, "running_agent_a_wins": 40, "running_decisive": 81, "running_winrate": 0.4938, "ts": "2026-07-05T17:46:48.406237+00:00", "void": false, "winner": "agent_a"}
starting game=82 challenger=agent_b(foul_play) acceptor=agent_a(foul_play_belief_threat)
game=82 challenger=agent_b acceptor=agent_a winner=agent_a
PROGRESS {"error": null, "game_index": 82, "running_agent_a_wins": 41, "running_decisive": 82, "running_winrate": 0.5, "ts": "2026-07-05T17:47:06.669033+00:00", "void": false, "winner": "agent_a"}
starting game=83 challenger=agent_a(foul_play_belief_threat) acceptor=agent_b(foul_play)
game=83 challenger=agent_a acceptor=agent_b winner=agent_b
PROGRESS {"error": null, "game_index": 83, "running_agent_a_wins": 41, "running_decisive": 83, "running_winrate": 0.494, "ts": "2026-07-05T17:47:25.179736+00:00", "void": false, "winner": "agent_b"}
starting game=84 challenger=agent_b(foul_play) acceptor=agent_a(foul_play_belief_threat)
game=84 challenger=agent_b acceptor=agent_a winner=agent_b
PROGRESS {"error": null, "game_index": 84, "running_agent_a_wins": 41, "running_decisive": 84, "running_winrate": 0.4881, "ts": "2026-07-05T17:47:40.167132+00:00", "void": false, "winner": "agent_b"}
starting game=85 challenger=agent_a(foul_play_belief_threat) acceptor=agent_b(foul_play)
game=85 challenger=agent_a acceptor=agent_b winner=agent_b
PROGRESS {"error": null, "game_index": 85, "running_agent_a_wins": 41, "running_decisive": 85, "running_winrate": 0.4824, "ts": "2026-07-05T17:48:04.241669+00:00", "void": false, "winner": "agent_b"}
starting game=86 challenger=agent_b(foul_play) acceptor=agent_a(foul_play_belief_threat)
game=86 challenger=agent_b acceptor=agent_a winner=agent_b
PROGRESS {"error": null, "game_index": 86, "running_agent_a_wins": 41, "running_decisive": 86, "running_winrate": 0.4767, "ts": "2026-07-05T17:48:16.374084+00:00", "void": false, "winner": "agent_b"}
starting game=87 challenger=agent_a(foul_play_belief_threat) acceptor=agent_b(foul_play)
game=87 challenger=agent_a acceptor=agent_b winner=agent_a
PROGRESS {"error": null, "game_index": 87, "running_agent_a_wins": 42, "running_decisive": 87, "running_winrate": 0.4828, "ts": "2026-07-05T17:48:38.387515+00:00", "void": false, "winner": "agent_a"}
starting game=88 challenger=agent_b(foul_play) acceptor=agent_a(foul_play_belief_threat)
game=88 challenger=agent_b acceptor=agent_a winner=agent_a
PROGRESS {"error": null, "game_index": 88, "running_agent_a_wins": 43, "running_decisive": 88, "running_winrate": 0.4886, "ts": "2026-07-05T17:48:54.523992+00:00", "void": false, "winner": "agent_a"}
starting game=89 challenger=agent_a(foul_play_belief_threat) acceptor=agent_b(foul_play)
game=89 challenger=agent_a acceptor=agent_b winner=agent_a
PROGRESS {"error": null, "game_index": 89, "running_agent_a_wins": 44, "running_decisive": 89, "running_winrate": 0.4944, "ts": "2026-07-05T17:49:12.454103+00:00", "void": false, "winner": "agent_a"}
starting game=90 challenger=agent_b(foul_play) acceptor=agent_a(foul_play_belief_threat)
game=90 challenger=agent_b acceptor=agent_a winner=agent_b
PROGRESS {"error": null, "game_index": 90, "running_agent_a_wins": 44, "running_decisive": 90, "running_winrate": 0.4889, "ts": "2026-07-05T17:49:30.934597+00:00", "void": false, "winner": "agent_b"}
starting game=91 challenger=agent_a(foul_play_belief_threat) acceptor=agent_b(foul_play)
game=91 challenger=agent_a acceptor=agent_b winner=agent_b
PROGRESS {"error": null, "game_index": 91, "running_agent_a_wins": 44, "running_decisive": 91, "running_winrate": 0.4835, "ts": "2026-07-05T17:49:52.735721+00:00", "void": false, "winner": "agent_b"}
starting game=92 challenger=agent_b(foul_play) acceptor=agent_a(foul_play_belief_threat)
game=92 challenger=agent_b acceptor=agent_a winner=agent_a
PROGRESS {"error": null, "game_index": 92, "running_agent_a_wins": 45, "running_decisive": 92, "running_winrate": 0.4891, "ts": "2026-07-05T17:50:22.078083+00:00", "void": false, "winner": "agent_a"}
starting game=93 challenger=agent_a(foul_play_belief_threat) acceptor=agent_b(foul_play)
game=93 challenger=agent_a acceptor=agent_b winner=agent_b
PROGRESS {"error": null, "game_index": 93, "running_agent_a_wins": 45, "running_decisive": 93, "running_winrate": 0.4839, "ts": "2026-07-05T17:50:40.864428+00:00", "void": false, "winner": "agent_b"}
starting game=94 challenger=agent_b(foul_play) acceptor=agent_a(foul_play_belief_threat)
game=94 challenger=agent_b acceptor=agent_a winner=agent_b
PROGRESS {"error": null, "game_index": 94, "running_agent_a_wins": 45, "running_decisive": 94, "running_winrate": 0.4787, "ts": "2026-07-05T17:50:57.509290+00:00", "void": false, "winner": "agent_b"}
starting game=95 challenger=agent_a(foul_play_belief_threat) acceptor=agent_b(foul_play)
game=95 challenger=agent_a acceptor=agent_b winner=agent_b
PROGRESS {"error": null, "game_index": 95, "running_agent_a_wins": 45, "running_decisive": 95, "running_winrate": 0.4737, "ts": "2026-07-05T17:51:19.010863+00:00", "void": false, "winner": "agent_b"}
starting game=96 challenger=agent_b(foul_play) acceptor=agent_a(foul_play_belief_threat)
game=96 challenger=agent_b acceptor=agent_a winner=agent_a
PROGRESS {"error": null, "game_index": 96, "running_agent_a_wins": 46, "running_decisive": 96, "running_winrate": 0.4792, "ts": "2026-07-05T17:51:40.958793+00:00", "void": false, "winner": "agent_a"}
starting game=97 challenger=agent_a(foul_play_belief_threat) acceptor=agent_b(foul_play)
game=97 challenger=agent_a acceptor=agent_b winner=agent_b
PROGRESS {"error": null, "game_index": 97, "running_agent_a_wins": 46, "running_decisive": 97, "running_winrate": 0.4742, "ts": "2026-07-05T17:52:12.615022+00:00", "void": false, "winner": "agent_b"}
starting game=98 challenger=agent_b(foul_play) acceptor=agent_a(foul_play_belief_threat)
game=98 challenger=agent_b acceptor=agent_a winner=agent_a
PROGRESS {"error": null, "game_index": 98, "running_agent_a_wins": 47, "running_decisive": 98, "running_winrate": 0.4796, "ts": "2026-07-05T17:52:28.631807+00:00", "void": false, "winner": "agent_a"}
starting game=99 challenger=agent_a(foul_play_belief_threat) acceptor=agent_b(foul_play)
game=99 challenger=agent_a acceptor=agent_b winner=agent_a
PROGRESS {"error": null, "game_index": 99, "running_agent_a_wins": 48, "running_decisive": 99, "running_winrate": 0.4848, "ts": "2026-07-05T17:53:02.212597+00:00", "void": false, "winner": "agent_a"}
starting game=100 challenger=agent_b(foul_play) acceptor=agent_a(foul_play_belief_threat)
game=100 challenger=agent_b acceptor=agent_a winner=agent_a
PROGRESS {"error": null, "game_index": 100, "running_agent_a_wins": 49, "running_decisive": 100, "running_winrate": 0.49, "ts": "2026-07-05T17:53:16.231276+00:00", "void": false, "winner": "agent_a"}
starting game=101 challenger=agent_a(foul_play_belief_threat) acceptor=agent_b(foul_play)
game=101 challenger=agent_a acceptor=agent_b winner=agent_a
PROGRESS {"error": null, "game_index": 101, "running_agent_a_wins": 50, "running_decisive": 101, "running_winrate": 0.495, "ts": "2026-07-05T17:53:33.080078+00:00", "void": false, "winner": "agent_a"}
starting game=102 challenger=agent_b(foul_play) acceptor=agent_a(foul_play_belief_threat)
game=102 challenger=agent_b acceptor=agent_a winner=agent_b
PROGRESS {"error": null, "game_index": 102, "running_agent_a_wins": 50, "running_decisive": 102, "running_winrate": 0.4902, "ts": "2026-07-05T17:53:47.775737+00:00", "void": false, "winner": "agent_b"}
starting game=103 challenger=agent_a(foul_play_belief_threat) acceptor=agent_b(foul_play)
game=103 challenger=agent_a acceptor=agent_b winner=agent_a
PROGRESS {"error": null, "game_index": 103, "running_agent_a_wins": 51, "running_decisive": 103, "running_winrate": 0.4951, "ts": "2026-07-05T17:54:06.369568+00:00", "void": false, "winner": "agent_a"}
starting game=104 challenger=agent_b(foul_play) acceptor=agent_a(foul_play_belief_threat)
game=104 challenger=agent_b acceptor=agent_a winner=agent_b
PROGRESS {"error": null, "game_index": 104, "running_agent_a_wins": 51, "running_decisive": 104, "running_winrate": 0.4904, "ts": "2026-07-05T17:54:23.877917+00:00", "void": false, "winner": "agent_b"}
starting game=105 challenger=agent_a(foul_play_belief_threat) acceptor=agent_b(foul_play)
game=105 challenger=agent_a acceptor=agent_b winner=agent_b
PROGRESS {"error": null, "game_index": 105, "running_agent_a_wins": 51, "running_decisive": 105, "running_winrate": 0.4857, "ts": "2026-07-05T17:54:47.615649+00:00", "void": false, "winner": "agent_b"}
starting game=106 challenger=agent_b(foul_play) acceptor=agent_a(foul_play_belief_threat)
game=106 challenger=agent_b acceptor=agent_a winner=agent_b
PROGRESS {"error": null, "game_index": 106, "running_agent_a_wins": 51, "running_decisive": 106, "running_winrate": 0.4811, "ts": "2026-07-05T17:55:07.048398+00:00", "void": false, "winner": "agent_b"}
starting game=107 challenger=agent_a(foul_play_belief_threat) acceptor=agent_b(foul_play)
game=107 challenger=agent_a acceptor=agent_b winner=agent_a
PROGRESS {"error": null, "game_index": 107, "running_agent_a_wins": 52, "running_decisive": 107, "running_winrate": 0.486, "ts": "2026-07-05T17:55:23.739442+00:00", "void": false, "winner": "agent_a"}
starting game=108 challenger=agent_b(foul_play) acceptor=agent_a(foul_play_belief_threat)
game=108 challenger=agent_b acceptor=agent_a winner=agent_b
PROGRESS {"error": null, "game_index": 108, "running_agent_a_wins": 52, "running_decisive": 108, "running_winrate": 0.4815, "ts": "2026-07-05T17:55:40.576361+00:00", "void": false, "winner": "agent_b"}
starting game=109 challenger=agent_a(foul_play_belief_threat) acceptor=agent_b(foul_play)
game=109 challenger=agent_a acceptor=agent_b winner=agent_a
PROGRESS {"error": null, "game_index": 109, "running_agent_a_wins": 53, "running_decisive": 109, "running_winrate": 0.4862, "ts": "2026-07-05T17:55:58.037112+00:00", "void": false, "winner": "agent_a"}
starting game=110 challenger=agent_b(foul_play) acceptor=agent_a(foul_play_belief_threat)
game=110 challenger=agent_b acceptor=agent_a winner=agent_a
PROGRESS {"error": null, "game_index": 110, "running_agent_a_wins": 54, "running_decisive": 110, "running_winrate": 0.4909, "ts": "2026-07-05T17:56:14.010159+00:00", "void": false, "winner": "agent_a"}
starting game=111 challenger=agent_a(foul_play_belief_threat) acceptor=agent_b(foul_play)
game=111 challenger=agent_a acceptor=agent_b winner=agent_b
PROGRESS {"error": null, "game_index": 111, "running_agent_a_wins": 54, "running_decisive": 111, "running_winrate": 0.4865, "ts": "2026-07-05T17:56:30.462651+00:00", "void": false, "winner": "agent_b"}
starting game=112 challenger=agent_b(foul_play) acceptor=agent_a(foul_play_belief_threat)
game=112 challenger=agent_b acceptor=agent_a winner=agent_b
PROGRESS {"error": null, "game_index": 112, "running_agent_a_wins": 54, "running_decisive": 112, "running_winrate": 0.4821, "ts": "2026-07-05T17:56:46.997784+00:00", "void": false, "winner": "agent_b"}
starting game=113 challenger=agent_a(foul_play_belief_threat) acceptor=agent_b(foul_play)
game=113 challenger=agent_a acceptor=agent_b winner=agent_b
PROGRESS {"error": null, "game_index": 113, "running_agent_a_wins": 54, "running_decisive": 113, "running_winrate": 0.4779, "ts": "2026-07-05T17:57:06.443034+00:00", "void": false, "winner": "agent_b"}
starting game=114 challenger=agent_b(foul_play) acceptor=agent_a(foul_play_belief_threat)
game=114 challenger=agent_b acceptor=agent_a winner=agent_b
PROGRESS {"error": null, "game_index": 114, "running_agent_a_wins": 54, "running_decisive": 114, "running_winrate": 0.4737, "ts": "2026-07-05T17:57:20.523274+00:00", "void": false, "winner": "agent_b"}
starting game=115 challenger=agent_a(foul_play_belief_threat) acceptor=agent_b(foul_play)
game=115 challenger=agent_a acceptor=agent_b winner=agent_b
PROGRESS {"error": null, "game_index": 115, "running_agent_a_wins": 54, "running_decisive": 115, "running_winrate": 0.4696, "ts": "2026-07-05T17:57:38.625087+00:00", "void": false, "winner": "agent_b"}
starting game=116 challenger=agent_b(foul_play) acceptor=agent_a(foul_play_belief_threat)
game=116 challenger=agent_b acceptor=agent_a winner=agent_b
PROGRESS {"error": null, "game_index": 116, "running_agent_a_wins": 54, "running_decisive": 116, "running_winrate": 0.4655, "ts": "2026-07-05T17:57:54.144169+00:00", "void": false, "winner": "agent_b"}
starting game=117 challenger=agent_a(foul_play_belief_threat) acceptor=agent_b(foul_play)
game=117 challenger=agent_a acceptor=agent_b winner=agent_b
PROGRESS {"error": null, "game_index": 117, "running_agent_a_wins": 54, "running_decisive": 117, "running_winrate": 0.4615, "ts": "2026-07-05T17:58:13.420893+00:00", "void": false, "winner": "agent_b"}
starting game=118 challenger=agent_b(foul_play) acceptor=agent_a(foul_play_belief_threat)
game=118 challenger=agent_b acceptor=agent_a winner=agent_b
PROGRESS {"error": null, "game_index": 118, "running_agent_a_wins": 54, "running_decisive": 118, "running_winrate": 0.4576, "ts": "2026-07-05T17:58:30.990156+00:00", "void": false, "winner": "agent_b"}
starting game=119 challenger=agent_a(foul_play_belief_threat) acceptor=agent_b(foul_play)
game=119 challenger=agent_a acceptor=agent_b winner=agent_a
PROGRESS {"error": null, "game_index": 119, "running_agent_a_wins": 55, "running_decisive": 119, "running_winrate": 0.4622, "ts": "2026-07-05T17:58:48.220759+00:00", "void": false, "winner": "agent_a"}
starting game=120 challenger=agent_b(foul_play) acceptor=agent_a(foul_play_belief_threat)
game=120 challenger=agent_b acceptor=agent_a winner=agent_b
PROGRESS {"error": null, "game_index": 120, "running_agent_a_wins": 55, "running_decisive": 120, "running_winrate": 0.4583, "ts": "2026-07-05T17:59:03.886943+00:00", "void": false, "winner": "agent_b"}
starting game=121 challenger=agent_a(foul_play_belief_threat) acceptor=agent_b(foul_play)
game=121 challenger=agent_a acceptor=agent_b winner=agent_a
PROGRESS {"error": null, "game_index": 121, "running_agent_a_wins": 56, "running_decisive": 121, "running_winrate": 0.4628, "ts": "2026-07-05T17:59:20.809218+00:00", "void": false, "winner": "agent_a"}
starting game=122 challenger=agent_b(foul_play) acceptor=agent_a(foul_play_belief_threat)
game=122 challenger=agent_b acceptor=agent_a winner=agent_a
PROGRESS {"error": null, "game_index": 122, "running_agent_a_wins": 57, "running_decisive": 122, "running_winrate": 0.4672, "ts": "2026-07-05T17:59:34.630467+00:00", "void": false, "winner": "agent_a"}
starting game=123 challenger=agent_a(foul_play_belief_threat) acceptor=agent_b(foul_play)
game=123 challenger=agent_a acceptor=agent_b winner=agent_a
PROGRESS {"error": null, "game_index": 123, "running_agent_a_wins": 58, "running_decisive": 123, "running_winrate": 0.4715, "ts": "2026-07-05T17:59:56.180084+00:00", "void": false, "winner": "agent_a"}
starting game=124 challenger=agent_b(foul_play) acceptor=agent_a(foul_play_belief_threat)
game=124 challenger=agent_b acceptor=agent_a winner=agent_b
PROGRESS {"error": null, "game_index": 124, "running_agent_a_wins": 58, "running_decisive": 124, "running_winrate": 0.4677, "ts": "2026-07-05T18:00:11.491474+00:00", "void": false, "winner": "agent_b"}
starting game=125 challenger=agent_a(foul_play_belief_threat) acceptor=agent_b(foul_play)
game=125 challenger=agent_a acceptor=agent_b winner=agent_a
PROGRESS {"error": null, "game_index": 125, "running_agent_a_wins": 59, "running_decisive": 125, "running_winrate": 0.472, "ts": "2026-07-05T18:00:33.957984+00:00", "void": false, "winner": "agent_a"}
starting game=126 challenger=agent_b(foul_play) acceptor=agent_a(foul_play_belief_threat)
game=126 challenger=agent_b acceptor=agent_a winner=agent_b
PROGRESS {"error": null, "game_index": 126, "running_agent_a_wins": 59, "running_decisive": 126, "running_winrate": 0.4683, "ts": "2026-07-05T18:00:50.373634+00:00", "void": false, "winner": "agent_b"}
starting game=127 challenger=agent_a(foul_play_belief_threat) acceptor=agent_b(foul_play)
game=127 challenger=agent_a acceptor=agent_b winner=agent_b
PROGRESS {"error": null, "game_index": 127, "running_agent_a_wins": 59, "running_decisive": 127, "running_winrate": 0.4646, "ts": "2026-07-05T18:01:10.020720+00:00", "void": false, "winner": "agent_b"}
starting game=128 challenger=agent_b(foul_play) acceptor=agent_a(foul_play_belief_threat)
game=128 challenger=agent_b acceptor=agent_a winner=agent_a
PROGRESS {"error": null, "game_index": 128, "running_agent_a_wins": 60, "running_decisive": 128, "running_winrate": 0.4688, "ts": "2026-07-05T18:01:26.329245+00:00", "void": false, "winner": "agent_a"}
starting game=129 challenger=agent_a(foul_play_belief_threat) acceptor=agent_b(foul_play)
game=129 challenger=agent_a acceptor=agent_b winner=agent_b
PROGRESS {"error": null, "game_index": 129, "running_agent_a_wins": 60, "running_decisive": 129, "running_winrate": 0.4651, "ts": "2026-07-05T18:01:48.967323+00:00", "void": false, "winner": "agent_b"}
starting game=130 challenger=agent_b(foul_play) acceptor=agent_a(foul_play_belief_threat)
game=130 challenger=agent_b acceptor=agent_a winner=agent_a
PROGRESS {"error": null, "game_index": 130, "running_agent_a_wins": 61, "running_decisive": 130, "running_winrate": 0.4692, "ts": "2026-07-05T18:02:07.888334+00:00", "void": false, "winner": "agent_a"}
starting game=131 challenger=agent_a(foul_play_belief_threat) acceptor=agent_b(foul_play)
game=131 challenger=agent_a acceptor=agent_b winner=agent_b
PROGRESS {"error": null, "game_index": 131, "running_agent_a_wins": 61, "running_decisive": 131, "running_winrate": 0.4656, "ts": "2026-07-05T18:02:34.176955+00:00", "void": false, "winner": "agent_b"}
starting game=132 challenger=agent_b(foul_play) acceptor=agent_a(foul_play_belief_threat)
game=132 challenger=agent_b acceptor=agent_a winner=agent_a
PROGRESS {"error": null, "game_index": 132, "running_agent_a_wins": 62, "running_decisive": 132, "running_winrate": 0.4697, "ts": "2026-07-05T18:02:51.683450+00:00", "void": false, "winner": "agent_a"}
starting game=133 challenger=agent_a(foul_play_belief_threat) acceptor=agent_b(foul_play)
game=133 challenger=agent_a acceptor=agent_b winner=agent_b
PROGRESS {"error": null, "game_index": 133, "running_agent_a_wins": 62, "running_decisive": 133, "running_winrate": 0.4662, "ts": "2026-07-05T18:03:10.398290+00:00", "void": false, "winner": "agent_b"}
starting game=134 challenger=agent_b(foul_play) acceptor=agent_a(foul_play_belief_threat)
game=134 challenger=agent_b acceptor=agent_a winner=agent_a
PROGRESS {"error": null, "game_index": 134, "running_agent_a_wins": 63, "running_decisive": 134, "running_winrate": 0.4701, "ts": "2026-07-05T18:03:27.877616+00:00", "void": false, "winner": "agent_a"}
starting game=135 challenger=agent_a(foul_play_belief_threat) acceptor=agent_b(foul_play)
game=135 challenger=agent_a acceptor=agent_b winner=agent_b
PROGRESS {"error": null, "game_index": 135, "running_agent_a_wins": 63, "running_decisive": 135, "running_winrate": 0.4667, "ts": "2026-07-05T18:03:42.606738+00:00", "void": false, "winner": "agent_b"}
starting game=136 challenger=agent_b(foul_play) acceptor=agent_a(foul_play_belief_threat)
game=136 challenger=agent_b acceptor=agent_a winner=agent_a
PROGRESS {"error": null, "game_index": 136, "running_agent_a_wins": 64, "running_decisive": 136, "running_winrate": 0.4706, "ts": "2026-07-05T18:03:59.576569+00:00", "void": false, "winner": "agent_a"}
starting game=137 challenger=agent_a(foul_play_belief_threat) acceptor=agent_b(foul_play)
game=137 challenger=agent_a acceptor=agent_b winner=agent_b
PROGRESS {"error": null, "game_index": 137, "running_agent_a_wins": 64, "running_decisive": 137, "running_winrate": 0.4672, "ts": "2026-07-05T18:04:16.232610+00:00", "void": false, "winner": "agent_b"}
starting game=138 challenger=agent_b(foul_play) acceptor=agent_a(foul_play_belief_threat)
game=138 challenger=agent_b acceptor=agent_a winner=agent_a
PROGRESS {"error": null, "game_index": 138, "running_agent_a_wins": 65, "running_decisive": 138, "running_winrate": 0.471, "ts": "2026-07-05T18:04:34.073430+00:00", "void": false, "winner": "agent_a"}
starting game=139 challenger=agent_a(foul_play_belief_threat) acceptor=agent_b(foul_play)
game=139 challenger=agent_a acceptor=agent_b winner=agent_b
PROGRESS {"error": null, "game_index": 139, "running_agent_a_wins": 65, "running_decisive": 139, "running_winrate": 0.4676, "ts": "2026-07-05T18:05:02.477309+00:00", "void": false, "winner": "agent_b"}
starting game=140 challenger=agent_b(foul_play) acceptor=agent_a(foul_play_belief_threat)
game=140 challenger=agent_b acceptor=agent_a winner=agent_a
PROGRESS {"error": null, "game_index": 140, "running_agent_a_wins": 66, "running_decisive": 140, "running_winrate": 0.4714, "ts": "2026-07-05T18:05:21.919094+00:00", "void": false, "winner": "agent_a"}
starting game=141 challenger=agent_a(foul_play_belief_threat) acceptor=agent_b(foul_play)
game=141 challenger=agent_a acceptor=agent_b winner=agent_a
PROGRESS {"error": null, "game_index": 141, "running_agent_a_wins": 67, "running_decisive": 141, "running_winrate": 0.4752, "ts": "2026-07-05T18:05:43.896525+00:00", "void": false, "winner": "agent_a"}
starting game=142 challenger=agent_b(foul_play) acceptor=agent_a(foul_play_belief_threat)
game=142 challenger=agent_b acceptor=agent_a winner=agent_a
PROGRESS {"error": null, "game_index": 142, "running_agent_a_wins": 68, "running_decisive": 142, "running_winrate": 0.4789, "ts": "2026-07-05T18:06:04.400644+00:00", "void": false, "winner": "agent_a"}
starting game=143 challenger=agent_a(foul_play_belief_threat) acceptor=agent_b(foul_play)
game=143 challenger=agent_a acceptor=agent_b winner=agent_a
PROGRESS {"error": null, "game_index": 143, "running_agent_a_wins": 69, "running_decisive": 143, "running_winrate": 0.4825, "ts": "2026-07-05T18:06:22.054761+00:00", "void": false, "winner": "agent_a"}
starting game=144 challenger=agent_b(foul_play) acceptor=agent_a(foul_play_belief_threat)
game=144 challenger=agent_b acceptor=agent_a winner=agent_a
PROGRESS {"error": null, "game_index": 144, "running_agent_a_wins": 70, "running_decisive": 144, "running_winrate": 0.4861, "ts": "2026-07-05T18:06:42.738650+00:00", "void": false, "winner": "agent_a"}
starting game=145 challenger=agent_a(foul_play_belief_threat) acceptor=agent_b(foul_play)
game=145 challenger=agent_a acceptor=agent_b winner=agent_a
PROGRESS {"error": null, "game_index": 145, "running_agent_a_wins": 71, "running_decisive": 145, "running_winrate": 0.4897, "ts": "2026-07-05T18:07:02.026389+00:00", "void": false, "winner": "agent_a"}
starting game=146 challenger=agent_b(foul_play) acceptor=agent_a(foul_play_belief_threat)
game=146 challenger=agent_b acceptor=agent_a winner=agent_b
PROGRESS {"error": null, "game_index": 146, "running_agent_a_wins": 71, "running_decisive": 146, "running_winrate": 0.4863, "ts": "2026-07-05T18:07:15.860962+00:00", "void": false, "winner": "agent_b"}
starting game=147 challenger=agent_a(foul_play_belief_threat) acceptor=agent_b(foul_play)
game=147 challenger=agent_a acceptor=agent_b winner=agent_a
PROGRESS {"error": null, "game_index": 147, "running_agent_a_wins": 72, "running_decisive": 147, "running_winrate": 0.4898, "ts": "2026-07-05T18:07:35.333700+00:00", "void": false, "winner": "agent_a"}
starting game=148 challenger=agent_b(foul_play) acceptor=agent_a(foul_play_belief_threat)
game=148 challenger=agent_b acceptor=agent_a winner=agent_a
PROGRESS {"error": null, "game_index": 148, "running_agent_a_wins": 73, "running_decisive": 148, "running_winrate": 0.4932, "ts": "2026-07-05T18:07:54.047471+00:00", "void": false, "winner": "agent_a"}
starting game=149 challenger=agent_a(foul_play_belief_threat) acceptor=agent_b(foul_play)
game=149 challenger=agent_a acceptor=agent_b winner=agent_b
PROGRESS {"error": null, "game_index": 149, "running_agent_a_wins": 73, "running_decisive": 149, "running_winrate": 0.4899, "ts": "2026-07-05T18:08:11.761057+00:00", "void": false, "winner": "agent_b"}
starting game=150 challenger=agent_b(foul_play) acceptor=agent_a(foul_play_belief_threat)
game=150 challenger=agent_b acceptor=agent_a winner=agent_a
PROGRESS {"error": null, "game_index": 150, "running_agent_a_wins": 74, "running_decisive": 150, "running_winrate": 0.4933, "ts": "2026-07-05T18:08:28.510045+00:00", "void": false, "winner": "agent_a"}
starting game=151 challenger=agent_a(foul_play_belief_threat) acceptor=agent_b(foul_play)
game=151 challenger=agent_a acceptor=agent_b winner=agent_a
PROGRESS {"error": null, "game_index": 151, "running_agent_a_wins": 75, "running_decisive": 151, "running_winrate": 0.4967, "ts": "2026-07-05T18:08:51.569457+00:00", "void": false, "winner": "agent_a"}
starting game=152 challenger=agent_b(foul_play) acceptor=agent_a(foul_play_belief_threat)
game=152 challenger=agent_b acceptor=agent_a winner=agent_a
PROGRESS {"error": null, "game_index": 152, "running_agent_a_wins": 76, "running_decisive": 152, "running_winrate": 0.5, "ts": "2026-07-05T18:09:06.660619+00:00", "void": false, "winner": "agent_a"}
starting game=153 challenger=agent_a(foul_play_belief_threat) acceptor=agent_b(foul_play)
game=153 challenger=agent_a acceptor=agent_b winner=agent_b
PROGRESS {"error": null, "game_index": 153, "running_agent_a_wins": 76, "running_decisive": 153, "running_winrate": 0.4967, "ts": "2026-07-05T18:09:24.923854+00:00", "void": false, "winner": "agent_b"}
starting game=154 challenger=agent_b(foul_play) acceptor=agent_a(foul_play_belief_threat)
game=154 challenger=agent_b acceptor=agent_a winner=agent_a
PROGRESS {"error": null, "game_index": 154, "running_agent_a_wins": 77, "running_decisive": 154, "running_winrate": 0.5, "ts": "2026-07-05T18:09:41.030935+00:00", "void": false, "winner": "agent_a"}
starting game=155 challenger=agent_a(foul_play_belief_threat) acceptor=agent_b(foul_play)
game=155 challenger=agent_a acceptor=agent_b winner=agent_b
PROGRESS {"error": null, "game_index": 155, "running_agent_a_wins": 77, "running_decisive": 155, "running_winrate": 0.4968, "ts": "2026-07-05T18:09:58.757281+00:00", "void": false, "winner": "agent_b"}
starting game=156 challenger=agent_b(foul_play) acceptor=agent_a(foul_play_belief_threat)
game=156 challenger=agent_b acceptor=agent_a winner=agent_b
PROGRESS {"error": null, "game_index": 156, "running_agent_a_wins": 77, "running_decisive": 156, "running_winrate": 0.4936, "ts": "2026-07-05T18:10:15.321769+00:00", "void": false, "winner": "agent_b"}
starting game=157 challenger=agent_a(foul_play_belief_threat) acceptor=agent_b(foul_play)
game=157 challenger=agent_a acceptor=agent_b winner=agent_b
PROGRESS {"error": null, "game_index": 157, "running_agent_a_wins": 77, "running_decisive": 157, "running_winrate": 0.4904, "ts": "2026-07-05T18:10:35.531289+00:00", "void": false, "winner": "agent_b"}
starting game=158 challenger=agent_b(foul_play) acceptor=agent_a(foul_play_belief_threat)
game=158 challenger=agent_b acceptor=agent_a winner=agent_a
PROGRESS {"error": null, "game_index": 158, "running_agent_a_wins": 78, "running_decisive": 158, "running_winrate": 0.4937, "ts": "2026-07-05T18:10:55.241504+00:00", "void": false, "winner": "agent_a"}
starting game=159 challenger=agent_a(foul_play_belief_threat) acceptor=agent_b(foul_play)
game=159 challenger=agent_a acceptor=agent_b winner=agent_b
PROGRESS {"error": null, "game_index": 159, "running_agent_a_wins": 78, "running_decisive": 159, "running_winrate": 0.4906, "ts": "2026-07-05T18:11:13.528031+00:00", "void": false, "winner": "agent_b"}
starting game=160 challenger=agent_b(foul_play) acceptor=agent_a(foul_play_belief_threat)
game=160 challenger=agent_b acceptor=agent_a winner=agent_b
PROGRESS {"error": null, "game_index": 160, "running_agent_a_wins": 78, "running_decisive": 160, "running_winrate": 0.4875, "ts": "2026-07-05T18:11:32.613949+00:00", "void": false, "winner": "agent_b"}
starting game=161 challenger=agent_a(foul_play_belief_threat) acceptor=agent_b(foul_play)
game=161 challenger=agent_a acceptor=agent_b winner=agent_a
PROGRESS {"error": null, "game_index": 161, "running_agent_a_wins": 79, "running_decisive": 161, "running_winrate": 0.4907, "ts": "2026-07-05T18:11:51.560754+00:00", "void": false, "winner": "agent_a"}
starting game=162 challenger=agent_b(foul_play) acceptor=agent_a(foul_play_belief_threat)
game=162 challenger=agent_b acceptor=agent_a winner=agent_b
PROGRESS {"error": null, "game_index": 162, "running_agent_a_wins": 79, "running_decisive": 162, "running_winrate": 0.4877, "ts": "2026-07-05T18:12:19.780834+00:00", "void": false, "winner": "agent_b"}
starting game=163 challenger=agent_a(foul_play_belief_threat) acceptor=agent_b(foul_play)
game=163 challenger=agent_a acceptor=agent_b winner=agent_a
PROGRESS {"error": null, "game_index": 163, "running_agent_a_wins": 80, "running_decisive": 163, "running_winrate": 0.4908, "ts": "2026-07-05T18:12:37.937703+00:00", "void": false, "winner": "agent_a"}
starting game=164 challenger=agent_b(foul_play) acceptor=agent_a(foul_play_belief_threat)
game=164 challenger=agent_b acceptor=agent_a winner=agent_a
PROGRESS {"error": null, "game_index": 164, "running_agent_a_wins": 81, "running_decisive": 164, "running_winrate": 0.4939, "ts": "2026-07-05T18:12:53.372418+00:00", "void": false, "winner": "agent_a"}
starting game=165 challenger=agent_a(foul_play_belief_threat) acceptor=agent_b(foul_play)
game=165 challenger=agent_a acceptor=agent_b winner=agent_a
PROGRESS {"error": null, "game_index": 165, "running_agent_a_wins": 82, "running_decisive": 165, "running_winrate": 0.497, "ts": "2026-07-05T18:13:11.443881+00:00", "void": false, "winner": "agent_a"}
starting game=166 challenger=agent_b(foul_play) acceptor=agent_a(foul_play_belief_threat)
game=166 challenger=agent_b acceptor=agent_a winner=agent_a
PROGRESS {"error": null, "game_index": 166, "running_agent_a_wins": 83, "running_decisive": 166, "running_winrate": 0.5, "ts": "2026-07-05T18:13:25.675276+00:00", "void": false, "winner": "agent_a"}
starting game=167 challenger=agent_a(foul_play_belief_threat) acceptor=agent_b(foul_play)
game=167 challenger=agent_a acceptor=agent_b winner=agent_b
PROGRESS {"error": null, "game_index": 167, "running_agent_a_wins": 83, "running_decisive": 167, "running_winrate": 0.497, "ts": "2026-07-05T18:13:42.494204+00:00", "void": false, "winner": "agent_b"}
starting game=168 challenger=agent_b(foul_play) acceptor=agent_a(foul_play_belief_threat)
game=168 challenger=agent_b acceptor=agent_a winner=agent_a
PROGRESS {"error": null, "game_index": 168, "running_agent_a_wins": 84, "running_decisive": 168, "running_winrate": 0.5, "ts": "2026-07-05T18:13:59.451440+00:00", "void": false, "winner": "agent_a"}
starting game=169 challenger=agent_a(foul_play_belief_threat) acceptor=agent_b(foul_play)
game=169 challenger=agent_a acceptor=agent_b winner=agent_a
PROGRESS {"error": null, "game_index": 169, "running_agent_a_wins": 85, "running_decisive": 169, "running_winrate": 0.503, "ts": "2026-07-05T18:14:16.346188+00:00", "void": false, "winner": "agent_a"}
starting game=170 challenger=agent_b(foul_play) acceptor=agent_a(foul_play_belief_threat)
game=170 challenger=agent_b acceptor=agent_a winner=agent_b
PROGRESS {"error": null, "game_index": 170, "running_agent_a_wins": 85, "running_decisive": 170, "running_winrate": 0.5, "ts": "2026-07-05T18:14:32.154194+00:00", "void": false, "winner": "agent_b"}
starting game=171 challenger=agent_a(foul_play_belief_threat) acceptor=agent_b(foul_play)
game=171 challenger=agent_a acceptor=agent_b winner=agent_b
PROGRESS {"error": null, "game_index": 171, "running_agent_a_wins": 85, "running_decisive": 171, "running_winrate": 0.4971, "ts": "2026-07-05T18:14:52.557415+00:00", "void": false, "winner": "agent_b"}
starting game=172 challenger=agent_b(foul_play) acceptor=agent_a(foul_play_belief_threat)
game=172 challenger=agent_b acceptor=agent_a winner=agent_b
PROGRESS {"error": null, "game_index": 172, "running_agent_a_wins": 85, "running_decisive": 172, "running_winrate": 0.4942, "ts": "2026-07-05T18:15:08.421101+00:00", "void": false, "winner": "agent_b"}
starting game=173 challenger=agent_a(foul_play_belief_threat) acceptor=agent_b(foul_play)
game=173 challenger=agent_a acceptor=agent_b winner=agent_b
PROGRESS {"error": null, "game_index": 173, "running_agent_a_wins": 85, "running_decisive": 173, "running_winrate": 0.4913, "ts": "2026-07-05T18:15:25.468369+00:00", "void": false, "winner": "agent_b"}
starting game=174 challenger=agent_b(foul_play) acceptor=agent_a(foul_play_belief_threat)
game=174 challenger=agent_b acceptor=agent_a winner=agent_b
PROGRESS {"error": null, "game_index": 174, "running_agent_a_wins": 85, "running_decisive": 174, "running_winrate": 0.4885, "ts": "2026-07-05T18:15:46.523127+00:00", "void": false, "winner": "agent_b"}
starting game=175 challenger=agent_a(foul_play_belief_threat) acceptor=agent_b(foul_play)
game=175 challenger=agent_a acceptor=agent_b winner=agent_a
PROGRESS {"error": null, "game_index": 175, "running_agent_a_wins": 86, "running_decisive": 175, "running_winrate": 0.4914, "ts": "2026-07-05T18:16:02.305832+00:00", "void": false, "winner": "agent_a"}
starting game=176 challenger=agent_b(foul_play) acceptor=agent_a(foul_play_belief_threat)
game=176 challenger=agent_b acceptor=agent_a winner=agent_b
PROGRESS {"error": null, "game_index": 176, "running_agent_a_wins": 86, "running_decisive": 176, "running_winrate": 0.4886, "ts": "2026-07-05T18:16:19.033358+00:00", "void": false, "winner": "agent_b"}
starting game=177 challenger=agent_a(foul_play_belief_threat) acceptor=agent_b(foul_play)
game=177 challenger=agent_a acceptor=agent_b winner=agent_a
PROGRESS {"error": null, "game_index": 177, "running_agent_a_wins": 87, "running_decisive": 177, "running_winrate": 0.4915, "ts": "2026-07-05T18:16:37.440840+00:00", "void": false, "winner": "agent_a"}
starting game=178 challenger=agent_b(foul_play) acceptor=agent_a(foul_play_belief_threat)
game=178 challenger=agent_b acceptor=agent_a winner=agent_b
PROGRESS {"error": null, "game_index": 178, "running_agent_a_wins": 87, "running_decisive": 178, "running_winrate": 0.4888, "ts": "2026-07-05T18:16:53.530978+00:00", "void": false, "winner": "agent_b"}
starting game=179 challenger=agent_a(foul_play_belief_threat) acceptor=agent_b(foul_play)
game=179 challenger=agent_a acceptor=agent_b winner=agent_b
PROGRESS {"error": null, "game_index": 179, "running_agent_a_wins": 87, "running_decisive": 179, "running_winrate": 0.486, "ts": "2026-07-05T18:17:10.135476+00:00", "void": false, "winner": "agent_b"}
starting game=180 challenger=agent_b(foul_play) acceptor=agent_a(foul_play_belief_threat)
game=180 challenger=agent_b acceptor=agent_a winner=agent_b
PROGRESS {"error": null, "game_index": 180, "running_agent_a_wins": 87, "running_decisive": 180, "running_winrate": 0.4833, "ts": "2026-07-05T18:17:25.938410+00:00", "void": false, "winner": "agent_b"}
starting game=181 challenger=agent_a(foul_play_belief_threat) acceptor=agent_b(foul_play)
game=181 challenger=agent_a acceptor=agent_b winner=agent_b
PROGRESS {"error": null, "game_index": 181, "running_agent_a_wins": 87, "running_decisive": 181, "running_winrate": 0.4807, "ts": "2026-07-05T18:17:44.396063+00:00", "void": false, "winner": "agent_b"}
starting game=182 challenger=agent_b(foul_play) acceptor=agent_a(foul_play_belief_threat)
game=182 challenger=agent_b acceptor=agent_a winner=agent_b
PROGRESS {"error": null, "game_index": 182, "running_agent_a_wins": 87, "running_decisive": 182, "running_winrate": 0.478, "ts": "2026-07-05T18:18:02.638981+00:00", "void": false, "winner": "agent_b"}
starting game=183 challenger=agent_a(foul_play_belief_threat) acceptor=agent_b(foul_play)
game=183 challenger=agent_a acceptor=agent_b winner=agent_a
PROGRESS {"error": null, "game_index": 183, "running_agent_a_wins": 88, "running_decisive": 183, "running_winrate": 0.4809, "ts": "2026-07-05T18:18:22.633644+00:00", "void": false, "winner": "agent_a"}
starting game=184 challenger=agent_b(foul_play) acceptor=agent_a(foul_play_belief_threat)
game=184 challenger=agent_b acceptor=agent_a winner=agent_b
PROGRESS {"error": null, "game_index": 184, "running_agent_a_wins": 88, "running_decisive": 184, "running_winrate": 0.4783, "ts": "2026-07-05T18:18:41.943392+00:00", "void": false, "winner": "agent_b"}
starting game=185 challenger=agent_a(foul_play_belief_threat) acceptor=agent_b(foul_play)
game=185 challenger=agent_a acceptor=agent_b winner=agent_b
PROGRESS {"error": null, "game_index": 185, "running_agent_a_wins": 88, "running_decisive": 185, "running_winrate": 0.4757, "ts": "2026-07-05T18:19:01.303273+00:00", "void": false, "winner": "agent_b"}
starting game=186 challenger=agent_b(foul_play) acceptor=agent_a(foul_play_belief_threat)
game=186 challenger=agent_b acceptor=agent_a winner=agent_a
PROGRESS {"error": null, "game_index": 186, "running_agent_a_wins": 89, "running_decisive": 186, "running_winrate": 0.4785, "ts": "2026-07-05T18:19:18.669185+00:00", "void": false, "winner": "agent_a"}
starting game=187 challenger=agent_a(foul_play_belief_threat) acceptor=agent_b(foul_play)
game=187 challenger=agent_a acceptor=agent_b winner=agent_b
PROGRESS {"error": null, "game_index": 187, "running_agent_a_wins": 89, "running_decisive": 187, "running_winrate": 0.4759, "ts": "2026-07-05T18:19:38.043661+00:00", "void": false, "winner": "agent_b"}
starting game=188 challenger=agent_b(foul_play) acceptor=agent_a(foul_play_belief_threat)
game=188 challenger=agent_b acceptor=agent_a winner=agent_b
PROGRESS {"error": null, "game_index": 188, "running_agent_a_wins": 89, "running_decisive": 188, "running_winrate": 0.4734, "ts": "2026-07-05T18:19:54.355716+00:00", "void": false, "winner": "agent_b"}
starting game=189 challenger=agent_a(foul_play_belief_threat) acceptor=agent_b(foul_play)
game=189 challenger=agent_a acceptor=agent_b winner=agent_b
PROGRESS {"error": null, "game_index": 189, "running_agent_a_wins": 89, "running_decisive": 189, "running_winrate": 0.4709, "ts": "2026-07-05T18:20:10.443247+00:00", "void": false, "winner": "agent_b"}
starting game=190 challenger=agent_b(foul_play) acceptor=agent_a(foul_play_belief_threat)
game=190 challenger=agent_b acceptor=agent_a winner=agent_b
PROGRESS {"error": null, "game_index": 190, "running_agent_a_wins": 89, "running_decisive": 190, "running_winrate": 0.4684, "ts": "2026-07-05T18:20:43.990684+00:00", "void": false, "winner": "agent_b"}
starting game=191 challenger=agent_a(foul_play_belief_threat) acceptor=agent_b(foul_play)
game=191 challenger=agent_a acceptor=agent_b winner=agent_a
PROGRESS {"error": null, "game_index": 191, "running_agent_a_wins": 90, "running_decisive": 191, "running_winrate": 0.4712, "ts": "2026-07-05T18:21:06.034452+00:00", "void": false, "winner": "agent_a"}
starting game=192 challenger=agent_b(foul_play) acceptor=agent_a(foul_play_belief_threat)
game=192 challenger=agent_b acceptor=agent_a winner=agent_b
PROGRESS {"error": null, "game_index": 192, "running_agent_a_wins": 90, "running_decisive": 192, "running_winrate": 0.4688, "ts": "2026-07-05T18:21:23.900288+00:00", "void": false, "winner": "agent_b"}
starting game=193 challenger=agent_a(foul_play_belief_threat) acceptor=agent_b(foul_play)
game=193 challenger=agent_a acceptor=agent_b winner=agent_a
PROGRESS {"error": null, "game_index": 193, "running_agent_a_wins": 91, "running_decisive": 193, "running_winrate": 0.4715, "ts": "2026-07-05T18:21:44.284543+00:00", "void": false, "winner": "agent_a"}
starting game=194 challenger=agent_b(foul_play) acceptor=agent_a(foul_play_belief_threat)
game=194 challenger=agent_b acceptor=agent_a winner=agent_a
PROGRESS {"error": null, "game_index": 194, "running_agent_a_wins": 92, "running_decisive": 194, "running_winrate": 0.4742, "ts": "2026-07-05T18:22:01.404420+00:00", "void": false, "winner": "agent_a"}
starting game=195 challenger=agent_a(foul_play_belief_threat) acceptor=agent_b(foul_play)
game=195 challenger=agent_a acceptor=agent_b winner=agent_a
PROGRESS {"error": null, "game_index": 195, "running_agent_a_wins": 93, "running_decisive": 195, "running_winrate": 0.4769, "ts": "2026-07-05T18:22:21.653412+00:00", "void": false, "winner": "agent_a"}
starting game=196 challenger=agent_b(foul_play) acceptor=agent_a(foul_play_belief_threat)
game=196 challenger=agent_b acceptor=agent_a winner=agent_b
PROGRESS {"error": null, "game_index": 196, "running_agent_a_wins": 93, "running_decisive": 196, "running_winrate": 0.4745, "ts": "2026-07-05T18:22:39.283446+00:00", "void": false, "winner": "agent_b"}
starting game=197 challenger=agent_a(foul_play_belief_threat) acceptor=agent_b(foul_play)
game=197 challenger=agent_a acceptor=agent_b winner=agent_a
PROGRESS {"error": null, "game_index": 197, "running_agent_a_wins": 94, "running_decisive": 197, "running_winrate": 0.4772, "ts": "2026-07-05T18:22:58.898149+00:00", "void": false, "winner": "agent_a"}
starting game=198 challenger=agent_b(foul_play) acceptor=agent_a(foul_play_belief_threat)
game=198 challenger=agent_b acceptor=agent_a winner=agent_a
PROGRESS {"error": null, "game_index": 198, "running_agent_a_wins": 95, "running_decisive": 198, "running_winrate": 0.4798, "ts": "2026-07-05T18:23:10.649845+00:00", "void": false, "winner": "agent_a"}
starting game=199 challenger=agent_a(foul_play_belief_threat) acceptor=agent_b(foul_play)
game=199 challenger=agent_a acceptor=agent_b winner=agent_b
PROGRESS {"error": null, "game_index": 199, "running_agent_a_wins": 95, "running_decisive": 199, "running_winrate": 0.4774, "ts": "2026-07-05T18:23:32.395368+00:00", "void": false, "winner": "agent_b"}
starting game=200 challenger=agent_b(foul_play) acceptor=agent_a(foul_play_belief_threat)
game=200 challenger=agent_b acceptor=agent_a winner=agent_b
PROGRESS {"error": null, "game_index": 200, "running_agent_a_wins": 95, "running_decisive": 200, "running_winrate": 0.475, "ts": "2026-07-05T18:23:47.106973+00:00", "void": false, "winner": "agent_b"}
{
  "agent_a": "foul_play_belief_threat",
  "agent_a_as_acceptor_games": 100,
  "agent_a_as_acceptor_wins": 45,
  "agent_a_as_challenger_games": 100,
  "agent_a_as_challenger_wins": 50,
  "agent_a_losses": 105,
  "agent_a_wins": 95,
  "agent_b": "foul_play",
  "ci95_high": 0.5440260398531525,
  "ci95_low": 0.4069162264657108,
  "completed_games": 200,
  "decisive_games": 200,
  "format": "gen9randombattle",
  "foul_play_search_time_ms": 100,
  "mode": "h2h",
  "n_games": 200,
  "paired": true,
  "server": "local",
  "ties_or_unknown": 0,
  "void_games": 0,
  "voids_with_agent_a_challenger": 0,
  "voids_with_agent_b_challenger": 0,
  "winrate": 0.475
}
