starting game=1 challenger=agent_a(foul_play) acceptor=agent_b(foul_play)
game=1 challenger=agent_a acceptor=agent_b winner=agent_a
PROGRESS {"error": null, "game_index": 1, "running_agent_a_wins": 1, "running_decisive": 1, "running_winrate": 1.0, "ts": "2026-07-05T05:29:02.771545+00:00", "void": false, "winner": "agent_a"}
starting game=2 challenger=agent_b(foul_play) acceptor=agent_a(foul_play)
game=2 challenger=agent_b acceptor=agent_a winner=agent_a
PROGRESS {"error": null, "game_index": 2, "running_agent_a_wins": 2, "running_decisive": 2, "running_winrate": 1.0, "ts": "2026-07-05T05:29:21.686764+00:00", "void": false, "winner": "agent_a"}
starting game=3 challenger=agent_a(foul_play) acceptor=agent_b(foul_play)
game=3 challenger=agent_a acceptor=agent_b winner=agent_b
PROGRESS {"error": null, "game_index": 3, "running_agent_a_wins": 2, "running_decisive": 3, "running_winrate": 0.6667, "ts": "2026-07-05T05:29:36.696422+00:00", "void": false, "winner": "agent_b"}
starting game=4 challenger=agent_b(foul_play) acceptor=agent_a(foul_play)
game=4 challenger=agent_b acceptor=agent_a winner=agent_b
PROGRESS {"error": null, "game_index": 4, "running_agent_a_wins": 2, "running_decisive": 4, "running_winrate": 0.5, "ts": "2026-07-05T05:29:51.753234+00:00", "void": false, "winner": "agent_b"}
starting game=5 challenger=agent_a(foul_play) acceptor=agent_b(foul_play)
game=5 challenger=agent_a acceptor=agent_b winner=agent_a
PROGRESS {"error": null, "game_index": 5, "running_agent_a_wins": 3, "running_decisive": 5, "running_winrate": 0.6, "ts": "2026-07-05T05:30:08.091279+00:00", "void": false, "winner": "agent_a"}
starting game=6 challenger=agent_b(foul_play) acceptor=agent_a(foul_play)
game=6 challenger=agent_b acceptor=agent_a winner=agent_a
PROGRESS {"error": null, "game_index": 6, "running_agent_a_wins": 4, "running_decisive": 6, "running_winrate": 0.6667, "ts": "2026-07-05T05:30:21.388794+00:00", "void": false, "winner": "agent_a"}
starting game=7 challenger=agent_a(foul_play) acceptor=agent_b(foul_play)
game=7 challenger=agent_a acceptor=agent_b winner=agent_b
PROGRESS {"error": null, "game_index": 7, "running_agent_a_wins": 4, "running_decisive": 7, "running_winrate": 0.5714, "ts": "2026-07-05T05:30:35.661195+00:00", "void": false, "winner": "agent_b"}
starting game=8 challenger=agent_b(foul_play) acceptor=agent_a(foul_play)
game=8 challenger=agent_b acceptor=agent_a winner=agent_b
PROGRESS {"error": null, "game_index": 8, "running_agent_a_wins": 4, "running_decisive": 8, "running_winrate": 0.5, "ts": "2026-07-05T05:30:50.182165+00:00", "void": false, "winner": "agent_b"}
starting game=9 challenger=agent_a(foul_play) acceptor=agent_b(foul_play)
game=9 challenger=agent_a acceptor=agent_b winner=agent_b
PROGRESS {"error": null, "game_index": 9, "running_agent_a_wins": 4, "running_decisive": 9, "running_winrate": 0.4444, "ts": "2026-07-05T05:31:05.407979+00:00", "void": false, "winner": "agent_b"}
starting game=10 challenger=agent_b(foul_play) acceptor=agent_a(foul_play)
game=10 challenger=agent_b acceptor=agent_a winner=agent_a
PROGRESS {"error": null, "game_index": 10, "running_agent_a_wins": 5, "running_decisive": 10, "running_winrate": 0.5, "ts": "2026-07-05T05:31:22.793923+00:00", "void": false, "winner": "agent_a"}
starting game=11 challenger=agent_a(foul_play) acceptor=agent_b(foul_play)
game=11 challenger=agent_a acceptor=agent_b winner=agent_b
PROGRESS {"error": null, "game_index": 11, "running_agent_a_wins": 5, "running_decisive": 11, "running_winrate": 0.4545, "ts": "2026-07-05T05:31:35.436373+00:00", "void": false, "winner": "agent_b"}
starting game=12 challenger=agent_b(foul_play) acceptor=agent_a(foul_play)
game=12 challenger=agent_b acceptor=agent_a winner=agent_b
PROGRESS {"error": null, "game_index": 12, "running_agent_a_wins": 5, "running_decisive": 12, "running_winrate": 0.4167, "ts": "2026-07-05T05:31:49.875708+00:00", "void": false, "winner": "agent_b"}
starting game=13 challenger=agent_a(foul_play) acceptor=agent_b(foul_play)
game=13 challenger=agent_a acceptor=agent_b winner=agent_a
PROGRESS {"error": null, "game_index": 13, "running_agent_a_wins": 6, "running_decisive": 13, "running_winrate": 0.4615, "ts": "2026-07-05T05:32:05.058722+00:00", "void": false, "winner": "agent_a"}
starting game=14 challenger=agent_b(foul_play) acceptor=agent_a(foul_play)
game=14 challenger=agent_b acceptor=agent_a winner=agent_b
PROGRESS {"error": null, "game_index": 14, "running_agent_a_wins": 6, "running_decisive": 14, "running_winrate": 0.4286, "ts": "2026-07-05T05:32:23.003130+00:00", "void": false, "winner": "agent_b"}
starting game=15 challenger=agent_a(foul_play) acceptor=agent_b(foul_play)
game=15 challenger=agent_a acceptor=agent_b winner=agent_a
PROGRESS {"error": null, "game_index": 15, "running_agent_a_wins": 7, "running_decisive": 15, "running_winrate": 0.4667, "ts": "2026-07-05T05:32:35.329004+00:00", "void": false, "winner": "agent_a"}
starting game=16 challenger=agent_b(foul_play) acceptor=agent_a(foul_play)
game=16 challenger=agent_b acceptor=agent_a winner=agent_a
PROGRESS {"error": null, "game_index": 16, "running_agent_a_wins": 8, "running_decisive": 16, "running_winrate": 0.5, "ts": "2026-07-05T05:32:51.435981+00:00", "void": false, "winner": "agent_a"}
starting game=17 challenger=agent_a(foul_play) acceptor=agent_b(foul_play)
game=17 challenger=agent_a acceptor=agent_b winner=agent_b
PROGRESS {"error": null, "game_index": 17, "running_agent_a_wins": 8, "running_decisive": 17, "running_winrate": 0.4706, "ts": "2026-07-05T05:33:06.925863+00:00", "void": false, "winner": "agent_b"}
starting game=18 challenger=agent_b(foul_play) acceptor=agent_a(foul_play)
game=18 challenger=agent_b acceptor=agent_a winner=agent_a
PROGRESS {"error": null, "game_index": 18, "running_agent_a_wins": 9, "running_decisive": 18, "running_winrate": 0.5, "ts": "2026-07-05T05:33:27.274118+00:00", "void": false, "winner": "agent_a"}
starting game=19 challenger=agent_a(foul_play) acceptor=agent_b(foul_play)
game=19 challenger=agent_a acceptor=agent_b winner=agent_b
PROGRESS {"error": null, "game_index": 19, "running_agent_a_wins": 9, "running_decisive": 19, "running_winrate": 0.4737, "ts": "2026-07-05T05:33:43.218696+00:00", "void": false, "winner": "agent_b"}
starting game=20 challenger=agent_b(foul_play) acceptor=agent_a(foul_play)
game=20 challenger=agent_b acceptor=agent_a winner=agent_a
PROGRESS {"error": null, "game_index": 20, "running_agent_a_wins": 10, "running_decisive": 20, "running_winrate": 0.5, "ts": "2026-07-05T05:33:55.243898+00:00", "void": false, "winner": "agent_a"}
starting game=21 challenger=agent_a(foul_play) acceptor=agent_b(foul_play)
game=21 challenger=agent_a acceptor=agent_b winner=agent_b
PROGRESS {"error": null, "game_index": 21, "running_agent_a_wins": 10, "running_decisive": 21, "running_winrate": 0.4762, "ts": "2026-07-05T05:34:18.838975+00:00", "void": false, "winner": "agent_b"}
starting game=22 challenger=agent_b(foul_play) acceptor=agent_a(foul_play)
game=22 challenger=agent_b acceptor=agent_a winner=agent_b
PROGRESS {"error": null, "game_index": 22, "running_agent_a_wins": 10, "running_decisive": 22, "running_winrate": 0.4545, "ts": "2026-07-05T05:34:32.497019+00:00", "void": false, "winner": "agent_b"}
starting game=23 challenger=agent_a(foul_play) acceptor=agent_b(foul_play)
game=23 challenger=agent_a acceptor=agent_b winner=agent_b
PROGRESS {"error": null, "game_index": 23, "running_agent_a_wins": 10, "running_decisive": 23, "running_winrate": 0.4348, "ts": "2026-07-05T05:34:50.494958+00:00", "void": false, "winner": "agent_b"}
starting game=24 challenger=agent_b(foul_play) acceptor=agent_a(foul_play)
game=24 challenger=agent_b acceptor=agent_a winner=agent_b
PROGRESS {"error": null, "game_index": 24, "running_agent_a_wins": 10, "running_decisive": 24, "running_winrate": 0.4167, "ts": "2026-07-05T05:35:06.158149+00:00", "void": false, "winner": "agent_b"}
starting game=25 challenger=agent_a(foul_play) acceptor=agent_b(foul_play)
game=25 challenger=agent_a acceptor=agent_b winner=agent_a
PROGRESS {"error": null, "game_index": 25, "running_agent_a_wins": 11, "running_decisive": 25, "running_winrate": 0.44, "ts": "2026-07-05T05:35:21.383658+00:00", "void": false, "winner": "agent_a"}
starting game=26 challenger=agent_b(foul_play) acceptor=agent_a(foul_play)
game=26 challenger=agent_b acceptor=agent_a winner=agent_b
PROGRESS {"error": null, "game_index": 26, "running_agent_a_wins": 11, "running_decisive": 26, "running_winrate": 0.4231, "ts": "2026-07-05T05:35:38.317054+00:00", "void": false, "winner": "agent_b"}
starting game=27 challenger=agent_a(foul_play) acceptor=agent_b(foul_play)
game=27 challenger=agent_a acceptor=agent_b winner=agent_b
PROGRESS {"error": null, "game_index": 27, "running_agent_a_wins": 11, "running_decisive": 27, "running_winrate": 0.4074, "ts": "2026-07-05T05:35:49.692799+00:00", "void": false, "winner": "agent_b"}
starting game=28 challenger=agent_b(foul_play) acceptor=agent_a(foul_play)
game=28 challenger=agent_b acceptor=agent_a winner=agent_a
PROGRESS {"error": null, "game_index": 28, "running_agent_a_wins": 12, "running_decisive": 28, "running_winrate": 0.4286, "ts": "2026-07-05T05:36:16.082775+00:00", "void": false, "winner": "agent_a"}
starting game=29 challenger=agent_a(foul_play) acceptor=agent_b(foul_play)
game=29 challenger=agent_a acceptor=agent_b winner=agent_b
PROGRESS {"error": null, "game_index": 29, "running_agent_a_wins": 12, "running_decisive": 29, "running_winrate": 0.4138, "ts": "2026-07-05T05:36:38.443496+00:00", "void": false, "winner": "agent_b"}
starting game=30 challenger=agent_b(foul_play) acceptor=agent_a(foul_play)
game=30 challenger=agent_b acceptor=agent_a winner=agent_b
PROGRESS {"error": null, "game_index": 30, "running_agent_a_wins": 12, "running_decisive": 30, "running_winrate": 0.4, "ts": "2026-07-05T05:36:52.878918+00:00", "void": false, "winner": "agent_b"}
starting game=31 challenger=agent_a(foul_play) acceptor=agent_b(foul_play)
game=31 challenger=agent_a acceptor=agent_b winner=agent_b
PROGRESS {"error": null, "game_index": 31, "running_agent_a_wins": 12, "running_decisive": 31, "running_winrate": 0.3871, "ts": "2026-07-05T05:37:10.274833+00:00", "void": false, "winner": "agent_b"}
starting game=32 challenger=agent_b(foul_play) acceptor=agent_a(foul_play)
game=32 challenger=agent_b acceptor=agent_a winner=agent_b
PROGRESS {"error": null, "game_index": 32, "running_agent_a_wins": 12, "running_decisive": 32, "running_winrate": 0.375, "ts": "2026-07-05T05:37:26.121428+00:00", "void": false, "winner": "agent_b"}
starting game=33 challenger=agent_a(foul_play) acceptor=agent_b(foul_play)
game=33 challenger=agent_a acceptor=agent_b winner=agent_a
PROGRESS {"error": null, "game_index": 33, "running_agent_a_wins": 13, "running_decisive": 33, "running_winrate": 0.3939, "ts": "2026-07-05T05:37:43.794172+00:00", "void": false, "winner": "agent_a"}
starting game=34 challenger=agent_b(foul_play) acceptor=agent_a(foul_play)
game=34 challenger=agent_b acceptor=agent_a winner=agent_a
PROGRESS {"error": null, "game_index": 34, "running_agent_a_wins": 14, "running_decisive": 34, "running_winrate": 0.4118, "ts": "2026-07-05T05:37:58.898942+00:00", "void": false, "winner": "agent_a"}
starting game=35 challenger=agent_a(foul_play) acceptor=agent_b(foul_play)
game=35 challenger=agent_a acceptor=agent_b winner=agent_b
PROGRESS {"error": null, "game_index": 35, "running_agent_a_wins": 14, "running_decisive": 35, "running_winrate": 0.4, "ts": "2026-07-05T05:38:24.485485+00:00", "void": false, "winner": "agent_b"}
starting game=36 challenger=agent_b(foul_play) acceptor=agent_a(foul_play)
game=36 challenger=agent_b acceptor=agent_a winner=agent_a
PROGRESS {"error": null, "game_index": 36, "running_agent_a_wins": 15, "running_decisive": 36, "running_winrate": 0.4167, "ts": "2026-07-05T05:38:37.046569+00:00", "void": false, "winner": "agent_a"}
starting game=37 challenger=agent_a(foul_play) acceptor=agent_b(foul_play)
game=37 challenger=agent_a acceptor=agent_b winner=agent_a
PROGRESS {"error": null, "game_index": 37, "running_agent_a_wins": 16, "running_decisive": 37, "running_winrate": 0.4324, "ts": "2026-07-05T05:38:50.255167+00:00", "void": false, "winner": "agent_a"}
starting game=38 challenger=agent_b(foul_play) acceptor=agent_a(foul_play)
game=38 challenger=agent_b acceptor=agent_a winner=agent_a
PROGRESS {"error": null, "game_index": 38, "running_agent_a_wins": 17, "running_decisive": 38, "running_winrate": 0.4474, "ts": "2026-07-05T05:39:05.860144+00:00", "void": false, "winner": "agent_a"}
starting game=39 challenger=agent_a(foul_play) acceptor=agent_b(foul_play)
game=39 challenger=agent_a acceptor=agent_b winner=agent_a
PROGRESS {"error": null, "game_index": 39, "running_agent_a_wins": 18, "running_decisive": 39, "running_winrate": 0.4615, "ts": "2026-07-05T05:39:17.442384+00:00", "void": false, "winner": "agent_a"}
starting game=40 challenger=agent_b(foul_play) acceptor=agent_a(foul_play)
game=40 challenger=agent_b acceptor=agent_a winner=agent_b
PROGRESS {"error": null, "game_index": 40, "running_agent_a_wins": 18, "running_decisive": 40, "running_winrate": 0.45, "ts": "2026-07-05T05:39:34.565860+00:00", "void": false, "winner": "agent_b"}
starting game=41 challenger=agent_a(foul_play) acceptor=agent_b(foul_play)
game=41 challenger=agent_a acceptor=agent_b winner=agent_a
PROGRESS {"error": null, "game_index": 41, "running_agent_a_wins": 19, "running_decisive": 41, "running_winrate": 0.4634, "ts": "2026-07-05T05:39:50.316990+00:00", "void": false, "winner": "agent_a"}
starting game=42 challenger=agent_b(foul_play) acceptor=agent_a(foul_play)
game=42 challenger=agent_b acceptor=agent_a winner=agent_b
PROGRESS {"error": null, "game_index": 42, "running_agent_a_wins": 19, "running_decisive": 42, "running_winrate": 0.4524, "ts": "2026-07-05T05:40:04.913466+00:00", "void": false, "winner": "agent_b"}
starting game=43 challenger=agent_a(foul_play) acceptor=agent_b(foul_play)
game=43 challenger=agent_a acceptor=agent_b winner=agent_b
PROGRESS {"error": null, "game_index": 43, "running_agent_a_wins": 19, "running_decisive": 43, "running_winrate": 0.4419, "ts": "2026-07-05T05:40:23.930855+00:00", "void": false, "winner": "agent_b"}
starting game=44 challenger=agent_b(foul_play) acceptor=agent_a(foul_play)
game=44 challenger=agent_b acceptor=agent_a winner=agent_a
PROGRESS {"error": null, "game_index": 44, "running_agent_a_wins": 20, "running_decisive": 44, "running_winrate": 0.4545, "ts": "2026-07-05T05:40:40.040608+00:00", "void": false, "winner": "agent_a"}
starting game=45 challenger=agent_a(foul_play) acceptor=agent_b(foul_play)
game=45 challenger=agent_a acceptor=agent_b winner=agent_b
PROGRESS {"error": null, "game_index": 45, "running_agent_a_wins": 20, "running_decisive": 45, "running_winrate": 0.4444, "ts": "2026-07-05T05:41:05.030223+00:00", "void": false, "winner": "agent_b"}
starting game=46 challenger=agent_b(foul_play) acceptor=agent_a(foul_play)
game=46 challenger=agent_b acceptor=agent_a winner=agent_b
PROGRESS {"error": null, "game_index": 46, "running_agent_a_wins": 20, "running_decisive": 46, "running_winrate": 0.4348, "ts": "2026-07-05T05:41:17.784033+00:00", "void": false, "winner": "agent_b"}
starting game=47 challenger=agent_a(foul_play) acceptor=agent_b(foul_play)
game=47 challenger=agent_a acceptor=agent_b winner=agent_b
PROGRESS {"error": null, "game_index": 47, "running_agent_a_wins": 20, "running_decisive": 47, "running_winrate": 0.4255, "ts": "2026-07-05T05:41:37.042620+00:00", "void": false, "winner": "agent_b"}
starting game=48 challenger=agent_b(foul_play) acceptor=agent_a(foul_play)
game=48 challenger=agent_b acceptor=agent_a winner=agent_a
PROGRESS {"error": null, "game_index": 48, "running_agent_a_wins": 21, "running_decisive": 48, "running_winrate": 0.4375, "ts": "2026-07-05T05:42:06.955285+00:00", "void": false, "winner": "agent_a"}
starting game=49 challenger=agent_a(foul_play) acceptor=agent_b(foul_play)
game=49 challenger=agent_a acceptor=agent_b winner=agent_a
PROGRESS {"error": null, "game_index": 49, "running_agent_a_wins": 22, "running_decisive": 49, "running_winrate": 0.449, "ts": "2026-07-05T05:42:27.206433+00:00", "void": false, "winner": "agent_a"}
starting game=50 challenger=agent_b(foul_play) acceptor=agent_a(foul_play)
game=50 challenger=agent_b acceptor=agent_a winner=agent_a
PROGRESS {"error": null, "game_index": 50, "running_agent_a_wins": 23, "running_decisive": 50, "running_winrate": 0.46, "ts": "2026-07-05T05:42:41.667594+00:00", "void": false, "winner": "agent_a"}
starting game=51 challenger=agent_a(foul_play) acceptor=agent_b(foul_play)
game=51 challenger=agent_a acceptor=agent_b winner=agent_b
PROGRESS {"error": null, "game_index": 51, "running_agent_a_wins": 23, "running_decisive": 51, "running_winrate": 0.451, "ts": "2026-07-05T05:42:56.129580+00:00", "void": false, "winner": "agent_b"}
starting game=52 challenger=agent_b(foul_play) acceptor=agent_a(foul_play)
game=52 challenger=agent_b acceptor=agent_a winner=agent_b
PROGRESS {"error": null, "game_index": 52, "running_agent_a_wins": 23, "running_decisive": 52, "running_winrate": 0.4423, "ts": "2026-07-05T05:43:10.403366+00:00", "void": false, "winner": "agent_b"}
starting game=53 challenger=agent_a(foul_play) acceptor=agent_b(foul_play)
game=53 challenger=agent_a acceptor=agent_b winner=agent_a
PROGRESS {"error": null, "game_index": 53, "running_agent_a_wins": 24, "running_decisive": 53, "running_winrate": 0.4528, "ts": "2026-07-05T05:43:27.393704+00:00", "void": false, "winner": "agent_a"}
starting game=54 challenger=agent_b(foul_play) acceptor=agent_a(foul_play)
game=54 challenger=agent_b acceptor=agent_a winner=agent_a
PROGRESS {"error": null, "game_index": 54, "running_agent_a_wins": 25, "running_decisive": 54, "running_winrate": 0.463, "ts": "2026-07-05T05:43:50.248521+00:00", "void": false, "winner": "agent_a"}
starting game=55 challenger=agent_a(foul_play) acceptor=agent_b(foul_play)
game=55 challenger=agent_a acceptor=agent_b winner=agent_b
PROGRESS {"error": null, "game_index": 55, "running_agent_a_wins": 25, "running_decisive": 55, "running_winrate": 0.4545, "ts": "2026-07-05T05:44:05.762244+00:00", "void": false, "winner": "agent_b"}
starting game=56 challenger=agent_b(foul_play) acceptor=agent_a(foul_play)
game=56 challenger=agent_b acceptor=agent_a winner=agent_a
PROGRESS {"error": null, "game_index": 56, "running_agent_a_wins": 26, "running_decisive": 56, "running_winrate": 0.4643, "ts": "2026-07-05T05:44:23.844506+00:00", "void": false, "winner": "agent_a"}
starting game=57 challenger=agent_a(foul_play) acceptor=agent_b(foul_play)
game=57 challenger=agent_a acceptor=agent_b winner=agent_b
PROGRESS {"error": null, "game_index": 57, "running_agent_a_wins": 26, "running_decisive": 57, "running_winrate": 0.4561, "ts": "2026-07-05T05:44:39.544975+00:00", "void": false, "winner": "agent_b"}
starting game=58 challenger=agent_b(foul_play) acceptor=agent_a(foul_play)
game=58 challenger=agent_b acceptor=agent_a winner=agent_a
PROGRESS {"error": null, "game_index": 58, "running_agent_a_wins": 27, "running_decisive": 58, "running_winrate": 0.4655, "ts": "2026-07-05T05:44:55.545207+00:00", "void": false, "winner": "agent_a"}
starting game=59 challenger=agent_a(foul_play) acceptor=agent_b(foul_play)
game=59 challenger=agent_a acceptor=agent_b winner=agent_b
PROGRESS {"error": null, "game_index": 59, "running_agent_a_wins": 27, "running_decisive": 59, "running_winrate": 0.4576, "ts": "2026-07-05T05:45:07.422931+00:00", "void": false, "winner": "agent_b"}
starting game=60 challenger=agent_b(foul_play) acceptor=agent_a(foul_play)
game=60 challenger=agent_b acceptor=agent_a winner=agent_b
PROGRESS {"error": null, "game_index": 60, "running_agent_a_wins": 27, "running_decisive": 60, "running_winrate": 0.45, "ts": "2026-07-05T05:45:25.497731+00:00", "void": false, "winner": "agent_b"}
starting game=61 challenger=agent_a(foul_play) acceptor=agent_b(foul_play)
game=61 challenger=agent_a acceptor=agent_b winner=agent_a
PROGRESS {"error": null, "game_index": 61, "running_agent_a_wins": 28, "running_decisive": 61, "running_winrate": 0.459, "ts": "2026-07-05T05:45:43.892176+00:00", "void": false, "winner": "agent_a"}
starting game=62 challenger=agent_b(foul_play) acceptor=agent_a(foul_play)
game=62 challenger=agent_b acceptor=agent_a winner=agent_a
PROGRESS {"error": null, "game_index": 62, "running_agent_a_wins": 29, "running_decisive": 62, "running_winrate": 0.4677, "ts": "2026-07-05T05:46:00.297858+00:00", "void": false, "winner": "agent_a"}
starting game=63 challenger=agent_a(foul_play) acceptor=agent_b(foul_play)
game=63 challenger=agent_a acceptor=agent_b winner=agent_b
PROGRESS {"error": null, "game_index": 63, "running_agent_a_wins": 29, "running_decisive": 63, "running_winrate": 0.4603, "ts": "2026-07-05T05:46:15.718160+00:00", "void": false, "winner": "agent_b"}
starting game=64 challenger=agent_b(foul_play) acceptor=agent_a(foul_play)
game=64 challenger=agent_b acceptor=agent_a winner=agent_b
PROGRESS {"error": null, "game_index": 64, "running_agent_a_wins": 29, "running_decisive": 64, "running_winrate": 0.4531, "ts": "2026-07-05T05:46:37.431425+00:00", "void": false, "winner": "agent_b"}
starting game=65 challenger=agent_a(foul_play) acceptor=agent_b(foul_play)
game=65 challenger=agent_a acceptor=agent_b winner=agent_a
PROGRESS {"error": null, "game_index": 65, "running_agent_a_wins": 30, "running_decisive": 65, "running_winrate": 0.4615, "ts": "2026-07-05T05:46:52.205067+00:00", "void": false, "winner": "agent_a"}
starting game=66 challenger=agent_b(foul_play) acceptor=agent_a(foul_play)
game=66 challenger=agent_b acceptor=agent_a winner=agent_b
PROGRESS {"error": null, "game_index": 66, "running_agent_a_wins": 30, "running_decisive": 66, "running_winrate": 0.4545, "ts": "2026-07-05T05:47:03.991068+00:00", "void": false, "winner": "agent_b"}
starting game=67 challenger=agent_a(foul_play) acceptor=agent_b(foul_play)
game=67 challenger=agent_a acceptor=agent_b winner=agent_a
PROGRESS {"error": null, "game_index": 67, "running_agent_a_wins": 31, "running_decisive": 67, "running_winrate": 0.4627, "ts": "2026-07-05T05:47:27.346590+00:00", "void": false, "winner": "agent_a"}
starting game=68 challenger=agent_b(foul_play) acceptor=agent_a(foul_play)
game=68 challenger=agent_b acceptor=agent_a winner=agent_b
PROGRESS {"error": null, "game_index": 68, "running_agent_a_wins": 31, "running_decisive": 68, "running_winrate": 0.4559, "ts": "2026-07-05T05:47:40.082766+00:00", "void": false, "winner": "agent_b"}
starting game=69 challenger=agent_a(foul_play) acceptor=agent_b(foul_play)
game=69 challenger=agent_a acceptor=agent_b winner=agent_a
PROGRESS {"error": null, "game_index": 69, "running_agent_a_wins": 32, "running_decisive": 69, "running_winrate": 0.4638, "ts": "2026-07-05T05:47:56.685563+00:00", "void": false, "winner": "agent_a"}
starting game=70 challenger=agent_b(foul_play) acceptor=agent_a(foul_play)
game=70 challenger=agent_b acceptor=agent_a winner=agent_b
PROGRESS {"error": null, "game_index": 70, "running_agent_a_wins": 32, "running_decisive": 70, "running_winrate": 0.4571, "ts": "2026-07-05T05:48:14.344044+00:00", "void": false, "winner": "agent_b"}
starting game=71 challenger=agent_a(foul_play) acceptor=agent_b(foul_play)
game=71 challenger=agent_a acceptor=agent_b winner=agent_a
PROGRESS {"error": null, "game_index": 71, "running_agent_a_wins": 33, "running_decisive": 71, "running_winrate": 0.4648, "ts": "2026-07-05T05:48:28.224044+00:00", "void": false, "winner": "agent_a"}
starting game=72 challenger=agent_b(foul_play) acceptor=agent_a(foul_play)
game=72 challenger=agent_b acceptor=agent_a winner=agent_b
PROGRESS {"error": null, "game_index": 72, "running_agent_a_wins": 33, "running_decisive": 72, "running_winrate": 0.4583, "ts": "2026-07-05T05:48:42.543169+00:00", "void": false, "winner": "agent_b"}
starting game=73 challenger=agent_a(foul_play) acceptor=agent_b(foul_play)
game=73 challenger=agent_a acceptor=agent_b winner=agent_b
PROGRESS {"error": null, "game_index": 73, "running_agent_a_wins": 33, "running_decisive": 73, "running_winrate": 0.4521, "ts": "2026-07-05T05:49:01.090417+00:00", "void": false, "winner": "agent_b"}
starting game=74 challenger=agent_b(foul_play) acceptor=agent_a(foul_play)
game=74 challenger=agent_b acceptor=agent_a winner=agent_a
PROGRESS {"error": null, "game_index": 74, "running_agent_a_wins": 34, "running_decisive": 74, "running_winrate": 0.4595, "ts": "2026-07-05T05:49:15.435478+00:00", "void": false, "winner": "agent_a"}
starting game=75 challenger=agent_a(foul_play) acceptor=agent_b(foul_play)
game=75 challenger=agent_a acceptor=agent_b winner=agent_a
PROGRESS {"error": null, "game_index": 75, "running_agent_a_wins": 35, "running_decisive": 75, "running_winrate": 0.4667, "ts": "2026-07-05T05:49:33.853107+00:00", "void": false, "winner": "agent_a"}
starting game=76 challenger=agent_b(foul_play) acceptor=agent_a(foul_play)
game=76 challenger=agent_b acceptor=agent_a winner=agent_b
PROGRESS {"error": null, "game_index": 76, "running_agent_a_wins": 35, "running_decisive": 76, "running_winrate": 0.4605, "ts": "2026-07-05T05:49:48.593485+00:00", "void": false, "winner": "agent_b"}
starting game=77 challenger=agent_a(foul_play) acceptor=agent_b(foul_play)
game=77 challenger=agent_a acceptor=agent_b winner=agent_b
PROGRESS {"error": null, "game_index": 77, "running_agent_a_wins": 35, "running_decisive": 77, "running_winrate": 0.4545, "ts": "2026-07-05T05:50:12.834062+00:00", "void": false, "winner": "agent_b"}
starting game=78 challenger=agent_b(foul_play) acceptor=agent_a(foul_play)
game=78 challenger=agent_b acceptor=agent_a winner=agent_b
PROGRESS {"error": null, "game_index": 78, "running_agent_a_wins": 35, "running_decisive": 78, "running_winrate": 0.4487, "ts": "2026-07-05T05:50:29.669202+00:00", "void": false, "winner": "agent_b"}
starting game=79 challenger=agent_a(foul_play) acceptor=agent_b(foul_play)
game=79 challenger=agent_a acceptor=agent_b winner=agent_b
PROGRESS {"error": null, "game_index": 79, "running_agent_a_wins": 35, "running_decisive": 79, "running_winrate": 0.443, "ts": "2026-07-05T05:50:43.111974+00:00", "void": false, "winner": "agent_b"}
starting game=80 challenger=agent_b(foul_play) acceptor=agent_a(foul_play)
game=80 challenger=agent_b acceptor=agent_a winner=agent_b
PROGRESS {"error": null, "game_index": 80, "running_agent_a_wins": 35, "running_decisive": 80, "running_winrate": 0.4375, "ts": "2026-07-05T05:50:55.578569+00:00", "void": false, "winner": "agent_b"}
starting game=81 challenger=agent_a(foul_play) acceptor=agent_b(foul_play)
game=81 challenger=agent_a acceptor=agent_b winner=agent_a
PROGRESS {"error": null, "game_index": 81, "running_agent_a_wins": 36, "running_decisive": 81, "running_winrate": 0.4444, "ts": "2026-07-05T05:51:07.960149+00:00", "void": false, "winner": "agent_a"}
starting game=82 challenger=agent_b(foul_play) acceptor=agent_a(foul_play)
game=82 challenger=agent_b acceptor=agent_a winner=agent_a
PROGRESS {"error": null, "game_index": 82, "running_agent_a_wins": 37, "running_decisive": 82, "running_winrate": 0.4512, "ts": "2026-07-05T05:51:22.108168+00:00", "void": false, "winner": "agent_a"}
starting game=83 challenger=agent_a(foul_play) acceptor=agent_b(foul_play)
game=83 challenger=agent_a acceptor=agent_b winner=agent_b
PROGRESS {"error": null, "game_index": 83, "running_agent_a_wins": 37, "running_decisive": 83, "running_winrate": 0.4458, "ts": "2026-07-05T05:51:40.229289+00:00", "void": false, "winner": "agent_b"}
starting game=84 challenger=agent_b(foul_play) acceptor=agent_a(foul_play)
game=84 challenger=agent_b acceptor=agent_a winner=agent_a
PROGRESS {"error": null, "game_index": 84, "running_agent_a_wins": 38, "running_decisive": 84, "running_winrate": 0.4524, "ts": "2026-07-05T05:51:51.763590+00:00", "void": false, "winner": "agent_a"}
starting game=85 challenger=agent_a(foul_play) acceptor=agent_b(foul_play)
game=85 challenger=agent_a acceptor=agent_b winner=agent_b
PROGRESS {"error": null, "game_index": 85, "running_agent_a_wins": 38, "running_decisive": 85, "running_winrate": 0.4471, "ts": "2026-07-05T05:52:08.003276+00:00", "void": false, "winner": "agent_b"}
starting game=86 challenger=agent_b(foul_play) acceptor=agent_a(foul_play)
game=86 challenger=agent_b acceptor=agent_a winner=agent_b
PROGRESS {"error": null, "game_index": 86, "running_agent_a_wins": 38, "running_decisive": 86, "running_winrate": 0.4419, "ts": "2026-07-05T05:52:21.657840+00:00", "void": false, "winner": "agent_b"}
starting game=87 challenger=agent_a(foul_play) acceptor=agent_b(foul_play)
game=87 challenger=agent_a acceptor=agent_b winner=agent_b
PROGRESS {"error": null, "game_index": 87, "running_agent_a_wins": 38, "running_decisive": 87, "running_winrate": 0.4368, "ts": "2026-07-05T05:52:41.082859+00:00", "void": false, "winner": "agent_b"}
starting game=88 challenger=agent_b(foul_play) acceptor=agent_a(foul_play)
game=88 challenger=agent_b acceptor=agent_a winner=agent_b
PROGRESS {"error": null, "game_index": 88, "running_agent_a_wins": 38, "running_decisive": 88, "running_winrate": 0.4318, "ts": "2026-07-05T05:52:58.580103+00:00", "void": false, "winner": "agent_b"}
starting game=89 challenger=agent_a(foul_play) acceptor=agent_b(foul_play)
game=89 challenger=agent_a acceptor=agent_b winner=agent_b
PROGRESS {"error": null, "game_index": 89, "running_agent_a_wins": 38, "running_decisive": 89, "running_winrate": 0.427, "ts": "2026-07-05T05:53:12.869656+00:00", "void": false, "winner": "agent_b"}
starting game=90 challenger=agent_b(foul_play) acceptor=agent_a(foul_play)
game=90 challenger=agent_b acceptor=agent_a winner=agent_a
PROGRESS {"error": null, "game_index": 90, "running_agent_a_wins": 39, "running_decisive": 90, "running_winrate": 0.4333, "ts": "2026-07-05T05:53:26.995901+00:00", "void": false, "winner": "agent_a"}
starting game=91 challenger=agent_a(foul_play) acceptor=agent_b(foul_play)
game=91 challenger=agent_a acceptor=agent_b winner=agent_a
PROGRESS {"error": null, "game_index": 91, "running_agent_a_wins": 40, "running_decisive": 91, "running_winrate": 0.4396, "ts": "2026-07-05T05:53:42.542616+00:00", "void": false, "winner": "agent_a"}
starting game=92 challenger=agent_b(foul_play) acceptor=agent_a(foul_play)
game=92 challenger=agent_b acceptor=agent_a winner=agent_a
PROGRESS {"error": null, "game_index": 92, "running_agent_a_wins": 41, "running_decisive": 92, "running_winrate": 0.4457, "ts": "2026-07-05T05:53:59.179752+00:00", "void": false, "winner": "agent_a"}
starting game=93 challenger=agent_a(foul_play) acceptor=agent_b(foul_play)
game=93 challenger=agent_a acceptor=agent_b winner=agent_a
PROGRESS {"error": null, "game_index": 93, "running_agent_a_wins": 42, "running_decisive": 93, "running_winrate": 0.4516, "ts": "2026-07-05T05:54:12.619543+00:00", "void": false, "winner": "agent_a"}
starting game=94 challenger=agent_b(foul_play) acceptor=agent_a(foul_play)
game=94 challenger=agent_b acceptor=agent_a winner=agent_b
PROGRESS {"error": null, "game_index": 94, "running_agent_a_wins": 42, "running_decisive": 94, "running_winrate": 0.4468, "ts": "2026-07-05T05:54:29.804455+00:00", "void": false, "winner": "agent_b"}
starting game=95 challenger=agent_a(foul_play) acceptor=agent_b(foul_play)
game=95 challenger=agent_a acceptor=agent_b winner=agent_b
PROGRESS {"error": null, "game_index": 95, "running_agent_a_wins": 42, "running_decisive": 95, "running_winrate": 0.4421, "ts": "2026-07-05T05:54:42.284548+00:00", "void": false, "winner": "agent_b"}
starting game=96 challenger=agent_b(foul_play) acceptor=agent_a(foul_play)
game=96 challenger=agent_b acceptor=agent_a winner=agent_b
PROGRESS {"error": null, "game_index": 96, "running_agent_a_wins": 42, "running_decisive": 96, "running_winrate": 0.4375, "ts": "2026-07-05T05:54:59.227326+00:00", "void": false, "winner": "agent_b"}
starting game=97 challenger=agent_a(foul_play) acceptor=agent_b(foul_play)
game=97 challenger=agent_a acceptor=agent_b winner=agent_b
PROGRESS {"error": null, "game_index": 97, "running_agent_a_wins": 42, "running_decisive": 97, "running_winrate": 0.433, "ts": "2026-07-05T05:55:13.504125+00:00", "void": false, "winner": "agent_b"}
starting game=98 challenger=agent_b(foul_play) acceptor=agent_a(foul_play)
game=98 challenger=agent_b acceptor=agent_a winner=agent_b
PROGRESS {"error": null, "game_index": 98, "running_agent_a_wins": 42, "running_decisive": 98, "running_winrate": 0.4286, "ts": "2026-07-05T05:55:31.170329+00:00", "void": false, "winner": "agent_b"}
starting game=99 challenger=agent_a(foul_play) acceptor=agent_b(foul_play)
game=99 challenger=agent_a acceptor=agent_b winner=agent_a
PROGRESS {"error": null, "game_index": 99, "running_agent_a_wins": 43, "running_decisive": 99, "running_winrate": 0.4343, "ts": "2026-07-05T05:55:49.521395+00:00", "void": false, "winner": "agent_a"}
starting game=100 challenger=agent_b(foul_play) acceptor=agent_a(foul_play)
game=100 challenger=agent_b acceptor=agent_a winner=agent_a
PROGRESS {"error": null, "game_index": 100, "running_agent_a_wins": 44, "running_decisive": 100, "running_winrate": 0.44, "ts": "2026-07-05T05:56:03.290262+00:00", "void": false, "winner": "agent_a"}
starting game=101 challenger=agent_a(foul_play) acceptor=agent_b(foul_play)
game=101 challenger=agent_a acceptor=agent_b winner=agent_b
PROGRESS {"error": null, "game_index": 101, "running_agent_a_wins": 44, "running_decisive": 101, "running_winrate": 0.4356, "ts": "2026-07-05T05:56:19.963234+00:00", "void": false, "winner": "agent_b"}
starting game=102 challenger=agent_b(foul_play) acceptor=agent_a(foul_play)
game=102 challenger=agent_b acceptor=agent_a winner=agent_b
PROGRESS {"error": null, "game_index": 102, "running_agent_a_wins": 44, "running_decisive": 102, "running_winrate": 0.4314, "ts": "2026-07-05T05:56:32.627793+00:00", "void": false, "winner": "agent_b"}
starting game=103 challenger=agent_a(foul_play) acceptor=agent_b(foul_play)
game=103 challenger=agent_a acceptor=agent_b winner=agent_b
PROGRESS {"error": null, "game_index": 103, "running_agent_a_wins": 44, "running_decisive": 103, "running_winrate": 0.4272, "ts": "2026-07-05T05:56:45.987924+00:00", "void": false, "winner": "agent_b"}
starting game=104 challenger=agent_b(foul_play) acceptor=agent_a(foul_play)
game=104 challenger=agent_b acceptor=agent_a winner=agent_b
PROGRESS {"error": null, "game_index": 104, "running_agent_a_wins": 44, "running_decisive": 104, "running_winrate": 0.4231, "ts": "2026-07-05T05:57:04.228102+00:00", "void": false, "winner": "agent_b"}
starting game=105 challenger=agent_a(foul_play) acceptor=agent_b(foul_play)
game=105 challenger=agent_a acceptor=agent_b winner=agent_b
PROGRESS {"error": null, "game_index": 105, "running_agent_a_wins": 44, "running_decisive": 105, "running_winrate": 0.419, "ts": "2026-07-05T05:57:20.968551+00:00", "void": false, "winner": "agent_b"}
starting game=106 challenger=agent_b(foul_play) acceptor=agent_a(foul_play)
game=106 challenger=agent_b acceptor=agent_a winner=agent_b
PROGRESS {"error": null, "game_index": 106, "running_agent_a_wins": 44, "running_decisive": 106, "running_winrate": 0.4151, "ts": "2026-07-05T05:57:36.484267+00:00", "void": false, "winner": "agent_b"}
starting game=107 challenger=agent_a(foul_play) acceptor=agent_b(foul_play)
game=107 challenger=agent_a acceptor=agent_b winner=agent_b
PROGRESS {"error": null, "game_index": 107, "running_agent_a_wins": 44, "running_decisive": 107, "running_winrate": 0.4112, "ts": "2026-07-05T05:57:51.608569+00:00", "void": false, "winner": "agent_b"}
starting game=108 challenger=agent_b(foul_play) acceptor=agent_a(foul_play)
game=108 challenger=agent_b acceptor=agent_a winner=agent_a
PROGRESS {"error": null, "game_index": 108, "running_agent_a_wins": 45, "running_decisive": 108, "running_winrate": 0.4167, "ts": "2026-07-05T05:58:05.458321+00:00", "void": false, "winner": "agent_a"}
starting game=109 challenger=agent_a(foul_play) acceptor=agent_b(foul_play)
game=109 challenger=agent_a acceptor=agent_b winner=agent_b
PROGRESS {"error": null, "game_index": 109, "running_agent_a_wins": 45, "running_decisive": 109, "running_winrate": 0.4128, "ts": "2026-07-05T05:58:20.083974+00:00", "void": false, "winner": "agent_b"}
starting game=110 challenger=agent_b(foul_play) acceptor=agent_a(foul_play)
game=110 challenger=agent_b acceptor=agent_a winner=agent_a
PROGRESS {"error": null, "game_index": 110, "running_agent_a_wins": 46, "running_decisive": 110, "running_winrate": 0.4182, "ts": "2026-07-05T05:58:33.999808+00:00", "void": false, "winner": "agent_a"}
starting game=111 challenger=agent_a(foul_play) acceptor=agent_b(foul_play)
game=111 challenger=agent_a acceptor=agent_b winner=agent_a
PROGRESS {"error": null, "game_index": 111, "running_agent_a_wins": 47, "running_decisive": 111, "running_winrate": 0.4234, "ts": "2026-07-05T05:58:50.237987+00:00", "void": false, "winner": "agent_a"}
starting game=112 challenger=agent_b(foul_play) acceptor=agent_a(foul_play)
game=112 challenger=agent_b acceptor=agent_a winner=agent_b
PROGRESS {"error": null, "game_index": 112, "running_agent_a_wins": 47, "running_decisive": 112, "running_winrate": 0.4196, "ts": "2026-07-05T05:59:04.058119+00:00", "void": false, "winner": "agent_b"}
starting game=113 challenger=agent_a(foul_play) acceptor=agent_b(foul_play)
game=113 challenger=agent_a acceptor=agent_b winner=agent_b
PROGRESS {"error": null, "game_index": 113, "running_agent_a_wins": 47, "running_decisive": 113, "running_winrate": 0.4159, "ts": "2026-07-05T05:59:19.797912+00:00", "void": false, "winner": "agent_b"}
starting game=114 challenger=agent_b(foul_play) acceptor=agent_a(foul_play)
game=114 challenger=agent_b acceptor=agent_a winner=agent_a
PROGRESS {"error": null, "game_index": 114, "running_agent_a_wins": 48, "running_decisive": 114, "running_winrate": 0.4211, "ts": "2026-07-05T05:59:57.222972+00:00", "void": false, "winner": "agent_a"}
starting game=115 challenger=agent_a(foul_play) acceptor=agent_b(foul_play)
game=115 challenger=agent_a acceptor=agent_b winner=agent_b
PROGRESS {"error": null, "game_index": 115, "running_agent_a_wins": 48, "running_decisive": 115, "running_winrate": 0.4174, "ts": "2026-07-05T06:00:12.014344+00:00", "void": false, "winner": "agent_b"}
starting game=116 challenger=agent_b(foul_play) acceptor=agent_a(foul_play)
game=116 challenger=agent_b acceptor=agent_a winner=agent_b
PROGRESS {"error": null, "game_index": 116, "running_agent_a_wins": 48, "running_decisive": 116, "running_winrate": 0.4138, "ts": "2026-07-05T06:00:25.943068+00:00", "void": false, "winner": "agent_b"}
starting game=117 challenger=agent_a(foul_play) acceptor=agent_b(foul_play)
game=117 challenger=agent_a acceptor=agent_b winner=agent_a
PROGRESS {"error": null, "game_index": 117, "running_agent_a_wins": 49, "running_decisive": 117, "running_winrate": 0.4188, "ts": "2026-07-05T06:00:39.642948+00:00", "void": false, "winner": "agent_a"}
starting game=118 challenger=agent_b(foul_play) acceptor=agent_a(foul_play)
game=118 challenger=agent_b acceptor=agent_a winner=agent_a
PROGRESS {"error": null, "game_index": 118, "running_agent_a_wins": 50, "running_decisive": 118, "running_winrate": 0.4237, "ts": "2026-07-05T06:01:10.243433+00:00", "void": false, "winner": "agent_a"}
starting game=119 challenger=agent_a(foul_play) acceptor=agent_b(foul_play)
game=119 challenger=agent_a acceptor=agent_b winner=agent_b
PROGRESS {"error": null, "game_index": 119, "running_agent_a_wins": 50, "running_decisive": 119, "running_winrate": 0.4202, "ts": "2026-07-05T06:01:25.776022+00:00", "void": false, "winner": "agent_b"}
starting game=120 challenger=agent_b(foul_play) acceptor=agent_a(foul_play)
game=120 challenger=agent_b acceptor=agent_a winner=agent_b
PROGRESS {"error": null, "game_index": 120, "running_agent_a_wins": 50, "running_decisive": 120, "running_winrate": 0.4167, "ts": "2026-07-05T06:01:39.500602+00:00", "void": false, "winner": "agent_b"}
starting game=121 challenger=agent_a(foul_play) acceptor=agent_b(foul_play)
game=121 challenger=agent_a acceptor=agent_b winner=agent_b
PROGRESS {"error": null, "game_index": 121, "running_agent_a_wins": 50, "running_decisive": 121, "running_winrate": 0.4132, "ts": "2026-07-05T06:01:56.009109+00:00", "void": false, "winner": "agent_b"}
starting game=122 challenger=agent_b(foul_play) acceptor=agent_a(foul_play)
game=122 challenger=agent_b acceptor=agent_a winner=agent_a
PROGRESS {"error": null, "game_index": 122, "running_agent_a_wins": 51, "running_decisive": 122, "running_winrate": 0.418, "ts": "2026-07-05T06:02:10.754979+00:00", "void": false, "winner": "agent_a"}
starting game=123 challenger=agent_a(foul_play) acceptor=agent_b(foul_play)
game=123 challenger=agent_a acceptor=agent_b winner=agent_b
PROGRESS {"error": null, "game_index": 123, "running_agent_a_wins": 51, "running_decisive": 123, "running_winrate": 0.4146, "ts": "2026-07-05T06:02:23.964623+00:00", "void": false, "winner": "agent_b"}
starting game=124 challenger=agent_b(foul_play) acceptor=agent_a(foul_play)
game=124 challenger=agent_b acceptor=agent_a winner=agent_b
PROGRESS {"error": null, "game_index": 124, "running_agent_a_wins": 51, "running_decisive": 124, "running_winrate": 0.4113, "ts": "2026-07-05T06:02:39.415492+00:00", "void": false, "winner": "agent_b"}
starting game=125 challenger=agent_a(foul_play) acceptor=agent_b(foul_play)
game=125 challenger=agent_a acceptor=agent_b winner=agent_a
PROGRESS {"error": null, "game_index": 125, "running_agent_a_wins": 52, "running_decisive": 125, "running_winrate": 0.416, "ts": "2026-07-05T06:02:54.674474+00:00", "void": false, "winner": "agent_a"}
starting game=126 challenger=agent_b(foul_play) acceptor=agent_a(foul_play)
game=126 challenger=agent_b acceptor=agent_a winner=agent_b
PROGRESS {"error": null, "game_index": 126, "running_agent_a_wins": 52, "running_decisive": 126, "running_winrate": 0.4127, "ts": "2026-07-05T06:03:10.826928+00:00", "void": false, "winner": "agent_b"}
starting game=127 challenger=agent_a(foul_play) acceptor=agent_b(foul_play)
game=127 challenger=agent_a acceptor=agent_b winner=agent_a
PROGRESS {"error": null, "game_index": 127, "running_agent_a_wins": 53, "running_decisive": 127, "running_winrate": 0.4173, "ts": "2026-07-05T06:03:22.640817+00:00", "void": false, "winner": "agent_a"}
starting game=128 challenger=agent_b(foul_play) acceptor=agent_a(foul_play)
game=128 challenger=agent_b acceptor=agent_a winner=agent_a
PROGRESS {"error": null, "game_index": 128, "running_agent_a_wins": 54, "running_decisive": 128, "running_winrate": 0.4219, "ts": "2026-07-05T06:03:37.908201+00:00", "void": false, "winner": "agent_a"}
starting game=129 challenger=agent_a(foul_play) acceptor=agent_b(foul_play)
game=129 challenger=agent_a acceptor=agent_b winner=agent_a
PROGRESS {"error": null, "game_index": 129, "running_agent_a_wins": 55, "running_decisive": 129, "running_winrate": 0.4264, "ts": "2026-07-05T06:03:52.601328+00:00", "void": false, "winner": "agent_a"}
starting game=130 challenger=agent_b(foul_play) acceptor=agent_a(foul_play)
game=130 challenger=agent_b acceptor=agent_a winner=agent_b
PROGRESS {"error": null, "game_index": 130, "running_agent_a_wins": 55, "running_decisive": 130, "running_winrate": 0.4231, "ts": "2026-07-05T06:04:09.351443+00:00", "void": false, "winner": "agent_b"}
starting game=131 challenger=agent_a(foul_play) acceptor=agent_b(foul_play)
game=131 challenger=agent_a acceptor=agent_b winner=agent_a
PROGRESS {"error": null, "game_index": 131, "running_agent_a_wins": 56, "running_decisive": 131, "running_winrate": 0.4275, "ts": "2026-07-05T06:04:22.523403+00:00", "void": false, "winner": "agent_a"}
starting game=132 challenger=agent_b(foul_play) acceptor=agent_a(foul_play)
game=132 challenger=agent_b acceptor=agent_a winner=agent_b
PROGRESS {"error": null, "game_index": 132, "running_agent_a_wins": 56, "running_decisive": 132, "running_winrate": 0.4242, "ts": "2026-07-05T06:04:44.610823+00:00", "void": false, "winner": "agent_b"}
starting game=133 challenger=agent_a(foul_play) acceptor=agent_b(foul_play)
game=133 challenger=agent_a acceptor=agent_b winner=agent_b
PROGRESS {"error": null, "game_index": 133, "running_agent_a_wins": 56, "running_decisive": 133, "running_winrate": 0.4211, "ts": "2026-07-05T06:05:01.470358+00:00", "void": false, "winner": "agent_b"}
starting game=134 challenger=agent_b(foul_play) acceptor=agent_a(foul_play)
game=134 challenger=agent_b acceptor=agent_a winner=agent_a
PROGRESS {"error": null, "game_index": 134, "running_agent_a_wins": 57, "running_decisive": 134, "running_winrate": 0.4254, "ts": "2026-07-05T06:05:14.017821+00:00", "void": false, "winner": "agent_a"}
starting game=135 challenger=agent_a(foul_play) acceptor=agent_b(foul_play)
game=135 challenger=agent_a acceptor=agent_b winner=agent_a
PROGRESS {"error": null, "game_index": 135, "running_agent_a_wins": 58, "running_decisive": 135, "running_winrate": 0.4296, "ts": "2026-07-05T06:05:30.442915+00:00", "void": false, "winner": "agent_a"}
starting game=136 challenger=agent_b(foul_play) acceptor=agent_a(foul_play)
game=136 challenger=agent_b acceptor=agent_a winner=agent_a
PROGRESS {"error": null, "game_index": 136, "running_agent_a_wins": 59, "running_decisive": 136, "running_winrate": 0.4338, "ts": "2026-07-05T06:05:42.525673+00:00", "void": false, "winner": "agent_a"}
starting game=137 challenger=agent_a(foul_play) acceptor=agent_b(foul_play)
game=137 challenger=agent_a acceptor=agent_b winner=agent_b
PROGRESS {"error": null, "game_index": 137, "running_agent_a_wins": 59, "running_decisive": 137, "running_winrate": 0.4307, "ts": "2026-07-05T06:05:56.195878+00:00", "void": false, "winner": "agent_b"}
starting game=138 challenger=agent_b(foul_play) acceptor=agent_a(foul_play)
game=138 challenger=agent_b acceptor=agent_a winner=agent_b
PROGRESS {"error": null, "game_index": 138, "running_agent_a_wins": 59, "running_decisive": 138, "running_winrate": 0.4275, "ts": "2026-07-05T06:06:11.035935+00:00", "void": false, "winner": "agent_b"}
starting game=139 challenger=agent_a(foul_play) acceptor=agent_b(foul_play)
game=139 challenger=agent_a acceptor=agent_b winner=agent_a
PROGRESS {"error": null, "game_index": 139, "running_agent_a_wins": 60, "running_decisive": 139, "running_winrate": 0.4317, "ts": "2026-07-05T06:06:26.323015+00:00", "void": false, "winner": "agent_a"}
starting game=140 challenger=agent_b(foul_play) acceptor=agent_a(foul_play)
game=140 challenger=agent_b acceptor=agent_a winner=agent_a
PROGRESS {"error": null, "game_index": 140, "running_agent_a_wins": 61, "running_decisive": 140, "running_winrate": 0.4357, "ts": "2026-07-05T06:06:43.348687+00:00", "void": false, "winner": "agent_a"}
starting game=141 challenger=agent_a(foul_play) acceptor=agent_b(foul_play)
game=141 challenger=agent_a acceptor=agent_b winner=agent_a
PROGRESS {"error": null, "game_index": 141, "running_agent_a_wins": 62, "running_decisive": 141, "running_winrate": 0.4397, "ts": "2026-07-05T06:06:59.398387+00:00", "void": false, "winner": "agent_a"}
starting game=142 challenger=agent_b(foul_play) acceptor=agent_a(foul_play)
game=142 challenger=agent_b acceptor=agent_a winner=agent_b
PROGRESS {"error": null, "game_index": 142, "running_agent_a_wins": 62, "running_decisive": 142, "running_winrate": 0.4366, "ts": "2026-07-05T06:07:15.163666+00:00", "void": false, "winner": "agent_b"}
starting game=143 challenger=agent_a(foul_play) acceptor=agent_b(foul_play)
game=143 challenger=agent_a acceptor=agent_b winner=agent_a
PROGRESS {"error": null, "game_index": 143, "running_agent_a_wins": 63, "running_decisive": 143, "running_winrate": 0.4406, "ts": "2026-07-05T06:07:27.913120+00:00", "void": false, "winner": "agent_a"}
starting game=144 challenger=agent_b(foul_play) acceptor=agent_a(foul_play)
game=144 challenger=agent_b acceptor=agent_a winner=agent_b
PROGRESS {"error": null, "game_index": 144, "running_agent_a_wins": 63, "running_decisive": 144, "running_winrate": 0.4375, "ts": "2026-07-05T06:07:45.364733+00:00", "void": false, "winner": "agent_b"}
starting game=145 challenger=agent_a(foul_play) acceptor=agent_b(foul_play)
game=145 challenger=agent_a acceptor=agent_b winner=agent_a
PROGRESS {"error": null, "game_index": 145, "running_agent_a_wins": 64, "running_decisive": 145, "running_winrate": 0.4414, "ts": "2026-07-05T06:07:58.541467+00:00", "void": false, "winner": "agent_a"}
starting game=146 challenger=agent_b(foul_play) acceptor=agent_a(foul_play)
game=146 challenger=agent_b acceptor=agent_a winner=agent_a
PROGRESS {"error": null, "game_index": 146, "running_agent_a_wins": 65, "running_decisive": 146, "running_winrate": 0.4452, "ts": "2026-07-05T06:08:13.823510+00:00", "void": false, "winner": "agent_a"}
starting game=147 challenger=agent_a(foul_play) acceptor=agent_b(foul_play)
game=147 challenger=agent_a acceptor=agent_b winner=agent_a
PROGRESS {"error": null, "game_index": 147, "running_agent_a_wins": 66, "running_decisive": 147, "running_winrate": 0.449, "ts": "2026-07-05T06:08:29.622172+00:00", "void": false, "winner": "agent_a"}
starting game=148 challenger=agent_b(foul_play) acceptor=agent_a(foul_play)
game=148 challenger=agent_b acceptor=agent_a winner=agent_a
PROGRESS {"error": null, "game_index": 148, "running_agent_a_wins": 67, "running_decisive": 148, "running_winrate": 0.4527, "ts": "2026-07-05T06:08:44.087627+00:00", "void": false, "winner": "agent_a"}
starting game=149 challenger=agent_a(foul_play) acceptor=agent_b(foul_play)
game=149 challenger=agent_a acceptor=agent_b winner=agent_b
PROGRESS {"error": null, "game_index": 149, "running_agent_a_wins": 67, "running_decisive": 149, "running_winrate": 0.4497, "ts": "2026-07-05T06:08:57.229276+00:00", "void": false, "winner": "agent_b"}
starting game=150 challenger=agent_b(foul_play) acceptor=agent_a(foul_play)
game=150 challenger=agent_b acceptor=agent_a winner=agent_b
PROGRESS {"error": null, "game_index": 150, "running_agent_a_wins": 67, "running_decisive": 150, "running_winrate": 0.4467, "ts": "2026-07-05T06:09:12.538728+00:00", "void": false, "winner": "agent_b"}
starting game=151 challenger=agent_a(foul_play) acceptor=agent_b(foul_play)
game=151 challenger=agent_a acceptor=agent_b winner=agent_b
PROGRESS {"error": null, "game_index": 151, "running_agent_a_wins": 67, "running_decisive": 151, "running_winrate": 0.4437, "ts": "2026-07-05T06:09:27.873782+00:00", "void": false, "winner": "agent_b"}
starting game=152 challenger=agent_b(foul_play) acceptor=agent_a(foul_play)
game=152 challenger=agent_b acceptor=agent_a winner=agent_a
PROGRESS {"error": null, "game_index": 152, "running_agent_a_wins": 68, "running_decisive": 152, "running_winrate": 0.4474, "ts": "2026-07-05T06:09:42.383343+00:00", "void": false, "winner": "agent_a"}
starting game=153 challenger=agent_a(foul_play) acceptor=agent_b(foul_play)
game=153 challenger=agent_a acceptor=agent_b winner=agent_a
PROGRESS {"error": null, "game_index": 153, "running_agent_a_wins": 69, "running_decisive": 153, "running_winrate": 0.451, "ts": "2026-07-05T06:09:55.179672+00:00", "void": false, "winner": "agent_a"}
starting game=154 challenger=agent_b(foul_play) acceptor=agent_a(foul_play)
game=154 challenger=agent_b acceptor=agent_a winner=agent_a
PROGRESS {"error": null, "game_index": 154, "running_agent_a_wins": 70, "running_decisive": 154, "running_winrate": 0.4545, "ts": "2026-07-05T06:10:11.423691+00:00", "void": false, "winner": "agent_a"}
starting game=155 challenger=agent_a(foul_play) acceptor=agent_b(foul_play)
game=155 challenger=agent_a acceptor=agent_b winner=agent_b
PROGRESS {"error": null, "game_index": 155, "running_agent_a_wins": 70, "running_decisive": 155, "running_winrate": 0.4516, "ts": "2026-07-05T06:10:29.844305+00:00", "void": false, "winner": "agent_b"}
starting game=156 challenger=agent_b(foul_play) acceptor=agent_a(foul_play)
game=156 challenger=agent_b acceptor=agent_a winner=agent_a
PROGRESS {"error": null, "game_index": 156, "running_agent_a_wins": 71, "running_decisive": 156, "running_winrate": 0.4551, "ts": "2026-07-05T06:10:44.008551+00:00", "void": false, "winner": "agent_a"}
starting game=157 challenger=agent_a(foul_play) acceptor=agent_b(foul_play)
game=157 challenger=agent_a acceptor=agent_b winner=agent_b
PROGRESS {"error": null, "game_index": 157, "running_agent_a_wins": 71, "running_decisive": 157, "running_winrate": 0.4522, "ts": "2026-07-05T06:11:07.924693+00:00", "void": false, "winner": "agent_b"}
starting game=158 challenger=agent_b(foul_play) acceptor=agent_a(foul_play)
game=158 challenger=agent_b acceptor=agent_a winner=agent_a
PROGRESS {"error": null, "game_index": 158, "running_agent_a_wins": 72, "running_decisive": 158, "running_winrate": 0.4557, "ts": "2026-07-05T06:11:29.784925+00:00", "void": false, "winner": "agent_a"}
starting game=159 challenger=agent_a(foul_play) acceptor=agent_b(foul_play)
game=159 challenger=agent_a acceptor=agent_b winner=agent_b
PROGRESS {"error": null, "game_index": 159, "running_agent_a_wins": 72, "running_decisive": 159, "running_winrate": 0.4528, "ts": "2026-07-05T06:11:43.205113+00:00", "void": false, "winner": "agent_b"}
starting game=160 challenger=agent_b(foul_play) acceptor=agent_a(foul_play)
game=160 challenger=agent_b acceptor=agent_a winner=agent_a
PROGRESS {"error": null, "game_index": 160, "running_agent_a_wins": 73, "running_decisive": 160, "running_winrate": 0.4562, "ts": "2026-07-05T06:11:57.535556+00:00", "void": false, "winner": "agent_a"}
starting game=161 challenger=agent_a(foul_play) acceptor=agent_b(foul_play)
game=161 challenger=agent_a acceptor=agent_b winner=agent_b
PROGRESS {"error": null, "game_index": 161, "running_agent_a_wins": 73, "running_decisive": 161, "running_winrate": 0.4534, "ts": "2026-07-05T06:12:18.130215+00:00", "void": false, "winner": "agent_b"}
starting game=162 challenger=agent_b(foul_play) acceptor=agent_a(foul_play)
game=162 challenger=agent_b acceptor=agent_a winner=agent_a
PROGRESS {"error": null, "game_index": 162, "running_agent_a_wins": 74, "running_decisive": 162, "running_winrate": 0.4568, "ts": "2026-07-05T06:12:34.842306+00:00", "void": false, "winner": "agent_a"}
starting game=163 challenger=agent_a(foul_play) acceptor=agent_b(foul_play)
game=163 challenger=agent_a acceptor=agent_b winner=agent_a
PROGRESS {"error": null, "game_index": 163, "running_agent_a_wins": 75, "running_decisive": 163, "running_winrate": 0.4601, "ts": "2026-07-05T06:12:52.273679+00:00", "void": false, "winner": "agent_a"}
starting game=164 challenger=agent_b(foul_play) acceptor=agent_a(foul_play)
game=164 challenger=agent_b acceptor=agent_a winner=agent_b
PROGRESS {"error": null, "game_index": 164, "running_agent_a_wins": 75, "running_decisive": 164, "running_winrate": 0.4573, "ts": "2026-07-05T06:13:07.188219+00:00", "void": false, "winner": "agent_b"}
starting game=165 challenger=agent_a(foul_play) acceptor=agent_b(foul_play)
game=165 challenger=agent_a acceptor=agent_b winner=agent_b
PROGRESS {"error": null, "game_index": 165, "running_agent_a_wins": 75, "running_decisive": 165, "running_winrate": 0.4545, "ts": "2026-07-05T06:13:21.603078+00:00", "void": false, "winner": "agent_b"}
starting game=166 challenger=agent_b(foul_play) acceptor=agent_a(foul_play)
game=166 challenger=agent_b acceptor=agent_a winner=agent_b
PROGRESS {"error": null, "game_index": 166, "running_agent_a_wins": 75, "running_decisive": 166, "running_winrate": 0.4518, "ts": "2026-07-05T06:13:43.233616+00:00", "void": false, "winner": "agent_b"}
starting game=167 challenger=agent_a(foul_play) acceptor=agent_b(foul_play)
game=167 challenger=agent_a acceptor=agent_b winner=agent_a
PROGRESS {"error": null, "game_index": 167, "running_agent_a_wins": 76, "running_decisive": 167, "running_winrate": 0.4551, "ts": "2026-07-05T06:13:58.013517+00:00", "void": false, "winner": "agent_a"}
starting game=168 challenger=agent_b(foul_play) acceptor=agent_a(foul_play)
game=168 challenger=agent_b acceptor=agent_a winner=agent_a
PROGRESS {"error": null, "game_index": 168, "running_agent_a_wins": 77, "running_decisive": 168, "running_winrate": 0.4583, "ts": "2026-07-05T06:14:12.861868+00:00", "void": false, "winner": "agent_a"}
starting game=169 challenger=agent_a(foul_play) acceptor=agent_b(foul_play)
game=169 challenger=agent_a acceptor=agent_b winner=agent_b
PROGRESS {"error": null, "game_index": 169, "running_agent_a_wins": 77, "running_decisive": 169, "running_winrate": 0.4556, "ts": "2026-07-05T06:14:28.135665+00:00", "void": false, "winner": "agent_b"}
starting game=170 challenger=agent_b(foul_play) acceptor=agent_a(foul_play)
game=170 challenger=agent_b acceptor=agent_a winner=agent_b
PROGRESS {"error": null, "game_index": 170, "running_agent_a_wins": 77, "running_decisive": 170, "running_winrate": 0.4529, "ts": "2026-07-05T06:14:40.604266+00:00", "void": false, "winner": "agent_b"}
starting game=171 challenger=agent_a(foul_play) acceptor=agent_b(foul_play)
game=171 challenger=agent_a acceptor=agent_b winner=agent_b
PROGRESS {"error": null, "game_index": 171, "running_agent_a_wins": 77, "running_decisive": 171, "running_winrate": 0.4503, "ts": "2026-07-05T06:14:55.498371+00:00", "void": false, "winner": "agent_b"}
starting game=172 challenger=agent_b(foul_play) acceptor=agent_a(foul_play)
game=172 challenger=agent_b acceptor=agent_a winner=agent_b
PROGRESS {"error": null, "game_index": 172, "running_agent_a_wins": 77, "running_decisive": 172, "running_winrate": 0.4477, "ts": "2026-07-05T06:15:11.303491+00:00", "void": false, "winner": "agent_b"}
starting game=173 challenger=agent_a(foul_play) acceptor=agent_b(foul_play)
game=173 challenger=agent_a acceptor=agent_b winner=agent_b
PROGRESS {"error": null, "game_index": 173, "running_agent_a_wins": 77, "running_decisive": 173, "running_winrate": 0.4451, "ts": "2026-07-05T06:15:25.834048+00:00", "void": false, "winner": "agent_b"}
starting game=174 challenger=agent_b(foul_play) acceptor=agent_a(foul_play)
game=174 challenger=agent_b acceptor=agent_a winner=agent_b
PROGRESS {"error": null, "game_index": 174, "running_agent_a_wins": 77, "running_decisive": 174, "running_winrate": 0.4425, "ts": "2026-07-05T06:15:44.745580+00:00", "void": false, "winner": "agent_b"}
starting game=175 challenger=agent_a(foul_play) acceptor=agent_b(foul_play)
game=175 challenger=agent_a acceptor=agent_b winner=agent_a
PROGRESS {"error": null, "game_index": 175, "running_agent_a_wins": 78, "running_decisive": 175, "running_winrate": 0.4457, "ts": "2026-07-05T06:15:58.721494+00:00", "void": false, "winner": "agent_a"}
starting game=176 challenger=agent_b(foul_play) acceptor=agent_a(foul_play)
game=176 challenger=agent_b acceptor=agent_a winner=agent_b
PROGRESS {"error": null, "game_index": 176, "running_agent_a_wins": 78, "running_decisive": 176, "running_winrate": 0.4432, "ts": "2026-07-05T06:16:12.572378+00:00", "void": false, "winner": "agent_b"}
starting game=177 challenger=agent_a(foul_play) acceptor=agent_b(foul_play)
game=177 challenger=agent_a acceptor=agent_b winner=agent_a
PROGRESS {"error": null, "game_index": 177, "running_agent_a_wins": 79, "running_decisive": 177, "running_winrate": 0.4463, "ts": "2026-07-05T06:16:28.339422+00:00", "void": false, "winner": "agent_a"}
starting game=178 challenger=agent_b(foul_play) acceptor=agent_a(foul_play)
game=178 challenger=agent_b acceptor=agent_a winner=agent_b
PROGRESS {"error": null, "game_index": 178, "running_agent_a_wins": 79, "running_decisive": 178, "running_winrate": 0.4438, "ts": "2026-07-05T06:16:40.978341+00:00", "void": false, "winner": "agent_b"}
starting game=179 challenger=agent_a(foul_play) acceptor=agent_b(foul_play)
game=179 challenger=agent_a acceptor=agent_b winner=agent_b
PROGRESS {"error": null, "game_index": 179, "running_agent_a_wins": 79, "running_decisive": 179, "running_winrate": 0.4413, "ts": "2026-07-05T06:16:59.427910+00:00", "void": false, "winner": "agent_b"}
starting game=180 challenger=agent_b(foul_play) acceptor=agent_a(foul_play)
game=180 challenger=agent_b acceptor=agent_a winner=agent_b
PROGRESS {"error": null, "game_index": 180, "running_agent_a_wins": 79, "running_decisive": 180, "running_winrate": 0.4389, "ts": "2026-07-05T06:17:11.890105+00:00", "void": false, "winner": "agent_b"}
starting game=181 challenger=agent_a(foul_play) acceptor=agent_b(foul_play)
game=181 challenger=agent_a acceptor=agent_b winner=agent_a
PROGRESS {"error": null, "game_index": 181, "running_agent_a_wins": 80, "running_decisive": 181, "running_winrate": 0.442, "ts": "2026-07-05T06:17:36.905626+00:00", "void": false, "winner": "agent_a"}
starting game=182 challenger=agent_b(foul_play) acceptor=agent_a(foul_play)
game=182 challenger=agent_b acceptor=agent_a winner=agent_b
PROGRESS {"error": null, "game_index": 182, "running_agent_a_wins": 80, "running_decisive": 182, "running_winrate": 0.4396, "ts": "2026-07-05T06:17:53.164326+00:00", "void": false, "winner": "agent_b"}
starting game=183 challenger=agent_a(foul_play) acceptor=agent_b(foul_play)
game=183 challenger=agent_a acceptor=agent_b winner=agent_b
PROGRESS {"error": null, "game_index": 183, "running_agent_a_wins": 80, "running_decisive": 183, "running_winrate": 0.4372, "ts": "2026-07-05T06:18:07.712502+00:00", "void": false, "winner": "agent_b"}
starting game=184 challenger=agent_b(foul_play) acceptor=agent_a(foul_play)
game=184 challenger=agent_b acceptor=agent_a winner=agent_b
PROGRESS {"error": null, "game_index": 184, "running_agent_a_wins": 80, "running_decisive": 184, "running_winrate": 0.4348, "ts": "2026-07-05T06:18:22.358616+00:00", "void": false, "winner": "agent_b"}
starting game=185 challenger=agent_a(foul_play) acceptor=agent_b(foul_play)
game=185 challenger=agent_a acceptor=agent_b winner=agent_a
PROGRESS {"error": null, "game_index": 185, "running_agent_a_wins": 81, "running_decisive": 185, "running_winrate": 0.4378, "ts": "2026-07-05T06:18:34.886158+00:00", "void": false, "winner": "agent_a"}
starting game=186 challenger=agent_b(foul_play) acceptor=agent_a(foul_play)
game=186 challenger=agent_b acceptor=agent_a winner=agent_b
PROGRESS {"error": null, "game_index": 186, "running_agent_a_wins": 81, "running_decisive": 186, "running_winrate": 0.4355, "ts": "2026-07-05T06:18:55.037290+00:00", "void": false, "winner": "agent_b"}
starting game=187 challenger=agent_a(foul_play) acceptor=agent_b(foul_play)
game=187 challenger=agent_a acceptor=agent_b winner=agent_b
PROGRESS {"error": null, "game_index": 187, "running_agent_a_wins": 81, "running_decisive": 187, "running_winrate": 0.4332, "ts": "2026-07-05T06:19:13.046824+00:00", "void": false, "winner": "agent_b"}
starting game=188 challenger=agent_b(foul_play) acceptor=agent_a(foul_play)
game=188 challenger=agent_b acceptor=agent_a winner=agent_a
PROGRESS {"error": null, "game_index": 188, "running_agent_a_wins": 82, "running_decisive": 188, "running_winrate": 0.4362, "ts": "2026-07-05T06:19:28.041586+00:00", "void": false, "winner": "agent_a"}
starting game=189 challenger=agent_a(foul_play) acceptor=agent_b(foul_play)
game=189 challenger=agent_a acceptor=agent_b winner=agent_a
PROGRESS {"error": null, "game_index": 189, "running_agent_a_wins": 83, "running_decisive": 189, "running_winrate": 0.4392, "ts": "2026-07-05T06:19:42.348252+00:00", "void": false, "winner": "agent_a"}
starting game=190 challenger=agent_b(foul_play) acceptor=agent_a(foul_play)
game=190 challenger=agent_b acceptor=agent_a winner=agent_a
PROGRESS {"error": null, "game_index": 190, "running_agent_a_wins": 84, "running_decisive": 190, "running_winrate": 0.4421, "ts": "2026-07-05T06:19:58.387442+00:00", "void": false, "winner": "agent_a"}
starting game=191 challenger=agent_a(foul_play) acceptor=agent_b(foul_play)
game=191 challenger=agent_a acceptor=agent_b winner=agent_b
PROGRESS {"error": null, "game_index": 191, "running_agent_a_wins": 84, "running_decisive": 191, "running_winrate": 0.4398, "ts": "2026-07-05T06:20:20.953437+00:00", "void": false, "winner": "agent_b"}
starting game=192 challenger=agent_b(foul_play) acceptor=agent_a(foul_play)
game=192 challenger=agent_b acceptor=agent_a winner=agent_b
PROGRESS {"error": null, "game_index": 192, "running_agent_a_wins": 84, "running_decisive": 192, "running_winrate": 0.4375, "ts": "2026-07-05T06:20:33.194290+00:00", "void": false, "winner": "agent_b"}
starting game=193 challenger=agent_a(foul_play) acceptor=agent_b(foul_play)
game=193 challenger=agent_a acceptor=agent_b winner=agent_b
PROGRESS {"error": null, "game_index": 193, "running_agent_a_wins": 84, "running_decisive": 193, "running_winrate": 0.4352, "ts": "2026-07-05T06:20:49.877729+00:00", "void": false, "winner": "agent_b"}
starting game=194 challenger=agent_b(foul_play) acceptor=agent_a(foul_play)
game=194 challenger=agent_b acceptor=agent_a winner=agent_b
PROGRESS {"error": null, "game_index": 194, "running_agent_a_wins": 84, "running_decisive": 194, "running_winrate": 0.433, "ts": "2026-07-05T06:21:04.058250+00:00", "void": false, "winner": "agent_b"}
starting game=195 challenger=agent_a(foul_play) acceptor=agent_b(foul_play)
game=195 challenger=agent_a acceptor=agent_b winner=agent_b
PROGRESS {"error": null, "game_index": 195, "running_agent_a_wins": 84, "running_decisive": 195, "running_winrate": 0.4308, "ts": "2026-07-05T06:21:15.877126+00:00", "void": false, "winner": "agent_b"}
starting game=196 challenger=agent_b(foul_play) acceptor=agent_a(foul_play)
game=196 challenger=agent_b acceptor=agent_a winner=agent_a
PROGRESS {"error": null, "game_index": 196, "running_agent_a_wins": 85, "running_decisive": 196, "running_winrate": 0.4337, "ts": "2026-07-05T06:21:34.369443+00:00", "void": false, "winner": "agent_a"}
starting game=197 challenger=agent_a(foul_play) acceptor=agent_b(foul_play)
game=197 challenger=agent_a acceptor=agent_b winner=agent_b
PROGRESS {"error": null, "game_index": 197, "running_agent_a_wins": 85, "running_decisive": 197, "running_winrate": 0.4315, "ts": "2026-07-05T06:21:53.203588+00:00", "void": false, "winner": "agent_b"}
starting game=198 challenger=agent_b(foul_play) acceptor=agent_a(foul_play)
game=198 challenger=agent_b acceptor=agent_a winner=agent_a
PROGRESS {"error": null, "game_index": 198, "running_agent_a_wins": 86, "running_decisive": 198, "running_winrate": 0.4343, "ts": "2026-07-05T06:22:08.936400+00:00", "void": false, "winner": "agent_a"}
starting game=199 challenger=agent_a(foul_play) acceptor=agent_b(foul_play)
game=199 challenger=agent_a acceptor=agent_b winner=agent_b
PROGRESS {"error": null, "game_index": 199, "running_agent_a_wins": 86, "running_decisive": 199, "running_winrate": 0.4322, "ts": "2026-07-05T06:22:24.923852+00:00", "void": false, "winner": "agent_b"}
starting game=200 challenger=agent_b(foul_play) acceptor=agent_a(foul_play)
game=200 challenger=agent_b acceptor=agent_a winner=agent_a
PROGRESS {"error": null, "game_index": 200, "running_agent_a_wins": 87, "running_decisive": 200, "running_winrate": 0.435, "ts": "2026-07-05T06:22:39.523452+00:00", "void": false, "winner": "agent_a"}
{
  "agent_a": "foul_play",
  "agent_a_as_acceptor_games": 100,
  "agent_a_as_acceptor_wins": 46,
  "agent_a_as_challenger_games": 100,
  "agent_a_as_challenger_wins": 41,
  "agent_a_losses": 113,
  "agent_a_wins": 87,
  "agent_b": "foul_play",
  "ci95_high": 0.504292637402054,
  "ci95_low": 0.36815725502699076,
  "completed_games": 200,
  "decisive_games": 200,
  "format": "gen9randombattle",
  "foul_play_search_time_ms": 100,
  "mode": "h2h",
  "n_games": 200,
  "paired": true,
  "server": "local",
  "ties_or_unknown": 0,
  "void_games": 0,
  "voids_with_agent_a_challenger": 0,
  "voids_with_agent_b_challenger": 0,
  "winrate": 0.435
}
