starting game=1 challenger=agent_a(foul_play_root_priors) acceptor=agent_b(foul_play)
game=1 challenger=agent_a acceptor=agent_b winner=agent_b
PROGRESS {"error": null, "game_index": 1, "running_agent_a_wins": 0, "running_decisive": 1, "running_winrate": 0.0, "sprt_decision": "continue", "sprt_llr": -0.0619, "ts": "2026-07-09T07:53:18.134160+00:00", "void": false, "winner": "agent_b"}
starting game=2 challenger=agent_b(foul_play) acceptor=agent_a(foul_play_root_priors)
game=2 challenger=agent_b acceptor=agent_a winner=agent_b
PROGRESS {"error": null, "game_index": 2, "running_agent_a_wins": 0, "running_decisive": 2, "running_winrate": 0.0, "sprt_decision": "continue", "sprt_llr": -0.1238, "ts": "2026-07-09T07:53:31.038749+00:00", "void": false, "winner": "agent_b"}
starting game=3 challenger=agent_a(foul_play_root_priors) acceptor=agent_b(foul_play)
game=3 challenger=agent_a acceptor=agent_b winner=agent_a
PROGRESS {"error": null, "game_index": 3, "running_agent_a_wins": 1, "running_decisive": 3, "running_winrate": 0.3333, "sprt_decision": "continue", "sprt_llr": -0.0655, "ts": "2026-07-09T07:53:43.880028+00:00", "void": false, "winner": "agent_a"}
starting game=4 challenger=agent_b(foul_play) acceptor=agent_a(foul_play_root_priors)
game=4 challenger=agent_b acceptor=agent_a winner=agent_a
PROGRESS {"error": null, "game_index": 4, "running_agent_a_wins": 2, "running_decisive": 4, "running_winrate": 0.5, "sprt_decision": "continue", "sprt_llr": -0.0072, "ts": "2026-07-09T07:53:56.271695+00:00", "void": false, "winner": "agent_a"}
starting game=5 challenger=agent_a(foul_play_root_priors) acceptor=agent_b(foul_play)
game=5 challenger=agent_a acceptor=agent_b winner=agent_b
PROGRESS {"error": null, "game_index": 5, "running_agent_a_wins": 2, "running_decisive": 5, "running_winrate": 0.4, "sprt_decision": "continue", "sprt_llr": -0.0691, "ts": "2026-07-09T07:54:07.788173+00:00", "void": false, "winner": "agent_b"}
starting game=6 challenger=agent_b(foul_play) acceptor=agent_a(foul_play_root_priors)
game=6 challenger=agent_b acceptor=agent_a winner=agent_a
PROGRESS {"error": null, "game_index": 6, "running_agent_a_wins": 3, "running_decisive": 6, "running_winrate": 0.5, "sprt_decision": "continue", "sprt_llr": -0.0108, "ts": "2026-07-09T07:54:19.665639+00:00", "void": false, "winner": "agent_a"}
starting game=7 challenger=agent_a(foul_play_root_priors) acceptor=agent_b(foul_play)
game=7 challenger=agent_a acceptor=agent_b winner=agent_a
PROGRESS {"error": null, "game_index": 7, "running_agent_a_wins": 4, "running_decisive": 7, "running_winrate": 0.5714, "sprt_decision": "continue", "sprt_llr": 0.0474, "ts": "2026-07-09T07:54:31.486919+00:00", "void": false, "winner": "agent_a"}
starting game=8 challenger=agent_b(foul_play) acceptor=agent_a(foul_play_root_priors)
game=8 challenger=agent_b acceptor=agent_a winner=agent_a
PROGRESS {"error": null, "game_index": 8, "running_agent_a_wins": 5, "running_decisive": 8, "running_winrate": 0.625, "sprt_decision": "continue", "sprt_llr": 0.1057, "ts": "2026-07-09T07:54:43.873146+00:00", "void": false, "winner": "agent_a"}
starting game=9 challenger=agent_a(foul_play_root_priors) acceptor=agent_b(foul_play)
game=9 challenger=agent_a acceptor=agent_b winner=agent_b
PROGRESS {"error": null, "game_index": 9, "running_agent_a_wins": 5, "running_decisive": 9, "running_winrate": 0.5556, "sprt_decision": "continue", "sprt_llr": 0.0438, "ts": "2026-07-09T07:55:00.880338+00:00", "void": false, "winner": "agent_b"}
starting game=10 challenger=agent_b(foul_play) acceptor=agent_a(foul_play_root_priors)
game=10 challenger=agent_b acceptor=agent_a winner=agent_a
PROGRESS {"error": null, "game_index": 10, "running_agent_a_wins": 6, "running_decisive": 10, "running_winrate": 0.6, "sprt_decision": "continue", "sprt_llr": 0.1021, "ts": "2026-07-09T07:55:11.935905+00:00", "void": false, "winner": "agent_a"}
starting game=11 challenger=agent_a(foul_play_root_priors) acceptor=agent_b(foul_play)
game=11 challenger=agent_a acceptor=agent_b winner=agent_b
PROGRESS {"error": null, "game_index": 11, "running_agent_a_wins": 6, "running_decisive": 11, "running_winrate": 0.5455, "sprt_decision": "continue", "sprt_llr": 0.0402, "ts": "2026-07-09T07:55:23.249893+00:00", "void": false, "winner": "agent_b"}
starting game=12 challenger=agent_b(foul_play) acceptor=agent_a(foul_play_root_priors)
game=12 challenger=agent_b acceptor=agent_a winner=agent_a
PROGRESS {"error": null, "game_index": 12, "running_agent_a_wins": 7, "running_decisive": 12, "running_winrate": 0.5833, "sprt_decision": "continue", "sprt_llr": 0.0985, "ts": "2026-07-09T07:55:38.366877+00:00", "void": false, "winner": "agent_a"}
starting game=13 challenger=agent_a(foul_play_root_priors) acceptor=agent_b(foul_play)
game=13 challenger=agent_a acceptor=agent_b winner=agent_a
PROGRESS {"error": null, "game_index": 13, "running_agent_a_wins": 8, "running_decisive": 13, "running_winrate": 0.6154, "sprt_decision": "continue", "sprt_llr": 0.1568, "ts": "2026-07-09T07:55:50.292435+00:00", "void": false, "winner": "agent_a"}
starting game=14 challenger=agent_b(foul_play) acceptor=agent_a(foul_play_root_priors)
game=14 challenger=agent_b acceptor=agent_a winner=agent_a
PROGRESS {"error": null, "game_index": 14, "running_agent_a_wins": 9, "running_decisive": 14, "running_winrate": 0.6429, "sprt_decision": "continue", "sprt_llr": 0.215, "ts": "2026-07-09T07:56:04.488182+00:00", "void": false, "winner": "agent_a"}
starting game=15 challenger=agent_a(foul_play_root_priors) acceptor=agent_b(foul_play)
game=15 challenger=agent_a acceptor=agent_b winner=agent_b
PROGRESS {"error": null, "game_index": 15, "running_agent_a_wins": 9, "running_decisive": 15, "running_winrate": 0.6, "sprt_decision": "continue", "sprt_llr": 0.1532, "ts": "2026-07-09T07:56:15.864632+00:00", "void": false, "winner": "agent_b"}
starting game=16 challenger=agent_b(foul_play) acceptor=agent_a(foul_play_root_priors)
game=16 challenger=agent_b acceptor=agent_a winner=agent_b
PROGRESS {"error": null, "game_index": 16, "running_agent_a_wins": 9, "running_decisive": 16, "running_winrate": 0.5625, "sprt_decision": "continue", "sprt_llr": 0.0913, "ts": "2026-07-09T07:56:27.202343+00:00", "void": false, "winner": "agent_b"}
starting game=17 challenger=agent_a(foul_play_root_priors) acceptor=agent_b(foul_play)
game=17 challenger=agent_a acceptor=agent_b winner=agent_b
PROGRESS {"error": null, "game_index": 17, "running_agent_a_wins": 9, "running_decisive": 17, "running_winrate": 0.5294, "sprt_decision": "continue", "sprt_llr": 0.0294, "ts": "2026-07-09T07:56:42.487236+00:00", "void": false, "winner": "agent_b"}
starting game=18 challenger=agent_b(foul_play) acceptor=agent_a(foul_play_root_priors)
game=18 challenger=agent_b acceptor=agent_a winner=agent_a
PROGRESS {"error": null, "game_index": 18, "running_agent_a_wins": 10, "running_decisive": 18, "running_winrate": 0.5556, "sprt_decision": "continue", "sprt_llr": 0.0877, "ts": "2026-07-09T07:56:53.326948+00:00", "void": false, "winner": "agent_a"}
starting game=19 challenger=agent_a(foul_play_root_priors) acceptor=agent_b(foul_play)
game=19 challenger=agent_a acceptor=agent_b winner=agent_b
PROGRESS {"error": null, "game_index": 19, "running_agent_a_wins": 10, "running_decisive": 19, "running_winrate": 0.5263, "sprt_decision": "continue", "sprt_llr": 0.0258, "ts": "2026-07-09T07:57:05.271911+00:00", "void": false, "winner": "agent_b"}
starting game=20 challenger=agent_b(foul_play) acceptor=agent_a(foul_play_root_priors)
game=20 challenger=agent_b acceptor=agent_a winner=agent_a
PROGRESS {"error": null, "game_index": 20, "running_agent_a_wins": 11, "running_decisive": 20, "running_winrate": 0.55, "sprt_decision": "continue", "sprt_llr": 0.0841, "ts": "2026-07-09T07:57:15.882830+00:00", "void": false, "winner": "agent_a"}
starting game=21 challenger=agent_a(foul_play_root_priors) acceptor=agent_b(foul_play)
game=21 challenger=agent_a acceptor=agent_b winner=agent_b
PROGRESS {"error": null, "game_index": 21, "running_agent_a_wins": 11, "running_decisive": 21, "running_winrate": 0.5238, "sprt_decision": "continue", "sprt_llr": 0.0222, "ts": "2026-07-09T07:57:27.142141+00:00", "void": false, "winner": "agent_b"}
starting game=22 challenger=agent_b(foul_play) acceptor=agent_a(foul_play_root_priors)
game=22 challenger=agent_b acceptor=agent_a winner=agent_a
PROGRESS {"error": null, "game_index": 22, "running_agent_a_wins": 12, "running_decisive": 22, "running_winrate": 0.5455, "sprt_decision": "continue", "sprt_llr": 0.0805, "ts": "2026-07-09T07:57:36.843736+00:00", "void": false, "winner": "agent_a"}
starting game=23 challenger=agent_a(foul_play_root_priors) acceptor=agent_b(foul_play)
game=23 challenger=agent_a acceptor=agent_b winner=agent_a
PROGRESS {"error": null, "game_index": 23, "running_agent_a_wins": 13, "running_decisive": 23, "running_winrate": 0.5652, "sprt_decision": "continue", "sprt_llr": 0.1387, "ts": "2026-07-09T07:57:48.994600+00:00", "void": false, "winner": "agent_a"}
starting game=24 challenger=agent_b(foul_play) acceptor=agent_a(foul_play_root_priors)
game=24 challenger=agent_b acceptor=agent_a winner=agent_b
PROGRESS {"error": null, "game_index": 24, "running_agent_a_wins": 13, "running_decisive": 24, "running_winrate": 0.5417, "sprt_decision": "continue", "sprt_llr": 0.0769, "ts": "2026-07-09T07:57:58.971114+00:00", "void": false, "winner": "agent_b"}
starting game=25 challenger=agent_a(foul_play_root_priors) acceptor=agent_b(foul_play)
game=25 challenger=agent_a acceptor=agent_b winner=agent_a
PROGRESS {"error": null, "game_index": 25, "running_agent_a_wins": 14, "running_decisive": 25, "running_winrate": 0.56, "sprt_decision": "continue", "sprt_llr": 0.1351, "ts": "2026-07-09T07:58:08.339998+00:00", "void": false, "winner": "agent_a"}
starting game=26 challenger=agent_b(foul_play) acceptor=agent_a(foul_play_root_priors)
