starting game=1 challenger=agent_a(foul_play_wincon) acceptor=agent_b(foul_play)
game=1 challenger=agent_a acceptor=agent_b winner=agent_b
PROGRESS {"error": null, "game_index": 1, "running_agent_a_wins": 0, "running_decisive": 1, "running_winrate": 0.0, "sprt_decision": "continue", "sprt_llr": -0.0619, "ts": "2026-07-06T22:08:38.212618+00:00", "void": false, "winner": "agent_b"}
starting game=2 challenger=agent_b(foul_play) acceptor=agent_a(foul_play_wincon)
game=2 challenger=agent_b acceptor=agent_a winner=agent_b
PROGRESS {"error": null, "game_index": 2, "running_agent_a_wins": 0, "running_decisive": 2, "running_winrate": 0.0, "sprt_decision": "continue", "sprt_llr": -0.1238, "ts": "2026-07-06T22:08:50.497598+00:00", "void": false, "winner": "agent_b"}
starting game=3 challenger=agent_a(foul_play_wincon) acceptor=agent_b(foul_play)
game=3 challenger=agent_a acceptor=agent_b winner=agent_b
PROGRESS {"error": null, "game_index": 3, "running_agent_a_wins": 0, "running_decisive": 3, "running_winrate": 0.0, "sprt_decision": "continue", "sprt_llr": -0.1856, "ts": "2026-07-06T22:08:59.516107+00:00", "void": false, "winner": "agent_b"}
starting game=4 challenger=agent_b(foul_play) acceptor=agent_a(foul_play_wincon)
game=4 challenger=agent_b acceptor=agent_a winner=agent_a
PROGRESS {"error": null, "game_index": 4, "running_agent_a_wins": 1, "running_decisive": 4, "running_winrate": 0.25, "sprt_decision": "continue", "sprt_llr": -0.1274, "ts": "2026-07-06T22:09:09.083179+00:00", "void": false, "winner": "agent_a"}
starting game=5 challenger=agent_a(foul_play_wincon) acceptor=agent_b(foul_play)
game=5 challenger=agent_a acceptor=agent_b winner=agent_b
PROGRESS {"error": null, "game_index": 5, "running_agent_a_wins": 1, "running_decisive": 5, "running_winrate": 0.2, "sprt_decision": "continue", "sprt_llr": -0.1892, "ts": "2026-07-06T22:09:18.645615+00:00", "void": false, "winner": "agent_b"}
starting game=6 challenger=agent_b(foul_play) acceptor=agent_a(foul_play_wincon)
game=6 challenger=agent_b acceptor=agent_a winner=agent_b
PROGRESS {"error": null, "game_index": 6, "running_agent_a_wins": 1, "running_decisive": 6, "running_winrate": 0.1667, "sprt_decision": "continue", "sprt_llr": -0.2511, "ts": "2026-07-06T22:09:28.506936+00:00", "void": false, "winner": "agent_b"}
starting game=7 challenger=agent_a(foul_play_wincon) acceptor=agent_b(foul_play)
game=7 challenger=agent_a acceptor=agent_b winner=agent_b
PROGRESS {"error": null, "game_index": 7, "running_agent_a_wins": 1, "running_decisive": 7, "running_winrate": 0.1429, "sprt_decision": "continue", "sprt_llr": -0.313, "ts": "2026-07-06T22:09:37.780188+00:00", "void": false, "winner": "agent_b"}
starting game=8 challenger=agent_b(foul_play) acceptor=agent_a(foul_play_wincon)
game=8 challenger=agent_b acceptor=agent_a winner=agent_b
PROGRESS {"error": null, "game_index": 8, "running_agent_a_wins": 1, "running_decisive": 8, "running_winrate": 0.125, "sprt_decision": "continue", "sprt_llr": -0.3749, "ts": "2026-07-06T22:09:47.317873+00:00", "void": false, "winner": "agent_b"}
starting game=9 challenger=agent_a(foul_play_wincon) acceptor=agent_b(foul_play)
game=9 challenger=agent_a acceptor=agent_b winner=agent_a
PROGRESS {"error": null, "game_index": 9, "running_agent_a_wins": 2, "running_decisive": 9, "running_winrate": 0.2222, "sprt_decision": "continue", "sprt_llr": -0.3166, "ts": "2026-07-06T22:09:58.635717+00:00", "void": false, "winner": "agent_a"}
starting game=10 challenger=agent_b(foul_play) acceptor=agent_a(foul_play_wincon)
game=10 challenger=agent_b acceptor=agent_a winner=agent_b
PROGRESS {"error": null, "game_index": 10, "running_agent_a_wins": 2, "running_decisive": 10, "running_winrate": 0.2, "sprt_decision": "continue", "sprt_llr": -0.3785, "ts": "2026-07-06T22:10:07.937532+00:00", "void": false, "winner": "agent_b"}
starting game=11 challenger=agent_a(foul_play_wincon) acceptor=agent_b(foul_play)
game=11 challenger=agent_a acceptor=agent_b winner=agent_b
PROGRESS {"error": null, "game_index": 11, "running_agent_a_wins": 2, "running_decisive": 11, "running_winrate": 0.1818, "sprt_decision": "continue", "sprt_llr": -0.4403, "ts": "2026-07-06T22:10:17.293836+00:00", "void": false, "winner": "agent_b"}
starting game=12 challenger=agent_b(foul_play) acceptor=agent_a(foul_play_wincon)
game=12 challenger=agent_b acceptor=agent_a winner=agent_b
PROGRESS {"error": null, "game_index": 12, "running_agent_a_wins": 2, "running_decisive": 12, "running_winrate": 0.1667, "sprt_decision": "continue", "sprt_llr": -0.5022, "ts": "2026-07-06T22:10:26.601679+00:00", "void": false, "winner": "agent_b"}
starting game=13 challenger=agent_a(foul_play_wincon) acceptor=agent_b(foul_play)
game=13 challenger=agent_a acceptor=agent_b winner=agent_b
PROGRESS {"error": null, "game_index": 13, "running_agent_a_wins": 2, "running_decisive": 13, "running_winrate": 0.1538, "sprt_decision": "continue", "sprt_llr": -0.5641, "ts": "2026-07-06T22:10:35.907462+00:00", "void": false, "winner": "agent_b"}
starting game=14 challenger=agent_b(foul_play) acceptor=agent_a(foul_play_wincon)
game=14 challenger=agent_b acceptor=agent_a winner=agent_a
PROGRESS {"error": null, "game_index": 14, "running_agent_a_wins": 3, "running_decisive": 14, "running_winrate": 0.2143, "sprt_decision": "continue", "sprt_llr": -0.5058, "ts": "2026-07-06T22:10:45.840179+00:00", "void": false, "winner": "agent_a"}
starting game=15 challenger=agent_a(foul_play_wincon) acceptor=agent_b(foul_play)
game=15 challenger=agent_a acceptor=agent_b winner=agent_b
PROGRESS {"error": null, "game_index": 15, "running_agent_a_wins": 3, "running_decisive": 15, "running_winrate": 0.2, "sprt_decision": "continue", "sprt_llr": -0.5677, "ts": "2026-07-06T22:10:55.271718+00:00", "void": false, "winner": "agent_b"}
starting game=16 challenger=agent_b(foul_play) acceptor=agent_a(foul_play_wincon)
game=16 challenger=agent_b acceptor=agent_a winner=agent_a
PROGRESS {"error": null, "game_index": 16, "running_agent_a_wins": 4, "running_decisive": 16, "running_winrate": 0.25, "sprt_decision": "continue", "sprt_llr": -0.5094, "ts": "2026-07-06T22:11:05.316666+00:00", "void": false, "winner": "agent_a"}
starting game=17 challenger=agent_a(foul_play_wincon) acceptor=agent_b(foul_play)
game=17 challenger=agent_a acceptor=agent_b winner=agent_a
PROGRESS {"error": null, "game_index": 17, "running_agent_a_wins": 5, "running_decisive": 17, "running_winrate": 0.2941, "sprt_decision": "continue", "sprt_llr": -0.4512, "ts": "2026-07-06T22:11:15.294972+00:00", "void": false, "winner": "agent_a"}
starting game=18 challenger=agent_b(foul_play) acceptor=agent_a(foul_play_wincon)
game=18 challenger=agent_b acceptor=agent_a winner=agent_b
PROGRESS {"error": null, "game_index": 18, "running_agent_a_wins": 5, "running_decisive": 18, "running_winrate": 0.2778, "sprt_decision": "continue", "sprt_llr": -0.513, "ts": "2026-07-06T22:11:25.296342+00:00", "void": false, "winner": "agent_b"}
starting game=19 challenger=agent_a(foul_play_wincon) acceptor=agent_b(foul_play)
game=19 challenger=agent_a acceptor=agent_b winner=agent_b
PROGRESS {"error": null, "game_index": 19, "running_agent_a_wins": 5, "running_decisive": 19, "running_winrate": 0.2632, "sprt_decision": "continue", "sprt_llr": -0.5749, "ts": "2026-07-06T22:11:35.252563+00:00", "void": false, "winner": "agent_b"}
starting game=20 challenger=agent_b(foul_play) acceptor=agent_a(foul_play_wincon)
game=20 challenger=agent_b acceptor=agent_a winner=agent_b
PROGRESS {"error": null, "game_index": 20, "running_agent_a_wins": 5, "running_decisive": 20, "running_winrate": 0.25, "sprt_decision": "continue", "sprt_llr": -0.6368, "ts": "2026-07-06T22:11:45.005760+00:00", "void": false, "winner": "agent_b"}
starting game=21 challenger=agent_a(foul_play_wincon) acceptor=agent_b(foul_play)
game=21 challenger=agent_a acceptor=agent_b winner=agent_b
PROGRESS {"error": null, "game_index": 21, "running_agent_a_wins": 5, "running_decisive": 21, "running_winrate": 0.2381, "sprt_decision": "continue", "sprt_llr": -0.6987, "ts": "2026-07-06T22:11:54.223528+00:00", "void": false, "winner": "agent_b"}
starting game=22 challenger=agent_b(foul_play) acceptor=agent_a(foul_play_wincon)
game=22 challenger=agent_b acceptor=agent_a winner=agent_a
PROGRESS {"error": null, "game_index": 22, "running_agent_a_wins": 6, "running_decisive": 22, "running_winrate": 0.2727, "sprt_decision": "continue", "sprt_llr": -0.6404, "ts": "2026-07-06T22:12:03.278177+00:00", "void": false, "winner": "agent_a"}
starting game=23 challenger=agent_a(foul_play_wincon) acceptor=agent_b(foul_play)
game=23 challenger=agent_a acceptor=agent_b winner=agent_a
PROGRESS {"error": null, "game_index": 23, "running_agent_a_wins": 7, "running_decisive": 23, "running_winrate": 0.3043, "sprt_decision": "continue", "sprt_llr": -0.5821, "ts": "2026-07-06T22:12:12.895027+00:00", "void": false, "winner": "agent_a"}
starting game=24 challenger=agent_b(foul_play) acceptor=agent_a(foul_play_wincon)
game=24 challenger=agent_b acceptor=agent_a winner=agent_a
PROGRESS {"error": null, "game_index": 24, "running_agent_a_wins": 8, "running_decisive": 24, "running_winrate": 0.3333, "sprt_decision": "continue", "sprt_llr": -0.5239, "ts": "2026-07-06T22:12:23.973489+00:00", "void": false, "winner": "agent_a"}
starting game=25 challenger=agent_a(foul_play_wincon) acceptor=agent_b(foul_play)
game=25 challenger=agent_a acceptor=agent_b winner=agent_b
PROGRESS {"error": null, "game_index": 25, "running_agent_a_wins": 8, "running_decisive": 25, "running_winrate": 0.32, "sprt_decision": "continue", "sprt_llr": -0.5857, "ts": "2026-07-06T22:12:34.627279+00:00", "void": false, "winner": "agent_b"}
starting game=26 challenger=agent_b(foul_play) acceptor=agent_a(foul_play_wincon)
game=26 challenger=agent_b acceptor=agent_a winner=agent_b
PROGRESS {"error": null, "game_index": 26, "running_agent_a_wins": 8, "running_decisive": 26, "running_winrate": 0.3077, "sprt_decision": "continue", "sprt_llr": -0.6476, "ts": "2026-07-06T22:12:44.033535+00:00", "void": false, "winner": "agent_b"}
starting game=27 challenger=agent_a(foul_play_wincon) acceptor=agent_b(foul_play)
game=27 challenger=agent_a acceptor=agent_b winner=agent_b
PROGRESS {"error": null, "game_index": 27, "running_agent_a_wins": 8, "running_decisive": 27, "running_winrate": 0.2963, "sprt_decision": "continue", "sprt_llr": -0.7095, "ts": "2026-07-06T22:12:53.627813+00:00", "void": false, "winner": "agent_b"}
starting game=28 challenger=agent_b(foul_play) acceptor=agent_a(foul_play_wincon)
game=28 challenger=agent_b acceptor=agent_a winner=agent_b
PROGRESS {"error": null, "game_index": 28, "running_agent_a_wins": 8, "running_decisive": 28, "running_winrate": 0.2857, "sprt_decision": "continue", "sprt_llr": -0.7714, "ts": "2026-07-06T22:13:03.856458+00:00", "void": false, "winner": "agent_b"}
starting game=29 challenger=agent_a(foul_play_wincon) acceptor=agent_b(foul_play)
game=29 challenger=agent_a acceptor=agent_b winner=agent_a
PROGRESS {"error": null, "game_index": 29, "running_agent_a_wins": 9, "running_decisive": 29, "running_winrate": 0.3103, "sprt_decision": "continue", "sprt_llr": -0.7131, "ts": "2026-07-06T22:13:12.908154+00:00", "void": false, "winner": "agent_a"}
starting game=30 challenger=agent_b(foul_play) acceptor=agent_a(foul_play_wincon)
game=30 challenger=agent_b acceptor=agent_a winner=agent_b
PROGRESS {"error": null, "game_index": 30, "running_agent_a_wins": 9, "running_decisive": 30, "running_winrate": 0.3, "sprt_decision": "continue", "sprt_llr": -0.775, "ts": "2026-07-06T22:13:22.551004+00:00", "void": false, "winner": "agent_b"}
starting game=31 challenger=agent_a(foul_play_wincon) acceptor=agent_b(foul_play)
game=31 challenger=agent_a acceptor=agent_b winner=agent_b
PROGRESS {"error": null, "game_index": 31, "running_agent_a_wins": 9, "running_decisive": 31, "running_winrate": 0.2903, "sprt_decision": "continue", "sprt_llr": -0.8368, "ts": "2026-07-06T22:13:34.244085+00:00", "void": false, "winner": "agent_b"}
starting game=32 challenger=agent_b(foul_play) acceptor=agent_a(foul_play_wincon)
game=32 challenger=agent_b acceptor=agent_a winner=agent_b
PROGRESS {"error": null, "game_index": 32, "running_agent_a_wins": 9, "running_decisive": 32, "running_winrate": 0.2812, "sprt_decision": "continue", "sprt_llr": -0.8987, "ts": "2026-07-06T22:13:44.267494+00:00", "void": false, "winner": "agent_b"}
starting game=33 challenger=agent_a(foul_play_wincon) acceptor=agent_b(foul_play)
game=33 challenger=agent_a acceptor=agent_b winner=agent_b
PROGRESS {"error": null, "game_index": 33, "running_agent_a_wins": 9, "running_decisive": 33, "running_winrate": 0.2727, "sprt_decision": "continue", "sprt_llr": -0.9606, "ts": "2026-07-06T22:13:53.466670+00:00", "void": false, "winner": "agent_b"}
starting game=34 challenger=agent_b(foul_play) acceptor=agent_a(foul_play_wincon)
game=34 challenger=agent_b acceptor=agent_a winner=agent_a
PROGRESS {"error": null, "game_index": 34, "running_agent_a_wins": 10, "running_decisive": 34, "running_winrate": 0.2941, "sprt_decision": "continue", "sprt_llr": -0.9023, "ts": "2026-07-06T22:14:03.129185+00:00", "void": false, "winner": "agent_a"}
starting game=35 challenger=agent_a(foul_play_wincon) acceptor=agent_b(foul_play)
game=35 challenger=agent_a acceptor=agent_b winner=agent_b
PROGRESS {"error": null, "game_index": 35, "running_agent_a_wins": 10, "running_decisive": 35, "running_winrate": 0.2857, "sprt_decision": "continue", "sprt_llr": -0.9642, "ts": "2026-07-06T22:14:12.190859+00:00", "void": false, "winner": "agent_b"}
starting game=36 challenger=agent_b(foul_play) acceptor=agent_a(foul_play_wincon)
game=36 challenger=agent_b acceptor=agent_a winner=agent_a
PROGRESS {"error": null, "game_index": 36, "running_agent_a_wins": 11, "running_decisive": 36, "running_winrate": 0.3056, "sprt_decision": "continue", "sprt_llr": -0.9059, "ts": "2026-07-06T22:14:21.161905+00:00", "void": false, "winner": "agent_a"}
starting game=37 challenger=agent_a(foul_play_wincon) acceptor=agent_b(foul_play)
game=37 challenger=agent_a acceptor=agent_b winner=agent_b
PROGRESS {"error": null, "game_index": 37, "running_agent_a_wins": 11, "running_decisive": 37, "running_winrate": 0.2973, "sprt_decision": "continue", "sprt_llr": -0.9678, "ts": "2026-07-06T22:14:30.497585+00:00", "void": false, "winner": "agent_b"}
starting game=38 challenger=agent_b(foul_play) acceptor=agent_a(foul_play_wincon)
game=38 challenger=agent_b acceptor=agent_a winner=agent_a
PROGRESS {"error": null, "game_index": 38, "running_agent_a_wins": 12, "running_decisive": 38, "running_winrate": 0.3158, "sprt_decision": "continue", "sprt_llr": -0.9095, "ts": "2026-07-06T22:14:38.814119+00:00", "void": false, "winner": "agent_a"}
starting game=39 challenger=agent_a(foul_play_wincon) acceptor=agent_b(foul_play)
game=39 challenger=agent_a acceptor=agent_b winner=agent_a
PROGRESS {"error": null, "game_index": 39, "running_agent_a_wins": 13, "running_decisive": 39, "running_winrate": 0.3333, "sprt_decision": "continue", "sprt_llr": -0.8513, "ts": "2026-07-06T22:14:47.781764+00:00", "void": false, "winner": "agent_a"}
starting game=40 challenger=agent_b(foul_play) acceptor=agent_a(foul_play_wincon)
game=40 challenger=agent_b acceptor=agent_a winner=agent_b
PROGRESS {"error": null, "game_index": 40, "running_agent_a_wins": 13, "running_decisive": 40, "running_winrate": 0.325, "sprt_decision": "continue", "sprt_llr": -0.9131, "ts": "2026-07-06T22:14:56.364520+00:00", "void": false, "winner": "agent_b"}
starting game=41 challenger=agent_a(foul_play_wincon) acceptor=agent_b(foul_play)
game=41 challenger=agent_a acceptor=agent_b winner=agent_a
PROGRESS {"error": null, "game_index": 41, "running_agent_a_wins": 14, "running_decisive": 41, "running_winrate": 0.3415, "sprt_decision": "continue", "sprt_llr": -0.8549, "ts": "2026-07-06T22:15:05.555818+00:00", "void": false, "winner": "agent_a"}
starting game=42 challenger=agent_b(foul_play) acceptor=agent_a(foul_play_wincon)
game=42 challenger=agent_b acceptor=agent_a winner=agent_b
PROGRESS {"error": null, "game_index": 42, "running_agent_a_wins": 14, "running_decisive": 42, "running_winrate": 0.3333, "sprt_decision": "continue", "sprt_llr": -0.9167, "ts": "2026-07-06T22:15:17.110039+00:00", "void": false, "winner": "agent_b"}
starting game=43 challenger=agent_a(foul_play_wincon) acceptor=agent_b(foul_play)
game=43 challenger=agent_a acceptor=agent_b winner=agent_b
PROGRESS {"error": null, "game_index": 43, "running_agent_a_wins": 14, "running_decisive": 43, "running_winrate": 0.3256, "sprt_decision": "continue", "sprt_llr": -0.9786, "ts": "2026-07-06T22:15:27.188076+00:00", "void": false, "winner": "agent_b"}
starting game=44 challenger=agent_b(foul_play) acceptor=agent_a(foul_play_wincon)
game=44 challenger=agent_b acceptor=agent_a winner=agent_a
PROGRESS {"error": null, "game_index": 44, "running_agent_a_wins": 15, "running_decisive": 44, "running_winrate": 0.3409, "sprt_decision": "continue", "sprt_llr": -0.9204, "ts": "2026-07-06T22:15:36.797886+00:00", "void": false, "winner": "agent_a"}
starting game=45 challenger=agent_a(foul_play_wincon) acceptor=agent_b(foul_play)
game=45 challenger=agent_a acceptor=agent_b winner=agent_b
PROGRESS {"error": null, "game_index": 45, "running_agent_a_wins": 15, "running_decisive": 45, "running_winrate": 0.3333, "sprt_decision": "continue", "sprt_llr": -0.9822, "ts": "2026-07-06T22:15:52.538129+00:00", "void": false, "winner": "agent_b"}
starting game=46 challenger=agent_b(foul_play) acceptor=agent_a(foul_play_wincon)
game=46 challenger=agent_b acceptor=agent_a winner=agent_a
PROGRESS {"error": null, "game_index": 46, "running_agent_a_wins": 16, "running_decisive": 46, "running_winrate": 0.3478, "sprt_decision": "continue", "sprt_llr": -0.924, "ts": "2026-07-06T22:16:02.698306+00:00", "void": false, "winner": "agent_a"}
starting game=47 challenger=agent_a(foul_play_wincon) acceptor=agent_b(foul_play)
game=47 challenger=agent_a acceptor=agent_b winner=agent_b
PROGRESS {"error": null, "game_index": 47, "running_agent_a_wins": 16, "running_decisive": 47, "running_winrate": 0.3404, "sprt_decision": "continue", "sprt_llr": -0.9858, "ts": "2026-07-06T22:16:11.642133+00:00", "void": false, "winner": "agent_b"}
starting game=48 challenger=agent_b(foul_play) acceptor=agent_a(foul_play_wincon)
game=48 challenger=agent_b acceptor=agent_a winner=agent_b
PROGRESS {"error": null, "game_index": 48, "running_agent_a_wins": 16, "running_decisive": 48, "running_winrate": 0.3333, "sprt_decision": "continue", "sprt_llr": -1.0477, "ts": "2026-07-06T22:16:20.964831+00:00", "void": false, "winner": "agent_b"}
starting game=49 challenger=agent_a(foul_play_wincon) acceptor=agent_b(foul_play)
