INFO     Logging in (local server bypass)...
INFO     Successfully logged in
INFO     Challenging kakg1a...
INFO     Initialized battle-gen9randombattle-417 against: kakg1a
INFO     Loaded from cache: /Users/alityb/projects/metagross/external/foul-play/data/pkmn_sets_cache/gen9randombattle.json
INFO     Opponent has switched - clearing the last used move
INFO     gliscor switched in, adding intimidate to impossible abilities
INFO     gliscor switched in, adding pressure to impossible abilities
INFO     gliscor switched in, adding neutralizinggas to impossible abilities
INFO     gliscor switched in, adding sandstream to impossible abilities
INFO     gliscor switched in, adding drought to impossible abilities
INFO     gliscor switched in, adding drizzle to impossible abilities
INFO     gliscor switched in, adding snowwarning to impossible abilities
INFO     gliscor switched in, adding boosterenergy to impossible items
INFO     gliscor switched in, adding airballoon to impossible items
INFO     
INFO     Turn: 1
INFO     Sampling battle 0
INFO     	        gliscor   poisonheal     toxicorb [earthquake, protect, substitute, toxic] ttype=water
INFO     Sampling 5 unrevealed pokemon
INFO     	necrozmadawnwings   prismarmor    leftovers [calmmind, moongeistbeam, moonlight, photongeyser] ttype=dark
INFO     	       alcremie    aromaveil    leftovers [alluringvoice, calmmind, recover, terablast] ttype=ground
INFO     	       inteleon      torrent  choicespecs [hydropump, icebeam, scald, uturn] ttype=water
INFO     	      volcanion  waterabsorb heavydutyboots [earthpower, flamethrower, haze, steameruption] ttype=water
INFO     	      indeedeef psychicsurge  choicespecs [dazzlinggleam, hypervoice, psychic, shadowball] ttype=psychic
INFO     Sampling battle 1
INFO     	        gliscor   poisonheal     toxicorb [earthquake, knockoff, protect, toxicspikes] ttype=water
INFO     Sampling 5 unrevealed pokemon
INFO     	    arceuswater    multitype  splashplate [icebeam, judgment, recover, willowisp] ttype=steel
INFO     	       cyclizar  regenerator heavydutyboots [dracometeor, knockoff, shedtail, taunt] ttype=dragon
INFO     	       koraidon orichalcumpulse   loadeddice [collisioncourse, flareblitz, scaleshot, swordsdance] ttype=fire
INFO     	      hatterene  magicbounce  assaultvest [drainingkiss, mysticalfire, nuzzle, psychicnoise] ttype=fairy
INFO     	        falinks      defiant      lifeorb [closecombat, ironhead, knockoff, noretreat] ttype=steel
INFO     Sampling battle 2
INFO     	        gliscor   poisonheal     toxicorb [earthquake, knockoff, protect, toxicspikes] ttype=water
INFO     Sampling 5 unrevealed pokemon
INFO     	   avalugghisui       sturdy heavydutyboots [avalanche, bodypress, recover, stoneedge] ttype=poison
INFO     	       oricorio       dancer heavydutyboots [hurricane, quiverdance, revelationdance, roost] ttype=ground
INFO     	    basculegion adaptability  assaultvest [aquajet, flipturn, shadowball, wavecrash] ttype=water
INFO     	necrozmaduskmane   prismarmor weaknesspolicy [dragondance, earthquake, morningsun, sunsteelstrike] ttype=steel
INFO     	         raichu lightningrod  assaultvest [focusblast, nuzzle, surf, thunderbolt] ttype=water
INFO     Sampling battle 3
INFO     	        gliscor   poisonheal     toxicorb [earthquake, protect, substitute, toxic] ttype=water
INFO     Sampling 5 unrevealed pokemon
INFO     	 oricoriopompom       dancer heavydutyboots [hurricane, quiverdance, revelationdance, roost] ttype=ground
INFO     	     tentacruel   liquidooze    leftovers [knockoff, sludgebomb, surf, toxicspikes] ttype=grass
INFO     	      magmortar    flamebody heavydutyboots [earthquake, fireblast, focusblast, thunderbolt] ttype=electric
INFO     	ogerponhearthflame  moldbreaker hearthflamemask [ivycudgel, knockoff, powerwhip, swordsdance] ttype=fire
INFO     	       qwilfish   intimidate    leftovers [destinybond, gunkshot, spikes, waterfall] ttype=dark
INFO     Searching for a move using MCTS...
INFO     Sampling 4 battles at 50ms each
INFO     Iterations 0: 29000
INFO     Iterations 1: 28000
INFO     Iterations 2: 26000
INFO     Iterations 3: 30000
INFO     Policy 0: knockoff visited 75.35% avg_score=0.633 sample_chance_multiplier=0.25
INFO     Policy 1: knockoff visited 60.66% avg_score=0.53 sample_chance_multiplier=0.25
INFO     Policy 2: knockoff visited 56.75% avg_score=0.517 sample_chance_multiplier=0.25
INFO     Policy 3: knockoff visited 75.83% avg_score=0.632 sample_chance_multiplier=0.25
INFO     Considered Choices:
INFO     	67.147%: knockoff
INFO     Choice: knockoff
INFO     Updated gliscor's max speed to 202
INFO     zangoose already has the move knockoff. Decrementing the PP by 1
INFO     zangoose used a dark move, removing darkgem from possible items
INFO     Setting zangoose's last used move: knockoff
INFO     zangoose used a damaging move - not guessing lifeorb anymore
INFO     zangoose did 28.999999999999996% damage to gliscor with knockoff
INFO     Removing gliscor's item: toxicorb
INFO     Setting gliscor's removed item to toxicorb
INFO     Knockoff removed gliscor's item
INFO     gliscor using substitute makes it unlikely to have a choice item. Setting can_have_choice_item to False
INFO     gliscor used a status-move. Adding `assaultvest` to impossible items
INFO     Setting gliscor's last used move: substitute
INFO     Starting the volatile status substitute on gliscor
INFO     gliscor started a substitute - setting substitute_hit to False
INFO     zangoose got status: tox
INFO     No longer guessing lumberry because zangoose got status tox
INFO     gliscor has less than maxhp during upkeep, no longer guessing leftovers or blacksludge
INFO     
INFO     Turn: 2
INFO     Sampling battle 0
INFO     	        gliscor   poisonheal         None [earthquake, protect, substitute, toxic] ttype=water
INFO     Sampling 5 unrevealed pokemon
INFO     	      quaquaval        moxie      lifeorb [aquastep, closecombat, encore, swordsdance] ttype=steel
INFO     	        groudon      drought    leftovers [heatcrash, precipiceblades, roar, stoneedge] ttype=fire
INFO     	       skarmory       sturdy    leftovers [bravebird, roost, stealthrock, whirlwind] ttype=dragon
INFO     	       indeedee psychicsurge  choicescarf [dazzlinggleam, expandingforce, hypervoice, shadowball] ttype=psychic
INFO     	        mimikyu     disguise      lifeorb [drainpunch, playrough, shadowsneak, swordsdance] ttype=fighting
INFO     Sampling battle 1
INFO     	        gliscor   poisonheal         None [earthquake, protect, substitute, toxic] ttype=water
INFO     Sampling 5 unrevealed pokemon
INFO     	       regirock    clearbody  chestoberry [bodypress, curse, rest, stoneedge] ttype=fighting
INFO     	     calyrexice asoneglastrier heavydutyboots [closecombat, glaciallance, highhorsepower, trickroom] ttype=fighting
INFO     	zamazentacrowned dauntlessshield rustedshield [bodypress, heavyslam, irondefense, stoneedge] ttype=fighting
INFO     	         phione    hydration    leftovers [rest, scald, sleeptalk, takeheart] ttype=dragon
INFO     	     chesnaught  bulletproof    leftovers [bodypress, spikes, synthesis, woodhammer] ttype=water
INFO     Searching for a move using MCTS...
INFO     Sampling 2 battles at 100ms each
INFO     Iterations 0: 53000
INFO     Iterations 1: 64000
INFO     Policy 0: switch altaria visited 38.42% avg_score=0.59 sample_chance_multiplier=0.5
INFO     Policy 1: switch altaria visited 44.39% avg_score=0.578 sample_chance_multiplier=0.5
INFO     Considered Choices:
INFO     	41.402%: switch altaria
INFO     Choice: switch altaria
INFO     altaria switched in, adding intimidate to impossible abilities
INFO     altaria switched in, adding pressure to impossible abilities
INFO     altaria switched in, adding neutralizinggas to impossible abilities
INFO     altaria switched in, adding sandstream to impossible abilities
INFO     altaria switched in, adding drought to impossible abilities
INFO     altaria switched in, adding drizzle to impossible abilities
INFO     altaria switched in, adding snowwarning to impossible abilities
INFO     altaria switched in, adding boosterenergy to impossible items
INFO     altaria switched in, adding airballoon to impossible items
INFO     gliscor used two different moves - it cannot have a choice item
INFO     gliscor used a status-move. Adding `assaultvest` to impossible items
INFO     Setting gliscor's last used move: protect
INFO     gliscor has less than maxhp during upkeep, no longer guessing leftovers or blacksludge
INFO     
INFO     Turn: 3
INFO     Sampling battle 0
INFO     	        gliscor   poisonheal         None [earthquake, protect, substitute, toxic] ttype=water
INFO     Sampling 5 unrevealed pokemon
INFO     	ogerponhearthflame  moldbreaker hearthflamemask [ivycudgel, powerwhip, swordsdance, trailblaze] ttype=fire
INFO     	necrozmaduskmane   prismarmor weaknesspolicy [dragondance, earthquake, photongeyser, sunsteelstrike] ttype=steel
INFO     	         dodrio    earlybird heavydutyboots [bravebird, doubleedge, drillrun, swordsdance] ttype=normal
INFO     	     houndstone       fluffy   choiceband [bodypress, playrough, poltergeist, shadowsneak] ttype=fighting
INFO     	        golduck    cloudnine      lifeorb [grassknot, hydropump, icebeam, nastyplot] ttype=water
INFO     Sampling battle 1
INFO     	        gliscor   poisonheal         None [earthquake, protect, substitute, toxic] ttype=water
INFO     Sampling 5 unrevealed pokemon
INFO     	       whiscash    oblivious    leftovers [earthquake, hydropump, icebeam, stealthrock] ttype=poison
INFO     	        avalugg       sturdy heavydutyboots [avalanche, bodypress, rapidspin, recover] ttype=fighting
INFO     	      armarouge    weakarmor  choicespecs [armorcannon, energyball, focusblast, psyshock] ttype=grass
INFO     	         zacian intrepidsword      lifeorb [closecombat, playrough, swordsdance, wildcharge] ttype=fighting
INFO     	        snorlax     thickfat  chestoberry [bodyslam, curse, earthquake, rest] ttype=ground
INFO     Searching for a move using MCTS...
INFO     Sampling 2 battles at 100ms each
INFO     Iterations 0: 56000
INFO     Iterations 1: 30000
INFO     Policy 0: dragondance visited 47.92% avg_score=0.611 sample_chance_multiplier=0.5
INFO     Policy 1: dragondance visited 42.23% avg_score=0.611 sample_chance_multiplier=0.5
INFO     Considered Choices:
INFO     	45.076%: dragondance
INFO     Choice: dragondance
INFO     Updated gliscor's max speed to 193
INFO     altaria already has the move dragondance. Decrementing the PP by 1
INFO     altaria using dragondance makes it unlikely to have a choice item. Setting can_have_choice_item to False
INFO     altaria used a status-move. Adding `assaultvest` to impossible items
INFO     Setting altaria's last used move: dragondance
INFO     altaria's attack was boosted by 1 to 1
INFO     altaria's speed was boosted by 1 to 1
INFO     gliscor used two different moves - it cannot have a choice item
INFO     gliscor used a status-move. Adding `assaultvest` to impossible items
INFO     Setting gliscor's last used move: toxic
INFO     altaria got status: tox
INFO     No longer guessing lumberry because altaria got status tox
INFO     gliscor has less than maxhp during upkeep, no longer guessing leftovers or blacksludge
INFO     
INFO     Turn: 4
INFO     Sampling battle 0
INFO     	        gliscor   poisonheal         None [earthquake, protect, substitute, toxic] ttype=water
INFO     Sampling 5 unrevealed pokemon
INFO     	        dugtrio    arenatrap      lifeorb [earthquake, stoneedge, suckerpunch, swordsdance] ttype=dark
INFO     	   hoopaunbound     magician   choiceband [drainpunch, gunkshot, hyperspacefury, trick] ttype=poison
INFO     	       floatzel    waterveil    leftovers [bulkup, icespinner, taunt, wavecrash] ttype=steel
INFO     	       koraidon orichalcumpulse   choiceband [closecombat, flareblitz, outrage, uturn] ttype=fire
INFO     	        sableye    prankster    leftovers [encore, knockoff, recover, willowisp] ttype=poison
INFO     Sampling battle 1
INFO     	        gliscor   poisonheal         None [earthquake, protect, substitute, toxic] ttype=water
INFO     Sampling 5 unrevealed pokemon
INFO     	     feraligatr   sheerforce      lifeorb [dragondance, icepunch, liquidation, trailblaze] ttype=water
INFO     	    brutebonnet protosynthesis    leftovers [crunch, seedbomb, spore, suckerpunch] ttype=dark
INFO     	         latios     levitate      souldew [aurasphere, dracometeor, lusterpurge, recover] ttype=steel
INFO     	   slowbrogalar  regenerator    leftovers [haze, psychic, shellsidearm, slackoff] ttype=dark
INFO     	        carbink       sturdy  chestoberry [bodypress, irondefense, moonblast, rest] ttype=fighting
INFO     Searching for a move using MCTS...
INFO     Sampling 2 battles at 100ms each
INFO     Iterations 0: 44000
INFO     Iterations 1: 60000
INFO     Policy 0: dragondance visited 41.11% avg_score=0.564 sample_chance_multiplier=0.5
INFO     Policy 1: dragondance visited 36.73% avg_score=0.525 sample_chance_multiplier=0.5
INFO     Considered Choices:
INFO     	38.919%: dragondance
INFO     	31.625%: bravebird
INFO     Choice: dragondance
INFO     Updated gliscor's max speed to 193
INFO     altaria already has the move dragondance. Decrementing the PP by 1
INFO     altaria using dragondance makes it unlikely to have a choice item. Setting can_have_choice_item to False
INFO     altaria used a status-move. Adding `assaultvest` to impossible items
INFO     Setting altaria's last used move: dragondance
INFO     altaria's attack was boosted by 1 to 2
INFO     altaria's speed was boosted by 1 to 2
INFO     gliscor already has the move toxic. Decrementing the PP by 1
INFO     gliscor used a status-move. Adding `assaultvest` to impossible items
INFO     Setting gliscor's last used move: toxic
INFO     gliscor has less than maxhp during upkeep, no longer guessing leftovers or blacksludge
INFO     
INFO     Turn: 5
INFO     Sampling battle 0
INFO     	        gliscor   poisonheal         None [earthquake, protect, substitute, toxic] ttype=water
INFO     Sampling 5 unrevealed pokemon
INFO     	       dusknoir        frisk    leftovers [painsplit, poltergeist, shadowsneak, willowisp] ttype=fairy
INFO     	         raichu lightningrod  choicespecs [alluringvoice, surf, thunderbolt, voltswitch] ttype=water
INFO     	        banette     insomnia      lifeorb [gunkshot, poltergeist, shadowsneak, swordsdance] ttype=ghost
INFO     	       gyarados   intimidate heavydutyboots [dragondance, earthquake, temperflare, waterfall] ttype=ground
INFO     	        wyrdeer   intimidate    leftovers [bodyslam, earthquake, psychicnoise, thunderwave] ttype=ground
INFO     Sampling battle 1
INFO     	        gliscor   poisonheal         None [earthquake, protect, substitute, toxic] ttype=water
INFO     Sampling 5 unrevealed pokemon
INFO     	       enamorus    cutecharm    leftovers [calmmind, earthpower, moonblast, substitute] ttype=ground
INFO     	        diancie    clearbody    leftovers [calmmind, diamondstorm, drainingkiss, earthpower] ttype=water
INFO     	       giratina     pressure    leftovers [calmmind, dragonpulse, rest, sleeptalk] ttype=fairy
INFO     	         phione    hydration    leftovers [rest, scald, sleeptalk, takeheart] ttype=dragon
INFO     	        torkoal      drought heavydutyboots [earthquake, fireblast, solarbeam, stealthrock] ttype=grass
INFO     Searching for a move using MCTS...
INFO     Sampling 2 battles at 100ms each
INFO     Iterations 0: 59000
INFO     Iterations 1: 73000
INFO     Policy 0: bravebird visited 29.25% avg_score=0.341 sample_chance_multiplier=0.5
INFO     Policy 1: bravebird visited 35.02% avg_score=0.346 sample_chance_multiplier=0.5
INFO     Considered Choices:
INFO     	32.135%: bravebird
INFO     Choice: bravebird
INFO     Updated gliscor's max speed to 193
INFO     altaria already has the move bravebird. Decrementing the PP by 1
INFO     altaria used a flying move, removing flyinggem from possible items
INFO     Setting altaria's last used move: bravebird
INFO     altaria used a damaging move - not guessing lifeorb anymore
INFO     Substitute ended for gliscor
INFO     Removing the volatile status substitute from gliscor
INFO     gliscor already has the move toxic. Decrementing the PP by 1
INFO     gliscor used a status-move. Adding `assaultvest` to impossible items
INFO     Setting gliscor's last used move: toxic
INFO     gliscor has less than maxhp during upkeep, no longer guessing leftovers or blacksludge
INFO     
INFO     Turn: 6
INFO     Sampling battle 0
INFO     	        gliscor   poisonheal         None [earthquake, protect, substitute, toxic] ttype=water
INFO     Sampling 5 unrevealed pokemon
INFO     	 decidueyehisui      scrappy    leftovers [leafblade, roost, suckerpunch, triplearrows] ttype=steel
INFO     	         latios     levitate  choicespecs [aurasphere, dracometeor, flipturn, lusterpurge] ttype=steel
INFO     	        bruxish    strongjaw  choicescarf [crunch, icefang, psychicfangs, wavecrash] ttype=psychic
INFO     	urshifurapidstrike   unseenfist   choiceband [aquajet, closecombat, icespinner, surgingstrikes] ttype=water
INFO     	       porygon2     download     eviolite [discharge, icebeam, recover, triattack] ttype=ghost
INFO     Sampling battle 1
INFO     	        gliscor   poisonheal         None [earthquake, protect, substitute, toxic] ttype=water
INFO     Sampling 5 unrevealed pokemon
INFO     	     rotomfrost     levitate heavydutyboots [blizzard, nastyplot, thunderbolt, willowisp] ttype=electric
INFO     	      quaquaval        moxie      lifeorb [aquastep, closecombat, swordsdance, tripleaxel] ttype=water
INFO     	      indeedeef psychicsurge      lifeorb [calmmind, dazzlinggleam, hypervoice, psyshock] ttype=fairy
INFO     	    meowscarada      protean heavydutyboots [flowertrick, knockoff, toxicspikes, uturn] ttype=dark
INFO     	     baxcalibur thermalexchange heavydutyboots [dragondance, earthquake, glaiverush, iciclecrash] ttype=dragon
INFO     Searching for a move using MCTS...
INFO     Sampling 2 battles at 100ms each
INFO     Iterations 0: 62000
INFO     Iterations 1: 71000
INFO     Policy 0: bravebird visited 39.93% avg_score=0.34 sample_chance_multiplier=0.5
INFO     Policy 1: bravebird visited 40.85% avg_score=0.335 sample_chance_multiplier=0.5
INFO     Considered Choices:
INFO     	40.389%: bravebird
INFO     Choice: bravebird
INFO     gliscor already has the move protect. Decrementing the PP by 1
INFO     gliscor used two different moves - it cannot have a choice item
INFO     gliscor used a status-move. Adding `assaultvest` to impossible items
INFO     Setting gliscor's last used move: protect
INFO     gliscor used a protect move, set protect side condition to 2
INFO     altaria already has the move bravebird. Decrementing the PP by 1
INFO     altaria used a flying move, removing flyinggem from possible items
INFO     Setting altaria's last used move: bravebird
INFO     altaria used a damaging move - not guessing lifeorb anymore
INFO     Setting protect to 1 for the opponent
INFO     gliscor has less than maxhp during upkeep, no longer guessing leftovers or blacksludge
INFO     
INFO     Turn: 7
INFO     Sampling battle 0
INFO     	        gliscor   poisonheal         None [earthquake, protect, substitute, toxic] ttype=water
INFO     Sampling 5 unrevealed pokemon
INFO     	       enamorus    cutecharm heavydutyboots [calmmind, earthpower, moonblast, mysticalfire] ttype=ground
INFO     	       oranguru   innerfocus  choicespecs [focusblast, hypervoice, psyshock, trick] ttype=psychic
INFO     	         plusle lightningrod      lifeorb [alluringvoice, encore, nastyplot, thunderbolt] ttype=fairy
INFO     	       illumise    prankster heavydutyboots [bugbuzz, encore, roost, thunderwave] ttype=steel
INFO     	        leafeon  chlorophyll      lifeorb [doubleedge, knockoff, leafblade, swordsdance] ttype=dark
INFO     Sampling battle 1
INFO     	        gliscor   poisonheal         None [earthquake, protect, substitute, toxic] ttype=water
INFO     Sampling 5 unrevealed pokemon
INFO     	      farigiraf    sapsipper    leftovers [bodyslam, protect, psychicnoise, wish] ttype=water
INFO     	       lycanroc     sandrush   choiceband [accelerock, closecombat, crunch, stoneedge] ttype=fighting
INFO     	      quaquaval        moxie      lifeorb [aquastep, closecombat, knockoff, swordsdance] ttype=water
INFO     	 decidueyehisui      scrappy    leftovers [leafblade, roost, triplearrows, uturn] ttype=steel
INFO     	       inteleon      torrent  choicespecs [hydropump, icebeam, scald, uturn] ttype=water
INFO     Searching for a move using MCTS...
INFO     Sampling 2 battles at 100ms each
INFO     Iterations 0: 51000
INFO     Iterations 1: 68000
INFO     Policy 0: bravebird visited 49.01% avg_score=0.33 sample_chance_multiplier=0.5
INFO     Policy 1: bravebird visited 61.55% avg_score=0.345 sample_chance_multiplier=0.5
INFO     Considered Choices:
INFO     	55.283%: bravebird
INFO     Choice: bravebird
INFO     altaria already has the move bravebird. Decrementing the PP by 1
INFO     altaria used a flying move, removing flyinggem from possible items
INFO     Setting altaria's last used move: bravebird
INFO     altaria used a damaging move - not guessing lifeorb anymore
INFO     altaria did 47.0% damage to gliscor with bravebird
INFO     Setting protect to 0 for the opponent
INFO     gliscor has less than maxhp during upkeep, no longer guessing leftovers or blacksludge
INFO     Sampling battle 0
INFO     	        gliscor   poisonheal         None [earthquake, protect, substitute, toxic] ttype=water
INFO     Sampling 5 unrevealed pokemon
INFO     	      gardevoir        trace  choicespecs [focusblast, moonblast, mysticalfire, psyshock] ttype=fairy
INFO     	      rampardos   sheerforce  choicescarf [earthquake, firepunch, headsmash, rockslide] ttype=rock
INFO     	       smeargle   technician     widelens [populationbomb, powertrip, shellsmash, spore] ttype=ghost
INFO     	     arceusrock    multitype   stoneplate [calmmind, earthpower, judgment, recover] ttype=dragon
INFO     	       ludicolo    swiftswim  choicespecs [gigadrain, hydropump, icebeam, leafstorm] ttype=grass
INFO     Sampling battle 1
INFO     	        gliscor   poisonheal         None [earthquake, protect, substitute, toxic] ttype=water
INFO     Sampling 5 unrevealed pokemon
INFO     	       floatzel    waterveil    leftovers [bulkup, icespinner, taunt, wavecrash] ttype=water
INFO     	        spidops     stakeout heavydutyboots [circlethrow, knockoff, spikes, stickyweb] ttype=ghost
INFO     	 decidueyehisui      scrappy    leftovers [knockoff, leafblade, roost, triplearrows] ttype=steel
INFO     	         glalie   innerfocus heavydutyboots [earthquake, freezedry, spikes, taunt] ttype=ghost
INFO     	       camerupt    solidrock    leftovers [earthquake, overheat, roar, stealthrock] ttype=grass
INFO     Searching for a move using MCTS...
INFO     Sampling 2 battles at 100ms each
INFO     Iterations 0: 56000
INFO     Iterations 1: 60000
INFO     Policy 0: switch revavroom visited 60.79% avg_score=0.516 sample_chance_multiplier=0.5
INFO     Policy 1: switch grimmsnarl visited 70.25% avg_score=0.509 sample_chance_multiplier=0.5
INFO     Considered Choices:
INFO     	41.489%: switch grimmsnarl
INFO     	33.232%: switch revavroom
INFO     Choice: switch grimmsnarl
INFO     grimmsnarl switched in, adding intimidate to impossible abilities
INFO     grimmsnarl switched in, adding pressure to impossible abilities
INFO     grimmsnarl switched in, adding neutralizinggas to impossible abilities
INFO     grimmsnarl switched in, adding sandstream to impossible abilities
INFO     grimmsnarl switched in, adding drought to impossible abilities
INFO     grimmsnarl switched in, adding drizzle to impossible abilities
INFO     grimmsnarl switched in, adding snowwarning to impossible abilities
INFO     grimmsnarl switched in, adding boosterenergy to impossible items
INFO     grimmsnarl switched in, adding airballoon to impossible items
INFO     Opponent has switched - clearing the last used move
INFO     sandaconda switched in, adding intimidate to impossible abilities
INFO     sandaconda switched in, adding pressure to impossible abilities
INFO     sandaconda switched in, adding neutralizinggas to impossible abilities
INFO     sandaconda switched in, adding sandstream to impossible abilities
INFO     sandaconda switched in, adding drought to impossible abilities
INFO     sandaconda switched in, adding drizzle to impossible abilities
INFO     sandaconda switched in, adding snowwarning to impossible abilities
INFO     sandaconda switched in, adding boosterenergy to impossible items
INFO     sandaconda switched in, adding airballoon to impossible items
INFO     
INFO     Turn: 8
INFO     Sampling battle 0
INFO     	     sandaconda     shedskin   loadeddice [coil, earthquake, rockblast, scaleshot] ttype=dragon
INFO     Sampling 4 unrevealed pokemon
INFO     	       tsareena queenlymajesty  assaultvest [knockoff, powerwhip, rapidspin, tripleaxel] ttype=steel
INFO     	 keldeoresolute    justified      lifeorb [calmmind, hydropump, secretsword, vacuumwave] ttype=water
INFO     	         swanna    hydration heavydutyboots [bravebird, flipturn, hydropump, roost] ttype=ground
INFO     	      hitmontop   technician    leftovers [bulkup, closecombat, rapidspin, tripleaxel] ttype=ice
INFO     Sampling battle 1
INFO     	     sandaconda     shedskin    leftovers [coil, earthquake, rest, stoneedge] ttype=dragon
INFO     Sampling 4 unrevealed pokemon
INFO     	         latias     levitate      souldew [calmmind, dracometeor, psyshock, recover] ttype=steel
INFO     	     electivire   motordrive      lifeorb [icepunch, knockoff, supercellslam, voltswitch] ttype=flying
INFO     	       mienshao  regenerator      lifeorb [closecombat, knockoff, poisonjab, swordsdance] ttype=fighting
INFO     	    dudunsparce      rattled    leftovers [boomburst, earthquake, roost, toxic] ttype=ground
INFO     Sampling battle 2
INFO     	     sandaconda     shedskin    leftovers [coil, earthquake, glare, stoneedge] ttype=steel
INFO     Sampling 4 unrevealed pokemon
INFO     	         scizor   technician    leftovers [bulletpunch, closecombat, defog, knockoff] ttype=steel
INFO     	    zapdosgalar      defiant      lifeorb [bravebird, bulkup, closecombat, knockoff] ttype=steel
INFO     	      blastoise      torrent    whiteherb [earthquake, hydropump, icebeam, shellsmash] ttype=water
INFO     	       lycanroc     sandrush      lifeorb [closecombat, crunch, stoneedge, taunt] ttype=fighting
INFO     Sampling battle 3
INFO     	     sandaconda     shedskin    leftovers [coil, earthquake, glare, stoneedge] ttype=steel
INFO     Sampling 4 unrevealed pokemon
INFO     	      gardevoir        trace  choicespecs [focusblast, moonblast, mysticalfire, psychic] ttype=fighting
INFO     	   avalugghisui       sturdy heavydutyboots [avalanche, rapidspin, recover, stoneedge] ttype=ghost
INFO     	     toxtricity     punkrock  choicespecs [boomburst, overdrive, sludgewave, voltswitch] ttype=normal
INFO     	       politoed      drizzle  chestoberry [hydropump, hypnosis, icebeam, rest] ttype=water
INFO     Searching for a move using MCTS...
INFO     Sampling 4 battles at 50ms each
INFO     Iterations 0: 29000
INFO     Iterations 1: 30000
INFO     Iterations 2: 32000
INFO     Iterations 3: 26000
INFO     Policy 0: partingshot visited 41.3% avg_score=0.537 sample_chance_multiplier=0.25
INFO     Policy 1: partingshot visited 67.38% avg_score=0.559 sample_chance_multiplier=0.25
INFO     Policy 2: partingshot visited 60.61% avg_score=0.541 sample_chance_multiplier=0.25
INFO     Policy 3: partingshot visited 65.39% avg_score=0.537 sample_chance_multiplier=0.25
INFO     Considered Choices:
INFO     	58.67%: partingshot
INFO     Choice: partingshot
INFO     grimmsnarl already has the move partingshot. Decrementing the PP by 1
INFO     grimmsnarl using partingshot makes it unlikely to have a choice item. Setting can_have_choice_item to False
INFO     grimmsnarl used a status-move. Adding `assaultvest` to impossible items
INFO     Setting grimmsnarl's last used move: partingshot
INFO     sandaconda's attack was unboosted by 1 to -1
INFO     sandaconda's special-attack was unboosted by 1 to -1
INFO     Sampling battle 0
INFO     	     sandaconda     shedskin    leftovers [earthquake, rest, stealthrock, stoneedge] ttype=water
INFO     Sampling 4 unrevealed pokemon
INFO     	        slowbro  regenerator    leftovers [bodypress, irondefense, scald, slackoff] ttype=fighting
INFO     	       samurott      torrent  assaultvest [aquajet, grassknot, hydropump, knockoff] ttype=water
INFO     	 oricoriopompom       dancer heavydutyboots [hurricane, quiverdance, revelationdance, roost] ttype=ground
INFO     	        malamar     contrary  chestoberry [knockoff, psychocut, rest, superpower] ttype=steel
INFO     Sampling battle 1
INFO     	     sandaconda     shedskin    leftovers [earthquake, glare, rest, stoneedge] ttype=water
INFO     Sampling 4 unrevealed pokemon
INFO     	       glimmora  toxicdebris   airballoon [earthpower, powergem, sludgewave, stealthrock] ttype=ground
INFO     	       inteleon      torrent  choicespecs [hydropump, icebeam, scald, uturn] ttype=water
INFO     	       braviary      defiant heavydutyboots [bravebird, bulkup, closecombat, roost] ttype=steel
INFO     	         glalie   innerfocus heavydutyboots [earthquake, freezedry, spikes, taunt] ttype=ghost
INFO     Sampling battle 2
INFO     	     sandaconda     shedskin    leftovers [coil, earthquake, glare, stoneedge] ttype=steel
INFO     Sampling 4 unrevealed pokemon
INFO     	       vivillon compoundeyes heavydutyboots [bugbuzz, hurricane, quiverdance, sleeppowder] ttype=flying
INFO     	          klawf   angershell   expertbelt [crabhammer, highhorsepower, stoneedge, swordsdance] ttype=rock
INFO     	        ariados        swarm heavydutyboots [knockoff, megahorn, poisonjab, stickyweb] ttype=ghost
INFO     	       vaporeon  waterabsorb    leftovers [calmmind, protect, scald, wish] ttype=ground
INFO     Sampling battle 3
INFO     	     sandaconda     shedskin    leftovers [earthquake, glare, stealthrock, stoneedge] ttype=dragon
INFO     Sampling 4 unrevealed pokemon
INFO     	ogerponhearthflame  moldbreaker hearthflamemask [ivycudgel, powerwhip, swordsdance, trailblaze] ttype=fire
INFO     	         glalie   innerfocus heavydutyboots [earthquake, freezedry, spikes, taunt] ttype=ghost
INFO     	       arcanine   intimidate heavydutyboots [closecombat, extremespeed, flareblitz, morningsun] ttype=normal
INFO     	        luvdisc    swiftswim heavydutyboots [endeavor, flipturn, substitute, surf] ttype=ghost
INFO     Searching for a move using MCTS...
INFO     Sampling 4 battles at 50ms each
INFO     Iterations 0: 32000
INFO     Iterations 1: 31000
INFO     Iterations 2: 33000
INFO     Iterations 3: 35000
INFO     Policy 0: switch luxray visited 47.04% avg_score=0.382 sample_chance_multiplier=0.25
INFO     Policy 1: switch piloswine visited 58.62% avg_score=0.387 sample_chance_multiplier=0.25
INFO     Policy 2: switch luxray visited 45.3% avg_score=0.367 sample_chance_multiplier=0.25
INFO     Policy 3: switch luxray visited 47.67% avg_score=0.361 sample_chance_multiplier=0.25
INFO     Considered Choices:
INFO     	44.997%: switch piloswine
INFO     	42.173%: switch luxray
INFO     Choice: switch luxray
INFO     luxray switched in, adding intimidate to impossible abilities
INFO     luxray switched in, adding pressure to impossible abilities
INFO     luxray switched in, adding neutralizinggas to impossible abilities
INFO     luxray switched in, adding sandstream to impossible abilities
INFO     luxray switched in, adding drought to impossible abilities
INFO     luxray switched in, adding drizzle to impossible abilities
INFO     luxray switched in, adding snowwarning to impossible abilities
INFO     luxray switched in, adding boosterenergy to impossible items
INFO     luxray switched in, adding airballoon to impossible items
INFO     sandaconda using coil makes it unlikely to have a choice item. Setting can_have_choice_item to False
INFO     sandaconda used a status-move. Adding `assaultvest` to impossible items
INFO     Setting sandaconda's last used move: coil
INFO     sandaconda's attack was boosted by 1 to 0
INFO     sandaconda's defense was boosted by 1 to 1
INFO     sandaconda's accuracy was boosted by 1 to 1
INFO     luxray got status: brn
INFO     No longer guessing lumberry because luxray got status brn
INFO     
INFO     Turn: 9
INFO     Sampling battle 0
INFO     	     sandaconda     shedskin   loadeddice [coil, earthquake, rockblast, scaleshot] ttype=dragon
INFO     Sampling 4 unrevealed pokemon
INFO     	        weavile   pickpocket   choiceband [iceshard, knockoff, lowkick, tripleaxel] ttype=dark
INFO     	   deoxysattack     pressure      lifeorb [extremespeed, knockoff, psychoboost, superpower] ttype=fighting
INFO     	         palkia     pressure  choicespecs [dracometeor, fireblast, hydropump, spacialrend] ttype=dragon
INFO     	       magearna    soulheart  choicespecs [aurasphere, flashcannon, fleurcannon, voltswitch] ttype=fighting
INFO     Sampling battle 1
INFO     	     sandaconda     shedskin    leftovers [coil, earthquake, rest, stoneedge] ttype=dragon
INFO     Sampling 4 unrevealed pokemon
INFO     	      arceusbug    multitype  insectplate [calmmind, fireblast, judgment, recover] ttype=fire
INFO     	    polteageist   cursedbody    whiteherb [shadowball, shellsmash, storedpower, strengthsap] ttype=dark
INFO     	     galvantula compoundeyes heavydutyboots [bugbuzz, energyball, stickyweb, thunder] ttype=electric
INFO     	       lycanroc     sandrush      lifeorb [closecombat, crunch, stealthrock, stoneedge] ttype=fighting
INFO     Searching for a move using MCTS...
INFO     Sampling 2 battles at 100ms each
INFO     Iterations 0: 54000
INFO     Iterations 1: 57000
INFO     Policy 0: facade-tera visited 73.5% avg_score=0.462 sample_chance_multiplier=0.5
INFO     Policy 1: switch piloswine visited 38.43% avg_score=0.373 sample_chance_multiplier=0.5
INFO     Considered Choices:
INFO     	47.831%: facade-tera
INFO     Choice: facade-tera
INFO     Updated sandaconda's max speed to 173
INFO     luxray terastallized. Tera type: normal, Original types: ['electric']
INFO     luxray already has the move facade. Decrementing the PP by 1
INFO     luxray used a normal move, removing normalgem from possible items
INFO     Setting luxray's last used move: facade
INFO     luxray used a damaging move - not guessing lifeorb anymore
INFO     luxray did 59.0% damage to sandaconda with facade
INFO     sandaconda used two different moves - it cannot have a choice item
INFO     sandaconda used a ground move, removing groundgem from possible items
INFO     Setting sandaconda's last used move: earthquake
INFO     sandaconda used a damaging move - not guessing lifeorb anymore
INFO     sandaconda did 39.22% damage to luxray with earthquake
INFO     sandaconda has less than maxhp during upkeep, no longer guessing leftovers or blacksludge
INFO     
INFO     Turn: 10
INFO     Sampling battle 0
INFO     	     sandaconda     shedskin   loadeddice [coil, earthquake, rockblast, scaleshot] ttype=dragon
INFO     Sampling 4 unrevealed pokemon
INFO     	      mismagius     levitate      lifeorb [dazzlinggleam, nastyplot, shadowball, thunderbolt] ttype=electric
INFO     	        noctowl   tintedlens heavydutyboots [calmmind, hurricane, hypervoice, roost] ttype=ground
INFO     	       froslass   cursedbody     widelens [poltergeist, taunt, tripleaxel, willowisp] ttype=ghost
INFO     	         espeon  magicbounce      lifeorb [alluringvoice, calmmind, psyshock, shadowball] ttype=fairy
INFO     Sampling battle 1
INFO     	     sandaconda     shedskin   loadeddice [coil, earthquake, rockblast, scaleshot] ttype=dragon
INFO     Sampling 4 unrevealed pokemon
INFO     	       ribombee   shielddust heavydutyboots [moonblast, stickyweb, stunspore, uturn] ttype=ghost
INFO     	        seviper  infiltrator      lifeorb [flamethrower, glare, gunkshot, knockoff] ttype=poison
INFO     	   deoxysattack     pressure      lifeorb [extremespeed, knockoff, psychoboost, superpower] ttype=psychic
INFO     	       gyarados   intimidate heavydutyboots [dragondance, earthquake, temperflare, waterfall] ttype=ground
INFO     Searching for a move using MCTS...
INFO     Sampling 2 battles at 100ms each
INFO     Iterations 0: 54000
INFO     Iterations 1: 61000
INFO     Policy 0: facade visited 57.51% avg_score=0.649 sample_chance_multiplier=0.5
INFO     Policy 1: facade visited 92.95% avg_score=0.697 sample_chance_multiplier=0.5
INFO     Considered Choices:
INFO     	75.23%: facade
INFO     Choice: facade
INFO     luxray already has the move facade. Decrementing the PP by 1
INFO     luxray used a normal move, removing normalgem from possible items
INFO     Setting luxray's last used move: facade
INFO     luxray used a damaging move - not guessing lifeorb anymore
INFO     luxray did 41.0% damage to sandaconda with facade
INFO     sandaconda has less than maxhp during upkeep, no longer guessing leftovers or blacksludge
INFO     Opponent has switched - clearing the last used move
INFO     scizor switched in, adding intimidate to impossible abilities
INFO     scizor switched in, adding pressure to impossible abilities
INFO     scizor switched in, adding neutralizinggas to impossible abilities
INFO     scizor switched in, adding sandstream to impossible abilities
INFO     scizor switched in, adding drought to impossible abilities
INFO     scizor switched in, adding drizzle to impossible abilities
INFO     scizor switched in, adding snowwarning to impossible abilities
INFO     scizor switched in, adding boosterenergy to impossible items
INFO     scizor switched in, adding airballoon to impossible items
INFO     
INFO     Turn: 11
INFO     Sampling battle 0
INFO     	         scizor   technician    leftovers [bulletpunch, closecombat, defog, uturn] ttype=steel
INFO     Sampling 3 unrevealed pokemon
INFO     	      ironcrown   quarkdrive    leftovers [calmmind, focusblast, psyshock, tachyoncutter] ttype=fighting
INFO     	       blaziken   speedboost      lifeorb [closecombat, flareblitz, stoneedge, swordsdance] ttype=fighting
INFO     	         glalie   innerfocus heavydutyboots [earthquake, freezedry, spikes, taunt] ttype=ground
INFO     Sampling battle 1
INFO     	         scizor   technician      lifeorb [bulletpunch, closecombat, knockoff, swordsdance] ttype=steel
INFO     Sampling 3 unrevealed pokemon
INFO     	        bruxish    strongjaw   choiceband [crunch, icefang, psychicfangs, wavecrash] ttype=dark
INFO     	       koraidon orichalcumpulse   loadeddice [collisioncourse, flareblitz, scaleshot, swordsdance] ttype=fire
INFO     	       inteleon      torrent  choicespecs [hydropump, icebeam, scald, uturn] ttype=water
INFO     Sampling battle 2
INFO     	         scizor   technician   choiceband [bulletpunch, closecombat, knockoff, uturn] ttype=steel
INFO     Sampling 3 unrevealed pokemon
INFO     	       cinccino   technician   loadeddice [bulletseed, tailslap, tripleaxel, uturn] ttype=ice
INFO     	      blastoise      torrent    whiteherb [earthquake, hydropump, icebeam, shellsmash] ttype=ground
INFO     	       orthworm   eartheater  chestoberry [bodypress, coil, irontail, rest] ttype=electric
INFO     Sampling battle 3
INFO     	         scizor   technician      lifeorb [bugbite, bulletpunch, knockoff, swordsdance] ttype=steel
INFO     Sampling 3 unrevealed pokemon
INFO     	       smeargle   technician     widelens [populationbomb, powertrip, shellsmash, spore] ttype=ghost
INFO     	       sunflora  chlorophyll  choicespecs [dazzlinggleam, earthpower, leafstorm, sludgebomb] ttype=grass
INFO     	            muk  poisontouch  assaultvest [drainpunch, gunkshot, icepunch, knockoff] ttype=dark
INFO     Searching for a move using MCTS...
INFO     Sampling 4 battles at 50ms each
INFO     Iterations 0: 29000
INFO     Iterations 1: 34000
INFO     Iterations 2: 33000
INFO     Iterations 3: 36000
INFO     Policy 0: supercellslam visited 35.0% avg_score=0.496 sample_chance_multiplier=0.25
INFO     Policy 1: supercellslam visited 72.02% avg_score=0.54 sample_chance_multiplier=0.25
INFO     Policy 2: supercellslam visited 45.63% avg_score=0.436 sample_chance_multiplier=0.25
INFO     Policy 3: supercellslam visited 84.49% avg_score=0.622 sample_chance_multiplier=0.25
INFO     Considered Choices:
INFO     	59.285%: supercellslam
INFO     Choice: supercellslam
INFO     Updated scizor's max speed to 173
INFO     luxray already has the move supercellslam. Decrementing the PP by 1
INFO     luxray used a electric move, removing electricgem from possible items
INFO     Setting luxray's last used move: supercellslam
INFO     luxray used a damaging move - not guessing lifeorb anymore
INFO     luxray did 75.0% damage to scizor with supercellslam
INFO     scizor using swordsdance makes it unlikely to have a choice item. Setting can_have_choice_item to False
INFO     scizor used a status-move. Adding `assaultvest` to impossible items
INFO     Setting scizor's last used move: swordsdance
INFO     scizor's attack was boosted by 2 to 2
INFO     scizor has less than maxhp during upkeep, no longer guessing leftovers or blacksludge
INFO     
INFO     Turn: 12
INFO     Sampling battle 0
INFO     	         scizor   technician      lifeorb [bugbite, bulletpunch, knockoff, swordsdance] ttype=steel
INFO     Sampling 3 unrevealed pokemon
INFO     	      passimian      defiant   choiceband [closecombat, knockoff, rockslide, uturn] ttype=dark
INFO     	       ribombee   shielddust heavydutyboots [bugbuzz, moonblast, stickyweb, uturn] ttype=ghost
INFO     	       espathra   speedboost    leftovers [calmmind, dazzlinggleam, roost, storedpower] ttype=fairy
INFO     Sampling battle 1
INFO     	         scizor   technician      lifeorb [bugbite, bulletpunch, knockoff, swordsdance] ttype=steel
INFO     Sampling 3 unrevealed pokemon
INFO     	    zapdosgalar      defiant  choicescarf [bravebird, closecombat, knockoff, uturn] ttype=dark
INFO     	typhlosionhisui        blaze  choicespecs [eruption, fireblast, focusblast, shadowball] ttype=fire
INFO     	       ludicolo    swiftswim  choicespecs [gigadrain, hydropump, icebeam, leafstorm] ttype=grass
INFO     Searching for a move using MCTS...
INFO     Sampling 2 battles at 100ms each
INFO     Iterations 0: 68000
INFO     Iterations 1: 67000
INFO     Policy 0: switch revavroom visited 47.61% avg_score=0.55 sample_chance_multiplier=0.5
INFO     Policy 1: switch revavroom visited 46.74% avg_score=0.453 sample_chance_multiplier=0.5
INFO     Considered Choices:
INFO     	47.176%: switch revavroom
INFO     Choice: switch revavroom
INFO     revavroom switched in, adding intimidate to impossible abilities
INFO     revavroom switched in, adding pressure to impossible abilities
INFO     revavroom switched in, adding neutralizinggas to impossible abilities
INFO     revavroom switched in, adding sandstream to impossible abilities
INFO     revavroom switched in, adding drought to impossible abilities
INFO     revavroom switched in, adding drizzle to impossible abilities
INFO     revavroom switched in, adding snowwarning to impossible abilities
INFO     revavroom switched in, adding boosterenergy to impossible items
INFO     revavroom switched in, adding airballoon to impossible items
INFO     scizor used two different moves - it cannot have a choice item
INFO     scizor used a steel move, removing steelgem from possible items
INFO     Setting scizor's last used move: bulletpunch
INFO     scizor used a damaging move - not guessing lifeorb anymore
INFO     scizor did 37.89% damage to revavroom with bulletpunch
INFO     Setting scizor's item to: lifeorb
INFO     scizor has less than maxhp during upkeep, no longer guessing leftovers or blacksludge
INFO     
INFO     Turn: 13
INFO     Sampling battle 0
INFO     	         scizor   technician      lifeorb [bulletpunch, closecombat, knockoff, swordsdance] ttype=steel
INFO     Sampling 3 unrevealed pokemon
INFO     	      rotomwash     levitate    leftovers [hydropump, painsplit, thunderbolt, voltswitch] ttype=electric
INFO     	     copperajah   heavymetal   choiceband [heatcrash, heavyslam, stoneedge, supercellslam] ttype=fire
INFO     	        avalugg       sturdy heavydutyboots [avalanche, bodypress, curse, recover] ttype=fighting
INFO     Sampling battle 1
INFO     	         scizor   technician      lifeorb [bugbite, bulletpunch, knockoff, swordsdance] ttype=steel
INFO     Sampling 3 unrevealed pokemon
INFO     	       magcargo    flamebody heavydutyboots [lavaplume, recover, stealthrock, yawn] ttype=grass
INFO     	urshifurapidstrike   unseenfist      lifeorb [closecombat, icespinner, surgingstrikes, swordsdance] ttype=water
INFO     	       reshiram   turboblaze heavydutyboots [dragondance, flareblitz, outrage, stoneedge] ttype=dragon
INFO     Searching for a move using MCTS...
INFO     Sampling 2 battles at 100ms each
INFO     Iterations 0: 59000
INFO     Iterations 1: 69000
INFO     Policy 0: highhorsepower visited 47.24% avg_score=0.665 sample_chance_multiplier=0.5
INFO     Policy 1: highhorsepower visited 45.94% avg_score=0.67 sample_chance_multiplier=0.5
INFO     Considered Choices:
INFO     	46.587%: highhorsepower
INFO     Choice: highhorsepower
INFO     scizor already has the move bulletpunch. Decrementing the PP by 1
INFO     scizor used a steel move, removing steelgem from possible items
INFO     Setting scizor's last used move: bulletpunch
INFO     scizor used a damaging move - not guessing lifeorb anymore
INFO     scizor did 37.89% damage to revavroom with bulletpunch
INFO     Setting scizor's item to: lifeorb
INFO     revavroom already has the move highhorsepower. Decrementing the PP by 1
INFO     revavroom used a ground move, removing groundgem from possible items
INFO     Setting revavroom's last used move: highhorsepower
INFO     revavroom used a damaging move - not guessing lifeorb anymore
INFO     revavroom did 5.0% damage to scizor with highhorsepower
INFO     Setting revavroom's item to: lifeorb
INFO     scizor has less than maxhp during upkeep, no longer guessing leftovers or blacksludge
INFO     Opponent has switched - clearing the last used move
INFO     pawmot switched in, adding intimidate to impossible abilities
INFO     pawmot switched in, adding pressure to impossible abilities
INFO     pawmot switched in, adding neutralizinggas to impossible abilities
INFO     pawmot switched in, adding sandstream to impossible abilities
INFO     pawmot switched in, adding drought to impossible abilities
INFO     pawmot switched in, adding drizzle to impossible abilities
INFO     pawmot switched in, adding snowwarning to impossible abilities
INFO     pawmot switched in, adding boosterenergy to impossible items
INFO     pawmot switched in, adding airballoon to impossible items
INFO     
INFO     Turn: 14
INFO     Sampling battle 0
INFO     	         pawmot   voltabsorb   leppaberry [closecombat, doubleshock, nuzzle, revivalblessing] ttype=electric
INFO     Sampling 2 unrevealed pokemon
INFO     	       grafaiai  poisontouch  assaultvest [gunkshot, knockoff, superfang, uturn] ttype=dark
INFO     	       enamorus     contrary heavydutyboots [playrough, superpower, taunt, zenheadbutt] ttype=fighting
INFO     Sampling battle 1
INFO     	         pawmot     ironfist      lifeorb [closecombat, doubleshock, icepunch, revivalblessing] ttype=electric
INFO     Sampling 2 unrevealed pokemon
INFO     	            mew  synchronize    leftovers [encore, psychic, toxicspikes, uturn] ttype=dark
INFO     	         glalie   innerfocus heavydutyboots [earthquake, freezedry, spikes, taunt] ttype=ghost
INFO     Searching for a move using MCTS...
INFO     Sampling 2 battles at 100ms each
INFO     Iterations 0: 51000
INFO     Iterations 1: 65000
INFO     Policy 0: gunkshot visited 22.21% avg_score=0.5 sample_chance_multiplier=0.5
INFO     Policy 1: gunkshot visited 61.04% avg_score=0.586 sample_chance_multiplier=0.5
INFO     Considered Choices:
INFO     	41.626%: gunkshot
INFO     Choice: gunkshot
INFO     Updated pawmot's min speed to 188
INFO     pawmot used a electric move, removing electricgem from possible items
INFO     Setting pawmot's last used move: doubleshock
INFO     pawmot used a damaging move - not guessing lifeorb anymore
INFO     pawmot did 14.45% damage to revavroom with doubleshock
INFO     Starting the volatile status typechange on pawmot
INFO     Setting pawmot's types to ['???', 'fighting']
INFO     Sampling battle 0
INFO     	         pawmot   voltabsorb   leppaberry [closecombat, doubleshock, nuzzle, revivalblessing] ttype=electric
INFO     Sampling 2 unrevealed pokemon
INFO     	          klawf   angershell     lumberry [crabhammer, knockoff, stoneedge, swordsdance] ttype=rock
INFO     	necrozmaduskmane   prismarmor weaknesspolicy [dragondance, earthquake, morningsun, sunsteelstrike] ttype=water
INFO     Sampling battle 1
INFO     	         pawmot   voltabsorb   leppaberry [closecombat, doubleshock, nuzzle, revivalblessing] ttype=electric
INFO     Sampling 2 unrevealed pokemon
INFO     	      ninetales      drought heavydutyboots [fireblast, nastyplot, scorchingsands, solarbeam] ttype=grass
INFO     	      regieleki   transistor       magnet [explosion, rapidspin, thunderbolt, voltswitch] ttype=electric
INFO     Searching for a move using MCTS...
INFO     Sampling 2 battles at 100ms each
INFO     Iterations 0: 73000
INFO     Iterations 1: 73000
INFO     Policy 0: switch grimmsnarl visited 72.11% avg_score=0.59 sample_chance_multiplier=0.5
INFO     Policy 1: switch grimmsnarl visited 90.23% avg_score=0.7 sample_chance_multiplier=0.5
INFO     Considered Choices:
INFO     	81.168%: switch grimmsnarl
INFO     Choice: switch grimmsnarl
INFO     
INFO     Turn: 15
INFO     Sampling battle 0
INFO     	         pawmot   voltabsorb   leppaberry [closecombat, doubleshock, nuzzle, revivalblessing] ttype=electric
INFO     Sampling 2 unrevealed pokemon
INFO     	       overqwil   intimidate   choiceband [aquajet, crunch, gunkshot, liquidation] ttype=water
INFO     	     pincurchin electricsurge    leftovers [curse, liquidation, recover, zingzap] ttype=water
INFO     Sampling battle 1
INFO     	         pawmot   voltabsorb   leppaberry [closecombat, doubleshock, nuzzle, revivalblessing] ttype=electric
INFO     Sampling 2 unrevealed pokemon
INFO     	         glalie   innerfocus heavydutyboots [earthquake, freezedry, spikes, taunt] ttype=ghost
INFO     	        flareon         guts     toxicorb [facade, flareblitz, trailblaze, willowisp] ttype=normal
INFO     Searching for a move using MCTS...
INFO     Sampling 2 battles at 100ms each
INFO     Iterations 0: 54000
INFO     Iterations 1: 63000
INFO     Policy 0: spiritbreak visited 52.06% avg_score=0.544 sample_chance_multiplier=0.5
INFO     Policy 1: partingshot visited 47.74% avg_score=0.666 sample_chance_multiplier=0.5
INFO     Considered Choices:
INFO     	48.881%: spiritbreak
INFO     Choice: spiritbreak
INFO     Updated pawmot's min speed to 188
INFO     pawmot used two different moves - it cannot have a choice item
INFO     pawmot used a electric move, removing electricgem from possible items
INFO     Setting pawmot's last used move: nuzzle
INFO     pawmot used a damaging move - not guessing lifeorb anymore
INFO     pawmot did 7.17% damage to grimmsnarl with nuzzle
INFO     grimmsnarl got status: par
INFO     No longer guessing lumberry because grimmsnarl got status par
INFO     grimmsnarl already has the move spiritbreak. Decrementing the PP by 1
INFO     grimmsnarl used a fairy move, removing fairygem from possible items
INFO     Setting grimmsnarl's last used move: spiritbreak
INFO     grimmsnarl used a damaging move - not guessing lifeorb anymore
INFO     grimmsnarl did 100.0% damage to pawmot with spiritbreak
INFO     Setting grimmsnarl's item to: leftovers
INFO     pawmot has less than maxhp during upkeep, no longer guessing leftovers or blacksludge
INFO     Opponent has switched - clearing the last used move
INFO     pawmot had it's type changed - changing its types back to ['electric', 'fighting']
INFO     braviary switched in, adding intimidate to impossible abilities
INFO     braviary switched in, adding pressure to impossible abilities
INFO     braviary switched in, adding neutralizinggas to impossible abilities
INFO     braviary switched in, adding sandstream to impossible abilities
INFO     braviary switched in, adding drought to impossible abilities
INFO     braviary switched in, adding drizzle to impossible abilities
INFO     braviary switched in, adding snowwarning to impossible abilities
INFO     braviary switched in, adding boosterenergy to impossible items
INFO     braviary switched in, adding airballoon to impossible items
INFO     
INFO     Turn: 16
INFO     Sampling battle 0
INFO     	       braviary      defiant heavydutyboots [bravebird, bulkup, closecombat, roost] ttype=steel
INFO     Sampling 1 unrevealed pokemon
INFO     	       lumineon   stormdrain heavydutyboots [encore, hydropump, icebeam, uturn] ttype=steel
INFO     Sampling battle 1
INFO     	       braviary      defiant heavydutyboots [bravebird, bulkup, closecombat, roost] ttype=fighting
INFO     Sampling 1 unrevealed pokemon
INFO     	            muk  poisontouch   choiceband [drainpunch, icepunch, knockoff, poisonjab] ttype=dark
INFO     Searching for a move using MCTS...
INFO     Sampling 2 battles at 100ms each
INFO     Iterations 0: 64000
INFO     Iterations 1: 66000
INFO     Policy 0: taunt visited 64.85% avg_score=0.421 sample_chance_multiplier=0.5
INFO     Policy 1: taunt visited 67.53% avg_score=0.379 sample_chance_multiplier=0.5
INFO     Considered Choices:
INFO     	66.193%: taunt
INFO     Choice: taunt
INFO     braviary using bulkup makes it unlikely to have a choice item. Setting can_have_choice_item to False
INFO     braviary used a status-move. Adding `assaultvest` to impossible items
INFO     Setting braviary's last used move: bulkup
INFO     braviary's attack was boosted by 1 to 1
INFO     braviary's defense was boosted by 1 to 1
INFO     Setting grimmsnarl's item to: leftovers
INFO     
INFO     Turn: 17
INFO     Sampling battle 0
INFO     	       braviary      defiant heavydutyboots [bravebird, bulkup, closecombat, roost] ttype=steel
INFO     Sampling 1 unrevealed pokemon
INFO     	        florges   flowerveil    leftovers [calmmind, moonblast, synthesis, terablast] ttype=ground
INFO     Sampling battle 1
INFO     	       braviary      defiant heavydutyboots [bravebird, bulkup, closecombat, roost] ttype=fighting
INFO     Sampling 1 unrevealed pokemon
INFO     	        kleavor    sharpness heavydutyboots [closecombat, defog, stoneaxe, xscissor] ttype=fighting
INFO     Searching for a move using MCTS...
INFO     Sampling 2 battles at 100ms each
INFO     Iterations 0: 62000
INFO     Iterations 1: 77000
INFO     Policy 0: taunt visited 39.23% avg_score=0.33 sample_chance_multiplier=0.5
INFO     Policy 1: taunt visited 44.24% avg_score=0.322 sample_chance_multiplier=0.5
INFO     Considered Choices:
INFO     	41.734%: taunt
INFO     Choice: taunt
INFO     grimmsnarl already has the move taunt. Decrementing the PP by 1
INFO     grimmsnarl used a status-move. Adding `assaultvest` to impossible items
INFO     Setting grimmsnarl's last used move: taunt
INFO     Starting the volatile status taunt on braviary
INFO     
INFO     Turn: 18
INFO     Sampling battle 0
INFO     	       braviary      defiant heavydutyboots [bravebird, bulkup, closecombat, roost] ttype=fighting
INFO     Sampling 1 unrevealed pokemon
INFO     	        mesprit     levitate    leftovers [knockoff, psychicnoise, thunderbolt, thunderwave] ttype=dark
INFO     Sampling battle 1
INFO     	       braviary      defiant heavydutyboots [bravebird, bulkup, closecombat, roost] ttype=steel
INFO     Sampling 1 unrevealed pokemon
INFO     	       mienshao  regenerator      lifeorb [closecombat, knockoff, poisonjab, swordsdance] ttype=fighting
INFO     Searching for a move using MCTS...
INFO     Sampling 2 battles at 100ms each
INFO     Iterations 0: 69000
INFO     Iterations 1: 71000
INFO     Policy 0: suckerpunch visited 95.6% avg_score=0.598 sample_chance_multiplier=0.5
INFO     Policy 1: suckerpunch visited 93.79% avg_score=0.451 sample_chance_multiplier=0.5
INFO     Considered Choices:
INFO     	94.697%: suckerpunch
INFO     Choice: suckerpunch
INFO     grimmsnarl already has the move suckerpunch. Decrementing the PP by 1
INFO     grimmsnarl used a dark move, removing darkgem from possible items
INFO     Setting grimmsnarl's last used move: suckerpunch
INFO     grimmsnarl used a damaging move - not guessing lifeorb anymore
INFO     grimmsnarl did 21.0% damage to braviary with suckerpunch
INFO     Incrementing taunt duration for braviary to 1
INFO     braviary used two different moves - it cannot have a choice item
INFO     braviary used a flying move, removing flyinggem from possible items
INFO     Setting braviary's last used move: bravebird
INFO     braviary did 100.0% damage to grimmsnarl with bravebird
INFO     braviary has less than maxhp during upkeep, no longer guessing leftovers or blacksludge
INFO     Sampling battle 0
INFO     	       braviary      defiant heavydutyboots [bravebird, bulkup, closecombat, roost] ttype=fighting
INFO     Sampling 1 unrevealed pokemon
INFO     	         raichu lightningrod      lifeorb [alluringvoice, encore, grassknot, thunderbolt] ttype=grass
INFO     Sampling battle 1
INFO     	       braviary      defiant heavydutyboots [bravebird, bulkup, closecombat, roost] ttype=steel
INFO     Sampling 1 unrevealed pokemon
INFO     	       porygon2     download     eviolite [discharge, icebeam, recover, triattack] ttype=ghost
INFO     Searching for a move using MCTS...
INFO     Sampling 2 battles at 100ms each
INFO     Iterations 0: 154000
INFO     Iterations 1: 73000
INFO     Policy 0: switch zangoose visited 99.9% avg_score=0.98 sample_chance_multiplier=0.5
INFO     Policy 1: switch zangoose visited 96.37% avg_score=0.545 sample_chance_multiplier=0.5
INFO     Considered Choices:
INFO     	98.135%: switch zangoose
INFO     Choice: switch zangoose
INFO     zangoose switched in, adding intimidate to impossible abilities
INFO     zangoose switched in, adding pressure to impossible abilities
INFO     zangoose switched in, adding neutralizinggas to impossible abilities
INFO     zangoose switched in, adding sandstream to impossible abilities
INFO     zangoose switched in, adding drought to impossible abilities
INFO     zangoose switched in, adding drizzle to impossible abilities
INFO     zangoose switched in, adding snowwarning to impossible abilities
INFO     zangoose switched in, adding boosterenergy to impossible items
INFO     zangoose switched in, adding airballoon to impossible items
INFO     
INFO     Turn: 19
INFO     Sampling battle 0
INFO     	       braviary      defiant heavydutyboots [bravebird, bulkup, closecombat, roost] ttype=steel
INFO     Sampling 1 unrevealed pokemon
INFO     	        ariados        swarm heavydutyboots [knockoff, megahorn, poisonjab, stickyweb] ttype=ghost
INFO     Sampling battle 1
INFO     	       braviary      defiant heavydutyboots [bravebird, bulkup, closecombat, roost] ttype=steel
INFO     Sampling 1 unrevealed pokemon
INFO     	     perrserker   toughclaws   choiceband [closecombat, ironhead, knockoff, uturn] ttype=fighting
INFO     Searching for a move using MCTS...
INFO     Sampling 2 battles at 100ms each
INFO     Iterations 0: 77000
INFO     Iterations 1: 78000
INFO     Policy 0: facade visited 63.22% avg_score=0.624 sample_chance_multiplier=0.5
INFO     Policy 1: facade visited 48.28% avg_score=0.517 sample_chance_multiplier=0.5
INFO     Considered Choices:
INFO     	55.749%: facade
INFO     Choice: facade
INFO     Updated braviary's max speed to 202
INFO     braviary terastallized. Tera type: steel, Original types: ['normal', 'flying']
INFO     zangoose already has the move facade. Decrementing the PP by 1
INFO     zangoose used a normal move, removing normalgem from possible items
INFO     Setting zangoose's last used move: facade
INFO     zangoose used a damaging move - not guessing lifeorb anymore
INFO     zangoose did 32.0% damage to braviary with facade
INFO     Incrementing taunt duration for braviary to 2
INFO     braviary already has the move bravebird. Decrementing the PP by 1
INFO     braviary used a flying move, removing flyinggem from possible items
INFO     Setting braviary's last used move: bravebird
INFO     braviary did 100.0% damage to zangoose with bravebird
INFO     braviary has less than maxhp during upkeep, no longer guessing leftovers or blacksludge
INFO     Sampling battle 0
INFO     	       braviary      defiant heavydutyboots [bravebird, bulkup, closecombat, roost] ttype=steel
INFO     Sampling 1 unrevealed pokemon
INFO     	        zoroark     illusion      lifeorb [darkpulse, encore, nastyplot, sludgebomb] ttype=poison
INFO     Sampling battle 1
INFO     	       braviary      defiant heavydutyboots [bravebird, bulkup, closecombat, roost] ttype=steel
INFO     Sampling 1 unrevealed pokemon
INFO     	      gholdengo   goodasgold    leftovers [makeitrain, recover, shadowball, thunderwave] ttype=water
INFO     Searching for a move using MCTS...
INFO     Sampling 2 battles at 100ms each
INFO     Iterations 0: 114000
INFO     Iterations 1: 166000
INFO     Policy 0: switch piloswine visited 55.32% avg_score=0.698 sample_chance_multiplier=0.5
INFO     Policy 1: switch piloswine visited 99.94% avg_score=0.985 sample_chance_multiplier=0.5
INFO     Considered Choices:
INFO     	77.63%: switch piloswine
INFO     Choice: switch piloswine
INFO     piloswine switched in, adding intimidate to impossible abilities
INFO     piloswine switched in, adding pressure to impossible abilities
INFO     piloswine switched in, adding neutralizinggas to impossible abilities
INFO     piloswine switched in, adding sandstream to impossible abilities
INFO     piloswine switched in, adding drought to impossible abilities
INFO     piloswine switched in, adding drizzle to impossible abilities
INFO     piloswine switched in, adding snowwarning to impossible abilities
INFO     piloswine switched in, adding boosterenergy to impossible items
INFO     piloswine switched in, adding airballoon to impossible items
INFO     Opponent has switched - clearing the last used move
INFO     veluza switched in, adding intimidate to impossible abilities
INFO     veluza switched in, adding pressure to impossible abilities
INFO     veluza switched in, adding neutralizinggas to impossible abilities
INFO     veluza switched in, adding sandstream to impossible abilities
INFO     veluza switched in, adding drought to impossible abilities
INFO     veluza switched in, adding drizzle to impossible abilities
INFO     veluza switched in, adding snowwarning to impossible abilities
INFO     veluza switched in, adding boosterenergy to impossible items
INFO     veluza switched in, adding airballoon to impossible items
INFO     
INFO     Turn: 20
INFO     Sampling battle 0
INFO     	         veluza    sharpness   choiceband [aquacutter, aquajet, nightslash, psychocut] ttype=water
INFO     Sampling battle 1
INFO     	         veluza    sharpness  sitrusberry [aquacutter, filletaway, nightslash, psychocut] ttype=water
INFO     Searching for a move using MCTS...
INFO     Sampling 2 battles at 100ms each
INFO     Iterations 0: 225000
INFO     Iterations 1: 256000
INFO     Policy 0: earthquake visited 99.89% avg_score=0.983 sample_chance_multiplier=0.5
INFO     Policy 1: earthquake visited 57.9% avg_score=0.045 sample_chance_multiplier=0.5
INFO     Considered Choices:
INFO     	78.893%: earthquake
INFO     Choice: earthquake
INFO     Updated veluza's min speed to 134
INFO     veluza used a water move, removing watergem from possible items
INFO     Setting veluza's last used move: aquacutter
INFO     veluza used a damaging move - not guessing lifeorb anymore
INFO     veluza did 55.02% damage to piloswine with aquacutter
INFO     piloswine already has the move earthquake. Decrementing the PP by 1
INFO     piloswine used a ground move, removing groundgem from possible items
INFO     Setting piloswine's last used move: earthquake
INFO     piloswine used a damaging move - not guessing lifeorb anymore
INFO     piloswine did 64.0% damage to veluza with earthquake
INFO     Removing veluza's item: sitrusberry
INFO     Setting veluza's removed item to sitrusberry
INFO     veluza has less than maxhp during upkeep, no longer guessing leftovers or blacksludge
INFO     
INFO     Turn: 21
INFO     Sampling battle 0
INFO     	         veluza    sharpness         None [aquacutter, filletaway, nightslash, psychocut] ttype=water
INFO     Sampling battle 1
INFO     	         veluza    sharpness         None [aquacutter, filletaway, nightslash, psychocut] ttype=dark
INFO     Searching for a move using MCTS...
INFO     Sampling 2 battles at 100ms each
INFO     Iterations 0: 282000
INFO     Iterations 1: 330000
INFO     Policy 0: earthquake visited 98.64% avg_score=0.991 sample_chance_multiplier=0.5
INFO     Policy 1: earthquake visited 99.79% avg_score=0.991 sample_chance_multiplier=0.5
INFO     Considered Choices:
INFO     	99.212%: earthquake
INFO     Choice: earthquake
INFO     Updated veluza's min speed to 134
INFO     veluza already has the move aquacutter. Decrementing the PP by 1
INFO     veluza used a water move, removing watergem from possible items
INFO     Setting veluza's last used move: aquacutter
INFO     veluza used a damaging move - not guessing lifeorb anymore
INFO     veluza did 44.98% damage to piloswine with aquacutter
INFO     veluza has less than maxhp during upkeep, no longer guessing leftovers or blacksludge
INFO     Sampling battle 0
INFO     	         veluza    sharpness         None [aquacutter, filletaway, nightslash, psychocut] ttype=water
INFO     Sampling battle 1
INFO     	         veluza    sharpness         None [aquacutter, filletaway, nightslash, psychocut] ttype=dark
INFO     Searching for a move using MCTS...
INFO     Sampling 2 battles at 100ms each
INFO     Iterations 0: 652000
INFO     Iterations 1: 671000
INFO     Policy 0: switch luxray visited 100.0% avg_score=0.999 sample_chance_multiplier=0.5
INFO     Policy 1: switch luxray visited 100.0% avg_score=0.999 sample_chance_multiplier=0.5
INFO     Considered Choices:
INFO     	100.0%: switch luxray
INFO     Choice: switch luxray
INFO     
INFO     Turn: 22
INFO     Sampling battle 0
INFO     	         veluza    sharpness         None [aquacutter, filletaway, nightslash, psychocut] ttype=water
INFO     Sampling battle 1
INFO     	         veluza    sharpness         None [aquacutter, filletaway, nightslash, psychocut] ttype=dark
INFO     Searching for a move using MCTS...
INFO     Sampling 2 battles at 100ms each
INFO     Iterations 0: 1153000
INFO     Iterations 1: 1201000
INFO     Policy 0: throatchop visited 49.58% avg_score=1.0 sample_chance_multiplier=0.5
INFO     Policy 1: throatchop visited 49.6% avg_score=1.0 sample_chance_multiplier=0.5
INFO     Considered Choices:
INFO     	49.59%: throatchop
INFO     	49.589%: facade
INFO     Choice: facade
INFO     Winner: fpg1a
INFO     Won with team: None
INFO     W: 1	L: 0
