starting game=1 challenger=agent_a(foul_play) acceptor=agent_b(foul_play)
game=1 challenger=agent_a acceptor=agent_b winner=agent_a
PROGRESS {"error": null, "game_index": 1, "running_agent_a_wins": 1, "running_decisive": 1, "running_winrate": 1.0, "ts": "2026-07-04T02:11:13.049374+00:00", "void": false, "winner": "agent_a"}
starting game=2 challenger=agent_b(foul_play) acceptor=agent_a(foul_play)
game=2 challenger=agent_b acceptor=agent_a void=true error=FoulPlayError: Foul Play exited with code 1; log=/var/folders/p9/gh5frnt56_l4t03p8dl_fq3m0000gn/T/phase0-eval-653jr3es/p0x0028b9b.log
PROGRESS {"error": "FoulPlayError: Foul Play exited with code 1; log=/var/folders/p9/gh5frnt56_l4t03p8dl_fq3m0000gn/T/phase0-eval-653jr3es/p0x0028b9b.log", "game_index": 2, "running_agent_a_wins": 1, "running_decisive": 1, "running_winrate": 1.0, "ts": "2026-07-04T02:12:40.346654+00:00", "void": true, "winner": null}
starting game=3 challenger=agent_a(foul_play) acceptor=agent_b(foul_play)
game=3 challenger=agent_a acceptor=agent_b winner=agent_a
PROGRESS {"error": null, "game_index": 3, "running_agent_a_wins": 2, "running_decisive": 2, "running_winrate": 1.0, "ts": "2026-07-04T02:15:04.828008+00:00", "void": false, "winner": "agent_a"}
starting game=4 challenger=agent_b(foul_play) acceptor=agent_a(foul_play)
game=4 challenger=agent_b acceptor=agent_a winner=agent_a
PROGRESS {"error": null, "game_index": 4, "running_agent_a_wins": 3, "running_decisive": 3, "running_winrate": 1.0, "ts": "2026-07-04T02:16:39.204377+00:00", "void": false, "winner": "agent_a"}
starting game=5 challenger=agent_a(foul_play) acceptor=agent_b(foul_play)
game=5 challenger=agent_a acceptor=agent_b winner=agent_a
PROGRESS {"error": null, "game_index": 5, "running_agent_a_wins": 4, "running_decisive": 4, "running_winrate": 1.0, "ts": "2026-07-04T02:18:42.005122+00:00", "void": false, "winner": "agent_a"}
starting game=6 challenger=agent_b(foul_play) acceptor=agent_a(foul_play)
game=6 challenger=agent_b acceptor=agent_a winner=agent_a
PROGRESS {"error": null, "game_index": 6, "running_agent_a_wins": 5, "running_decisive": 5, "running_winrate": 1.0, "ts": "2026-07-04T02:19:58.544533+00:00", "void": false, "winner": "agent_a"}
starting game=7 challenger=agent_a(foul_play) acceptor=agent_b(foul_play)
game=7 challenger=agent_a acceptor=agent_b winner=agent_a
PROGRESS {"error": null, "game_index": 7, "running_agent_a_wins": 6, "running_decisive": 6, "running_winrate": 1.0, "ts": "2026-07-04T02:22:02.667401+00:00", "void": false, "winner": "agent_a"}
starting game=8 challenger=agent_b(foul_play) acceptor=agent_a(foul_play)
game=8 challenger=agent_b acceptor=agent_a winner=agent_a
PROGRESS {"error": null, "game_index": 8, "running_agent_a_wins": 7, "running_decisive": 7, "running_winrate": 1.0, "ts": "2026-07-04T02:23:57.836189+00:00", "void": false, "winner": "agent_a"}
starting game=9 challenger=agent_a(foul_play) acceptor=agent_b(foul_play)
game=9 challenger=agent_a acceptor=agent_b winner=agent_a
PROGRESS {"error": null, "game_index": 9, "running_agent_a_wins": 8, "running_decisive": 8, "running_winrate": 1.0, "ts": "2026-07-04T02:25:55.654975+00:00", "void": false, "winner": "agent_a"}
starting game=10 challenger=agent_b(foul_play) acceptor=agent_a(foul_play)
game=10 challenger=agent_b acceptor=agent_a winner=agent_a
PROGRESS {"error": null, "game_index": 10, "running_agent_a_wins": 9, "running_decisive": 9, "running_winrate": 1.0, "ts": "2026-07-04T02:27:26.300077+00:00", "void": false, "winner": "agent_a"}
starting game=11 challenger=agent_a(foul_play) acceptor=agent_b(foul_play)
game=11 challenger=agent_a acceptor=agent_b winner=agent_a
PROGRESS {"error": null, "game_index": 11, "running_agent_a_wins": 10, "running_decisive": 10, "running_winrate": 1.0, "ts": "2026-07-04T02:28:29.279515+00:00", "void": false, "winner": "agent_a"}
starting game=12 challenger=agent_b(foul_play) acceptor=agent_a(foul_play)
game=12 challenger=agent_b acceptor=agent_a void=true error=FoulPlayError: Foul Play exited with code 1; log=/var/folders/p9/gh5frnt56_l4t03p8dl_fq3m0000gn/T/phase0-eval-653jr3es/p0x012fba7.log
PROGRESS {"error": "FoulPlayError: Foul Play exited with code 1; log=/var/folders/p9/gh5frnt56_l4t03p8dl_fq3m0000gn/T/phase0-eval-653jr3es/p0x012fba7.log", "game_index": 12, "running_agent_a_wins": 10, "running_decisive": 10, "running_winrate": 1.0, "ts": "2026-07-04T02:29:49.948774+00:00", "void": true, "winner": null}
starting game=13 challenger=agent_a(foul_play) acceptor=agent_b(foul_play)
game=13 challenger=agent_a acceptor=agent_b winner=agent_a
PROGRESS {"error": null, "game_index": 13, "running_agent_a_wins": 11, "running_decisive": 11, "running_winrate": 1.0, "ts": "2026-07-04T02:32:54.742551+00:00", "void": false, "winner": "agent_a"}
starting game=14 challenger=agent_b(foul_play) acceptor=agent_a(foul_play)
game=14 challenger=agent_b acceptor=agent_a winner=agent_a
PROGRESS {"error": null, "game_index": 14, "running_agent_a_wins": 12, "running_decisive": 12, "running_winrate": 1.0, "ts": "2026-07-04T02:34:24.996722+00:00", "void": false, "winner": "agent_a"}
starting game=15 challenger=agent_a(foul_play) acceptor=agent_b(foul_play)
game=15 challenger=agent_a acceptor=agent_b winner=agent_b
PROGRESS {"error": null, "game_index": 15, "running_agent_a_wins": 12, "running_decisive": 13, "running_winrate": 0.9231, "ts": "2026-07-04T02:35:20.249013+00:00", "void": false, "winner": "agent_b"}
starting game=16 challenger=agent_b(foul_play) acceptor=agent_a(foul_play)
game=16 challenger=agent_b acceptor=agent_a winner=agent_a
PROGRESS {"error": null, "game_index": 16, "running_agent_a_wins": 13, "running_decisive": 14, "running_winrate": 0.9286, "ts": "2026-07-04T02:36:16.553675+00:00", "void": false, "winner": "agent_a"}
starting game=17 challenger=agent_a(foul_play) acceptor=agent_b(foul_play)
game=17 challenger=agent_a acceptor=agent_b winner=agent_b
PROGRESS {"error": null, "game_index": 17, "running_agent_a_wins": 13, "running_decisive": 15, "running_winrate": 0.8667, "ts": "2026-07-04T02:37:42.659058+00:00", "void": false, "winner": "agent_b"}
starting game=18 challenger=agent_b(foul_play) acceptor=agent_a(foul_play)
game=18 challenger=agent_b acceptor=agent_a winner=agent_a
PROGRESS {"error": null, "game_index": 18, "running_agent_a_wins": 14, "running_decisive": 16, "running_winrate": 0.875, "ts": "2026-07-04T02:39:16.742566+00:00", "void": false, "winner": "agent_a"}
starting game=19 challenger=agent_a(foul_play) acceptor=agent_b(foul_play)
game=19 challenger=agent_a acceptor=agent_b winner=agent_a
PROGRESS {"error": null, "game_index": 19, "running_agent_a_wins": 15, "running_decisive": 17, "running_winrate": 0.8824, "ts": "2026-07-04T02:40:26.706677+00:00", "void": false, "winner": "agent_a"}
starting game=20 challenger=agent_b(foul_play) acceptor=agent_a(foul_play)
game=20 challenger=agent_b acceptor=agent_a winner=agent_a
PROGRESS {"error": null, "game_index": 20, "running_agent_a_wins": 16, "running_decisive": 18, "running_winrate": 0.8889, "ts": "2026-07-04T02:42:12.496405+00:00", "void": false, "winner": "agent_a"}
starting game=21 challenger=agent_a(foul_play) acceptor=agent_b(foul_play)
game=21 challenger=agent_a acceptor=agent_b winner=agent_a
PROGRESS {"error": null, "game_index": 21, "running_agent_a_wins": 17, "running_decisive": 19, "running_winrate": 0.8947, "ts": "2026-07-04T02:44:14.984283+00:00", "void": false, "winner": "agent_a"}
starting game=22 challenger=agent_b(foul_play) acceptor=agent_a(foul_play)
game=22 challenger=agent_b acceptor=agent_a winner=agent_a
PROGRESS {"error": null, "game_index": 22, "running_agent_a_wins": 18, "running_decisive": 20, "running_winrate": 0.9, "ts": "2026-07-04T02:45:40.846262+00:00", "void": false, "winner": "agent_a"}
starting game=23 challenger=agent_a(foul_play) acceptor=agent_b(foul_play)
game=23 challenger=agent_a acceptor=agent_b winner=agent_a
PROGRESS {"error": null, "game_index": 23, "running_agent_a_wins": 19, "running_decisive": 21, "running_winrate": 0.9048, "ts": "2026-07-04T02:47:29.515101+00:00", "void": false, "winner": "agent_a"}
starting game=24 challenger=agent_b(foul_play) acceptor=agent_a(foul_play)
game=24 challenger=agent_b acceptor=agent_a winner=agent_b
PROGRESS {"error": null, "game_index": 24, "running_agent_a_wins": 19, "running_decisive": 22, "running_winrate": 0.8636, "ts": "2026-07-04T02:49:07.071878+00:00", "void": false, "winner": "agent_b"}
starting game=25 challenger=agent_a(foul_play) acceptor=agent_b(foul_play)
game=25 challenger=agent_a acceptor=agent_b winner=agent_b
PROGRESS {"error": null, "game_index": 25, "running_agent_a_wins": 19, "running_decisive": 23, "running_winrate": 0.8261, "ts": "2026-07-04T02:50:32.642470+00:00", "void": false, "winner": "agent_b"}
starting game=26 challenger=agent_b(foul_play) acceptor=agent_a(foul_play)
game=26 challenger=agent_b acceptor=agent_a winner=agent_b
PROGRESS {"error": null, "game_index": 26, "running_agent_a_wins": 19, "running_decisive": 24, "running_winrate": 0.7917, "ts": "2026-07-04T02:52:12.179256+00:00", "void": false, "winner": "agent_b"}
starting game=27 challenger=agent_a(foul_play) acceptor=agent_b(foul_play)
game=27 challenger=agent_a acceptor=agent_b winner=agent_b
PROGRESS {"error": null, "game_index": 27, "running_agent_a_wins": 19, "running_decisive": 25, "running_winrate": 0.76, "ts": "2026-07-04T02:53:31.809867+00:00", "void": false, "winner": "agent_b"}
starting game=28 challenger=agent_b(foul_play) acceptor=agent_a(foul_play)
game=28 challenger=agent_b acceptor=agent_a winner=agent_b
PROGRESS {"error": null, "game_index": 28, "running_agent_a_wins": 19, "running_decisive": 26, "running_winrate": 0.7308, "ts": "2026-07-04T02:55:02.961401+00:00", "void": false, "winner": "agent_b"}
starting game=29 challenger=agent_a(foul_play) acceptor=agent_b(foul_play)
game=29 challenger=agent_a acceptor=agent_b winner=agent_a
PROGRESS {"error": null, "game_index": 29, "running_agent_a_wins": 20, "running_decisive": 27, "running_winrate": 0.7407, "ts": "2026-07-04T02:56:56.370682+00:00", "void": false, "winner": "agent_a"}
starting game=30 challenger=agent_b(foul_play) acceptor=agent_a(foul_play)
game=30 challenger=agent_b acceptor=agent_a winner=agent_b
PROGRESS {"error": null, "game_index": 30, "running_agent_a_wins": 20, "running_decisive": 28, "running_winrate": 0.7143, "ts": "2026-07-04T02:58:01.972259+00:00", "void": false, "winner": "agent_b"}
starting game=31 challenger=agent_a(foul_play) acceptor=agent_b(foul_play)
game=31 challenger=agent_a acceptor=agent_b winner=agent_b
PROGRESS {"error": null, "game_index": 31, "running_agent_a_wins": 20, "running_decisive": 29, "running_winrate": 0.6897, "ts": "2026-07-04T02:59:16.044641+00:00", "void": false, "winner": "agent_b"}
starting game=32 challenger=agent_b(foul_play) acceptor=agent_a(foul_play)
game=32 challenger=agent_b acceptor=agent_a winner=agent_b
PROGRESS {"error": null, "game_index": 32, "running_agent_a_wins": 20, "running_decisive": 30, "running_winrate": 0.6667, "ts": "2026-07-04T03:00:37.963369+00:00", "void": false, "winner": "agent_b"}
starting game=33 challenger=agent_a(foul_play) acceptor=agent_b(foul_play)
game=33 challenger=agent_a acceptor=agent_b winner=agent_a
PROGRESS {"error": null, "game_index": 33, "running_agent_a_wins": 21, "running_decisive": 31, "running_winrate": 0.6774, "ts": "2026-07-04T03:02:06.778305+00:00", "void": false, "winner": "agent_a"}
starting game=34 challenger=agent_b(foul_play) acceptor=agent_a(foul_play)
game=34 challenger=agent_b acceptor=agent_a winner=agent_a
PROGRESS {"error": null, "game_index": 34, "running_agent_a_wins": 22, "running_decisive": 32, "running_winrate": 0.6875, "ts": "2026-07-04T03:02:57.478470+00:00", "void": false, "winner": "agent_a"}
starting game=35 challenger=agent_a(foul_play) acceptor=agent_b(foul_play)
game=35 challenger=agent_a acceptor=agent_b winner=agent_b
PROGRESS {"error": null, "game_index": 35, "running_agent_a_wins": 22, "running_decisive": 33, "running_winrate": 0.6667, "ts": "2026-07-04T03:04:00.514522+00:00", "void": false, "winner": "agent_b"}
starting game=36 challenger=agent_b(foul_play) acceptor=agent_a(foul_play)
game=36 challenger=agent_b acceptor=agent_a winner=agent_a
PROGRESS {"error": null, "game_index": 36, "running_agent_a_wins": 23, "running_decisive": 34, "running_winrate": 0.6765, "ts": "2026-07-04T03:05:24.378893+00:00", "void": false, "winner": "agent_a"}
starting game=37 challenger=agent_a(foul_play) acceptor=agent_b(foul_play)
game=37 challenger=agent_a acceptor=agent_b winner=agent_b
PROGRESS {"error": null, "game_index": 37, "running_agent_a_wins": 23, "running_decisive": 35, "running_winrate": 0.6571, "ts": "2026-07-04T03:08:10.366277+00:00", "void": false, "winner": "agent_b"}
starting game=38 challenger=agent_b(foul_play) acceptor=agent_a(foul_play)
game=38 challenger=agent_b acceptor=agent_a winner=agent_b
PROGRESS {"error": null, "game_index": 38, "running_agent_a_wins": 23, "running_decisive": 36, "running_winrate": 0.6389, "ts": "2026-07-04T03:09:52.731722+00:00", "void": false, "winner": "agent_b"}
starting game=39 challenger=agent_a(foul_play) acceptor=agent_b(foul_play)
game=39 challenger=agent_a acceptor=agent_b winner=agent_a
PROGRESS {"error": null, "game_index": 39, "running_agent_a_wins": 24, "running_decisive": 37, "running_winrate": 0.6486, "ts": "2026-07-04T03:11:08.479848+00:00", "void": false, "winner": "agent_a"}
starting game=40 challenger=agent_b(foul_play) acceptor=agent_a(foul_play)
game=40 challenger=agent_b acceptor=agent_a winner=agent_a
PROGRESS {"error": null, "game_index": 40, "running_agent_a_wins": 25, "running_decisive": 38, "running_winrate": 0.6579, "ts": "2026-07-04T03:12:03.111301+00:00", "void": false, "winner": "agent_a"}
starting game=41 challenger=agent_a(foul_play) acceptor=agent_b(foul_play)
game=41 challenger=agent_a acceptor=agent_b winner=agent_b
PROGRESS {"error": null, "game_index": 41, "running_agent_a_wins": 25, "running_decisive": 39, "running_winrate": 0.641, "ts": "2026-07-04T03:13:30.407740+00:00", "void": false, "winner": "agent_b"}
starting game=42 challenger=agent_b(foul_play) acceptor=agent_a(foul_play)
game=42 challenger=agent_b acceptor=agent_a winner=agent_a
PROGRESS {"error": null, "game_index": 42, "running_agent_a_wins": 26, "running_decisive": 40, "running_winrate": 0.65, "ts": "2026-07-04T03:14:13.070338+00:00", "void": false, "winner": "agent_a"}
starting game=43 challenger=agent_a(foul_play) acceptor=agent_b(foul_play)
game=43 challenger=agent_a acceptor=agent_b winner=agent_b
PROGRESS {"error": null, "game_index": 43, "running_agent_a_wins": 26, "running_decisive": 41, "running_winrate": 0.6341, "ts": "2026-07-04T03:15:15.479827+00:00", "void": false, "winner": "agent_b"}
starting game=44 challenger=agent_b(foul_play) acceptor=agent_a(foul_play)
game=44 challenger=agent_b acceptor=agent_a winner=agent_a
PROGRESS {"error": null, "game_index": 44, "running_agent_a_wins": 27, "running_decisive": 42, "running_winrate": 0.6429, "ts": "2026-07-04T03:16:48.878591+00:00", "void": false, "winner": "agent_a"}
starting game=45 challenger=agent_a(foul_play) acceptor=agent_b(foul_play)
game=45 challenger=agent_a acceptor=agent_b winner=agent_a
PROGRESS {"error": null, "game_index": 45, "running_agent_a_wins": 28, "running_decisive": 43, "running_winrate": 0.6512, "ts": "2026-07-04T03:18:02.736393+00:00", "void": false, "winner": "agent_a"}
starting game=46 challenger=agent_b(foul_play) acceptor=agent_a(foul_play)
game=46 challenger=agent_b acceptor=agent_a winner=agent_a
PROGRESS {"error": null, "game_index": 46, "running_agent_a_wins": 29, "running_decisive": 44, "running_winrate": 0.6591, "ts": "2026-07-04T03:19:36.327004+00:00", "void": false, "winner": "agent_a"}
starting game=47 challenger=agent_a(foul_play) acceptor=agent_b(foul_play)
game=47 challenger=agent_a acceptor=agent_b winner=agent_a
PROGRESS {"error": null, "game_index": 47, "running_agent_a_wins": 30, "running_decisive": 45, "running_winrate": 0.6667, "ts": "2026-07-04T03:21:00.538622+00:00", "void": false, "winner": "agent_a"}
starting game=48 challenger=agent_b(foul_play) acceptor=agent_a(foul_play)
game=48 challenger=agent_b acceptor=agent_a winner=agent_a
PROGRESS {"error": null, "game_index": 48, "running_agent_a_wins": 31, "running_decisive": 46, "running_winrate": 0.6739, "ts": "2026-07-04T03:22:57.371540+00:00", "void": false, "winner": "agent_a"}
starting game=49 challenger=agent_a(foul_play) acceptor=agent_b(foul_play)
game=49 challenger=agent_a acceptor=agent_b winner=agent_a
PROGRESS {"error": null, "game_index": 49, "running_agent_a_wins": 32, "running_decisive": 47, "running_winrate": 0.6809, "ts": "2026-07-04T03:25:00.881291+00:00", "void": false, "winner": "agent_a"}
starting game=50 challenger=agent_b(foul_play) acceptor=agent_a(foul_play)
game=50 challenger=agent_b acceptor=agent_a winner=agent_a
PROGRESS {"error": null, "game_index": 50, "running_agent_a_wins": 33, "running_decisive": 48, "running_winrate": 0.6875, "ts": "2026-07-04T03:26:20.094252+00:00", "void": false, "winner": "agent_a"}
{
  "agent_a": "foul_play",
  "agent_a_as_acceptor_games": 23,
  "agent_a_as_acceptor_wins": 17,
  "agent_a_as_challenger_games": 25,
  "agent_a_as_challenger_wins": 16,
  "agent_a_losses": 15,
  "agent_a_wins": 33,
  "agent_b": "foul_play",
  "ci95_high": 0.8005431655341219,
  "ci95_low": 0.5466692858410841,
  "completed_games": 48,
  "decisive_games": 48,
  "format": "gen9randombattle",
  "foul_play_search_time_ms": 100,
  "mode": "h2h",
  "n_games": 50,
  "paired": true,
  "server": "local",
  "ties_or_unknown": 0,
  "void_games": 2,
  "voids_with_agent_a_challenger": 0,
  "voids_with_agent_b_challenger": 2,
  "winrate": 0.6875
}
