starting game=1 challenger=agent_a(foul_play) acceptor=agent_b(foul_play)
game=1 challenger=agent_a acceptor=agent_b winner=agent_a
PROGRESS {"error": null, "game_index": 1, "running_agent_a_wins": 1, "running_decisive": 1, "running_winrate": 1.0, "ts": "2026-07-04T02:10:40.779304+00:00", "void": false, "winner": "agent_a"}
starting game=2 challenger=agent_b(foul_play) acceptor=agent_a(foul_play)
game=2 challenger=agent_b acceptor=agent_a winner=agent_a
PROGRESS {"error": null, "game_index": 2, "running_agent_a_wins": 2, "running_decisive": 2, "running_winrate": 1.0, "ts": "2026-07-04T02:11:25.413945+00:00", "void": false, "winner": "agent_a"}
starting game=3 challenger=agent_a(foul_play) acceptor=agent_b(foul_play)
game=3 challenger=agent_a acceptor=agent_b winner=agent_b
PROGRESS {"error": null, "game_index": 3, "running_agent_a_wins": 2, "running_decisive": 3, "running_winrate": 0.6667, "ts": "2026-07-04T02:12:35.603437+00:00", "void": false, "winner": "agent_b"}
starting game=4 challenger=agent_b(foul_play) acceptor=agent_a(foul_play)
game=4 challenger=agent_b acceptor=agent_a winner=agent_a
PROGRESS {"error": null, "game_index": 4, "running_agent_a_wins": 3, "running_decisive": 4, "running_winrate": 0.75, "ts": "2026-07-04T02:13:47.909840+00:00", "void": false, "winner": "agent_a"}
starting game=5 challenger=agent_a(foul_play) acceptor=agent_b(foul_play)
game=5 challenger=agent_a acceptor=agent_b winner=agent_b
PROGRESS {"error": null, "game_index": 5, "running_agent_a_wins": 3, "running_decisive": 5, "running_winrate": 0.6, "ts": "2026-07-04T02:14:28.583498+00:00", "void": false, "winner": "agent_b"}
starting game=6 challenger=agent_b(foul_play) acceptor=agent_a(foul_play)
game=6 challenger=agent_b acceptor=agent_a winner=agent_a
PROGRESS {"error": null, "game_index": 6, "running_agent_a_wins": 4, "running_decisive": 6, "running_winrate": 0.6667, "ts": "2026-07-04T02:15:20.757309+00:00", "void": false, "winner": "agent_a"}
starting game=7 challenger=agent_a(foul_play) acceptor=agent_b(foul_play)
game=7 challenger=agent_a acceptor=agent_b winner=agent_a
PROGRESS {"error": null, "game_index": 7, "running_agent_a_wins": 5, "running_decisive": 7, "running_winrate": 0.7143, "ts": "2026-07-04T02:15:44.762219+00:00", "void": false, "winner": "agent_a"}
starting game=8 challenger=agent_b(foul_play) acceptor=agent_a(foul_play)
game=8 challenger=agent_b acceptor=agent_a winner=agent_b
PROGRESS {"error": null, "game_index": 8, "running_agent_a_wins": 5, "running_decisive": 8, "running_winrate": 0.625, "ts": "2026-07-04T02:17:05.793017+00:00", "void": false, "winner": "agent_b"}
starting game=9 challenger=agent_a(foul_play) acceptor=agent_b(foul_play)
game=9 challenger=agent_a acceptor=agent_b winner=agent_b
PROGRESS {"error": null, "game_index": 9, "running_agent_a_wins": 5, "running_decisive": 9, "running_winrate": 0.5556, "ts": "2026-07-04T02:17:54.526122+00:00", "void": false, "winner": "agent_b"}
starting game=10 challenger=agent_b(foul_play) acceptor=agent_a(foul_play)
game=10 challenger=agent_b acceptor=agent_a winner=agent_a
PROGRESS {"error": null, "game_index": 10, "running_agent_a_wins": 6, "running_decisive": 10, "running_winrate": 0.6, "ts": "2026-07-04T02:18:28.307264+00:00", "void": false, "winner": "agent_a"}
starting game=11 challenger=agent_a(foul_play) acceptor=agent_b(foul_play)
game=11 challenger=agent_a acceptor=agent_b winner=agent_a
PROGRESS {"error": null, "game_index": 11, "running_agent_a_wins": 7, "running_decisive": 11, "running_winrate": 0.6364, "ts": "2026-07-04T02:19:07.400321+00:00", "void": false, "winner": "agent_a"}
starting game=12 challenger=agent_b(foul_play) acceptor=agent_a(foul_play)
game=12 challenger=agent_b acceptor=agent_a winner=agent_a
PROGRESS {"error": null, "game_index": 12, "running_agent_a_wins": 8, "running_decisive": 12, "running_winrate": 0.6667, "ts": "2026-07-04T02:19:52.955348+00:00", "void": false, "winner": "agent_a"}
starting game=13 challenger=agent_a(foul_play) acceptor=agent_b(foul_play)
game=13 challenger=agent_a acceptor=agent_b winner=agent_b
PROGRESS {"error": null, "game_index": 13, "running_agent_a_wins": 8, "running_decisive": 13, "running_winrate": 0.6154, "ts": "2026-07-04T02:20:37.537981+00:00", "void": false, "winner": "agent_b"}
starting game=14 challenger=agent_b(foul_play) acceptor=agent_a(foul_play)
game=14 challenger=agent_b acceptor=agent_a winner=agent_a
PROGRESS {"error": null, "game_index": 14, "running_agent_a_wins": 9, "running_decisive": 14, "running_winrate": 0.6429, "ts": "2026-07-04T02:21:13.377346+00:00", "void": false, "winner": "agent_a"}
starting game=15 challenger=agent_a(foul_play) acceptor=agent_b(foul_play)
game=15 challenger=agent_a acceptor=agent_b winner=agent_a
PROGRESS {"error": null, "game_index": 15, "running_agent_a_wins": 10, "running_decisive": 15, "running_winrate": 0.6667, "ts": "2026-07-04T02:21:45.072300+00:00", "void": false, "winner": "agent_a"}
starting game=16 challenger=agent_b(foul_play) acceptor=agent_a(foul_play)
game=16 challenger=agent_b acceptor=agent_a winner=agent_b
PROGRESS {"error": null, "game_index": 16, "running_agent_a_wins": 10, "running_decisive": 16, "running_winrate": 0.625, "ts": "2026-07-04T02:22:54.179208+00:00", "void": false, "winner": "agent_b"}
starting game=17 challenger=agent_a(foul_play) acceptor=agent_b(foul_play)
game=17 challenger=agent_a acceptor=agent_b winner=agent_a
PROGRESS {"error": null, "game_index": 17, "running_agent_a_wins": 11, "running_decisive": 17, "running_winrate": 0.6471, "ts": "2026-07-04T02:23:31.200552+00:00", "void": false, "winner": "agent_a"}
starting game=18 challenger=agent_b(foul_play) acceptor=agent_a(foul_play)
game=18 challenger=agent_b acceptor=agent_a winner=agent_a
PROGRESS {"error": null, "game_index": 18, "running_agent_a_wins": 12, "running_decisive": 18, "running_winrate": 0.6667, "ts": "2026-07-04T02:24:44.563754+00:00", "void": false, "winner": "agent_a"}
starting game=19 challenger=agent_a(foul_play) acceptor=agent_b(foul_play)
game=19 challenger=agent_a acceptor=agent_b winner=agent_a
PROGRESS {"error": null, "game_index": 19, "running_agent_a_wins": 13, "running_decisive": 19, "running_winrate": 0.6842, "ts": "2026-07-04T02:25:18.191540+00:00", "void": false, "winner": "agent_a"}
starting game=20 challenger=agent_b(foul_play) acceptor=agent_a(foul_play)
game=20 challenger=agent_b acceptor=agent_a winner=agent_b
PROGRESS {"error": null, "game_index": 20, "running_agent_a_wins": 13, "running_decisive": 20, "running_winrate": 0.65, "ts": "2026-07-04T02:26:05.663293+00:00", "void": false, "winner": "agent_b"}
starting game=21 challenger=agent_a(foul_play) acceptor=agent_b(foul_play)
game=21 challenger=agent_a acceptor=agent_b winner=agent_a
PROGRESS {"error": null, "game_index": 21, "running_agent_a_wins": 14, "running_decisive": 21, "running_winrate": 0.6667, "ts": "2026-07-04T02:27:00.412714+00:00", "void": false, "winner": "agent_a"}
starting game=22 challenger=agent_b(foul_play) acceptor=agent_a(foul_play)
game=22 challenger=agent_b acceptor=agent_a winner=agent_a
PROGRESS {"error": null, "game_index": 22, "running_agent_a_wins": 15, "running_decisive": 22, "running_winrate": 0.6818, "ts": "2026-07-04T02:27:39.379453+00:00", "void": false, "winner": "agent_a"}
starting game=23 challenger=agent_a(foul_play) acceptor=agent_b(foul_play)
game=23 challenger=agent_a acceptor=agent_b winner=agent_a
PROGRESS {"error": null, "game_index": 23, "running_agent_a_wins": 16, "running_decisive": 23, "running_winrate": 0.6957, "ts": "2026-07-04T02:28:19.472293+00:00", "void": false, "winner": "agent_a"}
starting game=24 challenger=agent_b(foul_play) acceptor=agent_a(foul_play)
game=24 challenger=agent_b acceptor=agent_a winner=agent_a
PROGRESS {"error": null, "game_index": 24, "running_agent_a_wins": 17, "running_decisive": 24, "running_winrate": 0.7083, "ts": "2026-07-04T02:29:04.872331+00:00", "void": false, "winner": "agent_a"}
starting game=25 challenger=agent_a(foul_play) acceptor=agent_b(foul_play)
game=25 challenger=agent_a acceptor=agent_b winner=agent_a
PROGRESS {"error": null, "game_index": 25, "running_agent_a_wins": 18, "running_decisive": 25, "running_winrate": 0.72, "ts": "2026-07-04T02:29:52.259204+00:00", "void": false, "winner": "agent_a"}
starting game=26 challenger=agent_b(foul_play) acceptor=agent_a(foul_play)
game=26 challenger=agent_b acceptor=agent_a winner=agent_a
PROGRESS {"error": null, "game_index": 26, "running_agent_a_wins": 19, "running_decisive": 26, "running_winrate": 0.7308, "ts": "2026-07-04T02:30:50.281082+00:00", "void": false, "winner": "agent_a"}
starting game=27 challenger=agent_a(foul_play) acceptor=agent_b(foul_play)
game=27 challenger=agent_a acceptor=agent_b winner=agent_a
PROGRESS {"error": null, "game_index": 27, "running_agent_a_wins": 20, "running_decisive": 27, "running_winrate": 0.7407, "ts": "2026-07-04T02:31:19.959150+00:00", "void": false, "winner": "agent_a"}
starting game=28 challenger=agent_b(foul_play) acceptor=agent_a(foul_play)
game=28 challenger=agent_b acceptor=agent_a winner=agent_a
PROGRESS {"error": null, "game_index": 28, "running_agent_a_wins": 21, "running_decisive": 28, "running_winrate": 0.75, "ts": "2026-07-04T02:32:29.881524+00:00", "void": false, "winner": "agent_a"}
starting game=29 challenger=agent_a(foul_play) acceptor=agent_b(foul_play)
game=29 challenger=agent_a acceptor=agent_b winner=agent_a
PROGRESS {"error": null, "game_index": 29, "running_agent_a_wins": 22, "running_decisive": 29, "running_winrate": 0.7586, "ts": "2026-07-04T02:33:50.927789+00:00", "void": false, "winner": "agent_a"}
starting game=30 challenger=agent_b(foul_play) acceptor=agent_a(foul_play)
game=30 challenger=agent_b acceptor=agent_a winner=agent_b
PROGRESS {"error": null, "game_index": 30, "running_agent_a_wins": 22, "running_decisive": 30, "running_winrate": 0.7333, "ts": "2026-07-04T02:34:38.058630+00:00", "void": false, "winner": "agent_b"}
starting game=31 challenger=agent_a(foul_play) acceptor=agent_b(foul_play)
game=31 challenger=agent_a acceptor=agent_b winner=agent_b
PROGRESS {"error": null, "game_index": 31, "running_agent_a_wins": 22, "running_decisive": 31, "running_winrate": 0.7097, "ts": "2026-07-04T02:35:21.957813+00:00", "void": false, "winner": "agent_b"}
starting game=32 challenger=agent_b(foul_play) acceptor=agent_a(foul_play)
game=32 challenger=agent_b acceptor=agent_a winner=agent_a
PROGRESS {"error": null, "game_index": 32, "running_agent_a_wins": 23, "running_decisive": 32, "running_winrate": 0.7188, "ts": "2026-07-04T02:35:57.533082+00:00", "void": false, "winner": "agent_a"}
starting game=33 challenger=agent_a(foul_play) acceptor=agent_b(foul_play)
game=33 challenger=agent_a acceptor=agent_b winner=agent_b
PROGRESS {"error": null, "game_index": 33, "running_agent_a_wins": 23, "running_decisive": 33, "running_winrate": 0.697, "ts": "2026-07-04T02:37:09.905736+00:00", "void": false, "winner": "agent_b"}
starting game=34 challenger=agent_b(foul_play) acceptor=agent_a(foul_play)
game=34 challenger=agent_b acceptor=agent_a winner=agent_b
PROGRESS {"error": null, "game_index": 34, "running_agent_a_wins": 23, "running_decisive": 34, "running_winrate": 0.6765, "ts": "2026-07-04T02:37:49.012879+00:00", "void": false, "winner": "agent_b"}
starting game=35 challenger=agent_a(foul_play) acceptor=agent_b(foul_play)
game=35 challenger=agent_a acceptor=agent_b winner=agent_b
PROGRESS {"error": null, "game_index": 35, "running_agent_a_wins": 23, "running_decisive": 35, "running_winrate": 0.6571, "ts": "2026-07-04T02:38:21.329413+00:00", "void": false, "winner": "agent_b"}
starting game=36 challenger=agent_b(foul_play) acceptor=agent_a(foul_play)
game=36 challenger=agent_b acceptor=agent_a winner=agent_b
PROGRESS {"error": null, "game_index": 36, "running_agent_a_wins": 23, "running_decisive": 36, "running_winrate": 0.6389, "ts": "2026-07-04T02:39:05.952921+00:00", "void": false, "winner": "agent_b"}
starting game=37 challenger=agent_a(foul_play) acceptor=agent_b(foul_play)
game=37 challenger=agent_a acceptor=agent_b winner=agent_a
PROGRESS {"error": null, "game_index": 37, "running_agent_a_wins": 24, "running_decisive": 37, "running_winrate": 0.6486, "ts": "2026-07-04T02:40:16.276222+00:00", "void": false, "winner": "agent_a"}
starting game=38 challenger=agent_b(foul_play) acceptor=agent_a(foul_play)
game=38 challenger=agent_b acceptor=agent_a winner=agent_a
PROGRESS {"error": null, "game_index": 38, "running_agent_a_wins": 25, "running_decisive": 38, "running_winrate": 0.6579, "ts": "2026-07-04T02:42:52.525639+00:00", "void": false, "winner": "agent_a"}
starting game=39 challenger=agent_a(foul_play) acceptor=agent_b(foul_play)
game=39 challenger=agent_a acceptor=agent_b winner=agent_a
PROGRESS {"error": null, "game_index": 39, "running_agent_a_wins": 26, "running_decisive": 39, "running_winrate": 0.6667, "ts": "2026-07-04T02:43:33.858266+00:00", "void": false, "winner": "agent_a"}
starting game=40 challenger=agent_b(foul_play) acceptor=agent_a(foul_play)
game=40 challenger=agent_b acceptor=agent_a winner=agent_a
PROGRESS {"error": null, "game_index": 40, "running_agent_a_wins": 27, "running_decisive": 40, "running_winrate": 0.675, "ts": "2026-07-04T02:44:20.131408+00:00", "void": false, "winner": "agent_a"}
starting game=41 challenger=agent_a(foul_play) acceptor=agent_b(foul_play)
game=41 challenger=agent_a acceptor=agent_b winner=agent_b
PROGRESS {"error": null, "game_index": 41, "running_agent_a_wins": 27, "running_decisive": 41, "running_winrate": 0.6585, "ts": "2026-07-04T02:45:18.875689+00:00", "void": false, "winner": "agent_b"}
starting game=42 challenger=agent_b(foul_play) acceptor=agent_a(foul_play)
game=42 challenger=agent_b acceptor=agent_a winner=agent_b
PROGRESS {"error": null, "game_index": 42, "running_agent_a_wins": 27, "running_decisive": 42, "running_winrate": 0.6429, "ts": "2026-07-04T02:46:05.999074+00:00", "void": false, "winner": "agent_b"}
starting game=43 challenger=agent_a(foul_play) acceptor=agent_b(foul_play)
game=43 challenger=agent_a acceptor=agent_b winner=agent_a
PROGRESS {"error": null, "game_index": 43, "running_agent_a_wins": 28, "running_decisive": 43, "running_winrate": 0.6512, "ts": "2026-07-04T02:46:55.044646+00:00", "void": false, "winner": "agent_a"}
starting game=44 challenger=agent_b(foul_play) acceptor=agent_a(foul_play)
game=44 challenger=agent_b acceptor=agent_a winner=agent_a
PROGRESS {"error": null, "game_index": 44, "running_agent_a_wins": 29, "running_decisive": 44, "running_winrate": 0.6591, "ts": "2026-07-04T02:47:31.702026+00:00", "void": false, "winner": "agent_a"}
starting game=45 challenger=agent_a(foul_play) acceptor=agent_b(foul_play)
game=45 challenger=agent_a acceptor=agent_b winner=agent_a
PROGRESS {"error": null, "game_index": 45, "running_agent_a_wins": 30, "running_decisive": 45, "running_winrate": 0.6667, "ts": "2026-07-04T02:48:13.500580+00:00", "void": false, "winner": "agent_a"}
starting game=46 challenger=agent_b(foul_play) acceptor=agent_a(foul_play)
game=46 challenger=agent_b acceptor=agent_a winner=agent_b
PROGRESS {"error": null, "game_index": 46, "running_agent_a_wins": 30, "running_decisive": 46, "running_winrate": 0.6522, "ts": "2026-07-04T02:49:30.638334+00:00", "void": false, "winner": "agent_b"}
starting game=47 challenger=agent_a(foul_play) acceptor=agent_b(foul_play)
game=47 challenger=agent_a acceptor=agent_b winner=agent_b
PROGRESS {"error": null, "game_index": 47, "running_agent_a_wins": 30, "running_decisive": 47, "running_winrate": 0.6383, "ts": "2026-07-04T02:50:01.732657+00:00", "void": false, "winner": "agent_b"}
starting game=48 challenger=agent_b(foul_play) acceptor=agent_a(foul_play)
game=48 challenger=agent_b acceptor=agent_a winner=agent_a
PROGRESS {"error": null, "game_index": 48, "running_agent_a_wins": 31, "running_decisive": 48, "running_winrate": 0.6458, "ts": "2026-07-04T02:51:13.503871+00:00", "void": false, "winner": "agent_a"}
starting game=49 challenger=agent_a(foul_play) acceptor=agent_b(foul_play)
game=49 challenger=agent_a acceptor=agent_b winner=agent_a
PROGRESS {"error": null, "game_index": 49, "running_agent_a_wins": 32, "running_decisive": 49, "running_winrate": 0.6531, "ts": "2026-07-04T02:51:52.479166+00:00", "void": false, "winner": "agent_a"}
starting game=50 challenger=agent_b(foul_play) acceptor=agent_a(foul_play)
game=50 challenger=agent_b acceptor=agent_a winner=agent_b
PROGRESS {"error": null, "game_index": 50, "running_agent_a_wins": 32, "running_decisive": 50, "running_winrate": 0.64, "ts": "2026-07-04T02:52:37.068575+00:00", "void": false, "winner": "agent_b"}
{
  "agent_a": "foul_play",
  "agent_a_as_acceptor_games": 25,
  "agent_a_as_acceptor_wins": 16,
  "agent_a_as_challenger_games": 25,
  "agent_a_as_challenger_wins": 16,
  "agent_a_losses": 18,
  "agent_a_wins": 32,
  "agent_b": "foul_play",
  "ci95_high": 0.7586125034815325,
  "ci95_low": 0.501410168761127,
  "completed_games": 50,
  "decisive_games": 50,
  "format": "gen9randombattle",
  "foul_play_search_time_ms": 100,
  "mode": "h2h",
  "n_games": 50,
  "paired": true,
  "server": "local",
  "ties_or_unknown": 0,
  "void_games": 0,
  "voids_with_agent_a_challenger": 0,
  "voids_with_agent_b_challenger": 0,
  "winrate": 0.64
}
