2026-07-02T07:26:55.167852+00:00 G1 START n_games=100 fp_ms=100
2026-07-02T07:26:55.168206+00:00 phaseA starting Kakuna (acceptor): /Users/alityb/projects/metagross/.venv-metamon/bin/python /Users/alityb/projects/metagross/scripts/run_kakuna_challenge.py --agent Kakuna --username kakg1a --opponent-username fpg1a --role acceptor --battle-format gen9randombattle --total-battles 50 --save-results-to experiments/g1_kakuna_vs_fp_n100/phaseA
2026-07-02T07:27:05.174191+00:00 phaseA Kakuna checkpoint validated (acceptor up); starting FP challenger
2026-07-02T07:27:15.178861+00:00 phaseA starting Foul Play (challenge_user): /Users/alityb/projects/metagross/.venv-foul-play/bin/python /Users/alityb/projects/metagross/scripts/run_foul_play.py --websocket-uri ws://localhost:8000/showdown/websocket --ps-username fpg1a --bot-mode challenge_user --pokemon-format gen9randombattle --run-count 50 --search-time-ms 100 --search-parallelism 1 --search-threads 1 --log-level INFO --user-to-challenge kakg1a
2026-07-02T07:27:30.186878+00:00 phaseA PROGRESS battles=1 kakuna_wins=1 last=WIN
2026-07-02T07:27:45.192284+00:00 phaseA PROGRESS battles=4 kakuna_wins=1 last=LOSS
2026-07-02T07:28:00.197835+00:00 phaseA PROGRESS battles=6 kakuna_wins=1 last=LOSS
2026-07-02T07:28:15.202870+00:00 phaseA PROGRESS battles=9 kakuna_wins=2 last=LOSS
2026-07-02T07:28:30.208153+00:00 phaseA PROGRESS battles=12 kakuna_wins=2 last=LOSS
2026-07-02T07:28:45.213517+00:00 phaseA PROGRESS battles=14 kakuna_wins=3 last=WIN
2026-07-02T07:29:00.216345+00:00 phaseA PROGRESS battles=17 kakuna_wins=3 last=LOSS
2026-07-02T07:29:15.221591+00:00 phaseA PROGRESS battles=19 kakuna_wins=4 last=WIN
2026-07-02T07:29:30.223317+00:00 phaseA PROGRESS battles=20 kakuna_wins=5 last=WIN
2026-07-02T07:29:45.226919+00:00 phaseA PROGRESS battles=23 kakuna_wins=5 last=LOSS
2026-07-02T07:30:00.232182+00:00 phaseA PROGRESS battles=25 kakuna_wins=5 last=LOSS
2026-07-02T07:30:15.236276+00:00 phaseA PROGRESS battles=27 kakuna_wins=5 last=LOSS
2026-07-02T07:30:30.240065+00:00 phaseA PROGRESS battles=29 kakuna_wins=6 last=LOSS
2026-07-02T07:30:45.243068+00:00 phaseA PROGRESS battles=32 kakuna_wins=7 last=LOSS
2026-07-02T07:31:00.248300+00:00 phaseA PROGRESS battles=34 kakuna_wins=7 last=LOSS
2026-07-02T07:31:15.249020+00:00 phaseA PROGRESS battles=36 kakuna_wins=9 last=WIN
2026-07-02T07:31:30.251645+00:00 phaseA PROGRESS battles=38 kakuna_wins=9 last=LOSS
2026-07-02T07:31:45.252285+00:00 phaseA PROGRESS battles=40 kakuna_wins=9 last=LOSS
2026-07-02T07:32:00.253623+00:00 phaseA PROGRESS battles=42 kakuna_wins=11 last=WIN
2026-07-02T07:32:15.257812+00:00 phaseA PROGRESS battles=44 kakuna_wins=12 last=WIN
2026-07-02T07:32:30.267486+00:00 phaseA PROGRESS battles=46 kakuna_wins=13 last=LOSS
2026-07-02T07:32:45.273633+00:00 phaseA PROGRESS battles=48 kakuna_wins=14 last=LOSS
2026-07-02T07:33:00.282233+00:00 phaseA PROGRESS battles=49 kakuna_wins=14 last=LOSS
2026-07-02T07:33:15.292555+00:00 phaseA PROGRESS battles=50 kakuna_wins=15 last=WIN
2026-07-02T07:33:15.292598+00:00 phaseA reached 50 battles
2026-07-02T07:33:15.292941+00:00 phaseB starting Foul Play (accept_challenge): /Users/alityb/projects/metagross/.venv-foul-play/bin/python /Users/alityb/projects/metagross/scripts/run_foul_play.py --websocket-uri ws://localhost:8000/showdown/websocket --ps-username fpg1b --bot-mode accept_challenge --pokemon-format gen9randombattle --run-count 50 --search-time-ms 100 --search-parallelism 1 --search-threads 1 --log-level INFO
2026-07-02T07:33:25.303131+00:00 phaseB FP acceptor waiting; starting Kakuna challenger
2026-07-02T07:33:30.310730+00:00 phaseB starting Kakuna (challenger): /Users/alityb/projects/metagross/.venv-metamon/bin/python /Users/alityb/projects/metagross/scripts/run_kakuna_challenge.py --agent Kakuna --username kakg1b --opponent-username fpg1b --role challenger --battle-format gen9randombattle --total-battles 50 --save-results-to experiments/g1_kakuna_vs_fp_n100/phaseB
2026-07-02T07:33:45.323291+00:00 phaseB PROGRESS battles=1 kakuna_wins=0 last=LOSS
2026-07-02T07:34:00.326733+00:00 phaseB PROGRESS battles=3 kakuna_wins=0 last=LOSS
2026-07-02T07:34:15.336999+00:00 phaseB PROGRESS battles=4 kakuna_wins=0 last=LOSS
2026-07-02T07:34:30.344546+00:00 phaseB PROGRESS battles=5 kakuna_wins=0 last=LOSS
2026-07-02T07:34:45.354871+00:00 phaseB PROGRESS battles=7 kakuna_wins=1 last=LOSS
2026-07-02T07:35:00.349094+00:00 phaseB PROGRESS battles=9 kakuna_wins=3 last=WIN
2026-07-02T07:35:15.352108+00:00 phaseB PROGRESS battles=11 kakuna_wins=4 last=LOSS
2026-07-02T07:35:30.359532+00:00 phaseB PROGRESS battles=12 kakuna_wins=4 last=LOSS
2026-07-02T07:35:45.362774+00:00 phaseB PROGRESS battles=13 kakuna_wins=4 last=LOSS
2026-07-02T07:36:00.367662+00:00 phaseB PROGRESS battles=15 kakuna_wins=4 last=LOSS
2026-07-02T07:36:15.370183+00:00 phaseB PROGRESS battles=17 kakuna_wins=4 last=LOSS
2026-07-02T07:36:30.378633+00:00 phaseB PROGRESS battles=20 kakuna_wins=4 last=LOSS
2026-07-02T07:36:45.387805+00:00 phaseB PROGRESS battles=22 kakuna_wins=4 last=LOSS
2026-07-02T07:37:00.397099+00:00 phaseB PROGRESS battles=24 kakuna_wins=4 last=LOSS
2026-07-02T07:37:15.402016+00:00 phaseB PROGRESS battles=26 kakuna_wins=5 last=LOSS
2026-07-02T07:37:30.404107+00:00 phaseB PROGRESS battles=28 kakuna_wins=5 last=LOSS
2026-07-02T07:37:45.410246+00:00 phaseB PROGRESS battles=30 kakuna_wins=7 last=WIN
2026-07-02T07:38:00.419399+00:00 phaseB PROGRESS battles=32 kakuna_wins=8 last=LOSS
2026-07-02T07:38:15.429396+00:00 phaseB PROGRESS battles=34 kakuna_wins=10 last=WIN
2026-07-02T07:38:30.434276+00:00 phaseB PROGRESS battles=37 kakuna_wins=10 last=LOSS
2026-07-02T07:38:45.436592+00:00 phaseB PROGRESS battles=39 kakuna_wins=10 last=LOSS
2026-07-02T07:39:00.446729+00:00 phaseB PROGRESS battles=41 kakuna_wins=10 last=LOSS
2026-07-02T07:39:15.447774+00:00 phaseB PROGRESS battles=42 kakuna_wins=10 last=LOSS
2026-07-02T07:39:30.452926+00:00 phaseB PROGRESS battles=43 kakuna_wins=10 last=LOSS
2026-07-02T07:39:45.463085+00:00 phaseB PROGRESS battles=46 kakuna_wins=11 last=LOSS
2026-07-02T07:40:00.473132+00:00 phaseB PROGRESS battles=48 kakuna_wins=13 last=WIN
2026-07-02T07:40:15.480394+00:00 phaseB PROGRESS battles=50 kakuna_wins=13 last=LOSS
2026-07-02T07:40:15.480438+00:00 phaseB reached 50 battles
2026-07-02T07:40:15.480832+00:00 G1 RESULT {"agent": "Kakuna", "ci95": [0.2014, 0.3749], "completed": 100, "format": "gen9randombattle", "foul_play_search_time_ms": 100, "kakuna_losses": 72, "kakuna_wins": 28, "n_games_requested": 100, "phaseA_kakuna_acceptor": {"losses": 35, "n": 50, "wins": 15}, "phaseB_kakuna_challenger": {"losses": 37, "n": 50, "wins": 13}, "run_id": "g1_kakuna_zeroshot_vs_stock_fp_n100", "ties_or_unknown": 0, "ts": "2026-07-02T07:40:15.480565+00:00", "winrate_kakuna": 0.28}
2026-07-02T07:40:15.481464+00:00 G1 DONE
