2026-07-03T05:09:59.827202+00:00 G1 START n_games=100 fp_ms=100
2026-07-03T05:09:59.827814+00:00 phaseA starting Kakuna (acceptor): /Users/alityb/projects/metagross/.venv-metamon/bin/python /Users/alityb/projects/metagross/scripts/run_kakuna_challenge.py --agent Kakuna --username kakg1a --opponent-username fpg1a --role acceptor --battle-format gen9randombattle --total-battles 50 --save-results-to experiments/g2_base_e2_vs_fp_n100/phaseA --local-run-dir /Users/alityb/projects/metagross/nets/checkpoints/randbats_full --local-run-name randbats_base --checkpoint 2
2026-07-03T05:10:09.835166+00:00 phaseA Kakuna checkpoint validated (acceptor up); starting FP challenger
2026-07-03T05:10:19.840961+00:00 phaseA starting Foul Play (challenge_user): /Users/alityb/projects/metagross/.venv-foul-play/bin/python /Users/alityb/projects/metagross/scripts/run_foul_play.py --websocket-uri ws://localhost:8000/showdown/websocket --ps-username fpg1a --bot-mode challenge_user --pokemon-format gen9randombattle --run-count 50 --search-time-ms 100 --search-parallelism 1 --search-threads 1 --log-level INFO --user-to-challenge kakg1a
2026-07-03T05:10:34.846587+00:00 phaseA PROGRESS battles=2 kakuna_wins=1 last=LOSS
2026-07-03T05:10:49.852617+00:00 phaseA PROGRESS battles=4 kakuna_wins=2 last=LOSS
2026-07-03T05:11:04.857990+00:00 phaseA PROGRESS battles=7 kakuna_wins=3 last=WIN
2026-07-03T05:11:19.863331+00:00 phaseA PROGRESS battles=9 kakuna_wins=4 last=LOSS
2026-07-03T05:11:34.868690+00:00 phaseA PROGRESS battles=12 kakuna_wins=5 last=LOSS
2026-07-03T05:11:49.874134+00:00 phaseA PROGRESS battles=15 kakuna_wins=6 last=WIN
2026-07-03T05:12:04.879552+00:00 phaseA PROGRESS battles=18 kakuna_wins=7 last=LOSS
2026-07-03T05:12:19.880877+00:00 phaseA PROGRESS battles=19 kakuna_wins=7 last=LOSS
2026-07-03T05:12:34.886237+00:00 phaseA PROGRESS battles=22 kakuna_wins=7 last=LOSS
2026-07-03T05:12:49.891565+00:00 phaseA PROGRESS battles=23 kakuna_wins=7 last=LOSS
2026-07-03T05:13:04.892483+00:00 phaseA PROGRESS battles=24 kakuna_wins=7 last=LOSS
2026-07-03T05:13:19.897843+00:00 phaseA PROGRESS battles=25 kakuna_wins=8 last=WIN
2026-07-03T05:13:34.903191+00:00 phaseA PROGRESS battles=27 kakuna_wins=9 last=LOSS
2026-07-03T05:13:49.908524+00:00 phaseA PROGRESS battles=30 kakuna_wins=9 last=LOSS
2026-07-03T05:14:19.914854+00:00 phaseA PROGRESS battles=33 kakuna_wins=10 last=LOSS
2026-07-03T05:14:34.915209+00:00 phaseA PROGRESS battles=37 kakuna_wins=11 last=LOSS
2026-07-03T05:14:49.920562+00:00 phaseA PROGRESS battles=39 kakuna_wins=12 last=WIN
2026-07-03T05:15:04.923258+00:00 phaseA PROGRESS battles=42 kakuna_wins=13 last=LOSS
2026-07-03T05:15:19.928597+00:00 phaseA PROGRESS battles=45 kakuna_wins=13 last=LOSS
2026-07-03T05:15:34.933975+00:00 phaseA PROGRESS battles=47 kakuna_wins=13 last=LOSS
2026-07-03T05:15:49.934362+00:00 phaseA PROGRESS battles=50 kakuna_wins=15 last=WIN
2026-07-03T05:15:49.934408+00:00 phaseA reached 50 battles
2026-07-03T05:15:49.951911+00:00 phaseB starting Foul Play (accept_challenge): /Users/alityb/projects/metagross/.venv-foul-play/bin/python /Users/alityb/projects/metagross/scripts/run_foul_play.py --websocket-uri ws://localhost:8000/showdown/websocket --ps-username fpg1b --bot-mode accept_challenge --pokemon-format gen9randombattle --run-count 50 --search-time-ms 100 --search-parallelism 1 --search-threads 1 --log-level INFO
2026-07-03T05:15:59.958547+00:00 phaseB FP acceptor waiting; starting Kakuna challenger
2026-07-03T05:16:04.964372+00:00 phaseB starting Kakuna (challenger): /Users/alityb/projects/metagross/.venv-metamon/bin/python /Users/alityb/projects/metagross/scripts/run_kakuna_challenge.py --agent Kakuna --username kakg1b --opponent-username fpg1b --role challenger --battle-format gen9randombattle --total-battles 50 --save-results-to experiments/g2_base_e2_vs_fp_n100/phaseB --local-run-dir /Users/alityb/projects/metagross/nets/checkpoints/randbats_full --local-run-name randbats_base --checkpoint 2
2026-07-03T05:16:19.973005+00:00 phaseB PROGRESS battles=1 kakuna_wins=0 last=LOSS
2026-07-03T05:16:34.978394+00:00 phaseB PROGRESS battles=3 kakuna_wins=0 last=LOSS
2026-07-03T05:16:49.982461+00:00 phaseB PROGRESS battles=6 kakuna_wins=0 last=LOSS
2026-07-03T05:17:04.987845+00:00 phaseB PROGRESS battles=8 kakuna_wins=0 last=LOSS
2026-07-03T05:17:19.991784+00:00 phaseB PROGRESS battles=12 kakuna_wins=1 last=LOSS
2026-07-03T05:17:34.993173+00:00 phaseB PROGRESS battles=15 kakuna_wins=2 last=LOSS
2026-07-03T05:17:49.998611+00:00 phaseB PROGRESS battles=17 kakuna_wins=2 last=LOSS
2026-07-03T05:18:05.003206+00:00 phaseB PROGRESS battles=19 kakuna_wins=2 last=LOSS
2026-07-03T05:18:20.008565+00:00 phaseB PROGRESS battles=22 kakuna_wins=3 last=LOSS
2026-07-03T05:18:35.013964+00:00 phaseB PROGRESS battles=24 kakuna_wins=3 last=LOSS
2026-07-03T05:18:50.019406+00:00 phaseB PROGRESS battles=27 kakuna_wins=3 last=LOSS
2026-07-03T05:19:05.024865+00:00 phaseB PROGRESS battles=29 kakuna_wins=3 last=LOSS
2026-07-03T05:19:20.027134+00:00 phaseB PROGRESS battles=31 kakuna_wins=3 last=LOSS
2026-07-03T05:19:35.032562+00:00 phaseB PROGRESS battles=34 kakuna_wins=3 last=LOSS
2026-07-03T05:19:50.037931+00:00 phaseB PROGRESS battles=36 kakuna_wins=3 last=LOSS
2026-07-03T05:20:05.043299+00:00 phaseB PROGRESS battles=38 kakuna_wins=4 last=WIN
2026-07-03T05:20:20.048664+00:00 phaseB PROGRESS battles=41 kakuna_wins=4 last=LOSS
2026-07-03T05:20:35.054033+00:00 phaseB PROGRESS battles=43 kakuna_wins=4 last=LOSS
2026-07-03T05:20:50.059420+00:00 phaseB PROGRESS battles=46 kakuna_wins=5 last=LOSS
2026-07-03T05:21:05.064794+00:00 phaseB PROGRESS battles=48 kakuna_wins=6 last=WIN
2026-07-03T05:21:20.070535+00:00 phaseB PROGRESS battles=50 kakuna_wins=6 last=LOSS
2026-07-03T05:21:20.070774+00:00 phaseB reached 50 battles
2026-07-03T05:21:20.071808+00:00 G1 RESULT {"agent": "Kakuna", "ci95": [0.1417, 0.2998], "completed": 100, "format": "gen9randombattle", "foul_play_search_time_ms": 100, "kakuna_losses": 79, "kakuna_wins": 21, "n_games_requested": 100, "phaseA_kakuna_acceptor": {"losses": 35, "n": 50, "wins": 15}, "phaseB_kakuna_challenger": {"losses": 44, "n": 50, "wins": 6}, "run_id": "g2_base_e2_vs_stock_fp_n100", "ties_or_unknown": 0, "ts": "2026-07-03T05:21:20.071126+00:00", "winrate_kakuna": 0.21}
2026-07-03T05:21:20.072923+00:00 G1 DONE
