2026-07-03T05:50:58Z LAUNCH attempt=1 done=0 remaining=130
2026-07-03T06:16:14Z runner exited rc=1 at 0 games; backing off
2026-07-03T06:16:44Z LAUNCH attempt=2 done=0 remaining=130
Terminated: 15             METAMON_CACHE_DIR="$PWD/external/metamon_cache" WANDB_MODE=disabled TORCHDYNAMO_DISABLE=1 ACCELERATE_USE_CPU=true caffeinate -i .venv-metamon/bin/python scripts/run_policy_public_ladder.py --local-run-dir "$RUN_DIR" --local-run-name "$RUN_NAME" --checkpoint "$CKPT" --username "$USERNAME" --battle-format gen9randombattle --total-battles "$remaining" --out-dir "$OUT_DIR" >> "$OUT_DIR/runner.out" 2>&1
2026-07-03T06:42:00Z runner exited rc=143 at 0 games; backing off
2026-07-03T06:43:00Z LAUNCH attempt=3 done=0 remaining=130
Terminated: 15             METAMON_CACHE_DIR="$PWD/external/metamon_cache" WANDB_MODE=disabled TORCHDYNAMO_DISABLE=1 ACCELERATE_USE_CPU=true caffeinate -i .venv-metamon/bin/python scripts/run_policy_public_ladder.py --local-run-dir "$RUN_DIR" --local-run-name "$RUN_NAME" --checkpoint "$CKPT" --username "$USERNAME" --battle-format gen9randombattle --total-battles "$remaining" --out-dir "$OUT_DIR" >> "$OUT_DIR/runner.out" 2>&1
2026-07-03T06:57:46Z runner exited rc=143 at 0 games; backing off
2026-07-03T06:59:16Z LAUNCH attempt=4 done=0 remaining=130
2026-07-03T07:00:27Z LAUNCH attempt=1 done=0 remaining=130
2026-07-03T07:12:28Z FATAL stall: no new game in 12m at 0 games; killing runner
2026-07-03T07:12:38Z runner exited rc=143 at 0 games; backing off
2026-07-03T07:13:08Z LAUNCH attempt=2 done=0 remaining=130
2026-07-03T07:21:36Z LAUNCH attempt=1 done=0 remaining=130
2026-07-03T08:00:37Z runner exited rc=143 at 10 games; backing off
2026-07-03T08:01:07Z LAUNCH attempt=2 done=10 remaining=120
2026-07-03T08:16:07Z FATAL stall: no new game in 12m at 11 games; killing runner
2026-07-03T08:16:17Z runner exited rc=143 at 11 games; backing off
2026-07-03T08:17:17Z LAUNCH attempt=3 done=11 remaining=119
2026-07-03T15:17:29Z runner exited rc=0 at 130 games; backing off
2026-07-03T15:18:59Z TARGET REACHED: 130 games
2026-07-03T15:18:59Z FINAL ratings tail:
{"ts": "2026-07-03T15:16:10.140908+00:00", "elo": 1327.549112298214, "gxe": 58.6, "rpr": 1565.3820450702694, "rprd": 31.153592425026872, "w": 71, "l": 59}
{"ts": "2026-07-03T15:17:20.504327+00:00", "elo": 1327.549112298214, "gxe": 58.6, "rpr": 1565.3820450702694, "rprd": 31.153592425026872, "w": 71, "l": 59}
{"ts": "2026-07-03T15:18:10.385948+00:00", "elo": 1348.0645553352215, "gxe": 58.9, "rpr": 1568.019439323111, "rprd": 31.037202920164837, "w": 72, "l": 59}
